RIJNDAEL: gcry_rijndael
RIJNDAEL192: gcry_rijndael
RIJNDAEL256: gcry_rijndael
AES128: gcry_rijndael
AES-128: gcry_rijndael
AES-192: gcry_rijndael
AES-256: gcry_rijndael
SEED: gcry_seed
TIGER192: gcry_tiger
WHIRLPOOL: gcry_whirlpool
CRC32: gcry_crc
CRC32RFC1510: gcry_crc
CRC24RFC2440: gcry_crc
RIPEMD160: gcry_rmd160
SERPENT128: gcry_serpent
SERPENT192: gcry_serpent
SERPENT256: gcry_serpent
SHA1: gcry_sha1
TWOFISH: gcry_twofish
TWOFISH128: gcry_twofish
CAMELLIA128: gcry_camellia
CAMELLIA192: gcry_camellia
CAMELLIA256: gcry_camellia
SHA224: gcry_sha256
SHA256: gcry_sha256
AES: gcry_rijndael
AES192: gcry_rijndael
AES256: gcry_rijndael
MD5: gcry_md5
MD4: gcry_md4
BLOWFISH: gcry_blowfish
DES: gcry_des
3DES: gcry_des
CAST5: gcry_cast5
RFC2268_40: gcry_rfc2268
ARCFOUR: gcry_arcfour
SHA512: gcry_sha512
SHA384: gcry_sha512
