This file contains any messages produced by compilers while
running configure, to aid debugging if configure makes a mistake.

It was created by ocrfeeder configure 0.7.11, which was
generated by GNU Autoconf 2.69.  Invocation command line was

  $ ./configure --prefix=/usr

## --------- ##
## Platform. ##
## --------- ##

hostname = elegy
uname -m = i686
uname -r = 2.6.32-46-generic-pae
uname -s = Linux
uname -v = #108-Ubuntu SMP Thu Apr 11 16:11:56 UTC 2013

/usr/bin/uname -p = unknown
/bin/uname -X     = unknown

/bin/arch              = unknown
/usr/bin/arch -k       = unknown
/usr/convex/getsysinfo = unknown
/usr/bin/hostinfo      = unknown
/bin/machine           = unknown
/usr/bin/oslevel       = unknown
/bin/universe          = unknown

PATH: /usr/local/sbin
PATH: /usr/local/bin
PATH: /usr/sbin
PATH: /usr/bin
PATH: /sbin
PATH: /bin
PATH: /usr/games
PATH: /var/lib/gems/1.8/bin
PATH: /home/kyan/.rvm/bin


## ----------- ##
## Core tests. ##
## ----------- ##

configure:2289: checking for a BSD-compatible install
configure:2357: result: /usr/bin/install -c
configure:2368: checking whether build environment is sane
configure:2418: result: yes
configure:2559: checking for a thread-safe mkdir -p
configure:2598: result: /bin/mkdir -p
configure:2611: checking for gawk
configure:2627: found /usr/bin/gawk
configure:2638: result: gawk
configure:2649: checking whether make sets $(MAKE)
configure:2671: result: yes
configure:2752: checking whether to enable maintainer-specific portions of Makefiles
configure:2761: result: yes
configure:2787: checking whether make supports nested variables
configure:2804: result: yes
configure:2849: checking for a Python interpreter with version >= 2.5
configure:2866: python -c import sys # split strings by '.' and convert to numeric. Append some zeros # because we need at least 4 digits for the hex conversion. # map returns an iterator in Python 3.0 and a list in 2.x minver = list(map(int, '2.5'.split('.'))) + [0, 0, 0] minverhex = 0 # xrange is not present in Python 3.0 and range returns an iterator for i in list(range(0, 4)): minverhex = (minverhex << 8) + minver[i] sys.exit(sys.hexversion < minverhex)
configure:2869: $? = 0
configure:2875: result: python
configure:2883: checking for python
configure:2901: found /usr/bin/python
configure:2913: result: /usr/bin/python
configure:2931: checking for python version
configure:2938: result: 2.6
configure:2950: checking for python platform
configure:2957: result: linux2
configure:2964: checking for python script directory
configure:2992: result: ${prefix}/lib/python2.6/dist-packages
configure:3001: checking for python extension module directory
configure:3029: result: ${exec_prefix}/lib/python2.6/dist-packages
configure:3049: checking python module: gtk
configure:3054: result: yes
configure:3075: checking python module: pygtk
configure:3080: result: yes
configure:3101: checking python module: gtkspell
configure:3106: result: yes
configure:3127: checking python module: goocanvas
configure:3132: result: yes
configure:3153: checking python module: enchant
configure:3158: result: yes
configure:3179: checking python module: sane
configure:3184: result: yes
configure:3205: checking python module: reportlab
configure:3210: result: yes
configure:3245: checking for style of include used by make
configure:3273: result: GNU
configure:3344: checking for gcc
configure:3360: found /usr/bin/gcc
configure:3371: result: gcc
configure:3600: checking for C compiler version
configure:3609: gcc --version >&5
gcc (Ubuntu/Linaro 4.4.4-14ubuntu5.1) 4.4.5
Copyright (C) 2010 Free Software Foundation, Inc.
This is free software; see the source for copying conditions.  There is NO
warranty; not even for MERCHANTABILITY or FITNESS FOR A PARTICULAR PURPOSE.

configure:3620: $? = 0
configure:3609: gcc -v >&5
Using built-in specs.
Target: i686-linux-gnu
Configured with: ../src/configure -v --with-pkgversion='Ubuntu/Linaro 4.4.4-14ubuntu5.1' --with-bugurl=file:///usr/share/doc/gcc-4.4/README.Bugs --enable-languages=c,c++,fortran,objc,obj-c++ --prefix=/usr --program-suffix=-4.4 --enable-shared --enable-multiarch --enable-linker-build-id --with-system-zlib --libexecdir=/usr/lib --without-included-gettext --enable-threads=posix --with-gxx-include-dir=/usr/include/c++/4.4 --libdir=/usr/lib --enable-nls --with-sysroot=/ --enable-clocale=gnu --enable-libstdcxx-debug --enable-objc-gc --enable-targets=all --disable-werror --with-arch-32=i686 --with-tune=generic --enable-checking=release --build=i686-linux-gnu --host=i686-linux-gnu --target=i686-linux-gnu
Thread model: posix
gcc version 4.4.5 (Ubuntu/Linaro 4.4.4-14ubuntu5.1) 
configure:3620: $? = 0
configure:3609: gcc -V >&5
gcc: '-V' option must have argument
configure:3620: $? = 1
configure:3609: gcc -qversion >&5
gcc: unrecognized option '-qversion'
gcc: no input files
configure:3620: $? = 1
configure:3640: checking whether the C compiler works
configure:3662: gcc    conftest.c  >&5
configure:3666: $? = 0
configure:3714: result: yes
configure:3717: checking for C compiler default output file name
configure:3719: result: a.out
configure:3725: checking for suffix of executables
configure:3732: gcc -o conftest    conftest.c  >&5
configure:3736: $? = 0
configure:3758: result: 
configure:3780: checking whether we are cross compiling
configure:3788: gcc -o conftest    conftest.c  >&5
configure:3792: $? = 0
configure:3799: ./conftest
configure:3803: $? = 0
configure:3818: result: no
configure:3823: checking for suffix of object files
configure:3845: gcc -c   conftest.c >&5
configure:3849: $? = 0
configure:3870: result: o
configure:3874: checking whether we are using the GNU C compiler
configure:3893: gcc -c   conftest.c >&5
configure:3893: $? = 0
configure:3902: result: yes
configure:3911: checking whether gcc accepts -g
configure:3931: gcc -c -g  conftest.c >&5
configure:3931: $? = 0
configure:3972: result: yes
configure:3989: checking for gcc option to accept ISO C89
configure:4052: gcc  -c -g -O2  conftest.c >&5
configure:4052: $? = 0
configure:4065: result: none needed
configure:4087: checking dependency style of gcc
configure:4198: result: none
configure:4219: checking how to run the C preprocessor
configure:4250: gcc -E  conftest.c
configure:4250: $? = 0
configure:4264: gcc -E  conftest.c
conftest.c:12: fatal error: ac_nonexistent.h: No such file or directory
compilation terminated.
configure:4264: $? = 1
configure: failed program was:
| /* confdefs.h */
| #define PACKAGE_NAME "ocrfeeder"
| #define PACKAGE_TARNAME "ocrfeeder"
| #define PACKAGE_VERSION "0.7.11"
| #define PACKAGE_STRING "ocrfeeder 0.7.11"
| #define PACKAGE_BUGREPORT "https://bugzilla.gnome.org/enter_bug.cgi?product=ocrfeeder"
| #define PACKAGE_URL ""
| #define PACKAGE "ocrfeeder"
| #define VERSION "0.7.11"
| #define GETTEXT_PACKAGE "ocrfeeder"
| /* end confdefs.h.  */
| #include <ac_nonexistent.h>
configure:4289: result: gcc -E
configure:4309: gcc -E  conftest.c
configure:4309: $? = 0
configure:4323: gcc -E  conftest.c
conftest.c:12: fatal error: ac_nonexistent.h: No such file or directory
compilation terminated.
configure:4323: $? = 1
configure: failed program was:
| /* confdefs.h */
| #define PACKAGE_NAME "ocrfeeder"
| #define PACKAGE_TARNAME "ocrfeeder"
| #define PACKAGE_VERSION "0.7.11"
| #define PACKAGE_STRING "ocrfeeder 0.7.11"
| #define PACKAGE_BUGREPORT "https://bugzilla.gnome.org/enter_bug.cgi?product=ocrfeeder"
| #define PACKAGE_URL ""
| #define PACKAGE "ocrfeeder"
| #define VERSION "0.7.11"
| #define GETTEXT_PACKAGE "ocrfeeder"
| /* end confdefs.h.  */
| #include <ac_nonexistent.h>
configure:4352: checking for grep that handles long lines and -e
configure:4410: result: /bin/grep
configure:4415: checking for egrep
configure:4477: result: /bin/grep -E
configure:4482: checking for ANSI C header files
configure:4502: gcc -c -g -O2  conftest.c >&5
configure:4502: $? = 0
configure:4575: gcc -o conftest -g -O2   conftest.c  >&5
configure:4575: $? = 0
configure:4575: ./conftest
configure:4575: $? = 0
configure:4586: result: yes
configure:4599: checking for sys/types.h
configure:4599: gcc -c -g -O2  conftest.c >&5
configure:4599: $? = 0
configure:4599: result: yes
configure:4599: checking for sys/stat.h
configure:4599: gcc -c -g -O2  conftest.c >&5
configure:4599: $? = 0
configure:4599: result: yes
configure:4599: checking for stdlib.h
configure:4599: gcc -c -g -O2  conftest.c >&5
configure:4599: $? = 0
configure:4599: result: yes
configure:4599: checking for string.h
configure:4599: gcc -c -g -O2  conftest.c >&5
configure:4599: $? = 0
configure:4599: result: yes
configure:4599: checking for memory.h
configure:4599: gcc -c -g -O2  conftest.c >&5
configure:4599: $? = 0
configure:4599: result: yes
configure:4599: checking for strings.h
configure:4599: gcc -c -g -O2  conftest.c >&5
configure:4599: $? = 0
configure:4599: result: yes
configure:4599: checking for inttypes.h
configure:4599: gcc -c -g -O2  conftest.c >&5
configure:4599: $? = 0
configure:4599: result: yes
configure:4599: checking for stdint.h
configure:4599: gcc -c -g -O2  conftest.c >&5
configure:4599: $? = 0
configure:4599: result: yes
configure:4599: checking for unistd.h
configure:4599: gcc -c -g -O2  conftest.c >&5
configure:4599: $? = 0
configure:4599: result: yes
configure:4614: checking locale.h usability
configure:4614: gcc -c -g -O2  conftest.c >&5
configure:4614: $? = 0
configure:4614: result: yes
configure:4614: checking locale.h presence
configure:4614: gcc -E  conftest.c
configure:4614: $? = 0
configure:4614: result: yes
configure:4614: checking for locale.h
configure:4614: result: yes
configure:4625: checking for LC_MESSAGES
configure:4641: gcc -o conftest -g -O2   conftest.c  >&5
configure:4641: $? = 0
configure:4649: result: yes
configure:4666: checking libintl.h usability
configure:4666: gcc -c -g -O2  conftest.c >&5
configure:4666: $? = 0
configure:4666: result: yes
configure:4666: checking libintl.h presence
configure:4666: gcc -E  conftest.c
configure:4666: $? = 0
configure:4666: result: yes
configure:4666: checking for libintl.h
configure:4666: result: yes
configure:4674: checking for ngettext in libc
configure:4692: gcc -o conftest -g -O2   conftest.c  >&5
configure:4692: $? = 0
configure:4701: result: yes
configure:4705: checking for dgettext in libc
configure:4723: gcc -o conftest -g -O2   conftest.c  >&5
configure:4723: $? = 0
configure:4732: result: yes
configure:4739: checking for bind_textdomain_codeset
configure:4739: gcc -o conftest -g -O2   conftest.c  >&5
configure:4739: $? = 0
configure:4739: result: yes
configure:5015: checking for msgfmt
configure:5042: result: /usr/bin/msgfmt
configure:5053: checking for dcgettext
configure:5053: gcc -o conftest -g -O2   conftest.c   >&5
conftest.c:49: warning: conflicting types for built-in function 'dcgettext'
configure:5053: $? = 0
configure:5053: result: yes
configure:5063: checking if msgfmt accepts -c
configure:5078: $MSGFMT -c -o /dev/null conftest.foo
configure:5081: $? = 0
configure:5083: result: yes
configure:5093: checking for gmsgfmt
configure:5124: result: /usr/bin/msgfmt
configure:5134: checking for xgettext
configure:5161: result: /usr/bin/xgettext
configure:5180: gcc -o conftest -g -O2   conftest.c   >&5
configure:5180: $? = 0
configure:5321: checking whether NLS is requested
configure:5330: result: yes
configure:5348: checking for intltool >= 0.35.0
configure:5350: result: 0.41.1 found
configure:5358: checking for intltool-update
configure:5376: found /usr/bin/intltool-update
configure:5388: result: /usr/bin/intltool-update
configure:5398: checking for intltool-merge
configure:5416: found /usr/bin/intltool-merge
configure:5428: result: /usr/bin/intltool-merge
configure:5438: checking for intltool-extract
configure:5456: found /usr/bin/intltool-extract
configure:5468: result: /usr/bin/intltool-extract
configure:5622: checking for xgettext
configure:5652: result: /usr/bin/xgettext
configure:5662: checking for msgmerge
configure:5680: found /usr/bin/msgmerge
configure:5692: result: /usr/bin/msgmerge
configure:5702: checking for msgfmt
configure:5732: result: /usr/bin/msgfmt
configure:5742: checking for gmsgfmt
configure:5773: result: /usr/bin/msgfmt
configure:5793: checking for perl
configure:5811: found /usr/bin/perl
configure:5823: result: /usr/bin/perl
configure:5834: checking for perl >= 5.8.1
configure:5841: result: 5.10.1
configure:5845: checking for XML::Parser
configure:5848: result: ok
configure:5900: checking whether ln -s works
configure:5904: result: yes
configure:5965: checking for pkg-config
configure:5983: found /usr/bin/pkg-config
configure:5995: result: /usr/bin/pkg-config
configure:6020: checking pkg-config is at least version 0.9.0
configure:6023: result: yes
configure:6039: checking gnome-doc-utils >= 0.3.2
configure:6042: $PKG_CONFIG --exists --print-errors "gnome-doc-utils >= $gdu_cv_version_required"
configure:6045: $? = 0
configure:6053: result: yes
configure:6310: creating ./config.status

## ---------------------- ##
## Running config.status. ##
## ---------------------- ##

This file was extended by ocrfeeder config.status 0.7.11, which was
generated by GNU Autoconf 2.69.  Invocation command line was

  CONFIG_FILES    = 
  CONFIG_HEADERS  = 
  CONFIG_LINKS    = 
  CONFIG_COMMANDS = 
  $ ./config.status 

on elegy

config.status:886: creating Makefile
config.status:886: creating po/Makefile.in
config.status:886: creating bin/Makefile
config.status:886: creating bin/ocrfeeder
config.status:886: creating bin/ocrfeeder-cli
config.status:886: creating src/Makefile
config.status:886: creating src/ocrfeeder/Makefile
config.status:886: creating src/ocrfeeder/feeder/Makefile
config.status:886: creating src/ocrfeeder/odf/Makefile
config.status:886: creating src/ocrfeeder/studio/Makefile
config.status:886: creating src/ocrfeeder/util/Makefile
config.status:886: creating src/ocrfeeder/util/constants.py
config.status:886: creating help/Makefile
config.status:886: creating resources/Makefile
config.status:886: creating resources/icons/Makefile
config.status:1058: executing depfiles commands
config.status:1058: executing default-1 commands
config.status:1058: executing po/stamp-it commands

## ---------------- ##
## Cache variables. ##
## ---------------- ##

ac_cv_c_compiler_gnu=yes
ac_cv_env_CC_set=
ac_cv_env_CC_value=
ac_cv_env_CFLAGS_set=
ac_cv_env_CFLAGS_value=
ac_cv_env_CPPFLAGS_set=
ac_cv_env_CPPFLAGS_value=
ac_cv_env_CPP_set=
ac_cv_env_CPP_value=
ac_cv_env_LDFLAGS_set=
ac_cv_env_LDFLAGS_value=
ac_cv_env_LIBS_set=
ac_cv_env_LIBS_value=
ac_cv_env_PKG_CONFIG_LIBDIR_set=
ac_cv_env_PKG_CONFIG_LIBDIR_value=
ac_cv_env_PKG_CONFIG_PATH_set=set
ac_cv_env_PKG_CONFIG_PATH_value=/Technical/Wreathe/Wreathe/Development/lib/pkgconfig:/usr/local/lib/pkgconfig:/usr/lib/pkgconfig
ac_cv_env_PKG_CONFIG_set=
ac_cv_env_PKG_CONFIG_value=
ac_cv_env_PYTHON_set=
ac_cv_env_PYTHON_value=
ac_cv_env_build_alias_set=
ac_cv_env_build_alias_value=
ac_cv_env_host_alias_set=
ac_cv_env_host_alias_value=
ac_cv_env_target_alias_set=
ac_cv_env_target_alias_value=
ac_cv_func_bind_textdomain_codeset=yes
ac_cv_func_dcgettext=yes
ac_cv_header_inttypes_h=yes
ac_cv_header_libintl_h=yes
ac_cv_header_locale_h=yes
ac_cv_header_memory_h=yes
ac_cv_header_stdc=yes
ac_cv_header_stdint_h=yes
ac_cv_header_stdlib_h=yes
ac_cv_header_string_h=yes
ac_cv_header_strings_h=yes
ac_cv_header_sys_stat_h=yes
ac_cv_header_sys_types_h=yes
ac_cv_header_unistd_h=yes
ac_cv_objext=o
ac_cv_path_EGREP='/bin/grep -E'
ac_cv_path_GMSGFMT=/usr/bin/msgfmt
ac_cv_path_GREP=/bin/grep
ac_cv_path_INTLTOOL_EXTRACT=/usr/bin/intltool-extract
ac_cv_path_INTLTOOL_MERGE=/usr/bin/intltool-merge
ac_cv_path_INTLTOOL_PERL=/usr/bin/perl
ac_cv_path_INTLTOOL_UPDATE=/usr/bin/intltool-update
ac_cv_path_MSGFMT=/usr/bin/msgfmt
ac_cv_path_MSGMERGE=/usr/bin/msgmerge
ac_cv_path_PYTHON=/usr/bin/python
ac_cv_path_XGETTEXT=/usr/bin/xgettext
ac_cv_path_ac_pt_PKG_CONFIG=/usr/bin/pkg-config
ac_cv_path_install='/usr/bin/install -c'
ac_cv_path_mkdir=/bin/mkdir
ac_cv_prog_AWK=gawk
ac_cv_prog_CPP='gcc -E'
ac_cv_prog_ac_ct_CC=gcc
ac_cv_prog_cc_c89=
ac_cv_prog_cc_g=yes
ac_cv_prog_make_make_set=yes
am_cv_CC_dependencies_compiler_type=none
am_cv_make_support_nested_variables=yes
am_cv_pathless_PYTHON=python
am_cv_python_platform=linux2
am_cv_python_pyexecdir='${exec_prefix}/lib/python2.6/dist-packages'
am_cv_python_pythondir='${prefix}/lib/python2.6/dist-packages'
am_cv_python_version=2.6
am_cv_val_LC_MESSAGES=yes
gdu_cv_have_gdu=yes
gdu_cv_version_required=0.3.2
gt_cv_func_dgettext_libc=yes
gt_cv_func_dgettext_libintl=no
gt_cv_func_ngettext_libc=yes
gt_cv_have_gettext=yes

## ----------------- ##
## Output variables. ##
## ----------------- ##

ACLOCAL='${SHELL} /media/MyBook/Intake/Qu_ran/ocrfeeder-0.7.11/missing --run aclocal-1.11'
ALL_LINGUAS=''
AMDEPBACKSLASH='\'
AMDEP_FALSE='#'
AMDEP_TRUE=''
AMTAR='$${TAR-tar}'
AM_BACKSLASH='\'
AM_DEFAULT_V='$(AM_DEFAULT_VERBOSITY)'
AM_DEFAULT_VERBOSITY='0'
AM_V='$(V)'
AUTOCONF='${SHELL} /media/MyBook/Intake/Qu_ran/ocrfeeder-0.7.11/missing --run autoconf'
AUTOHEADER='${SHELL} /media/MyBook/Intake/Qu_ran/ocrfeeder-0.7.11/missing --run autoheader'
AUTOMAKE='${SHELL} /media/MyBook/Intake/Qu_ran/ocrfeeder-0.7.11/missing --run automake-1.11'
AWK='gawk'
CATALOGS=''
CATOBJEXT='.gmo'
CC='gcc'
CCDEPMODE='depmode=none'
CFLAGS='-g -O2'
CPP='gcc -E'
CPPFLAGS=''
CYGPATH_W='echo'
DATADIRNAME='share'
DEFS='-DPACKAGE_NAME=\"ocrfeeder\" -DPACKAGE_TARNAME=\"ocrfeeder\" -DPACKAGE_VERSION=\"0.7.11\" -DPACKAGE_STRING=\"ocrfeeder\ 0.7.11\" -DPACKAGE_BUGREPORT=\"https://bugzilla.gnome.org/enter_bug.cgi\?product=ocrfeeder\" -DPACKAGE_URL=\"\" -DPACKAGE=\"ocrfeeder\" -DVERSION=\"0.7.11\" -DGETTEXT_PACKAGE=\"ocrfeeder\" -DSTDC_HEADERS=1 -DHAVE_SYS_TYPES_H=1 -DHAVE_SYS_STAT_H=1 -DHAVE_STDLIB_H=1 -DHAVE_STRING_H=1 -DHAVE_MEMORY_H=1 -DHAVE_STRINGS_H=1 -DHAVE_INTTYPES_H=1 -DHAVE_STDINT_H=1 -DHAVE_UNISTD_H=1 -DHAVE_LOCALE_H=1 -DHAVE_LC_MESSAGES=1 -DHAVE_BIND_TEXTDOMAIN_CODESET=1 -DHAVE_GETTEXT=1 -DHAVE_DCGETTEXT=1 -DENABLE_NLS=1'
DEPDIR='.deps'
DISTCHECK_CONFIGURE_FLAGS='--disable-scrollkeeper '
DOC_USER_FORMATS=''
ECHO_C=''
ECHO_N='-n'
ECHO_T=''
EGREP='/bin/grep -E'
ENABLE_SK_FALSE='#'
ENABLE_SK_TRUE=''
EXEEXT=''
GETTEXT_PACKAGE='ocrfeeder'
GMOFILES=''
GMSGFMT='/usr/bin/msgfmt'
GREP='/bin/grep'
HAVE_GNOME_DOC_UTILS_FALSE='#'
HAVE_GNOME_DOC_UTILS_TRUE=''
HELP_DIR='${datadir}/gnome/help'
INSTALL_DATA='${INSTALL} -m 644'
INSTALL_PROGRAM='${INSTALL}'
INSTALL_SCRIPT='${INSTALL}'
INSTALL_STRIP_PROGRAM='$(install_sh) -c -s'
INSTOBJEXT='.mo'
INTLLIBS=''
INTLTOOL_CAVES_RULE='%.caves:     %.caves.in     $(INTLTOOL_MERGE) $(wildcard $(top_srcdir)/po/*.po) ; $(INTLTOOL_V_MERGE)LC_ALL=C $(INTLTOOL_MERGE) $(INTLTOOL_V_MERGE_OPTIONS) -d -u -c $(top_builddir)/po/.intltool-merge-cache $(top_srcdir)/po $< $@'
INTLTOOL_DESKTOP_RULE='%.desktop:   %.desktop.in   $(INTLTOOL_MERGE) $(wildcard $(top_srcdir)/po/*.po) ; $(INTLTOOL_V_MERGE)LC_ALL=C $(INTLTOOL_MERGE) $(INTLTOOL_V_MERGE_OPTIONS) -d -u -c $(top_builddir)/po/.intltool-merge-cache $(top_srcdir)/po $< $@'
INTLTOOL_DIRECTORY_RULE='%.directory: %.directory.in $(INTLTOOL_MERGE) $(wildcard $(top_srcdir)/po/*.po) ; $(INTLTOOL_V_MERGE)LC_ALL=C $(INTLTOOL_MERGE) $(INTLTOOL_V_MERGE_OPTIONS) -d -u -c $(top_builddir)/po/.intltool-merge-cache $(top_srcdir)/po $< $@'
INTLTOOL_EXTRACT='/usr/bin/intltool-extract'
INTLTOOL_KBD_RULE='%.kbd:       %.kbd.in       $(INTLTOOL_MERGE) $(wildcard $(top_srcdir)/po/*.po) ; $(INTLTOOL_V_MERGE)LC_ALL=C $(INTLTOOL_MERGE) $(INTLTOOL_V_MERGE_OPTIONS) -x -u -m -c $(top_builddir)/po/.intltool-merge-cache $(top_srcdir)/po $< $@'
INTLTOOL_KEYS_RULE='%.keys:      %.keys.in      $(INTLTOOL_MERGE) $(wildcard $(top_srcdir)/po/*.po) ; $(INTLTOOL_V_MERGE)LC_ALL=C $(INTLTOOL_MERGE) $(INTLTOOL_V_MERGE_OPTIONS) -k -u -c $(top_builddir)/po/.intltool-merge-cache $(top_srcdir)/po $< $@'
INTLTOOL_MERGE='/usr/bin/intltool-merge'
INTLTOOL_OAF_RULE='%.oaf:       %.oaf.in       $(INTLTOOL_MERGE) $(wildcard $(top_srcdir)/po/*.po) ; $(INTLTOOL_V_MERGE)LC_ALL=C $(INTLTOOL_MERGE) $(INTLTOOL_V_MERGE_OPTIONS) -o -p $(top_srcdir)/po $< $@'
INTLTOOL_PERL='/usr/bin/perl'
INTLTOOL_POLICY_RULE='%.policy:    %.policy.in    $(INTLTOOL_MERGE) $(wildcard $(top_srcdir)/po/*.po) ; $(INTLTOOL_V_MERGE)LC_ALL=C $(INTLTOOL_MERGE) $(INTLTOOL_V_MERGE_OPTIONS) -x -u -c $(top_builddir)/po/.intltool-merge-cache $(top_srcdir)/po $< $@'
INTLTOOL_PONG_RULE='%.pong:      %.pong.in      $(INTLTOOL_MERGE) $(wildcard $(top_srcdir)/po/*.po) ; $(INTLTOOL_V_MERGE)LC_ALL=C $(INTLTOOL_MERGE) $(INTLTOOL_V_MERGE_OPTIONS) -x -u -c $(top_builddir)/po/.intltool-merge-cache $(top_srcdir)/po $< $@'
INTLTOOL_PROP_RULE='%.prop:      %.prop.in      $(INTLTOOL_MERGE) $(wildcard $(top_srcdir)/po/*.po) ; $(INTLTOOL_V_MERGE)LC_ALL=C $(INTLTOOL_MERGE) $(INTLTOOL_V_MERGE_OPTIONS) -d -u -c $(top_builddir)/po/.intltool-merge-cache $(top_srcdir)/po $< $@'
INTLTOOL_SCHEMAS_RULE='%.schemas:   %.schemas.in   $(INTLTOOL_MERGE) $(wildcard $(top_srcdir)/po/*.po) ; $(INTLTOOL_V_MERGE)LC_ALL=C $(INTLTOOL_MERGE) $(INTLTOOL_V_MERGE_OPTIONS) -s -u -c $(top_builddir)/po/.intltool-merge-cache $(top_srcdir)/po $< $@'
INTLTOOL_SERVER_RULE='%.server:    %.server.in    $(INTLTOOL_MERGE) $(wildcard $(top_srcdir)/po/*.po) ; $(INTLTOOL_V_MERGE)LC_ALL=C $(INTLTOOL_MERGE) $(INTLTOOL_V_MERGE_OPTIONS) -o -u -c $(top_builddir)/po/.intltool-merge-cache $(top_srcdir)/po $< $@'
INTLTOOL_SERVICE_RULE='%.service: %.service.in   $(INTLTOOL_MERGE) $(wildcard $(top_srcdir)/po/*.po) ; $(INTLTOOL_V_MERGE)LC_ALL=C $(INTLTOOL_MERGE) $(INTLTOOL_V_MERGE_OPTIONS) -d -u -c $(top_builddir)/po/.intltool-merge-cache $(top_srcdir)/po $< $@'
INTLTOOL_SHEET_RULE='%.sheet:     %.sheet.in     $(INTLTOOL_MERGE) $(wildcard $(top_srcdir)/po/*.po) ; $(INTLTOOL_V_MERGE)LC_ALL=C $(INTLTOOL_MERGE) $(INTLTOOL_V_MERGE_OPTIONS) -x -u -c $(top_builddir)/po/.intltool-merge-cache $(top_srcdir)/po $< $@'
INTLTOOL_SOUNDLIST_RULE='%.soundlist: %.soundlist.in $(INTLTOOL_MERGE) $(wildcard $(top_srcdir)/po/*.po) ; $(INTLTOOL_V_MERGE)LC_ALL=C $(INTLTOOL_MERGE) $(INTLTOOL_V_MERGE_OPTIONS) -d -u -c $(top_builddir)/po/.intltool-merge-cache $(top_srcdir)/po $< $@'
INTLTOOL_THEME_RULE='%.theme:     %.theme.in     $(INTLTOOL_MERGE) $(wildcard $(top_srcdir)/po/*.po) ; $(INTLTOOL_V_MERGE)LC_ALL=C $(INTLTOOL_MERGE) $(INTLTOOL_V_MERGE_OPTIONS) -d -u -c $(top_builddir)/po/.intltool-merge-cache $(top_srcdir)/po $< $@'
INTLTOOL_UI_RULE='%.ui:        %.ui.in        $(INTLTOOL_MERGE) $(wildcard $(top_srcdir)/po/*.po) ; $(INTLTOOL_V_MERGE)LC_ALL=C $(INTLTOOL_MERGE) $(INTLTOOL_V_MERGE_OPTIONS) -x -u -c $(top_builddir)/po/.intltool-merge-cache $(top_srcdir)/po $< $@'
INTLTOOL_UPDATE='/usr/bin/intltool-update'
INTLTOOL_V_MERGE='$(INTLTOOL__v_MERGE_$(V))'
INTLTOOL_V_MERGE_OPTIONS='$(intltool__v_merge_options_$(V))'
INTLTOOL_XAM_RULE='%.xam:       %.xml.in       $(INTLTOOL_MERGE) $(wildcard $(top_srcdir)/po/*.po) ; $(INTLTOOL_V_MERGE)LC_ALL=C $(INTLTOOL_MERGE) $(INTLTOOL_V_MERGE_OPTIONS) -x -u -c $(top_builddir)/po/.intltool-merge-cache $(top_srcdir)/po $< $@'
INTLTOOL_XML_NOMERGE_RULE='%.xml:       %.xml.in       $(INTLTOOL_MERGE) ; $(INTLTOOL_V_MERGE)_it_tmp_dir=tmp.intltool.$$RANDOM && mkdir $$_it_tmp_dir && LC_ALL=C $(INTLTOOL_MERGE) $(INTLTOOL_V_MERGE_OPTIONS) -x -u $$_it_tmp_dir $< $@ && rmdir $$_it_tmp_dir'
INTLTOOL_XML_RULE='%.xml:       %.xml.in       $(INTLTOOL_MERGE) $(wildcard $(top_srcdir)/po/*.po) ; $(INTLTOOL_V_MERGE)LC_ALL=C $(INTLTOOL_MERGE) $(INTLTOOL_V_MERGE_OPTIONS) -x -u -c $(top_builddir)/po/.intltool-merge-cache $(top_srcdir)/po $< $@'
INTLTOOL__v_MERGE_0='@echo "  ITMRG " $@;'
INTLTOOL__v_MERGE_='$(INTLTOOL__v_MERGE_$(AM_DEFAULT_VERBOSITY))'
LDFLAGS=''
LIBOBJS=''
LIBS=''
LN_S='ln -s'
LTLIBOBJS=''
MAINT=''
MAINTAINER_MODE_FALSE='#'
MAINTAINER_MODE_TRUE=''
MAKEINFO='${SHELL} /media/MyBook/Intake/Qu_ran/ocrfeeder-0.7.11/missing --run makeinfo'
MKDIR_P='/bin/mkdir -p'
MKINSTALLDIRS='./mkinstalldirs'
MSGFMT='/usr/bin/msgfmt'
MSGFMT_OPTS='-c'
MSGMERGE='/usr/bin/msgmerge'
OBJEXT='o'
OMF_DIR='${datadir}/omf'
PACKAGE='ocrfeeder'
PACKAGE_BUGREPORT='https://bugzilla.gnome.org/enter_bug.cgi?product=ocrfeeder'
PACKAGE_NAME='ocrfeeder'
PACKAGE_STRING='ocrfeeder 0.7.11'
PACKAGE_TARNAME='ocrfeeder'
PACKAGE_URL=''
PACKAGE_VERSION='0.7.11'
PATH_SEPARATOR=':'
PKG_CONFIG='/usr/bin/pkg-config'
PKG_CONFIG_LIBDIR=''
PKG_CONFIG_PATH='/Technical/Wreathe/Wreathe/Development/lib/pkgconfig:/usr/local/lib/pkgconfig:/usr/lib/pkgconfig'
POFILES=''
POSUB='po'
PO_IN_DATADIR_FALSE=''
PO_IN_DATADIR_TRUE=''
PYTHON='/usr/bin/python'
PYTHON_EXEC_PREFIX='${exec_prefix}'
PYTHON_PLATFORM='linux2'
PYTHON_PREFIX='${prefix}'
PYTHON_VERSION='2.6'
SET_MAKE=''
SHELL='/bin/bash'
STRIP=''
USE_NLS='yes'
VERSION='0.7.11'
XGETTEXT='/usr/bin/xgettext'
ac_ct_CC='gcc'
am__EXEEXT_FALSE=''
am__EXEEXT_TRUE='#'
am__fastdepCC_FALSE=''
am__fastdepCC_TRUE='#'
am__include='include'
am__isrc=''
am__leading_dot='.'
am__nodep='_no'
am__quote=''
am__tar='$${TAR-tar} chof - "$$tardir"'
am__untar='$${TAR-tar} xf -'
bindir='${exec_prefix}/bin'
build_alias=''
datadir='${datarootdir}'
datarootdir='${prefix}/share'
docdir='${datarootdir}/doc/${PACKAGE_TARNAME}'
dvidir='${docdir}'
exec_prefix='${prefix}'
host_alias=''
htmldir='${docdir}'
includedir='${prefix}/include'
infodir='${datarootdir}/info'
install_sh='${SHELL} /media/MyBook/Intake/Qu_ran/ocrfeeder-0.7.11/install-sh'
intltool__v_merge_options_0='-q'
intltool__v_merge_options_='$(intltool__v_merge_options_$(AM_DEFAULT_VERBOSITY))'
libdir='${exec_prefix}/lib'
libexecdir='${exec_prefix}/libexec'
localedir='${datarootdir}/locale'
localstatedir='${prefix}/var'
mandir='${datarootdir}/man'
mkdir_p='/bin/mkdir -p'
oldincludedir='/usr/include'
pdfdir='${docdir}'
pkgpyexecdir='${pyexecdir}/ocrfeeder'
pkgpythondir='${pythondir}/ocrfeeder'
prefix='/usr'
program_transform_name='s,x,x,'
psdir='${docdir}'
pyexecdir='${exec_prefix}/lib/python2.6/dist-packages'
pythondir='${prefix}/lib/python2.6/dist-packages'
sbindir='${exec_prefix}/sbin'
sharedstatedir='${prefix}/com'
sysconfdir='${prefix}/etc'
target_alias=''

## ----------- ##
## confdefs.h. ##
## ----------- ##

/* confdefs.h */
#define PACKAGE_NAME "ocrfeeder"
#define PACKAGE_TARNAME "ocrfeeder"
#define PACKAGE_VERSION "0.7.11"
#define PACKAGE_STRING "ocrfeeder 0.7.11"
#define PACKAGE_BUGREPORT "https://bugzilla.gnome.org/enter_bug.cgi?product=ocrfeeder"
#define PACKAGE_URL ""
#define PACKAGE "ocrfeeder"
#define VERSION "0.7.11"
#define GETTEXT_PACKAGE "ocrfeeder"
#define STDC_HEADERS 1
#define HAVE_SYS_TYPES_H 1
#define HAVE_SYS_STAT_H 1
#define HAVE_STDLIB_H 1
#define HAVE_STRING_H 1
#define HAVE_MEMORY_H 1
#define HAVE_STRINGS_H 1
#define HAVE_INTTYPES_H 1
#define HAVE_STDINT_H 1
#define HAVE_UNISTD_H 1
#define HAVE_LOCALE_H 1
#define HAVE_LC_MESSAGES 1
#define HAVE_BIND_TEXTDOMAIN_CODESET 1
#define HAVE_GETTEXT 1
#define HAVE_DCGETTEXT 1
#define ENABLE_NLS 1

configure: exit 0
