This file contains any messages produced by compilers while
running configure, to aid debugging if configure makes a mistake.

It was created by libxklavier configure 5.0, which was
generated by GNU Autoconf 2.64.  Invocation command line was

  $ ./configure --prefix=/usr

## --------- ##
## Platform. ##
## --------- ##

hostname = elegy
uname -m = i686
uname -r = 2.6.32-46-generic-pae
uname -s = Linux
uname -v = #108-Ubuntu SMP Thu Apr 11 16:11:56 UTC 2013

/usr/bin/uname -p = unknown
/bin/uname -X     = unknown

/bin/arch              = unknown
/usr/bin/arch -k       = unknown
/usr/convex/getsysinfo = unknown
/usr/bin/hostinfo      = unknown
/bin/machine           = unknown
/usr/bin/oslevel       = unknown
/bin/universe          = unknown

PATH: /usr/local/sbin
PATH: /usr/local/bin
PATH: /usr/sbin
PATH: /usr/bin
PATH: /sbin
PATH: /bin
PATH: /usr/games
PATH: /home/kyan/.rvm/bin


## ----------- ##
## Core tests. ##
## ----------- ##

configure:2413: checking for a BSD-compatible install
configure:2481: result: /usr/bin/install -c
configure:2492: checking whether build environment is sane
configure:2542: result: yes
configure:2683: checking for a thread-safe mkdir -p
configure:2722: result: /bin/mkdir -p
configure:2735: checking for gawk
configure:2751: found /usr/bin/gawk
configure:2762: result: gawk
configure:2773: checking whether make sets $(MAKE)
configure:2795: result: yes
configure:2884: checking whether to enable maintainer-specific portions of Makefiles
configure:2893: result: no
configure:2955: checking for gcc
configure:2971: found /usr/bin/gcc
configure:2982: result: gcc
configure:3211: checking for C compiler version
configure:3220: gcc --version >&5
gcc (Ubuntu/Linaro 4.4.4-14ubuntu5.1) 4.4.5
Copyright (C) 2010 Free Software Foundation, Inc.
This is free software; see the source for copying conditions.  There is NO
warranty; not even for MERCHANTABILITY or FITNESS FOR A PARTICULAR PURPOSE.

configure:3231: $? = 0
configure:3220: gcc -v >&5
Using built-in specs.
Target: i686-linux-gnu
Configured with: ../src/configure -v --with-pkgversion='Ubuntu/Linaro 4.4.4-14ubuntu5.1' --with-bugurl=file:///usr/share/doc/gcc-4.4/README.Bugs --enable-languages=c,c++,fortran,objc,obj-c++ --prefix=/usr --program-suffix=-4.4 --enable-shared --enable-multiarch --enable-linker-build-id --with-system-zlib --libexecdir=/usr/lib --without-included-gettext --enable-threads=posix --with-gxx-include-dir=/usr/include/c++/4.4 --libdir=/usr/lib --enable-nls --with-sysroot=/ --enable-clocale=gnu --enable-libstdcxx-debug --enable-objc-gc --enable-targets=all --disable-werror --with-arch-32=i686 --with-tune=generic --enable-checking=release --build=i686-linux-gnu --host=i686-linux-gnu --target=i686-linux-gnu
Thread model: posix
gcc version 4.4.5 (Ubuntu/Linaro 4.4.4-14ubuntu5.1) 
configure:3231: $? = 0
configure:3220: gcc -V >&5
gcc: '-V' option must have argument
configure:3231: $? = 1
configure:3220: gcc -qversion >&5
gcc: unrecognized option '-qversion'
gcc: no input files
configure:3231: $? = 1
configure:3253: checking for C compiler default output file name
configure:3275: gcc    conftest.c  >&5
configure:3279: $? = 0
configure:3316: result: a.out
configure:3332: checking whether the C compiler works
configure:3341: ./a.out
configure:3345: $? = 0
configure:3360: result: yes
configure:3367: checking whether we are cross compiling
configure:3369: result: no
configure:3372: checking for suffix of executables
configure:3379: gcc -o conftest    conftest.c  >&5
configure:3383: $? = 0
configure:3405: result: 
configure:3411: checking for suffix of object files
configure:3433: gcc -c   conftest.c >&5
configure:3437: $? = 0
configure:3458: result: o
configure:3462: checking whether we are using the GNU C compiler
configure:3481: gcc -c   conftest.c >&5
configure:3481: $? = 0
configure:3490: result: yes
configure:3499: checking whether gcc accepts -g
configure:3519: gcc -c -g  conftest.c >&5
configure:3519: $? = 0
configure:3560: result: yes
configure:3577: checking for gcc option to accept ISO C89
configure:3641: gcc  -c -g -O2  conftest.c >&5
configure:3641: $? = 0
configure:3654: result: none needed
configure:3685: checking for style of include used by make
configure:3713: result: GNU
configure:3738: checking dependency style of gcc
configure:3848: result: gcc3
configure:3864: checking for library containing strerror
configure:3895: gcc -o conftest -g -O2   conftest.c  >&5
configure:3895: $? = 0
configure:3912: result: none required
configure:3925: checking how to run the C preprocessor
configure:3956: gcc -E  conftest.c
configure:3956: $? = 0
configure:3970: gcc -E  conftest.c
conftest.c:11: fatal error: ac_nonexistent.h: No such file or directory
compilation terminated.
configure:3970: $? = 1
configure: failed program was:
| /* confdefs.h */
| #define PACKAGE_NAME "libxklavier"
| #define PACKAGE_TARNAME "libxklavier"
| #define PACKAGE_VERSION "5.0"
| #define PACKAGE_STRING "libxklavier 5.0"
| #define PACKAGE_BUGREPORT ""
| #define PACKAGE_URL ""
| #define PACKAGE "libxklavier"
| #define VERSION "5.0"
| /* end confdefs.h.  */
| #include <ac_nonexistent.h>
configure:3995: result: gcc -E
configure:4015: gcc -E  conftest.c
configure:4015: $? = 0
configure:4029: gcc -E  conftest.c
conftest.c:11: fatal error: ac_nonexistent.h: No such file or directory
compilation terminated.
configure:4029: $? = 1
configure: failed program was:
| /* confdefs.h */
| #define PACKAGE_NAME "libxklavier"
| #define PACKAGE_TARNAME "libxklavier"
| #define PACKAGE_VERSION "5.0"
| #define PACKAGE_STRING "libxklavier 5.0"
| #define PACKAGE_BUGREPORT ""
| #define PACKAGE_URL ""
| #define PACKAGE "libxklavier"
| #define VERSION "5.0"
| /* end confdefs.h.  */
| #include <ac_nonexistent.h>
configure:4058: checking for grep that handles long lines and -e
configure:4116: result: /bin/grep
configure:4121: checking for egrep
configure:4183: result: /bin/grep -E
configure:4188: checking for ANSI C header files
configure:4208: gcc -c -g -O2  conftest.c >&5
configure:4208: $? = 0
configure:4281: gcc -o conftest -g -O2   conftest.c  >&5
configure:4281: $? = 0
configure:4281: ./conftest
configure:4281: $? = 0
configure:4292: result: yes
configure:4329: checking build system type
configure:4343: result: i686-pc-linux-gnu
configure:4363: checking host system type
configure:4376: result: i686-pc-linux-gnu
configure:4396: checking for a sed that does not truncate output
configure:4460: result: /bin/sed
configure:4478: checking for fgrep
configure:4540: result: /bin/grep -F
configure:4575: checking for ld used by gcc
configure:4642: result: /usr/bin/ld
configure:4649: checking if the linker (/usr/bin/ld) is GNU ld
configure:4664: result: yes
configure:4676: checking for BSD- or MS-compatible name lister (nm)
configure:4725: result: /usr/bin/nm -B
configure:4843: checking the name lister (/usr/bin/nm -B) interface
configure:4850: gcc -c -g -O2  conftest.c >&5
configure:4853: /usr/bin/nm -B "conftest.o"
configure:4856: output
00000000 B some_variable
configure:4863: result: BSD nm
configure:4866: checking whether ln -s works
configure:4870: result: yes
configure:4878: checking the maximum length of command line arguments
configure:4998: result: 1572864
configure:5015: checking whether the shell understands some XSI constructs
configure:5025: result: yes
configure:5029: checking whether the shell understands "+="
configure:5035: result: yes
configure:5070: checking for /usr/bin/ld option to reload object files
configure:5077: result: -r
configure:5146: checking for objdump
configure:5162: found /usr/bin/objdump
configure:5173: result: objdump
configure:5205: checking how to recognize dependent libraries
configure:5401: result: pass_all
configure:5461: checking for ar
configure:5477: found /usr/bin/ar
configure:5488: result: ar
configure:5566: checking for strip
configure:5582: found /usr/bin/strip
configure:5593: result: strip
configure:5665: checking for ranlib
configure:5681: found /usr/bin/ranlib
configure:5692: result: ranlib
configure:5782: checking command to parse /usr/bin/nm -B output from gcc object
configure:5900: gcc -c -g -O2  conftest.c >&5
configure:5903: $? = 0
configure:5907: /usr/bin/nm -B conftest.o \| sed -n -e 's/^.*[	 ]\([ABCDGIRSTW][ABCDGIRSTW]*\)[	 ][	 ]*\([_A-Za-z][_A-Za-z0-9]*\)$/\1 \2 \2/p' \> conftest.nm
configure:5910: $? = 0
configure:5964: gcc -o conftest -g -O2   conftest.c conftstm.o >&5
configure:5967: $? = 0
configure:6005: result: ok
configure:6813: checking for sys/types.h
configure:6813: gcc -c -g -O2  conftest.c >&5
configure:6813: $? = 0
configure:6813: result: yes
configure:6813: checking for sys/stat.h
configure:6813: gcc -c -g -O2  conftest.c >&5
configure:6813: $? = 0
configure:6813: result: yes
configure:6813: checking for stdlib.h
configure:6813: gcc -c -g -O2  conftest.c >&5
configure:6813: $? = 0
configure:6813: result: yes
configure:6813: checking for string.h
configure:6813: gcc -c -g -O2  conftest.c >&5
configure:6813: $? = 0
configure:6813: result: yes
configure:6813: checking for memory.h
configure:6813: gcc -c -g -O2  conftest.c >&5
configure:6813: $? = 0
configure:6813: result: yes
configure:6813: checking for strings.h
configure:6813: gcc -c -g -O2  conftest.c >&5
configure:6813: $? = 0
configure:6813: result: yes
configure:6813: checking for inttypes.h
configure:6813: gcc -c -g -O2  conftest.c >&5
configure:6813: $? = 0
configure:6813: result: yes
configure:6813: checking for stdint.h
configure:6813: gcc -c -g -O2  conftest.c >&5
configure:6813: $? = 0
configure:6813: result: yes
configure:6813: checking for unistd.h
configure:6813: gcc -c -g -O2  conftest.c >&5
configure:6813: $? = 0
configure:6813: result: yes
configure:6828: checking for dlfcn.h
configure:6828: gcc -c -g -O2  conftest.c >&5
configure:6828: $? = 0
configure:6828: result: yes
configure:7012: checking for objdir
configure:7027: result: .libs
configure:7323: checking if gcc supports -fno-rtti -fno-exceptions
configure:7341: gcc -c -g -O2  -fno-rtti -fno-exceptions conftest.c >&5
cc1: warning: command line option "-fno-rtti" is valid for C++/ObjC++ but not for C
configure:7345: $? = 0
configure:7358: result: no
configure:7378: checking for gcc option to produce PIC
configure:7650: result: -fPIC -DPIC
configure:7662: checking if gcc PIC flag -fPIC -DPIC works
configure:7680: gcc -c -g -O2  -fPIC -DPIC -DPIC conftest.c >&5
configure:7684: $? = 0
configure:7697: result: yes
configure:7721: checking if gcc static flag -static works
configure:7749: result: yes
configure:7764: checking if gcc supports -c -o file.o
configure:7785: gcc -c -g -O2  -o out/conftest2.o conftest.c >&5
configure:7789: $? = 0
configure:7811: result: yes
configure:7819: checking if gcc supports -c -o file.o
configure:7866: result: yes
configure:7899: checking whether the gcc linker (/usr/bin/ld) supports shared libraries
configure:8889: result: yes
configure:8926: checking whether -lc should be explicitly linked in
configure:8931: gcc -c -g -O2  conftest.c >&5
configure:8934: $? = 0
configure:8949: gcc -shared conftest.o  -v -Wl,-soname -Wl,conftest -o conftest 2\>\&1 \| /bin/grep  -lc  \>/dev/null 2\>\&1
configure:8952: $? = 0
configure:8964: result: no
configure:9128: checking dynamic linker characteristics
configure:9561: gcc -o conftest -g -O2   -Wl,-rpath -Wl,/foo conftest.c  >&5
configure:9561: $? = 0
configure:9791: result: GNU/Linux ld.so
configure:9893: checking how to hardcode library paths into programs
configure:9918: result: immediate
configure:10438: checking whether stripping libraries is possible
configure:10443: result: yes
configure:10478: checking if libtool supports shared libraries
configure:10480: result: yes
configure:10483: checking whether to build shared libraries
configure:10504: result: yes
configure:10507: checking whether to build static libraries
configure:10511: result: yes
configure:10586: checking for ld used by GCC
configure:10650: result: /usr/bin/ld
configure:10657: checking if the linker (/usr/bin/ld) is GNU ld
configure:10670: result: yes
configure:10677: checking for shared library run path origin
configure:10690: result: done
configure:11198: checking for iconv
configure:11220: gcc -o conftest -g -O2   conftest.c  >&5
configure:11220: $? = 0
configure:11252: result: yes
configure:11255: checking for working iconv
configure:11331: gcc -o conftest -g -O2   conftest.c  >&5
configure:11331: $? = 0
configure:11331: ./conftest
configure:11331: $? = 0
configure:11343: result: yes
configure:11371: checking for iconv declaration
configure:11400: gcc -c -g -O2  conftest.c >&5
configure:11400: $? = 0
configure:11411: result: install-shextern size_t iconv (iconv_t cd, char * *inbuf, size_t *inbytesleft, char * *outbuf, size_t *outbytesleft);
configure:11472: checking for pkg-config
configure:11490: found /usr/bin/pkg-config
configure:11502: result: /usr/bin/pkg-config
configure:11527: checking pkg-config is at least version 0.9.0
configure:11530: result: yes
configure:11572: checking whether to build gtk-doc documentation
configure:11574: result: no
configure:11581: checking for gtkdoc-check
configure:11614: result: no
configure:11648: checking langinfo.h usability
configure:11648: gcc -c -g -O2  conftest.c >&5
configure:11648: $? = 0
configure:11648: result: yes
configure:11648: checking langinfo.h presence
configure:11648: gcc -E  conftest.c
configure:11648: $? = 0
configure:11648: result: yes
configure:11648: checking for langinfo.h
configure:11648: result: yes
configure:11660: checking for nl_langinfo
configure:11660: gcc -o conftest -g -O2   conftest.c  >&5
configure:11660: $? = 0
configure:11660: result: yes
configure:11670: checking for nl_langinfo and CODESET
configure:11686: gcc -o conftest -g -O2   conftest.c  >&5
configure:11686: $? = 0
configure:11695: result: yes
configure:11705: checking for setlocale
configure:11705: gcc -o conftest -g -O2   conftest.c  >&5
configure:11705: $? = 0
configure:11705: result: yes
configure:11714: checking for X
configure:11853: gcc -o conftest -g -O2   conftest.c -lX11  >&5
configure:11853: $? = 0
configure:11903: result: libraries , headers 
configure:12002: gcc -o conftest -g -O2   conftest.c   -lX11 >&5
configure:12002: $? = 0
configure:12100: checking for gethostbyname
configure:12100: gcc -o conftest -g -O2   conftest.c  >&5
configure:12100: $? = 0
configure:12100: result: yes
configure:12197: checking for connect
configure:12197: gcc -o conftest -g -O2   conftest.c  >&5
configure:12197: $? = 0
configure:12197: result: yes
configure:12246: checking for remove
configure:12246: gcc -o conftest -g -O2   conftest.c  >&5
configure:12246: $? = 0
configure:12246: result: yes
configure:12295: checking for shmat
configure:12295: gcc -o conftest -g -O2   conftest.c  >&5
configure:12295: $? = 0
configure:12295: result: yes
configure:12353: checking for IceConnectionNumber in -lICE
configure:12378: gcc -o conftest -g -O2   conftest.c -lICE   >&5
configure:12378: $? = 0
configure:12387: result: yes
configure:12418: checking for xkbcomp
configure:12437: found /usr/bin/xkbcomp
configure:12449: result: /usr/bin/xkbcomp
configure:12533: checking for X11/extensions/XKBrules.h
configure:12533: gcc -c -g -O2  conftest.c >&5
configure:12533: $? = 0
configure:12533: result: yes
configure:12588: checking whether at least one libxklavier backend is enabled
configure:12593: result: yes
configure:12603: checking for XML
configure:12612: $PKG_CONFIG --exists --print-errors "\
	libxml-2.0 >= 2.0.0"
configure:12616: $? = 0
configure:12633: $PKG_CONFIG --exists --print-errors "\
	libxml-2.0 >= 2.0.0"
configure:12637: $? = 0
configure:12696: result: yes
configure:12705: checking for GLIB
configure:12714: $PKG_CONFIG --exists --print-errors "\
	glib-2.0 >= 2.16.0 gobject-2.0 >= 2.16.0"
configure:12718: $? = 0
configure:12735: $PKG_CONFIG --exists --print-errors "\
	glib-2.0 >= 2.16.0 gobject-2.0 >= 2.16.0"
configure:12739: $? = 0
configure:12798: result: yes
configure:12807: checking for XINPUT
configure:12815: $PKG_CONFIG --exists --print-errors "xi >= 1.1.3"
configure:12818: $? = 0
configure:12833: $PKG_CONFIG --exists --print-errors "xi >= 1.1.3"
configure:12836: $? = 0
configure:12872: result: yes
configure:12886: checking whether iso-codes exists
configure:12889: result: yes
configure:13050: creating ./config.status

## ---------------------- ##
## Running config.status. ##
## ---------------------- ##

This file was extended by libxklavier config.status 5.0, which was
generated by GNU Autoconf 2.64.  Invocation command line was

  CONFIG_FILES    = 
  CONFIG_HEADERS  = 
  CONFIG_LINKS    = 
  CONFIG_COMMANDS = 
  $ ./config.status 

on elegy

config.status:1109: creating Makefile
config.status:1109: creating libxklavier/Makefile
config.status:1109: creating libxklavier.spec
config.status:1109: creating doc/Makefile
config.status:1109: creating doc/reference/Makefile
config.status:1109: creating tests/Makefile
config.status:1109: creating libxklavier.pc
config.status:1109: creating config.h
config.status:1281: config.h is unchanged
config.status:1329: executing depfiles commands
config.status:1329: executing libtool commands

## ---------------- ##
## Cache variables. ##
## ---------------- ##

ac_cv_build=i686-pc-linux-gnu
ac_cv_c_compiler_gnu=yes
ac_cv_env_CC_set=
ac_cv_env_CC_value=
ac_cv_env_CFLAGS_set=
ac_cv_env_CFLAGS_value=
ac_cv_env_CPPFLAGS_set=
ac_cv_env_CPPFLAGS_value=
ac_cv_env_CPP_set=
ac_cv_env_CPP_value=
ac_cv_env_GLIB_CFLAGS_set=
ac_cv_env_GLIB_CFLAGS_value=
ac_cv_env_GLIB_LIBS_set=
ac_cv_env_GLIB_LIBS_value=
ac_cv_env_LDFLAGS_set=
ac_cv_env_LDFLAGS_value=
ac_cv_env_LIBS_set=
ac_cv_env_LIBS_value=
ac_cv_env_PKG_CONFIG_set=
ac_cv_env_PKG_CONFIG_value=
ac_cv_env_XINPUT_CFLAGS_set=
ac_cv_env_XINPUT_CFLAGS_value=
ac_cv_env_XINPUT_LIBS_set=
ac_cv_env_XINPUT_LIBS_value=
ac_cv_env_XMKMF_set=
ac_cv_env_XMKMF_value=
ac_cv_env_XML_CFLAGS_set=
ac_cv_env_XML_CFLAGS_value=
ac_cv_env_XML_LIBS_set=
ac_cv_env_XML_LIBS_value=
ac_cv_env_build_alias_set=
ac_cv_env_build_alias_value=
ac_cv_env_host_alias_set=
ac_cv_env_host_alias_value=
ac_cv_env_target_alias_set=
ac_cv_env_target_alias_value=
ac_cv_func_connect=yes
ac_cv_func_gethostbyname=yes
ac_cv_func_nl_langinfo=yes
ac_cv_func_remove=yes
ac_cv_func_setlocale=yes
ac_cv_func_shmat=yes
ac_cv_have_x='have_x=yes	ac_x_includes='\'''\''	ac_x_libraries='\'''\'''
ac_cv_header_X11_extensions_XKBrules_h=yes
ac_cv_header_dlfcn_h=yes
ac_cv_header_inttypes_h=yes
ac_cv_header_langinfo_h=yes
ac_cv_header_memory_h=yes
ac_cv_header_stdc=yes
ac_cv_header_stdint_h=yes
ac_cv_header_stdlib_h=yes
ac_cv_header_string_h=yes
ac_cv_header_strings_h=yes
ac_cv_header_sys_stat_h=yes
ac_cv_header_sys_types_h=yes
ac_cv_header_unistd_h=yes
ac_cv_host=i686-pc-linux-gnu
ac_cv_lib_ICE_IceConnectionNumber=yes
ac_cv_objext=o
ac_cv_path_EGREP='/bin/grep -E'
ac_cv_path_FGREP='/bin/grep -F'
ac_cv_path_GREP=/bin/grep
ac_cv_path_SED=/bin/sed
ac_cv_path_XKBCOMP=/usr/bin/xkbcomp
ac_cv_path_ac_pt_PKG_CONFIG=/usr/bin/pkg-config
ac_cv_path_install='/usr/bin/install -c'
ac_cv_path_mkdir=/bin/mkdir
ac_cv_prog_AWK=gawk
ac_cv_prog_CPP='gcc -E'
ac_cv_prog_ac_ct_AR=ar
ac_cv_prog_ac_ct_CC=gcc
ac_cv_prog_ac_ct_OBJDUMP=objdump
ac_cv_prog_ac_ct_RANLIB=ranlib
ac_cv_prog_ac_ct_STRIP=strip
ac_cv_prog_cc_c89=
ac_cv_prog_cc_g=yes
ac_cv_prog_make_make_set=yes
ac_cv_search_strerror='none required'
acl_cv_path_LD=/usr/bin/ld
acl_cv_prog_gnu_ld=yes
acl_cv_rpath=done
am_cv_CC_dependencies_compiler_type=gcc3
am_cv_func_iconv=yes
am_cv_func_iconv_works=yes
am_cv_lib_iconv=no
am_cv_proto_iconv='extern size_t iconv (iconv_t cd, char * *inbuf, size_t *inbytesleft, char * *outbuf, size_t *outbytesleft);'
am_cv_proto_iconv_arg1=
jm_cv_langinfo_codeset=yes
lt_cv_deplibs_check_method=pass_all
lt_cv_file_magic_cmd='$MAGIC_CMD'
lt_cv_file_magic_test_file=
lt_cv_ld_reload_flag=-r
lt_cv_nm_interface='BSD nm'
lt_cv_objdir=.libs
lt_cv_path_LD=/usr/bin/ld
lt_cv_path_NM='/usr/bin/nm -B'
lt_cv_prog_compiler_c_o=yes
lt_cv_prog_compiler_pic_works=yes
lt_cv_prog_compiler_rtti_exceptions=no
lt_cv_prog_compiler_static_works=yes
lt_cv_prog_gnu_ld=yes
lt_cv_sys_global_symbol_pipe='sed -n -e '\''s/^.*[	 ]\([ABCDGIRSTW][ABCDGIRSTW]*\)[	 ][	 ]*\([_A-Za-z][_A-Za-z0-9]*\)$/\1 \2 \2/p'\'''
lt_cv_sys_global_symbol_to_c_name_address='sed -n -e '\''s/^: \([^ ]*\) $/  {\"\1\", (void *) 0},/p'\'' -e '\''s/^[ABCDGIRSTW]* \([^ ]*\) \([^ ]*\)$/  {"\2", (void *) \&\2},/p'\'''
lt_cv_sys_global_symbol_to_c_name_address_lib_prefix='sed -n -e '\''s/^: \([^ ]*\) $/  {\"\1\", (void *) 0},/p'\'' -e '\''s/^[ABCDGIRSTW]* \([^ ]*\) \(lib[^ ]*\)$/  {"\2", (void *) \&\2},/p'\'' -e '\''s/^[ABCDGIRSTW]* \([^ ]*\) \([^ ]*\)$/  {"lib\2", (void *) \&\2},/p'\'''
lt_cv_sys_global_symbol_to_cdecl='sed -n -e '\''s/^T .* \(.*\)$/extern int \1();/p'\'' -e '\''s/^[ABCDGIRSTW]* .* \(.*\)$/extern char \1;/p'\'''
lt_cv_sys_max_cmd_len=1572864
pkg_cv_GLIB_CFLAGS='-pthread -I/usr/local/include/glib-2.0 -I/usr/local/lib/glib-2.0/include  '
pkg_cv_GLIB_LIBS='-pthread -L/usr/local/lib -lgobject-2.0 -lgthread-2.0 -lrt -lglib-2.0  '
pkg_cv_XINPUT_CFLAGS=' '
pkg_cv_XINPUT_LIBS='-lXi  '
pkg_cv_XML_CFLAGS='-I/usr/include/libxml2  '
pkg_cv_XML_LIBS='-lxml2  '

## ----------------- ##
## Output variables. ##
## ----------------- ##

ACLOCAL='${SHELL} /media/MyBook/libxklavier-5.0/missing --run aclocal-1.11'
AMDEPBACKSLASH='\'
AMDEP_FALSE='#'
AMDEP_TRUE=''
AMTAR='${SHELL} /media/MyBook/libxklavier-5.0/missing --run tar'
AR='ar'
AUTOCONF='${SHELL} /media/MyBook/libxklavier-5.0/missing --run autoconf'
AUTOHEADER='${SHELL} /media/MyBook/libxklavier-5.0/missing --run autoheader'
AUTOMAKE='${SHELL} /media/MyBook/libxklavier-5.0/missing --run automake-1.11'
AWK='gawk'
CC='gcc'
CCDEPMODE='depmode=gcc3'
CFLAGS='-g -O2'
CPP='gcc -E'
CPPFLAGS=''
CYGPATH_W='echo'
DEFS='-DHAVE_CONFIG_H'
DEPDIR='.deps'
DSYMUTIL=''
DUMPBIN=''
ECHO_C=''
ECHO_N='-n'
ECHO_T=''
EGREP='/bin/grep -E'
ENABLE_GTK_DOC_FALSE=''
ENABLE_GTK_DOC_TRUE='#'
ENABLE_XKB_SUPPORT_FALSE='#'
ENABLE_XKB_SUPPORT_TRUE=''
ENABLE_XMODMAP_SUPPORT_FALSE='#'
ENABLE_XMODMAP_SUPPORT_TRUE=''
EXEEXT=''
FGREP='/bin/grep -F'
GLIB_CFLAGS='-pthread -I/usr/local/include/glib-2.0 -I/usr/local/lib/glib-2.0/include  '
GLIB_LIBS='-pthread -L/usr/local/lib -lgobject-2.0 -lgthread-2.0 -lrt -lglib-2.0  '
GREP='/bin/grep'
GTKDOC_CHECK=''
GTK_DOC_USE_LIBTOOL_FALSE='#'
GTK_DOC_USE_LIBTOOL_TRUE=''
HTML_DIR='${datadir}/gtk-doc/html'
INSTALL_DATA='${INSTALL} -m 644'
INSTALL_PROGRAM='${INSTALL}'
INSTALL_SCRIPT='${INSTALL}'
INSTALL_STRIP_PROGRAM='$(install_sh) -c -s'
LD='/usr/bin/ld'
LDFLAGS=''
LIBICONV=''
LIBOBJS=''
LIBS=''
LIBTOOL='$(SHELL) $(top_builddir)/libtool'
LIBXKBFILE_PRESENT_FALSE='#'
LIBXKBFILE_PRESENT_TRUE=''
LIPO=''
LN_S='ln -s'
LTLIBICONV=''
LTLIBOBJS=''
MAINT='#'
MAINTAINER_MODE_FALSE=''
MAINTAINER_MODE_TRUE='#'
MAKEINFO='${SHELL} /media/MyBook/libxklavier-5.0/missing --run makeinfo'
MKDIR_P='/bin/mkdir -p'
NM='/usr/bin/nm -B'
NMEDIT=''
OBJDUMP='objdump'
OBJEXT='o'
OTOOL64=''
OTOOL=''
PACKAGE='libxklavier'
PACKAGE_BUGREPORT=''
PACKAGE_NAME='libxklavier'
PACKAGE_STRING='libxklavier 5.0'
PACKAGE_TARNAME='libxklavier'
PACKAGE_URL=''
PACKAGE_VERSION='5.0'
PATH_SEPARATOR=':'
PKG_CONFIG='/usr/bin/pkg-config'
RANLIB='ranlib'
SED='/bin/sed'
SET_MAKE=''
SHELL='/bin/bash'
STRIP='strip'
VERSION='5.0'
VERSION_INFO='16:0:0'
XINPUT_CFLAGS=' '
XINPUT_LIBS='-lXi  '
XKBCOMP='/usr/bin/xkbcomp'
XMKMF=''
XML_CFLAGS='-I/usr/include/libxml2  '
XML_LIBS='-lxml2  '
X_CFLAGS=''
X_EXTRA_LIBS=''
X_LIBS=''
X_PRE_LIBS=' -lSM -lICE'
ac_ct_CC='gcc'
ac_ct_DUMPBIN=''
am__EXEEXT_FALSE=''
am__EXEEXT_TRUE='#'
am__fastdepCC_FALSE='#'
am__fastdepCC_TRUE=''
am__include='include'
am__isrc=''
am__leading_dot='.'
am__quote=''
am__tar='${AMTAR} chof - "$$tardir"'
am__untar='${AMTAR} xf -'
bindir='${exec_prefix}/bin'
build='i686-pc-linux-gnu'
build_alias=''
build_cpu='i686'
build_os='linux-gnu'
build_vendor='pc'
datadir='${datarootdir}'
datarootdir='${prefix}/share'
docdir='${datarootdir}/doc/${PACKAGE_TARNAME}'
dvidir='${docdir}'
exec_prefix='${prefix}'
host='i686-pc-linux-gnu'
host_alias=''
host_cpu='i686'
host_os='linux-gnu'
host_vendor='pc'
htmldir='${docdir}'
includedir='${prefix}/include'
infodir='${datarootdir}/info'
install_sh='${SHELL} /media/MyBook/libxklavier-5.0/install-sh'
libdir='${exec_prefix}/lib'
libexecdir='${exec_prefix}/libexec'
libxkbfile_present='yes'
localedir='${datarootdir}/locale'
localstatedir='${prefix}/var'
lt_ECHO='echo'
mandir='${datarootdir}/man'
mkdir_p='/bin/mkdir -p'
oldincludedir='/usr/include'
pdfdir='${docdir}'
prefix='/usr'
program_transform_name='s,x,x,'
psdir='${docdir}'
sbindir='${exec_prefix}/sbin'
sharedstatedir='${prefix}/com'
sysconfdir='${prefix}/etc'
target_alias=''

## ----------- ##
## confdefs.h. ##
## ----------- ##

/* confdefs.h */
#define PACKAGE_NAME "libxklavier"
#define PACKAGE_TARNAME "libxklavier"
#define PACKAGE_VERSION "5.0"
#define PACKAGE_STRING "libxklavier 5.0"
#define PACKAGE_BUGREPORT ""
#define PACKAGE_URL ""
#define PACKAGE "libxklavier"
#define VERSION "5.0"
#define STDC_HEADERS 1
#define HAVE_SYS_TYPES_H 1
#define HAVE_SYS_STAT_H 1
#define HAVE_STDLIB_H 1
#define HAVE_STRING_H 1
#define HAVE_MEMORY_H 1
#define HAVE_STRINGS_H 1
#define HAVE_INTTYPES_H 1
#define HAVE_STDINT_H 1
#define HAVE_UNISTD_H 1
#define HAVE_DLFCN_H 1
#define LT_OBJDIR ".libs/"
#define HAVE_ICONV 1
#define ICONV_CONST 
#define HAVE_LANGINFO_H 1
#define HAVE_NL_LANGINFO 1
#define HAVE_LANGINFO_CODESET 1
#define HAVE_SETLOCALE 1
#define XKB_BASE "/usr/share/X11/xkb"
#define XKB_BIN_BASE "/usr/bin"
#define XKB_DEFAULT_RULESET "base"
#define XMODMAP_DEFAULT_RULESET "base"
#define XMODMAP_BASE "/usr/share/xmodmap"
#define HAVE_XINPUT 1
#define ISO_CODES_PREFIX "/usr"

configure: exit 0
