The system is: Linux - 2.6.35-32-generic - i686
Compiling the C compiler identification source file "CMakeCCompilerId.c" succeeded.
Compiler: /usr/bin/gcc 
Build flags: -g;-O2
Id flags: -c

The output was:
0


Compilation of the C compiler identification source "CMakeCCompilerId.c" produced "CMakeCCompilerId.o"

The C compiler identification is GNU, found in "/var/cache/apt/archives/compiz-0.9.4+bzr20110606/obj-i686-linux-gnu/CMakeFiles/CompilerIdC/CMakeCCompilerId.o"

Compiling the CXX compiler identification source file "CMakeCXXCompilerId.cpp" succeeded.
Compiler: /usr/bin/c++ 
Build flags: -g;-O2
Id flags: -c

The output was:
0
CMakeCXXCompilerId.cpp:79: warning: deprecated conversion from string constant to ‘char*’
CMakeCXXCompilerId.cpp:192: warning: deprecated conversion from string constant to ‘char*’
CMakeCXXCompilerId.cpp:193: warning: deprecated conversion from string constant to ‘char*’


Compilation of the CXX compiler identification source "CMakeCXXCompilerId.cpp" produced "CMakeCXXCompilerId.o"

The CXX compiler identification is GNU, found in "/var/cache/apt/archives/compiz-0.9.4+bzr20110606/obj-i686-linux-gnu/CMakeFiles/CompilerIdCXX/CMakeCXXCompilerId.o"

Compiling the C compiler identification source file "CMakeCCompilerId.c" succeeded.
Compiler: /usr/bin/gcc 
Build flags: -g;-O2;
Id flags: -c

The output was:
0


Compilation of the C compiler identification source "CMakeCCompilerId.c" produced "CMakeCCompilerId.o"

The C compiler identification is GNU, found in "/var/cache/apt/archives/compiz-0.9.4+bzr20110606/obj-i686-linux-gnu/CMakeFiles/CompilerIdC/CMakeCCompilerId.o"

Compiling the CXX compiler identification source file "CMakeCXXCompilerId.cpp" succeeded.
Compiler: /usr/bin/c++ 
Build flags: -g;-O2
Id flags: -c

The output was:
0
CMakeCXXCompilerId.cpp:79: warning: deprecated conversion from string constant to ‘char*’
CMakeCXXCompilerId.cpp:192: warning: deprecated conversion from string constant to ‘char*’
CMakeCXXCompilerId.cpp:193: warning: deprecated conversion from string constant to ‘char*’


Compilation of the CXX compiler identification source "CMakeCXXCompilerId.cpp" produced "CMakeCXXCompilerId.o"

The CXX compiler identification is GNU, found in "/var/cache/apt/archives/compiz-0.9.4+bzr20110606/obj-i686-linux-gnu/CMakeFiles/CompilerIdCXX/CMakeCXXCompilerId.o"

