Compiling the C compiler identification source file "CMakeCCompilerId.c" failed.
Compiler: /usr/bin/gcc 
Build flags: -g;-O2
Id flags: 

The output was:
1
/usr/bin/ld: cannot find -lc
collect2: ld returned 1 exit status


Compiling the CXX compiler identification source file "CMakeCXXCompilerId.cpp" failed.
Compiler: /usr/bin/c++ 
Build flags: -g;-O2
Id flags: 

The output was:
1
CMakeCXXCompilerId.cpp:79: warning: deprecated conversion from string constant to ‘char*’
CMakeCXXCompilerId.cpp:192: warning: deprecated conversion from string constant to ‘char*’
CMakeCXXCompilerId.cpp:193: warning: deprecated conversion from string constant to ‘char*’
/usr/bin/ld: cannot find -lm
/usr/bin/ld: cannot find -lc
collect2: ld returned 1 exit status


Determining if the C compiler works failed with the following output:
Change Dir: /var/cache/apt/archives/compiz-0.9.4+bzr20110606/obj-i686-linux-gnu/CMakeFiles/CMakeTmp

Run Build Command:/usr/bin/make "cmTryCompileExec/fast"
make[2]: Entering directory `/var/cache/apt/archives/compiz-0.9.4+bzr20110606/obj-i686-linux-gnu/CMakeFiles/CMakeTmp'
/usr/bin/make -f CMakeFiles/cmTryCompileExec.dir/build.make CMakeFiles/cmTryCompileExec.dir/build
make[3]: Entering directory `/var/cache/apt/archives/compiz-0.9.4+bzr20110606/obj-i686-linux-gnu/CMakeFiles/CMakeTmp'
/usr/bin/cmake -E cmake_progress_report /var/cache/apt/archives/compiz-0.9.4+bzr20110606/obj-i686-linux-gnu/CMakeFiles/CMakeTmp/CMakeFiles 1
Building C object CMakeFiles/cmTryCompileExec.dir/testCCompiler.c.o
/usr/bin/gcc   -g -O2      -o CMakeFiles/cmTryCompileExec.dir/testCCompiler.c.o   -c /var/cache/apt/archives/compiz-0.9.4+bzr20110606/obj-i686-linux-gnu/CMakeFiles/CMakeTmp/testCCompiler.c
Linking C executable cmTryCompileExec
/usr/bin/cmake -E cmake_link_script CMakeFiles/cmTryCompileExec.dir/link.txt --verbose=1
/usr/bin/gcc   -g -O2     -Wl,-Bsymbolic-functions CMakeFiles/cmTryCompileExec.dir/testCCompiler.c.o  -o cmTryCompileExec -rdynamic 
/usr/bin/ld: cannot find -lc
collect2: ld returned 1 exit status
make[3]: *** [cmTryCompileExec] Error 1
make[3]: Leaving directory `/var/cache/apt/archives/compiz-0.9.4+bzr20110606/obj-i686-linux-gnu/CMakeFiles/CMakeTmp'
make[2]: *** [cmTryCompileExec/fast] Error 2
make[2]: Leaving directory `/var/cache/apt/archives/compiz-0.9.4+bzr20110606/obj-i686-linux-gnu/CMakeFiles/CMakeTmp'


Compiling the C compiler identification source file "CMakeCCompilerId.c" failed.
Compiler: /usr/bin/gcc 
Build flags: -g;-O2;
Id flags: 

The output was:
1
/usr/bin/ld: cannot find -lc
collect2: ld returned 1 exit status


Compiling the CXX compiler identification source file "CMakeCXXCompilerId.cpp" failed.
Compiler: /usr/bin/c++ 
Build flags: -g;-O2
Id flags: 

The output was:
1
CMakeCXXCompilerId.cpp:79: warning: deprecated conversion from string constant to ‘char*’
CMakeCXXCompilerId.cpp:192: warning: deprecated conversion from string constant to ‘char*’
CMakeCXXCompilerId.cpp:193: warning: deprecated conversion from string constant to ‘char*’
/usr/bin/ld: cannot find -lm
/usr/bin/ld: cannot find -lc
collect2: ld returned 1 exit status


Determining if the C compiler works failed with the following output:
Change Dir: /var/cache/apt/archives/compiz-0.9.4+bzr20110606/obj-i686-linux-gnu/CMakeFiles/CMakeTmp

Run Build Command:/usr/bin/make "cmTryCompileExec/fast"
make[2]: Entering directory `/var/cache/apt/archives/compiz-0.9.4+bzr20110606/obj-i686-linux-gnu/CMakeFiles/CMakeTmp'
/usr/bin/make -f CMakeFiles/cmTryCompileExec.dir/build.make CMakeFiles/cmTryCompileExec.dir/build
make[3]: Entering directory `/var/cache/apt/archives/compiz-0.9.4+bzr20110606/obj-i686-linux-gnu/CMakeFiles/CMakeTmp'
/usr/bin/cmake -E cmake_progress_report /var/cache/apt/archives/compiz-0.9.4+bzr20110606/obj-i686-linux-gnu/CMakeFiles/CMakeTmp/CMakeFiles 1
Building C object CMakeFiles/cmTryCompileExec.dir/testCCompiler.c.o
/usr/bin/gcc   -g -O2      -o CMakeFiles/cmTryCompileExec.dir/testCCompiler.c.o   -c /var/cache/apt/archives/compiz-0.9.4+bzr20110606/obj-i686-linux-gnu/CMakeFiles/CMakeTmp/testCCompiler.c
Linking C executable cmTryCompileExec
/usr/bin/cmake -E cmake_link_script CMakeFiles/cmTryCompileExec.dir/link.txt --verbose=1
/usr/bin/gcc   -g -O2     -Wl,-Bsymbolic-functions CMakeFiles/cmTryCompileExec.dir/testCCompiler.c.o  -o cmTryCompileExec -rdynamic 
/usr/bin/ld: cannot find -lc
collect2: ld returned 1 exit status
make[3]: *** [cmTryCompileExec] Error 1
make[3]: Leaving directory `/var/cache/apt/archives/compiz-0.9.4+bzr20110606/obj-i686-linux-gnu/CMakeFiles/CMakeTmp'
make[2]: *** [cmTryCompileExec/fast] Error 2
make[2]: Leaving directory `/var/cache/apt/archives/compiz-0.9.4+bzr20110606/obj-i686-linux-gnu/CMakeFiles/CMakeTmp'


