# project lo-menubar (0.1.1) configured on Wed Sep 12 12:12:31 2012 by
# waf 1.6.2 (abi 98, python 20606f0 on linux2)
# using ./waf configure
#
----------------------------------------
Setting top to
/home/kyan/lo-menubar-0.1.1
----------------------------------------
Setting out to
/home/kyan/lo-menubar-0.1.1/build
----------------------------------------
Checking for 'g++' (c++ compiler)
find program=['g++', 'c++'] paths=['/usr/local/sbin', '/usr/local/bin', '/usr/sbin', '/usr/bin', '/sbin', '/bin', '/usr/games', '/home/kyan/.rvm/bin'] var='CXX' -> '/usr/bin/g++'
find program=['ar'] paths=['/usr/local/sbin', '/usr/local/bin', '/usr/sbin', '/usr/bin', '/sbin', '/bin', '/usr/games', '/home/kyan/.rvm/bin'] var='AR' -> '/usr/bin/ar'
ok
----------------------------------------
Checking for library uno_sal
==>

int main() {
	return 0;
}

<==
[1/2] [32mcxx: build/.conf_check_3baf90b2bf424fc190449eaf9dd78eaa/test.cpp -> build/.conf_check_3baf90b2bf424fc190449eaf9dd78eaa/testbuild/test.cpp.0.o
[0m
['/usr/bin/g++', '../test.cpp', '-c', '-o', 'test.cpp.0.o']
[2/2] [33mcxxprogram: build/.conf_check_3baf90b2bf424fc190449eaf9dd78eaa/testbuild/test.cpp.0.o -> build/.conf_check_3baf90b2bf424fc190449eaf9dd78eaa/testbuild/testprog
[0m
['/usr/bin/g++', 'test.cpp.0.o', '-o', '/home/kyan/lo-menubar-0.1.1/build/.conf_check_3baf90b2bf424fc190449eaf9dd78eaa/testbuild/testprog', '-Wl,-Bstatic', '-Wl,-Bdynamic', '-L/usr/lib/libreoffice/sdk/lib', '-luno_sal']
err: /usr/bin/ld: cannot find -luno_sal
collect2: ld returned 1 exit status

from /home/kyan/lo-menubar-0.1.1: Test does not build: Traceback (most recent call last):
  File "/home/kyan/lo-menubar-0.1.1/.waf-1.6.2-9103917fcd1bcd62db351f7433377bc6/waflib/Tools/c_config.py", line 430, in run_c_code
    bld.compile()
  File "/home/kyan/lo-menubar-0.1.1/.waf-1.6.2-9103917fcd1bcd62db351f7433377bc6/waflib/Build.py", line 190, in compile
    raise Errors.BuildError(self.producer.error)
BuildError: Build failed
 -> task failed (exit status 1): 
	{task 169735084: cxxprogram test.cpp.0.o -> testprog}
['/usr/bin/g++', 'test.cpp.0.o', '-o', '/home/kyan/lo-menubar-0.1.1/build/.conf_check_3baf90b2bf424fc190449eaf9dd78eaa/testbuild/testprog', '-Wl,-Bstatic', '-Wl,-Bdynamic', '-L/usr/lib/libreoffice/sdk/lib', '-luno_sal']

not found
from /home/kyan/lo-menubar-0.1.1: The configuration failed
