This file contains any messages produced by compilers while
running configure, to aid debugging if configure makes a mistake.

It was created by isl configure 0.11.1, which was
generated by GNU Autoconf 2.68.  Invocation command line was

  $ ./configure --prefix=/Technical/Wreathe/Wreathe/Development PKG_CONFIG_PATH=/Technical/Wreathe/Wreathe/Development/lib/pkgconfig:/usr/local/lib/pkgconfig:/usr/lib/pkgconfig LD_LIBRARY_PATH=/Technical/Wreathe/Wreathe/Development/lib:/usr/local/lib:/usr/lib

## --------- ##
## Platform. ##
## --------- ##

hostname = elegy
uname -m = i686
uname -r = 2.6.32-46-generic-pae
uname -s = Linux
uname -v = #108-Ubuntu SMP Thu Apr 11 16:11:56 UTC 2013

/usr/bin/uname -p = unknown
/bin/uname -X     = unknown

/bin/arch              = unknown
/usr/bin/arch -k       = unknown
/usr/convex/getsysinfo = unknown
/usr/bin/hostinfo      = unknown
/bin/machine           = unknown
/usr/bin/oslevel       = unknown
/bin/universe          = unknown

PATH: /usr/local/sbin
PATH: /usr/local/bin
PATH: /usr/sbin
PATH: /usr/bin
PATH: /sbin
PATH: /bin
PATH: /usr/games
PATH: /home/kyan/.rvm/bin


## ----------- ##
## Core tests. ##
## ----------- ##

configure:2765: checking for a BSD-compatible install
configure:2833: result: /usr/bin/install -c
configure:2844: checking whether build environment is sane
configure:2894: result: yes
configure:3035: checking for a thread-safe mkdir -p
configure:3074: result: /bin/mkdir -p
configure:3087: checking for gawk
configure:3103: found /usr/bin/gawk
configure:3114: result: gawk
configure:3125: checking whether make sets $(MAKE)
configure:3147: result: yes
configure:3238: checking whether make supports nested variables
configure:3255: result: yes
configure:3329: checking for gcc
configure:3345: found /usr/bin/gcc
configure:3356: result: gcc
configure:3585: checking for C compiler version
configure:3594: gcc --version >&5
gcc (Ubuntu/Linaro 4.4.4-14ubuntu5.1) 4.4.5
Copyright (C) 2010 Free Software Foundation, Inc.
This is free software; see the source for copying conditions.  There is NO
warranty; not even for MERCHANTABILITY or FITNESS FOR A PARTICULAR PURPOSE.

configure:3605: $? = 0
configure:3594: gcc -v >&5
Using built-in specs.
Target: i686-linux-gnu
Configured with: ../src/configure -v --with-pkgversion='Ubuntu/Linaro 4.4.4-14ubuntu5.1' --with-bugurl=file:///usr/share/doc/gcc-4.4/README.Bugs --enable-languages=c,c++,fortran,objc,obj-c++ --prefix=/usr --program-suffix=-4.4 --enable-shared --enable-multiarch --enable-linker-build-id --with-system-zlib --libexecdir=/usr/lib --without-included-gettext --enable-threads=posix --with-gxx-include-dir=/usr/include/c++/4.4 --libdir=/usr/lib --enable-nls --with-sysroot=/ --enable-clocale=gnu --enable-libstdcxx-debug --enable-objc-gc --enable-targets=all --disable-werror --with-arch-32=i686 --with-tune=generic --enable-checking=release --build=i686-linux-gnu --host=i686-linux-gnu --target=i686-linux-gnu
Thread model: posix
gcc version 4.4.5 (Ubuntu/Linaro 4.4.4-14ubuntu5.1) 
configure:3605: $? = 0
configure:3594: gcc -V >&5
gcc: '-V' option must have argument
configure:3605: $? = 1
configure:3594: gcc -qversion >&5
gcc: unrecognized option '-qversion'
gcc: no input files
configure:3605: $? = 1
configure:3625: checking whether the C compiler works
configure:3647: gcc    conftest.c  >&5
configure:3651: $? = 0
configure:3699: result: yes
configure:3702: checking for C compiler default output file name
configure:3704: result: a.out
configure:3710: checking for suffix of executables
configure:3717: gcc -o conftest    conftest.c  >&5
configure:3721: $? = 0
configure:3743: result: 
configure:3765: checking whether we are cross compiling
configure:3773: gcc -o conftest    conftest.c  >&5
configure:3777: $? = 0
configure:3784: ./conftest
configure:3788: $? = 0
configure:3803: result: no
configure:3808: checking for suffix of object files
configure:3830: gcc -c   conftest.c >&5
configure:3834: $? = 0
configure:3855: result: o
configure:3859: checking whether we are using the GNU C compiler
configure:3878: gcc -c   conftest.c >&5
configure:3878: $? = 0
configure:3887: result: yes
configure:3896: checking whether gcc accepts -g
configure:3916: gcc -c -g  conftest.c >&5
configure:3916: $? = 0
configure:3957: result: yes
configure:3974: checking for gcc option to accept ISO C89
configure:4038: gcc  -c -g -O2  conftest.c >&5
configure:4038: $? = 0
configure:4051: result: none needed
configure:4082: checking for style of include used by make
configure:4110: result: GNU
configure:4136: checking dependency style of gcc
configure:4247: result: gcc3
configure:4320: checking for g++
configure:4336: found /usr/bin/g++
configure:4347: result: g++
configure:4374: checking for C++ compiler version
configure:4383: g++ --version >&5
g++ (Ubuntu/Linaro 4.4.4-14ubuntu5.1) 4.4.5
Copyright (C) 2010 Free Software Foundation, Inc.
This is free software; see the source for copying conditions.  There is NO
warranty; not even for MERCHANTABILITY or FITNESS FOR A PARTICULAR PURPOSE.

configure:4394: $? = 0
configure:4383: g++ -v >&5
Using built-in specs.
Target: i686-linux-gnu
Configured with: ../src/configure -v --with-pkgversion='Ubuntu/Linaro 4.4.4-14ubuntu5.1' --with-bugurl=file:///usr/share/doc/gcc-4.4/README.Bugs --enable-languages=c,c++,fortran,objc,obj-c++ --prefix=/usr --program-suffix=-4.4 --enable-shared --enable-multiarch --enable-linker-build-id --with-system-zlib --libexecdir=/usr/lib --without-included-gettext --enable-threads=posix --with-gxx-include-dir=/usr/include/c++/4.4 --libdir=/usr/lib --enable-nls --with-sysroot=/ --enable-clocale=gnu --enable-libstdcxx-debug --enable-objc-gc --enable-targets=all --disable-werror --with-arch-32=i686 --with-tune=generic --enable-checking=release --build=i686-linux-gnu --host=i686-linux-gnu --target=i686-linux-gnu
Thread model: posix
gcc version 4.4.5 (Ubuntu/Linaro 4.4.4-14ubuntu5.1) 
configure:4394: $? = 0
configure:4383: g++ -V >&5
g++: '-V' option must have argument
configure:4394: $? = 1
configure:4383: g++ -qversion >&5
g++: unrecognized option '-qversion'
g++: no input files
configure:4394: $? = 1
configure:4398: checking whether we are using the GNU C++ compiler
configure:4417: g++ -c   conftest.cpp >&5
configure:4417: $? = 0
configure:4426: result: yes
configure:4435: checking whether g++ accepts -g
configure:4455: g++ -c -g  conftest.cpp >&5
configure:4455: $? = 0
configure:4496: result: yes
configure:4521: checking dependency style of g++
configure:4632: result: gcc3
configure:4650: checking for C compiler vendor
configure:4674: gcc -c -g -O2  conftest.c >&5
conftest.c: In function 'main':
conftest.c:17: error: 'thisisanerror' undeclared (first use in this function)
conftest.c:17: error: (Each undeclared identifier is reported only once
conftest.c:17: error: for each function it appears in.)
configure:4674: $? = 1
configure: failed program was:
| /* confdefs.h */
| #define PACKAGE_NAME "isl"
| #define PACKAGE_TARNAME "isl"
| #define PACKAGE_VERSION "0.11.1"
| #define PACKAGE_STRING "isl 0.11.1"
| #define PACKAGE_BUGREPORT "isl-development@googlegroups.com"
| #define PACKAGE_URL ""
| #define PACKAGE "isl"
| #define VERSION "0.11.1"
| /* end confdefs.h.  */
| 
| int
| main ()
| {
| 
| #if !(defined(__ICC) || defined(__ECC) || defined(__INTEL_COMPILER))
|       thisisanerror;
| #endif
| 
|   ;
|   return 0;
| }
configure:4674: gcc -c -g -O2  conftest.c >&5
conftest.c: In function 'main':
conftest.c:17: error: 'thisisanerror' undeclared (first use in this function)
conftest.c:17: error: (Each undeclared identifier is reported only once
conftest.c:17: error: for each function it appears in.)
configure:4674: $? = 1
configure: failed program was:
| /* confdefs.h */
| #define PACKAGE_NAME "isl"
| #define PACKAGE_TARNAME "isl"
| #define PACKAGE_VERSION "0.11.1"
| #define PACKAGE_STRING "isl 0.11.1"
| #define PACKAGE_BUGREPORT "isl-development@googlegroups.com"
| #define PACKAGE_URL ""
| #define PACKAGE "isl"
| #define VERSION "0.11.1"
| /* end confdefs.h.  */
| 
| int
| main ()
| {
| 
| #if !(defined(__xlc__) || defined(__xlC__) || defined(__IBMC__) || defined(__IBMCPP__))
|       thisisanerror;
| #endif
| 
|   ;
|   return 0;
| }
configure:4674: gcc -c -g -O2  conftest.c >&5
conftest.c: In function 'main':
conftest.c:17: error: 'thisisanerror' undeclared (first use in this function)
conftest.c:17: error: (Each undeclared identifier is reported only once
conftest.c:17: error: for each function it appears in.)
configure:4674: $? = 1
configure: failed program was:
| /* confdefs.h */
| #define PACKAGE_NAME "isl"
| #define PACKAGE_TARNAME "isl"
| #define PACKAGE_VERSION "0.11.1"
| #define PACKAGE_STRING "isl 0.11.1"
| #define PACKAGE_BUGREPORT "isl-development@googlegroups.com"
| #define PACKAGE_URL ""
| #define PACKAGE "isl"
| #define VERSION "0.11.1"
| /* end confdefs.h.  */
| 
| int
| main ()
| {
| 
| #if !(defined(__PATHCC__) || defined(__PATHSCALE__))
|       thisisanerror;
| #endif
| 
|   ;
|   return 0;
| }
configure:4674: gcc -c -g -O2  conftest.c >&5
conftest.c: In function 'main':
conftest.c:17: error: 'thisisanerror' undeclared (first use in this function)
conftest.c:17: error: (Each undeclared identifier is reported only once
conftest.c:17: error: for each function it appears in.)
configure:4674: $? = 1
configure: failed program was:
| /* confdefs.h */
| #define PACKAGE_NAME "isl"
| #define PACKAGE_TARNAME "isl"
| #define PACKAGE_VERSION "0.11.1"
| #define PACKAGE_STRING "isl 0.11.1"
| #define PACKAGE_BUGREPORT "isl-development@googlegroups.com"
| #define PACKAGE_URL ""
| #define PACKAGE "isl"
| #define VERSION "0.11.1"
| /* end confdefs.h.  */
| 
| int
| main ()
| {
| 
| #if !(defined(__clang__))
|       thisisanerror;
| #endif
| 
|   ;
|   return 0;
| }
configure:4674: gcc -c -g -O2  conftest.c >&5
configure:4674: $? = 0
configure:4681: result: gnu
configure:4688: checking build system type
configure:4702: result: i686-pc-linux-gnu
configure:4722: checking host system type
configure:4735: result: i686-pc-linux-gnu
configure:5011: checking whether C compiler accepts -malign-double
configure:5030: gcc -c -malign-double  conftest.c >&5
configure:5030: $? = 0
configure:5040: result: yes
configure:5050: checking whether C compiler accepts -fstrict-aliasing
configure:5069: gcc -c -fstrict-aliasing  conftest.c >&5
configure:5069: $? = 0
configure:5079: result: yes
configure:5089: checking whether C compiler accepts -ffast-math
configure:5108: gcc -c -ffast-math  conftest.c >&5
configure:5108: $? = 0
configure:5118: result: yes
configure:5139: checking for gcc architecture flag
configure:5141: result: 
configure:5163: checking for x86 cpuid 0 output
configure:5192: gcc -o conftest -O3 -fomit-frame-pointer -malign-double -fstrict-aliasing -ffast-math   conftest.c  >&5
configure:5192: $? = 0
configure:5192: ./conftest
configure:5192: $? = 0
configure:5202: result: a:756e6547:6c65746e:49656e69
configure:5218: checking for x86 cpuid 1 output
configure:5247: gcc -o conftest -O3 -fomit-frame-pointer -malign-double -fstrict-aliasing -ffast-math   conftest.c  >&5
configure:5247: $? = 0
configure:5247: ./conftest
configure:5247: $? = 0
configure:5257: result: 6e8:1020800:c1a9:bfe9fbff
configure:5471: checking whether C compiler accepts -march=pentiumpro
configure:5486: gcc -c -march=pentiumpro  conftest.c >&5
configure:5486: $? = 0
configure:5494: result: yes
configure:5511: checking for gcc architecture flag
configure:5513: result: -march=pentiumpro
configure:5545: checking whether C compiler accepts -O3 -fomit-frame-pointer -malign-double -fstrict-aliasing -ffast-math -march=pentiumpro
configure:5560: gcc -c -O3 -fomit-frame-pointer -malign-double -fstrict-aliasing -ffast-math -march=pentiumpro  conftest.c >&5
configure:5560: $? = 0
configure:5568: result: yes
configure:5588: checking whether the compiler supports function __attribute__((__warn_unused_result__))
configure:5606: gcc -c -O3 -fomit-frame-pointer -malign-double -fstrict-aliasing -ffast-math -march=pentiumpro  conftest.c >&5
configure:5606: $? = 0
configure:5613: result: yes
configure:5622: checking for __attribute__
configure:5644: gcc -c -O3 -fomit-frame-pointer -malign-double -fstrict-aliasing -ffast-math -march=pentiumpro  conftest.c >&5
configure:5644: $? = 0
configure:5653: result: yes
configure:5708: checking how to print strings
configure:5735: result: printf
configure:5756: checking for a sed that does not truncate output
configure:5820: result: /bin/sed
configure:5838: checking for grep that handles long lines and -e
configure:5896: result: /bin/grep
configure:5901: checking for egrep
configure:5963: result: /bin/grep -E
configure:5968: checking for fgrep
configure:6030: result: /bin/grep -F
configure:6065: checking for ld used by gcc
configure:6132: result: /usr/bin/ld
configure:6139: checking if the linker (/usr/bin/ld) is GNU ld
configure:6154: result: yes
configure:6166: checking for BSD- or MS-compatible name lister (nm)
configure:6215: result: /usr/bin/nm -B
configure:6345: checking the name lister (/usr/bin/nm -B) interface
configure:6352: gcc -c -O3 -fomit-frame-pointer -malign-double -fstrict-aliasing -ffast-math -march=pentiumpro  conftest.c >&5
configure:6355: /usr/bin/nm -B "conftest.o"
configure:6358: output
00000000 B some_variable
configure:6365: result: BSD nm
configure:6368: checking whether ln -s works
configure:6372: result: yes
configure:6380: checking the maximum length of command line arguments
configure:6505: result: 1572864
configure:6522: checking whether the shell understands some XSI constructs
configure:6532: result: yes
configure:6536: checking whether the shell understands "+="
configure:6542: result: yes
configure:6577: checking how to convert i686-pc-linux-gnu file names to i686-pc-linux-gnu format
configure:6617: result: func_convert_file_noop
configure:6624: checking how to convert i686-pc-linux-gnu file names to toolchain format
configure:6644: result: func_convert_file_noop
configure:6651: checking for /usr/bin/ld option to reload object files
configure:6658: result: -r
configure:6732: checking for objdump
configure:6748: found /usr/bin/objdump
configure:6759: result: objdump
configure:6791: checking how to recognize dependent libraries
configure:6993: result: pass_all
configure:7078: checking for dlltool
configure:7108: result: no
configure:7138: checking how to associate runtime and link libraries
configure:7165: result: printf %s\n
configure:7225: checking for ar
configure:7241: found /usr/bin/ar
configure:7252: result: ar
configure:7289: checking for archiver @FILE support
configure:7306: gcc -c -O3 -fomit-frame-pointer -malign-double -fstrict-aliasing -ffast-math -march=pentiumpro  conftest.c >&5
configure:7306: $? = 0
configure:7309: ar cru libconftest.a @conftest.lst >&5
configure:7312: $? = 0
configure:7317: ar cru libconftest.a @conftest.lst >&5
ar: conftest.o: No such file or directory
configure:7320: $? = 1
configure:7332: result: @
configure:7390: checking for strip
configure:7406: found /usr/bin/strip
configure:7417: result: strip
configure:7489: checking for ranlib
configure:7505: found /usr/bin/ranlib
configure:7516: result: ranlib
configure:7618: checking command to parse /usr/bin/nm -B output from gcc object
configure:7737: gcc -c -O3 -fomit-frame-pointer -malign-double -fstrict-aliasing -ffast-math -march=pentiumpro  conftest.c >&5
configure:7740: $? = 0
configure:7744: /usr/bin/nm -B conftest.o \| sed -n -e 's/^.*[ ]\([ABCDGIRSTW][ABCDGIRSTW]*\)[ ][ ]*\([_A-Za-z][_A-Za-z0-9]*\)$/\1 \2 \2/p' | sed '/ __gnu_lto/d' \> conftest.nm
configure:7747: $? = 0
configure:7813: gcc -o conftest -O3 -fomit-frame-pointer -malign-double -fstrict-aliasing -ffast-math -march=pentiumpro   conftest.c conftstm.o >&5
configure:7816: $? = 0
configure:7854: result: ok
configure:7891: checking for sysroot
configure:7921: result: no
configure:8164: checking for mt
configure:8180: found /bin/mt
configure:8191: result: mt
configure:8214: checking if mt is a manifest tool
configure:8220: mt '-?'
configure:8228: result: no
configure:8860: checking how to run the C preprocessor
configure:8891: gcc -E  conftest.c
configure:8891: $? = 0
configure:8905: gcc -E  conftest.c
conftest.c:13: fatal error: ac_nonexistent.h: No such file or directory
compilation terminated.
configure:8905: $? = 1
configure: failed program was:
| /* confdefs.h */
| #define PACKAGE_NAME "isl"
| #define PACKAGE_TARNAME "isl"
| #define PACKAGE_VERSION "0.11.1"
| #define PACKAGE_STRING "isl 0.11.1"
| #define PACKAGE_BUGREPORT "isl-development@googlegroups.com"
| #define PACKAGE_URL ""
| #define PACKAGE "isl"
| #define VERSION "0.11.1"
| #define GCC_WARN_UNUSED_RESULT __attribute__((__warn_unused_result__))
| #define HAVE___ATTRIBUTE__ 1
| /* end confdefs.h.  */
| #include <ac_nonexistent.h>
configure:8930: result: gcc -E
configure:8950: gcc -E  conftest.c
configure:8950: $? = 0
configure:8964: gcc -E  conftest.c
conftest.c:13: fatal error: ac_nonexistent.h: No such file or directory
compilation terminated.
configure:8964: $? = 1
configure: failed program was:
| /* confdefs.h */
| #define PACKAGE_NAME "isl"
| #define PACKAGE_TARNAME "isl"
| #define PACKAGE_VERSION "0.11.1"
| #define PACKAGE_STRING "isl 0.11.1"
| #define PACKAGE_BUGREPORT "isl-development@googlegroups.com"
| #define PACKAGE_URL ""
| #define PACKAGE "isl"
| #define VERSION "0.11.1"
| #define GCC_WARN_UNUSED_RESULT __attribute__((__warn_unused_result__))
| #define HAVE___ATTRIBUTE__ 1
| /* end confdefs.h.  */
| #include <ac_nonexistent.h>
configure:8993: checking for ANSI C header files
configure:9013: gcc -c -O3 -fomit-frame-pointer -malign-double -fstrict-aliasing -ffast-math -march=pentiumpro  conftest.c >&5
configure:9013: $? = 0
configure:9086: gcc -o conftest -O3 -fomit-frame-pointer -malign-double -fstrict-aliasing -ffast-math -march=pentiumpro   conftest.c  >&5
configure:9086: $? = 0
configure:9086: ./conftest
configure:9086: $? = 0
configure:9097: result: yes
configure:9110: checking for sys/types.h
configure:9110: gcc -c -O3 -fomit-frame-pointer -malign-double -fstrict-aliasing -ffast-math -march=pentiumpro  conftest.c >&5
configure:9110: $? = 0
configure:9110: result: yes
configure:9110: checking for sys/stat.h
configure:9110: gcc -c -O3 -fomit-frame-pointer -malign-double -fstrict-aliasing -ffast-math -march=pentiumpro  conftest.c >&5
configure:9110: $? = 0
configure:9110: result: yes
configure:9110: checking for stdlib.h
configure:9110: gcc -c -O3 -fomit-frame-pointer -malign-double -fstrict-aliasing -ffast-math -march=pentiumpro  conftest.c >&5
configure:9110: $? = 0
configure:9110: result: yes
configure:9110: checking for string.h
configure:9110: gcc -c -O3 -fomit-frame-pointer -malign-double -fstrict-aliasing -ffast-math -march=pentiumpro  conftest.c >&5
configure:9110: $? = 0
configure:9110: result: yes
configure:9110: checking for memory.h
configure:9110: gcc -c -O3 -fomit-frame-pointer -malign-double -fstrict-aliasing -ffast-math -march=pentiumpro  conftest.c >&5
configure:9110: $? = 0
configure:9110: result: yes
configure:9110: checking for strings.h
configure:9110: gcc -c -O3 -fomit-frame-pointer -malign-double -fstrict-aliasing -ffast-math -march=pentiumpro  conftest.c >&5
configure:9110: $? = 0
configure:9110: result: yes
configure:9110: checking for inttypes.h
configure:9110: gcc -c -O3 -fomit-frame-pointer -malign-double -fstrict-aliasing -ffast-math -march=pentiumpro  conftest.c >&5
configure:9110: $? = 0
configure:9110: result: yes
configure:9110: checking for stdint.h
configure:9110: gcc -c -O3 -fomit-frame-pointer -malign-double -fstrict-aliasing -ffast-math -march=pentiumpro  conftest.c >&5
configure:9110: $? = 0
configure:9110: result: yes
configure:9110: checking for unistd.h
configure:9110: gcc -c -O3 -fomit-frame-pointer -malign-double -fstrict-aliasing -ffast-math -march=pentiumpro  conftest.c >&5
configure:9110: $? = 0
configure:9110: result: yes
configure:9124: checking for dlfcn.h
configure:9124: gcc -c -O3 -fomit-frame-pointer -malign-double -fstrict-aliasing -ffast-math -march=pentiumpro  conftest.c >&5
configure:9124: $? = 0
configure:9124: result: yes
configure:9322: checking for objdir
configure:9337: result: .libs
configure:9608: checking if gcc supports -fno-rtti -fno-exceptions
configure:9626: gcc -c -O3 -fomit-frame-pointer -malign-double -fstrict-aliasing -ffast-math -march=pentiumpro  -fno-rtti -fno-exceptions conftest.c >&5
cc1: warning: command line option "-fno-rtti" is valid for C++/ObjC++ but not for C
configure:9630: $? = 0
configure:9643: result: no
configure:9953: checking for gcc option to produce PIC
configure:9960: result: -fPIC -DPIC
configure:9968: checking if gcc PIC flag -fPIC -DPIC works
configure:9986: gcc -c -O3 -fomit-frame-pointer -malign-double -fstrict-aliasing -ffast-math -march=pentiumpro  -fPIC -DPIC -DPIC conftest.c >&5
configure:9990: $? = 0
configure:10003: result: yes
configure:10032: checking if gcc static flag -static works
configure:10060: result: yes
configure:10075: checking if gcc supports -c -o file.o
configure:10096: gcc -c -O3 -fomit-frame-pointer -malign-double -fstrict-aliasing -ffast-math -march=pentiumpro  -o out/conftest2.o conftest.c >&5
configure:10100: $? = 0
configure:10122: result: yes
configure:10130: checking if gcc supports -c -o file.o
configure:10177: result: yes
configure:10210: checking whether the gcc linker (/usr/bin/ld) supports shared libraries
configure:11372: result: yes
configure:11409: checking whether -lc should be explicitly linked in
configure:11417: gcc -c -O3 -fomit-frame-pointer -malign-double -fstrict-aliasing -ffast-math -march=pentiumpro  conftest.c >&5
configure:11420: $? = 0
configure:11435: gcc -shared  -fPIC -DPIC conftest.o  -v -Wl,-soname -Wl,conftest -o conftest 2\>\&1 \| /bin/grep  -lc  \>/dev/null 2\>\&1
configure:11438: $? = 0
configure:11452: result: no
configure:11617: checking dynamic linker characteristics
configure:12132: gcc -o conftest -O3 -fomit-frame-pointer -malign-double -fstrict-aliasing -ffast-math -march=pentiumpro   -Wl,-rpath -Wl,/foo conftest.c  >&5
configure:12132: $? = 0
configure:12366: result: GNU/Linux ld.so
configure:12473: checking how to hardcode library paths into programs
configure:12498: result: immediate
configure:13038: checking whether stripping libraries is possible
configure:13043: result: yes
configure:13078: checking if libtool supports shared libraries
configure:13080: result: yes
configure:13083: checking whether to build shared libraries
configure:13104: result: yes
configure:13107: checking whether to build static libraries
configure:13111: result: yes
configure:13134: checking how to run the C++ preprocessor
configure:13161: g++ -E  conftest.cpp
configure:13161: $? = 0
configure:13175: g++ -E  conftest.cpp
conftest.cpp:25: fatal error: ac_nonexistent.h: No such file or directory
compilation terminated.
configure:13175: $? = 1
configure: failed program was:
| /* confdefs.h */
| #define PACKAGE_NAME "isl"
| #define PACKAGE_TARNAME "isl"
| #define PACKAGE_VERSION "0.11.1"
| #define PACKAGE_STRING "isl 0.11.1"
| #define PACKAGE_BUGREPORT "isl-development@googlegroups.com"
| #define PACKAGE_URL ""
| #define PACKAGE "isl"
| #define VERSION "0.11.1"
| #define GCC_WARN_UNUSED_RESULT __attribute__((__warn_unused_result__))
| #define HAVE___ATTRIBUTE__ 1
| #define STDC_HEADERS 1
| #define HAVE_SYS_TYPES_H 1
| #define HAVE_SYS_STAT_H 1
| #define HAVE_STDLIB_H 1
| #define HAVE_STRING_H 1
| #define HAVE_MEMORY_H 1
| #define HAVE_STRINGS_H 1
| #define HAVE_INTTYPES_H 1
| #define HAVE_STDINT_H 1
| #define HAVE_UNISTD_H 1
| #define HAVE_DLFCN_H 1
| #define LT_OBJDIR ".libs/"
| /* end confdefs.h.  */
| #include <ac_nonexistent.h>
configure:13200: result: g++ -E
configure:13220: g++ -E  conftest.cpp
configure:13220: $? = 0
configure:13234: g++ -E  conftest.cpp
conftest.cpp:25: fatal error: ac_nonexistent.h: No such file or directory
compilation terminated.
configure:13234: $? = 1
configure: failed program was:
| /* confdefs.h */
| #define PACKAGE_NAME "isl"
| #define PACKAGE_TARNAME "isl"
| #define PACKAGE_VERSION "0.11.1"
| #define PACKAGE_STRING "isl 0.11.1"
| #define PACKAGE_BUGREPORT "isl-development@googlegroups.com"
| #define PACKAGE_URL ""
| #define PACKAGE "isl"
| #define VERSION "0.11.1"
| #define GCC_WARN_UNUSED_RESULT __attribute__((__warn_unused_result__))
| #define HAVE___ATTRIBUTE__ 1
| #define STDC_HEADERS 1
| #define HAVE_SYS_TYPES_H 1
| #define HAVE_SYS_STAT_H 1
| #define HAVE_STDLIB_H 1
| #define HAVE_STRING_H 1
| #define HAVE_MEMORY_H 1
| #define HAVE_STRINGS_H 1
| #define HAVE_INTTYPES_H 1
| #define HAVE_STDINT_H 1
| #define HAVE_UNISTD_H 1
| #define HAVE_DLFCN_H 1
| #define LT_OBJDIR ".libs/"
| /* end confdefs.h.  */
| #include <ac_nonexistent.h>
configure:13404: checking for ld used by g++
configure:13471: result: /usr/bin/ld
configure:13478: checking if the linker (/usr/bin/ld) is GNU ld
configure:13493: result: yes
configure:13548: checking whether the g++ linker (/usr/bin/ld) supports shared libraries
configure:14552: result: yes
configure:14587: g++ -c -g -O2  conftest.cpp >&5
configure:14590: $? = 0
configure:15110: checking for g++ option to produce PIC
configure:15117: result: -fPIC -DPIC
configure:15125: checking if g++ PIC flag -fPIC -DPIC works
configure:15143: g++ -c -g -O2  -fPIC -DPIC -DPIC conftest.cpp >&5
configure:15147: $? = 0
configure:15160: result: yes
configure:15183: checking if g++ static flag -static works
configure:15211: result: yes
configure:15223: checking if g++ supports -c -o file.o
configure:15244: g++ -c -g -O2  -o out/conftest2.o conftest.cpp >&5
configure:15248: $? = 0
configure:15270: result: yes
configure:15275: checking if g++ supports -c -o file.o
configure:15322: result: yes
configure:15352: checking whether the g++ linker (/usr/bin/ld) supports shared libraries
configure:15389: result: yes
configure:15532: checking dynamic linker characteristics
configure:16215: result: GNU/Linux ld.so
configure:16268: checking how to hardcode library paths into programs
configure:16293: result: immediate
configure:16355: checking for perl
configure:16371: found /usr/bin/perl
configure:16382: result: perl
configure:16392: checking for pdflatex
configure:16408: found /usr/bin/pdflatex
configure:16419: result: pdflatex
configure:16429: checking for pod2html
configure:16445: found /usr/bin/pod2html
configure:16456: result: pod2html
configure:16475: checking for stdint types
configure:16498: gcc -c   conftest.c >&5
configure:16498: $? = 0
configure:16542: result: stdint.h (shortcircuit)
configure:16929: result: make use of stdint.h in include/isl/stdint.h (assuming C99 compatible system)
configure:17019: checking which gmp to use
configure:17021: result: system
configure:17046: checking whether mp_get_memory_functions is declared
configure:17046: gcc -c -O3 -fomit-frame-pointer -malign-double -fstrict-aliasing -ffast-math -march=pentiumpro   conftest.c >&5
configure:17046: $? = 0
configure:17046: result: yes
configure:17157: checking which piplib to use
configure:17159: result: no
configure:17342: checking which clang to use
configure:17344: result: no
configure:17620: checking for C compiler vendor
configure:17651: result: gnu
configure:17672: checking our pkgconfig libname
configure:17680: result: isl
configure:17683: checking our pkgconfig version
configure:17691: result: 0.11.1
configure:17694: checking our pkgconfig_libdir
configure:17701: result: ${libdir}/pkgconfig
configure:17704: result: expanded our pkgconfig_libdir... /Technical/Wreathe/Wreathe/Development/lib/pkgconfig
configure:17708: checking our pkgconfig_libfile
configure:17714: result: isl.pc
configure:17721: checking our package / suffix
configure:17725: result: isl / 
configure:17728: checking our pkgconfig description
configure:17735: result: isl Library
configure:17738: checking our pkgconfig requires
configure:17743: result: 
configure:17746: checking our pkgconfig ext libs
configure:17753: result: -lisl -lgmp
configure:17756: checking our pkgconfig cppflags
configure:17761: result: 
configure:17764: checking our pkgconfig ldflags
configure:17769: result: 
configure:17809: result: noninstalled pkgconfig -L /media/MyBook/isl-0.11.1/.libs
configure:17844: result: noninstalled pkgconfig -I /media/MyBook/isl-0.11.1/./include
configure:18051: creating ./config.status

## ---------------------- ##
## Running config.status. ##
## ---------------------- ##

This file was extended by isl config.status 0.11.1, which was
generated by GNU Autoconf 2.68.  Invocation command line was

  CONFIG_FILES    = 
  CONFIG_HEADERS  = 
  CONFIG_LINKS    = 
  CONFIG_COMMANDS = 
  $ ./config.status 

on elegy

config.status:1237: creating Makefile
config.status:1237: creating doc/Makefile
config.status:1237: creating bound_test.sh
config.status:1237: creating codegen_test.sh
config.status:1237: creating pip_test.sh
config.status:1237: creating isl_config.h
config.status:1237: creating include/isl/config.h
config.status:1466: executing depfiles commands
config.status:1466: executing libtool commands
config.status:1466: executing include/isl/stdint.h commands
config.status:2371: creating include/isl/stdint.h : _ISL_INCLUDE_ISL_STDINT_H
config.status:1466: executing isl.pc commands
config.status:2853: creating isl.pc.in
config.status:2876: creating isl.pc
config.status:2902: creating isl-uninstalled.pc
config.status:2932: creating isl-uninstalled.sh

## ---------------- ##
## Cache variables. ##
## ---------------- ##

ac_cv_build=i686-pc-linux-gnu
ac_cv_c_compiler_gnu=yes
ac_cv_cxx_compiler_gnu=yes
ac_cv_env_CCC_set=
ac_cv_env_CCC_value=
ac_cv_env_CC_set=
ac_cv_env_CC_value=
ac_cv_env_CFLAGS_set=
ac_cv_env_CFLAGS_value=
ac_cv_env_CPPFLAGS_set=
ac_cv_env_CPPFLAGS_value=
ac_cv_env_CPP_set=
ac_cv_env_CPP_value=
ac_cv_env_CXXCPP_set=
ac_cv_env_CXXCPP_value=
ac_cv_env_CXXFLAGS_set=
ac_cv_env_CXXFLAGS_value=
ac_cv_env_CXX_set=
ac_cv_env_CXX_value=
ac_cv_env_LDFLAGS_set=
ac_cv_env_LDFLAGS_value=
ac_cv_env_LIBS_set=
ac_cv_env_LIBS_value=
ac_cv_env_build_alias_set=
ac_cv_env_build_alias_value=
ac_cv_env_host_alias_set=
ac_cv_env_host_alias_value=
ac_cv_env_target_alias_set=
ac_cv_env_target_alias_value=
ac_cv_have_decl_mp_get_memory_functions=yes
ac_cv_header_dlfcn_h=yes
ac_cv_header_inttypes_h=yes
ac_cv_header_memory_h=yes
ac_cv_header_stdc=yes
ac_cv_header_stdint=stdint.h
ac_cv_header_stdint_h=yes
ac_cv_header_stdint_t=stdint.h
ac_cv_header_stdlib_h=yes
ac_cv_header_string_h=yes
ac_cv_header_strings_h=yes
ac_cv_header_sys_stat_h=yes
ac_cv_header_sys_types_h=yes
ac_cv_header_unistd_h=yes
ac_cv_host=i686-pc-linux-gnu
ac_cv_objext=o
ac_cv_path_EGREP='/bin/grep -E'
ac_cv_path_FGREP='/bin/grep -F'
ac_cv_path_GREP=/bin/grep
ac_cv_path_SED=/bin/sed
ac_cv_path_install='/usr/bin/install -c'
ac_cv_path_mkdir=/bin/mkdir
ac_cv_prog_AWK=gawk
ac_cv_prog_CPP='gcc -E'
ac_cv_prog_CXXCPP='g++ -E'
ac_cv_prog_PDFLATEX=pdflatex
ac_cv_prog_PERL=perl
ac_cv_prog_POD2HTML=pod2html
ac_cv_prog_ac_ct_AR=ar
ac_cv_prog_ac_ct_CC=gcc
ac_cv_prog_ac_ct_CXX=g++
ac_cv_prog_ac_ct_MANIFEST_TOOL=mt
ac_cv_prog_ac_ct_OBJDUMP=objdump
ac_cv_prog_ac_ct_RANLIB=ranlib
ac_cv_prog_ac_ct_STRIP=strip
ac_cv_prog_cc_c89=
ac_cv_prog_cc_g=yes
ac_cv_prog_cxx_g=yes
ac_cv_prog_make_make_set=yes
ac_cv_stdint_message='using gnu compiler gcc (Ubuntu/Linaro 4.4.4-14ubuntu5.1) 4.4.5'
ac_cv_stdint_result='(assuming C99 compatible system)'
am_cv_CC_dependencies_compiler_type=gcc3
am_cv_CXX_dependencies_compiler_type=gcc3
am_cv_make_support_nested_variables=yes
ax_cv___attribute__=yes
ax_cv_c_compiler_vendor=gnu
ax_cv_c_flags__O3__fomit_frame_pointer__malign_double__fstrict_aliasing__ffast_math__march_pentiumpro=yes
ax_cv_c_flags__ffast_math=yes
ax_cv_c_flags__fstrict_aliasing=yes
ax_cv_c_flags__malign_double=yes
ax_cv_c_flags__march_pentiumpro=yes
ax_cv_gcc_archflag=-march=pentiumpro
ax_cv_gcc_warn_unused_result=yes
ax_cv_gcc_x86_cpuid_0=a:756e6547:6c65746e:49656e69
ax_cv_gcc_x86_cpuid_1=6e8:1020800:c1a9:bfe9fbff
lt_cv_ar_at_file=@
lt_cv_archive_cmds_need_lc=no
lt_cv_deplibs_check_method=pass_all
lt_cv_file_magic_cmd='$MAGIC_CMD'
lt_cv_file_magic_test_file=
lt_cv_ld_reload_flag=-r
lt_cv_nm_interface='BSD nm'
lt_cv_objdir=.libs
lt_cv_path_LD=/usr/bin/ld
lt_cv_path_LDCXX=/usr/bin/ld
lt_cv_path_NM='/usr/bin/nm -B'
lt_cv_path_mainfest_tool=no
lt_cv_prog_compiler_c_o=yes
lt_cv_prog_compiler_c_o_CXX=yes
lt_cv_prog_compiler_pic='-fPIC -DPIC'
lt_cv_prog_compiler_pic_CXX='-fPIC -DPIC'
lt_cv_prog_compiler_pic_works=yes
lt_cv_prog_compiler_pic_works_CXX=yes
lt_cv_prog_compiler_rtti_exceptions=no
lt_cv_prog_compiler_static_works=yes
lt_cv_prog_compiler_static_works_CXX=yes
lt_cv_prog_gnu_ld=yes
lt_cv_prog_gnu_ldcxx=yes
lt_cv_sharedlib_from_linklib_cmd='printf %s\n'
lt_cv_shlibpath_overrides_runpath=no
lt_cv_sys_global_symbol_pipe='sed -n -e '\''s/^.*[	 ]\([ABCDGIRSTW][ABCDGIRSTW]*\)[	 ][	 ]*\([_A-Za-z][_A-Za-z0-9]*\)$/\1 \2 \2/p'\'' | sed '\''/ __gnu_lto/d'\'''
lt_cv_sys_global_symbol_to_c_name_address='sed -n -e '\''s/^: \([^ ]*\)[ ]*$/  {\"\1\", (void *) 0},/p'\'' -e '\''s/^[ABCDGIRSTW]* \([^ ]*\) \([^ ]*\)$/  {"\2", (void *) \&\2},/p'\'''
lt_cv_sys_global_symbol_to_c_name_address_lib_prefix='sed -n -e '\''s/^: \([^ ]*\)[ ]*$/  {\"\1\", (void *) 0},/p'\'' -e '\''s/^[ABCDGIRSTW]* \([^ ]*\) \(lib[^ ]*\)$/  {"\2", (void *) \&\2},/p'\'' -e '\''s/^[ABCDGIRSTW]* \([^ ]*\) \([^ ]*\)$/  {"lib\2", (void *) \&\2},/p'\'''
lt_cv_sys_global_symbol_to_cdecl='sed -n -e '\''s/^T .* \(.*\)$/extern int \1();/p'\'' -e '\''s/^[ABCDGIRSTW]* .* \(.*\)$/extern char \1;/p'\'''
lt_cv_sys_max_cmd_len=1572864
lt_cv_to_host_file_cmd=func_convert_file_noop
lt_cv_to_tool_file_cmd=func_convert_file_noop

## ----------------- ##
## Output variables. ##
## ----------------- ##

ACLOCAL='${SHELL} /media/MyBook/isl-0.11.1/missing --run aclocal-1.11'
AMDEPBACKSLASH='\'
AMDEP_FALSE='#'
AMDEP_TRUE=''
AMTAR='$${TAR-tar}'
AM_BACKSLASH='\'
AM_DEFAULT_V='$(AM_DEFAULT_VERBOSITY)'
AM_DEFAULT_VERBOSITY='0'
AM_V='$(V)'
AR='ar'
AUTOCONF='${SHELL} /media/MyBook/isl-0.11.1/missing --run autoconf'
AUTOHEADER='${SHELL} /media/MyBook/isl-0.11.1/missing --run autoheader'
AUTOMAKE='${SHELL} /media/MyBook/isl-0.11.1/missing --run automake-1.11'
AWK='gawk'
CC='gcc'
CCDEPMODE='depmode=gcc3'
CFLAGS='-O3 -fomit-frame-pointer -malign-double -fstrict-aliasing -ffast-math -march=pentiumpro'
CLANG_CXXFLAGS=''
CLANG_LDFLAGS=''
CLANG_LIBS=''
CPP='gcc -E'
CPPFLAGS=''
CXX='g++'
CXXCPP='g++ -E'
CXXDEPMODE='depmode=gcc3'
CXXFLAGS='-g -O2'
CYGPATH_W='echo'
DEFS='-DHAVE_CONFIG_H'
DEPDIR='.deps'
DLLTOOL='false'
DSYMUTIL=''
DUMPBIN=''
ECHO_C=''
ECHO_N='-n'
ECHO_T=''
EGREP='/bin/grep -E'
EXEEXT=''
FGREP='/bin/grep -F'
GENERATE_DOC_FALSE='#'
GENERATE_DOC_TRUE=''
GIT_HEAD=''
GIT_HEAD_ID='isl-0.11.1'
GIT_HEAD_VERSION='isl-0.11.1'
GMP_CPPFLAGS=''
GMP_LDFLAGS=''
GMP_LIBS='-lgmp'
GREP='/bin/grep'
HAVE_CLANG_FALSE=''
HAVE_CLANG_TRUE='#'
HAVE_PIPLIB_FALSE=''
HAVE_PIPLIB_TRUE='#'
INSTALL_DATA='${INSTALL} -m 644'
INSTALL_PROGRAM='${INSTALL}'
INSTALL_SCRIPT='${INSTALL}'
INSTALL_STRIP_PROGRAM='$(install_sh) -c -s'
LD='/usr/bin/ld'
LDFLAGS=''
LIBOBJS=''
LIBS=''
LIBTOOL='$(SHELL) $(top_builddir)/libtool'
LIB_CLANG_EDIT=''
LIPO=''
LN_S='ln -s'
LTLIBOBJS=''
MAKEINFO='${SHELL} /media/MyBook/isl-0.11.1/missing --run makeinfo'
MANIFEST_TOOL=':'
MKDIR_P='/bin/mkdir -p'
NEED_GET_MEMORY_FUNCTIONS_FALSE=''
NEED_GET_MEMORY_FUNCTIONS_TRUE='#'
NM='/usr/bin/nm -B'
NMEDIT=''
OBJDUMP='objdump'
OBJEXT='o'
OTOOL64=''
OTOOL=''
PACKAGE='isl'
PACKAGE_BUGREPORT='isl-development@googlegroups.com'
PACKAGE_NAME='isl'
PACKAGE_STRING='isl 0.11.1'
PACKAGE_TARNAME='isl'
PACKAGE_URL=''
PACKAGE_VERSION='0.11.1'
PATH_SEPARATOR=':'
PDFLATEX='pdflatex'
PERL='perl'
PIPLIB_CPPFLAGS=''
PIPLIB_LDFLAGS=''
PIPLIB_LIBS=''
POD2HTML='pod2html'
PRTDIAG=''
RANLIB='ranlib'
SED='/bin/sed'
SET_MAKE=''
SHELL='/bin/bash'
STRIP='strip'
VERSION='0.11.1'
WARNING_FLAGS=''
ac_ct_AR='ar'
ac_ct_CC='gcc'
ac_ct_CXX='g++'
ac_ct_DUMPBIN=''
am__EXEEXT_FALSE=''
am__EXEEXT_TRUE='#'
am__fastdepCC_FALSE='#'
am__fastdepCC_TRUE=''
am__fastdepCXX_FALSE='#'
am__fastdepCXX_TRUE=''
am__include='include'
am__isrc=''
am__leading_dot='.'
am__nodep='_no'
am__quote=''
am__tar='$${TAR-tar} chof - "$$tardir"'
am__untar='$${TAR-tar} xf -'
bindir='${exec_prefix}/bin'
build='i686-pc-linux-gnu'
build_alias=''
build_cpu='i686'
build_os='linux-gnu'
build_vendor='pc'
datadir='${datarootdir}'
datarootdir='${prefix}/share'
docdir='${datarootdir}/doc/${PACKAGE_TARNAME}'
dvidir='${docdir}'
exec_prefix='${prefix}'
host='i686-pc-linux-gnu'
host_alias=''
host_cpu='i686'
host_os='linux-gnu'
host_vendor='pc'
htmldir='${docdir}'
includedir='${prefix}/include'
infodir='${datarootdir}/info'
install_sh='${SHELL} /media/MyBook/isl-0.11.1/install-sh'
libdir='${exec_prefix}/lib'
libexecdir='${exec_prefix}/libexec'
llvm_config_found=''
localedir='${datarootdir}/locale'
localstatedir='${prefix}/var'
mandir='${datarootdir}/man'
mkdir_p='/bin/mkdir -p'
oldincludedir='/usr/include'
pdfdir='${docdir}'
pkgconfig_libdir='${libdir}/pkgconfig'
pkgconfig_libfile='isl.pc'
prefix='/Technical/Wreathe/Wreathe/Development'
program_transform_name='s,x,x,'
psdir='${docdir}'
sbindir='${exec_prefix}/sbin'
sharedstatedir='${prefix}/com'
sysconfdir='${prefix}/etc'
target_alias=''
versioninfo='11:1:1'

## ----------- ##
## confdefs.h. ##
## ----------- ##

/* confdefs.h */
#define PACKAGE_NAME "isl"
#define PACKAGE_TARNAME "isl"
#define PACKAGE_VERSION "0.11.1"
#define PACKAGE_STRING "isl 0.11.1"
#define PACKAGE_BUGREPORT "isl-development@googlegroups.com"
#define PACKAGE_URL ""
#define PACKAGE "isl"
#define VERSION "0.11.1"
#define GCC_WARN_UNUSED_RESULT __attribute__((__warn_unused_result__))
#define HAVE___ATTRIBUTE__ 1
#define STDC_HEADERS 1
#define HAVE_SYS_TYPES_H 1
#define HAVE_SYS_STAT_H 1
#define HAVE_STDLIB_H 1
#define HAVE_STRING_H 1
#define HAVE_MEMORY_H 1
#define HAVE_STRINGS_H 1
#define HAVE_INTTYPES_H 1
#define HAVE_STDINT_H 1
#define HAVE_UNISTD_H 1
#define HAVE_DLFCN_H 1
#define LT_OBJDIR ".libs/"
#define HAVE_DECL_MP_GET_MEMORY_FUNCTIONS 1

configure: exit 0
