This file contains any messages produced by compilers while
running configure, to aid debugging if configure makes a mistake.

It was created by libgnomekbd configure 2.30.2, which was
generated by GNU Autoconf 2.65.  Invocation command line was

  $ ./configure --prefix=/usr

## --------- ##
## Platform. ##
## --------- ##

hostname = elegy
uname -m = i686
uname -r = 2.6.32-46-generic-pae
uname -s = Linux
uname -v = #108-Ubuntu SMP Thu Apr 11 16:11:56 UTC 2013

/usr/bin/uname -p = unknown
/bin/uname -X     = unknown

/bin/arch              = unknown
/usr/bin/arch -k       = unknown
/usr/convex/getsysinfo = unknown
/usr/bin/hostinfo      = unknown
/bin/machine           = unknown
/usr/bin/oslevel       = unknown
/bin/universe          = unknown

PATH: /usr/local/sbin
PATH: /usr/local/bin
PATH: /usr/sbin
PATH: /usr/bin
PATH: /sbin
PATH: /bin
PATH: /usr/games
PATH: /home/kyan/.rvm/bin


## ----------- ##
## Core tests. ##
## ----------- ##

configure:2479: checking for a BSD-compatible install
configure:2547: result: /usr/bin/install -c
configure:2558: checking whether build environment is sane
configure:2608: result: yes
configure:2749: checking for a thread-safe mkdir -p
configure:2788: result: /bin/mkdir -p
configure:2801: checking for gawk
configure:2817: found /usr/bin/gawk
configure:2828: result: gawk
configure:2839: checking whether make sets $(MAKE)
configure:2861: result: yes
configure:2989: checking for style of include used by make
configure:3017: result: GNU
configure:3087: checking for gcc
configure:3103: found /usr/bin/gcc
configure:3114: result: gcc
configure:3343: checking for C compiler version
configure:3352: gcc --version >&5
gcc (Ubuntu/Linaro 4.4.4-14ubuntu5.1) 4.4.5
Copyright (C) 2010 Free Software Foundation, Inc.
This is free software; see the source for copying conditions.  There is NO
warranty; not even for MERCHANTABILITY or FITNESS FOR A PARTICULAR PURPOSE.

configure:3363: $? = 0
configure:3352: gcc -v >&5
Using built-in specs.
Target: i686-linux-gnu
Configured with: ../src/configure -v --with-pkgversion='Ubuntu/Linaro 4.4.4-14ubuntu5.1' --with-bugurl=file:///usr/share/doc/gcc-4.4/README.Bugs --enable-languages=c,c++,fortran,objc,obj-c++ --prefix=/usr --program-suffix=-4.4 --enable-shared --enable-multiarch --enable-linker-build-id --with-system-zlib --libexecdir=/usr/lib --without-included-gettext --enable-threads=posix --with-gxx-include-dir=/usr/include/c++/4.4 --libdir=/usr/lib --enable-nls --with-sysroot=/ --enable-clocale=gnu --enable-libstdcxx-debug --enable-objc-gc --enable-targets=all --disable-werror --with-arch-32=i686 --with-tune=generic --enable-checking=release --build=i686-linux-gnu --host=i686-linux-gnu --target=i686-linux-gnu
Thread model: posix
gcc version 4.4.5 (Ubuntu/Linaro 4.4.4-14ubuntu5.1) 
configure:3363: $? = 0
configure:3352: gcc -V >&5
gcc: '-V' option must have argument
configure:3363: $? = 1
configure:3352: gcc -qversion >&5
gcc: unrecognized option '-qversion'
gcc: no input files
configure:3363: $? = 1
configure:3383: checking whether the C compiler works
configure:3405: gcc    conftest.c  >&5
configure:3409: $? = 0
configure:3458: result: yes
configure:3461: checking for C compiler default output file name
configure:3463: result: a.out
configure:3469: checking for suffix of executables
configure:3476: gcc -o conftest    conftest.c  >&5
configure:3480: $? = 0
configure:3502: result: 
configure:3524: checking whether we are cross compiling
configure:3532: gcc -o conftest    conftest.c  >&5
configure:3536: $? = 0
configure:3543: ./conftest
configure:3547: $? = 0
configure:3562: result: no
configure:3567: checking for suffix of object files
configure:3589: gcc -c   conftest.c >&5
configure:3593: $? = 0
configure:3614: result: o
configure:3618: checking whether we are using the GNU C compiler
configure:3637: gcc -c   conftest.c >&5
configure:3637: $? = 0
configure:3646: result: yes
configure:3655: checking whether gcc accepts -g
configure:3675: gcc -c -g  conftest.c >&5
configure:3675: $? = 0
configure:3716: result: yes
configure:3733: checking for gcc option to accept ISO C89
configure:3797: gcc  -c -g -O2  conftest.c >&5
configure:3797: $? = 0
configure:3810: result: none needed
configure:3832: checking dependency style of gcc
configure:3942: result: gcc3
configure:4030: checking what warning flags to pass to the C compiler
configure:4032: result: -Wall -Wmissing-prototypes
configure:4043: checking what language compliance flags to pass to the C compiler
configure:4058: result: 
configure:4065: checking for library containing strerror
configure:4096: gcc -o conftest -g -O2   conftest.c  >&5
configure:4096: $? = 0
configure:4113: result: none required
configure:4169: checking for gcc
configure:4196: result: gcc
configure:4425: checking for C compiler version
configure:4434: gcc --version >&5
gcc (Ubuntu/Linaro 4.4.4-14ubuntu5.1) 4.4.5
Copyright (C) 2010 Free Software Foundation, Inc.
This is free software; see the source for copying conditions.  There is NO
warranty; not even for MERCHANTABILITY or FITNESS FOR A PARTICULAR PURPOSE.

configure:4445: $? = 0
configure:4434: gcc -v >&5
Using built-in specs.
Target: i686-linux-gnu
Configured with: ../src/configure -v --with-pkgversion='Ubuntu/Linaro 4.4.4-14ubuntu5.1' --with-bugurl=file:///usr/share/doc/gcc-4.4/README.Bugs --enable-languages=c,c++,fortran,objc,obj-c++ --prefix=/usr --program-suffix=-4.4 --enable-shared --enable-multiarch --enable-linker-build-id --with-system-zlib --libexecdir=/usr/lib --without-included-gettext --enable-threads=posix --with-gxx-include-dir=/usr/include/c++/4.4 --libdir=/usr/lib --enable-nls --with-sysroot=/ --enable-clocale=gnu --enable-libstdcxx-debug --enable-objc-gc --enable-targets=all --disable-werror --with-arch-32=i686 --with-tune=generic --enable-checking=release --build=i686-linux-gnu --host=i686-linux-gnu --target=i686-linux-gnu
Thread model: posix
gcc version 4.4.5 (Ubuntu/Linaro 4.4.4-14ubuntu5.1) 
configure:4445: $? = 0
configure:4434: gcc -V >&5
gcc: '-V' option must have argument
configure:4445: $? = 1
configure:4434: gcc -qversion >&5
gcc: unrecognized option '-qversion'
gcc: no input files
configure:4445: $? = 1
configure:4449: checking whether we are using the GNU C compiler
configure:4477: result: yes
configure:4486: checking whether gcc accepts -g
configure:4547: result: yes
configure:4564: checking for gcc option to accept ISO C89
configure:4641: result: none needed
configure:4663: checking dependency style of gcc
configure:4773: result: gcc3
configure:4793: checking how to run the C preprocessor
configure:4824: gcc -E  conftest.c
configure:4824: $? = 0
configure:4838: gcc -E  conftest.c
conftest.c:11: fatal error: ac_nonexistent.h: No such file or directory
compilation terminated.
configure:4838: $? = 1
configure: failed program was:
| /* confdefs.h */
| #define PACKAGE_NAME "libgnomekbd"
| #define PACKAGE_TARNAME "libgnomekbd"
| #define PACKAGE_VERSION "2.30.2"
| #define PACKAGE_STRING "libgnomekbd 2.30.2"
| #define PACKAGE_BUGREPORT "http://bugzilla.gnome.org/enter_bug.cgi?product=libgnomekbd"
| #define PACKAGE_URL ""
| #define PACKAGE "libgnomekbd"
| #define VERSION "2.30.2"
| /* end confdefs.h.  */
| #include <ac_nonexistent.h>
configure:4863: result: gcc -E
configure:4883: gcc -E  conftest.c
configure:4883: $? = 0
configure:4897: gcc -E  conftest.c
conftest.c:11: fatal error: ac_nonexistent.h: No such file or directory
compilation terminated.
configure:4897: $? = 1
configure: failed program was:
| /* confdefs.h */
| #define PACKAGE_NAME "libgnomekbd"
| #define PACKAGE_TARNAME "libgnomekbd"
| #define PACKAGE_VERSION "2.30.2"
| #define PACKAGE_STRING "libgnomekbd 2.30.2"
| #define PACKAGE_BUGREPORT "http://bugzilla.gnome.org/enter_bug.cgi?product=libgnomekbd"
| #define PACKAGE_URL ""
| #define PACKAGE "libgnomekbd"
| #define VERSION "2.30.2"
| /* end confdefs.h.  */
| #include <ac_nonexistent.h>
configure:4926: checking for grep that handles long lines and -e
configure:4984: result: /bin/grep
configure:4989: checking for egrep
configure:5051: result: /bin/grep -E
configure:5056: checking for ANSI C header files
configure:5076: gcc -c -g -O2  conftest.c >&5
configure:5076: $? = 0
configure:5149: gcc -o conftest -g -O2   conftest.c  >&5
configure:5149: $? = 0
configure:5149: ./conftest
configure:5149: $? = 0
configure:5160: result: yes
configure:5197: checking build system type
configure:5211: result: i686-pc-linux-gnu
configure:5231: checking host system type
configure:5244: result: i686-pc-linux-gnu
configure:5264: checking for a sed that does not truncate output
configure:5328: result: /bin/sed
configure:5346: checking for fgrep
configure:5408: result: /bin/grep -F
configure:5443: checking for ld used by gcc
configure:5510: result: /usr/bin/ld
configure:5517: checking if the linker (/usr/bin/ld) is GNU ld
configure:5532: result: yes
configure:5544: checking for BSD- or MS-compatible name lister (nm)
configure:5593: result: /usr/bin/nm -B
configure:5711: checking the name lister (/usr/bin/nm -B) interface
configure:5718: gcc -c -g -O2  conftest.c >&5
configure:5721: /usr/bin/nm -B "conftest.o"
configure:5724: output
00000000 B some_variable
configure:5731: result: BSD nm
configure:5734: checking whether ln -s works
configure:5738: result: yes
configure:5746: checking the maximum length of command line arguments
configure:5866: result: 1572864
configure:5883: checking whether the shell understands some XSI constructs
configure:5893: result: yes
configure:5897: checking whether the shell understands "+="
configure:5903: result: yes
configure:5938: checking for /usr/bin/ld option to reload object files
configure:5945: result: -r
configure:6014: checking for objdump
configure:6030: found /usr/bin/objdump
configure:6041: result: objdump
configure:6073: checking how to recognize dependent libraries
configure:6269: result: pass_all
configure:6329: checking for ar
configure:6345: found /usr/bin/ar
configure:6356: result: ar
configure:6434: checking for strip
configure:6450: found /usr/bin/strip
configure:6461: result: strip
configure:6533: checking for ranlib
configure:6549: found /usr/bin/ranlib
configure:6560: result: ranlib
configure:6650: checking command to parse /usr/bin/nm -B output from gcc object
configure:6768: gcc -c -g -O2  conftest.c >&5
configure:6771: $? = 0
configure:6775: /usr/bin/nm -B conftest.o \| sed -n -e 's/^.*[	 ]\([ABCDGIRSTW][ABCDGIRSTW]*\)[	 ][	 ]*\([_A-Za-z][_A-Za-z0-9]*\)$/\1 \2 \2/p' \> conftest.nm
configure:6778: $? = 0
configure:6832: gcc -o conftest -g -O2   conftest.c conftstm.o >&5
configure:6835: $? = 0
configure:6873: result: ok
configure:7681: checking for sys/types.h
configure:7681: gcc -c -g -O2  conftest.c >&5
configure:7681: $? = 0
configure:7681: result: yes
configure:7681: checking for sys/stat.h
configure:7681: gcc -c -g -O2  conftest.c >&5
configure:7681: $? = 0
configure:7681: result: yes
configure:7681: checking for stdlib.h
configure:7681: gcc -c -g -O2  conftest.c >&5
configure:7681: $? = 0
configure:7681: result: yes
configure:7681: checking for string.h
configure:7681: gcc -c -g -O2  conftest.c >&5
configure:7681: $? = 0
configure:7681: result: yes
configure:7681: checking for memory.h
configure:7681: gcc -c -g -O2  conftest.c >&5
configure:7681: $? = 0
configure:7681: result: yes
configure:7681: checking for strings.h
configure:7681: gcc -c -g -O2  conftest.c >&5
configure:7681: $? = 0
configure:7681: result: yes
configure:7681: checking for inttypes.h
configure:7681: gcc -c -g -O2  conftest.c >&5
configure:7681: $? = 0
configure:7681: result: yes
configure:7681: checking for stdint.h
configure:7681: gcc -c -g -O2  conftest.c >&5
configure:7681: $? = 0
configure:7681: result: yes
configure:7681: checking for unistd.h
configure:7681: gcc -c -g -O2  conftest.c >&5
configure:7681: $? = 0
configure:7681: result: yes
configure:7696: checking for dlfcn.h
configure:7696: gcc -c -g -O2  conftest.c >&5
configure:7696: $? = 0
configure:7696: result: yes
configure:7880: checking for objdir
configure:7895: result: .libs
configure:8191: checking if gcc supports -fno-rtti -fno-exceptions
configure:8209: gcc -c -g -O2  -fno-rtti -fno-exceptions conftest.c >&5
cc1: warning: command line option "-fno-rtti" is valid for C++/ObjC++ but not for C
configure:8213: $? = 0
configure:8226: result: no
configure:8246: checking for gcc option to produce PIC
configure:8518: result: -fPIC -DPIC
configure:8530: checking if gcc PIC flag -fPIC -DPIC works
configure:8548: gcc -c -g -O2  -fPIC -DPIC -DPIC conftest.c >&5
configure:8552: $? = 0
configure:8565: result: yes
configure:8589: checking if gcc static flag -static works
configure:8617: result: yes
configure:8632: checking if gcc supports -c -o file.o
configure:8653: gcc -c -g -O2  -o out/conftest2.o conftest.c >&5
configure:8657: $? = 0
configure:8679: result: yes
configure:8687: checking if gcc supports -c -o file.o
configure:8734: result: yes
configure:8767: checking whether the gcc linker (/usr/bin/ld) supports shared libraries
configure:9758: result: yes
configure:9795: checking whether -lc should be explicitly linked in
configure:9800: gcc -c -g -O2  conftest.c >&5
configure:9803: $? = 0
configure:9818: gcc -shared conftest.o  -v -Wl,-soname -Wl,conftest -o conftest 2\>\&1 \| /bin/grep  -lc  \>/dev/null 2\>\&1
configure:9821: $? = 0
configure:9833: result: no
configure:9997: checking dynamic linker characteristics
configure:10430: gcc -o conftest -g -O2   -Wl,-rpath -Wl,/foo conftest.c  >&5
configure:10430: $? = 0
configure:10660: result: GNU/Linux ld.so
configure:10762: checking how to hardcode library paths into programs
configure:10787: result: immediate
configure:11307: checking whether stripping libraries is possible
configure:11312: result: yes
configure:11347: checking if libtool supports shared libraries
configure:11349: result: yes
configure:11352: checking whether to build shared libraries
configure:11373: result: yes
configure:11376: checking whether to build static libraries
configure:11380: result: yes
configure:11431: checking locale.h usability
configure:11431: gcc -c -g -O2  conftest.c >&5
configure:11431: $? = 0
configure:11431: result: yes
configure:11431: checking locale.h presence
configure:11431: gcc -E  conftest.c
configure:11431: $? = 0
configure:11431: result: yes
configure:11431: checking for locale.h
configure:11431: result: yes
configure:11442: checking for LC_MESSAGES
configure:11458: gcc -o conftest -g -O2   conftest.c  >&5
configure:11458: $? = 0
configure:11466: result: yes
configure:11483: checking libintl.h usability
configure:11483: gcc -c -g -O2  conftest.c >&5
configure:11483: $? = 0
configure:11483: result: yes
configure:11483: checking libintl.h presence
configure:11483: gcc -E  conftest.c
configure:11483: $? = 0
configure:11483: result: yes
configure:11483: checking for libintl.h
configure:11483: result: yes
configure:11491: checking for ngettext in libc
configure:11509: gcc -o conftest -g -O2   conftest.c  >&5
configure:11509: $? = 0
configure:11518: result: yes
configure:11522: checking for dgettext in libc
configure:11540: gcc -o conftest -g -O2   conftest.c  >&5
configure:11540: $? = 0
configure:11549: result: yes
configure:11556: checking for bind_textdomain_codeset
configure:11556: gcc -o conftest -g -O2   conftest.c  >&5
configure:11556: $? = 0
configure:11556: result: yes
configure:11832: checking for msgfmt
configure:11859: result: /usr/bin/msgfmt
configure:11870: checking for dcgettext
configure:11870: gcc -o conftest -g -O2   conftest.c   >&5
conftest.c:51: warning: conflicting types for built-in function 'dcgettext'
configure:11870: $? = 0
configure:11870: result: yes
configure:11880: checking if msgfmt accepts -c
configure:11895: $MSGFMT -c -o /dev/null conftest.foo
configure:11898: $? = 0
configure:11900: result: yes
configure:11910: checking for gmsgfmt
configure:11941: result: /usr/bin/msgfmt
configure:11951: checking for xgettext
configure:11978: result: /usr/bin/xgettext
configure:11997: gcc -o conftest -g -O2   conftest.c   >&5
configure:11997: $? = 0
configure:12134: checking whether NLS is requested
configure:12143: result: yes
configure:12158: checking for intltool >= 0.35.0
configure:12165: result: 0.41.1 found
configure:12173: checking for intltool-update
configure:12191: found /usr/bin/intltool-update
configure:12203: result: /usr/bin/intltool-update
configure:12213: checking for intltool-merge
configure:12231: found /usr/bin/intltool-merge
configure:12243: result: /usr/bin/intltool-merge
configure:12253: checking for intltool-extract
configure:12271: found /usr/bin/intltool-extract
configure:12283: result: /usr/bin/intltool-extract
configure:12414: checking for xgettext
configure:12444: result: /usr/bin/xgettext
configure:12454: checking for msgmerge
configure:12472: found /usr/bin/msgmerge
configure:12484: result: /usr/bin/msgmerge
configure:12494: checking for msgfmt
configure:12524: result: /usr/bin/msgfmt
configure:12534: checking for gmsgfmt
configure:12565: result: /usr/bin/msgfmt
configure:12585: checking for perl
configure:12603: found /usr/bin/perl
configure:12615: result: /usr/bin/perl
configure:12626: checking for perl >= 5.8.1
configure:12633: result: 5.10.1
configure:12637: checking for XML::Parser
configure:12640: result: ok
configure:12696: checking for setlocale
configure:12696: gcc -o conftest -g -O2   conftest.c  >&5
configure:12696: $? = 0
configure:12696: result: yes
configure:12755: checking for pkg-config
configure:12773: found /usr/bin/pkg-config
configure:12785: result: /usr/bin/pkg-config
configure:12810: checking pkg-config is at least version 0.9.0
configure:12813: result: yes
configure:12824: checking for GLIB
configure:12832: $PKG_CONFIG --exists --print-errors "glib-2.0 >= $GLIB_REQUIRED"
configure:12835: $? = 0
configure:12850: $PKG_CONFIG --exists --print-errors "glib-2.0 >= $GLIB_REQUIRED"
configure:12853: $? = 0
configure:12908: result: yes
configure:12918: checking for GCONF
configure:12926: $PKG_CONFIG --exists --print-errors "gconf-2.0 >= $GCONF_REQUIRED"
configure:12929: $? = 0
configure:12944: $PKG_CONFIG --exists --print-errors "gconf-2.0 >= $GCONF_REQUIRED"
configure:12947: $? = 0
configure:13002: result: yes
configure:13012: checking for GDK
configure:13020: $PKG_CONFIG --exists --print-errors "gdk-2.0 >= $GDK_REQUIRED"
configure:13023: $? = 0
configure:13038: $PKG_CONFIG --exists --print-errors "gdk-2.0 >= $GDK_REQUIRED"
configure:13041: $? = 0
configure:13096: result: yes
configure:13106: checking for GTK
configure:13114: $PKG_CONFIG --exists --print-errors "gtk+-2.0 >= $GTK_REQUIRED gdk-x11-2.0 >= $GDK_REQUIRED"
configure:13117: $? = 0
configure:13132: $PKG_CONFIG --exists --print-errors "gtk+-2.0 >= $GTK_REQUIRED gdk-x11-2.0 >= $GDK_REQUIRED"
configure:13135: $? = 0
configure:13190: result: yes
configure:13200: checking for LIBXKLAVIER
configure:13208: $PKG_CONFIG --exists --print-errors "libxklavier >= $LIBXKLAVIER_REQUIRED"
configure:13211: $? = 0
configure:13226: $PKG_CONFIG --exists --print-errors "libxklavier >= $LIBXKLAVIER_REQUIRED"
configure:13229: $? = 0
configure:13284: result: yes
configure:13292: checking for X
configure:13431: gcc -o conftest -g -O2   conftest.c -lX11  >&5
configure:13431: $? = 0
configure:13481: result: libraries , headers 
configure:13580: gcc -o conftest -g -O2   conftest.c   -lX11 >&5
configure:13580: $? = 0
configure:13678: checking for gethostbyname
configure:13678: gcc -o conftest -g -O2   conftest.c  >&5
configure:13678: $? = 0
configure:13678: result: yes
configure:13775: checking for connect
configure:13775: gcc -o conftest -g -O2   conftest.c  >&5
configure:13775: $? = 0
configure:13775: result: yes
configure:13824: checking for remove
configure:13824: gcc -o conftest -g -O2   conftest.c  >&5
configure:13824: $? = 0
configure:13824: result: yes
configure:13873: checking for shmat
configure:13873: gcc -o conftest -g -O2   conftest.c  >&5
configure:13873: $? = 0
configure:13873: result: yes
configure:13931: checking for IceConnectionNumber in -lICE
configure:13956: gcc -o conftest -g -O2   conftest.c -lICE   >&5
configure:13956: $? = 0
configure:13965: result: yes
configure:13982: checking for gconftool-2
configure:14000: found /usr/bin/gconftool-2
configure:14013: result: /usr/bin/gconftool-2
configure:14041: result: Using config source xml:merged:/etc/gconf/gconf.xml.defaults for schema installation
configure:14056: result: Using $(sysconfdir)/gconf/schemas as install directory for schema files
configure:14230: creating ./config.status

## ---------------------- ##
## Running config.status. ##
## ---------------------- ##

This file was extended by libgnomekbd config.status 2.30.2, which was
generated by GNU Autoconf 2.65.  Invocation command line was

  CONFIG_FILES    = 
  CONFIG_HEADERS  = 
  CONFIG_LINKS    = 
  CONFIG_COMMANDS = 
  $ ./config.status 

on elegy

config.status:1179: creating Makefile
config.status:1179: creating libgnomekbd.pc
config.status:1179: creating libgnomekbdui.pc
config.status:1179: creating po/Makefile.in
config.status:1179: creating libgnomekbd/Makefile
config.status:1179: creating test/Makefile
config.status:1179: creating capplet/Makefile
config.status:1179: creating capplet/gkbd-indicator-plugins-capplet.desktop.in
config.status:1179: creating config.h
config.status:1399: executing depfiles commands
config.status:1399: executing libtool commands
config.status:1399: executing default-1 commands
config.status:1399: executing po/stamp-it commands

## ---------------- ##
## Cache variables. ##
## ---------------- ##

ac_cv_build=i686-pc-linux-gnu
ac_cv_c_compiler_gnu=yes
ac_cv_env_CC_set=
ac_cv_env_CC_value=
ac_cv_env_CFLAGS_set=
ac_cv_env_CFLAGS_value=
ac_cv_env_CPPFLAGS_set=
ac_cv_env_CPPFLAGS_value=
ac_cv_env_CPP_set=
ac_cv_env_CPP_value=
ac_cv_env_GCONF_CFLAGS_set=
ac_cv_env_GCONF_CFLAGS_value=
ac_cv_env_GCONF_LIBS_set=
ac_cv_env_GCONF_LIBS_value=
ac_cv_env_GDK_CFLAGS_set=
ac_cv_env_GDK_CFLAGS_value=
ac_cv_env_GDK_LIBS_set=
ac_cv_env_GDK_LIBS_value=
ac_cv_env_GLIB_CFLAGS_set=
ac_cv_env_GLIB_CFLAGS_value=
ac_cv_env_GLIB_LIBS_set=
ac_cv_env_GLIB_LIBS_value=
ac_cv_env_GTK_CFLAGS_set=
ac_cv_env_GTK_CFLAGS_value=
ac_cv_env_GTK_LIBS_set=
ac_cv_env_GTK_LIBS_value=
ac_cv_env_LDFLAGS_set=
ac_cv_env_LDFLAGS_value=
ac_cv_env_LIBS_set=
ac_cv_env_LIBS_value=
ac_cv_env_LIBXKLAVIER_CFLAGS_set=
ac_cv_env_LIBXKLAVIER_CFLAGS_value=
ac_cv_env_LIBXKLAVIER_LIBS_set=
ac_cv_env_LIBXKLAVIER_LIBS_value=
ac_cv_env_PKG_CONFIG_set=
ac_cv_env_PKG_CONFIG_value=
ac_cv_env_XMKMF_set=
ac_cv_env_XMKMF_value=
ac_cv_env_build_alias_set=
ac_cv_env_build_alias_value=
ac_cv_env_host_alias_set=
ac_cv_env_host_alias_value=
ac_cv_env_target_alias_set=
ac_cv_env_target_alias_value=
ac_cv_func_bind_textdomain_codeset=yes
ac_cv_func_connect=yes
ac_cv_func_dcgettext=yes
ac_cv_func_gethostbyname=yes
ac_cv_func_remove=yes
ac_cv_func_setlocale=yes
ac_cv_func_shmat=yes
ac_cv_have_x='have_x=yes	ac_x_includes='\'''\''	ac_x_libraries='\'''\'''
ac_cv_header_dlfcn_h=yes
ac_cv_header_inttypes_h=yes
ac_cv_header_libintl_h=yes
ac_cv_header_locale_h=yes
ac_cv_header_memory_h=yes
ac_cv_header_stdc=yes
ac_cv_header_stdint_h=yes
ac_cv_header_stdlib_h=yes
ac_cv_header_string_h=yes
ac_cv_header_strings_h=yes
ac_cv_header_sys_stat_h=yes
ac_cv_header_sys_types_h=yes
ac_cv_header_unistd_h=yes
ac_cv_host=i686-pc-linux-gnu
ac_cv_lib_ICE_IceConnectionNumber=yes
ac_cv_objext=o
ac_cv_path_EGREP='/bin/grep -E'
ac_cv_path_FGREP='/bin/grep -F'
ac_cv_path_GCONFTOOL=/usr/bin/gconftool-2
ac_cv_path_GMSGFMT=/usr/bin/msgfmt
ac_cv_path_GREP=/bin/grep
ac_cv_path_INTLTOOL_EXTRACT=/usr/bin/intltool-extract
ac_cv_path_INTLTOOL_MERGE=/usr/bin/intltool-merge
ac_cv_path_INTLTOOL_PERL=/usr/bin/perl
ac_cv_path_INTLTOOL_UPDATE=/usr/bin/intltool-update
ac_cv_path_MSGFMT=/usr/bin/msgfmt
ac_cv_path_MSGMERGE=/usr/bin/msgmerge
ac_cv_path_SED=/bin/sed
ac_cv_path_XGETTEXT=/usr/bin/xgettext
ac_cv_path_ac_pt_PKG_CONFIG=/usr/bin/pkg-config
ac_cv_path_install='/usr/bin/install -c'
ac_cv_path_mkdir=/bin/mkdir
ac_cv_prog_AWK=gawk
ac_cv_prog_CPP='gcc -E'
ac_cv_prog_ac_ct_AR=ar
ac_cv_prog_ac_ct_CC=gcc
ac_cv_prog_ac_ct_OBJDUMP=objdump
ac_cv_prog_ac_ct_RANLIB=ranlib
ac_cv_prog_ac_ct_STRIP=strip
ac_cv_prog_cc_c89=
ac_cv_prog_cc_g=yes
ac_cv_prog_make_make_set=yes
ac_cv_search_strerror='none required'
am_cv_CC_dependencies_compiler_type=gcc3
am_cv_val_LC_MESSAGES=yes
gt_cv_func_dgettext_libc=yes
gt_cv_func_dgettext_libintl=no
gt_cv_func_ngettext_libc=yes
gt_cv_have_gettext=yes
lt_cv_deplibs_check_method=pass_all
lt_cv_file_magic_cmd='$MAGIC_CMD'
lt_cv_file_magic_test_file=
lt_cv_ld_reload_flag=-r
lt_cv_nm_interface='BSD nm'
lt_cv_objdir=.libs
lt_cv_path_LD=/usr/bin/ld
lt_cv_path_NM='/usr/bin/nm -B'
lt_cv_prog_compiler_c_o=yes
lt_cv_prog_compiler_pic_works=yes
lt_cv_prog_compiler_rtti_exceptions=no
lt_cv_prog_compiler_static_works=yes
lt_cv_prog_gnu_ld=yes
lt_cv_sys_global_symbol_pipe='sed -n -e '\''s/^.*[	 ]\([ABCDGIRSTW][ABCDGIRSTW]*\)[	 ][	 ]*\([_A-Za-z][_A-Za-z0-9]*\)$/\1 \2 \2/p'\'''
lt_cv_sys_global_symbol_to_c_name_address='sed -n -e '\''s/^: \([^ ]*\) $/  {\"\1\", (void *) 0},/p'\'' -e '\''s/^[ABCDGIRSTW]* \([^ ]*\) \([^ ]*\)$/  {"\2", (void *) \&\2},/p'\'''
lt_cv_sys_global_symbol_to_c_name_address_lib_prefix='sed -n -e '\''s/^: \([^ ]*\) $/  {\"\1\", (void *) 0},/p'\'' -e '\''s/^[ABCDGIRSTW]* \([^ ]*\) \(lib[^ ]*\)$/  {"\2", (void *) \&\2},/p'\'' -e '\''s/^[ABCDGIRSTW]* \([^ ]*\) \([^ ]*\)$/  {"lib\2", (void *) \&\2},/p'\'''
lt_cv_sys_global_symbol_to_cdecl='sed -n -e '\''s/^T .* \(.*\)$/extern int \1();/p'\'' -e '\''s/^[ABCDGIRSTW]* .* \(.*\)$/extern char \1;/p'\'''
lt_cv_sys_max_cmd_len=1572864
pkg_cv_GCONF_CFLAGS='-pthread -DORBIT2=1 -I/usr/local/include/glib-2.0 -I/usr/local/lib/glib-2.0/include -I/usr/include/gconf/2 -I/usr/include/orbit-2.0  '
pkg_cv_GCONF_LIBS='-L/usr/local/lib -lgconf-2 -lglib-2.0  '
pkg_cv_GDK_CFLAGS='-pthread -I/usr/local/include/gio-unix-2.0/ -I/usr/local/include/glib-2.0 -I/usr/local/lib/glib-2.0/include -I/usr/include/gtk-2.0 -I/usr/lib/gtk-2.0/include -I/usr/include/cairo -I/usr/include/pango-1.0 -I/usr/include/gdk-pixbuf-2.0 -I/usr/include/pixman-1 -I/usr/include/freetype2 -I/usr/include/libpng12  '
pkg_cv_GDK_LIBS='-pthread -L/usr/local/lib -lgdk-x11-2.0 -lpangocairo-1.0 -lgdk_pixbuf-2.0 -lm -lpango-1.0 -lcairo -lgobject-2.0 -lgmodule-2.0 -lpng12 -lgthread-2.0 -lrt -lglib-2.0  '
pkg_cv_GLIB_CFLAGS='-I/usr/local/include/glib-2.0 -I/usr/local/lib/glib-2.0/include  '
pkg_cv_GLIB_LIBS='-L/usr/local/lib -lglib-2.0  '
pkg_cv_GTK_CFLAGS='-pthread -I/usr/local/include/gio-unix-2.0/ -I/usr/local/include/glib-2.0 -I/usr/local/lib/glib-2.0/include -I/usr/include/gtk-2.0 -I/usr/lib/gtk-2.0/include -I/usr/include/atk-1.0 -I/usr/include/cairo -I/usr/include/gdk-pixbuf-2.0 -I/usr/include/pango-1.0 -I/usr/include/pixman-1 -I/usr/include/freetype2 -I/usr/include/libpng12  '
pkg_cv_GTK_LIBS='-pthread -L/usr/local/lib -lgtk-x11-2.0 -latk-1.0 -lgio-2.0 -lpangoft2-1.0 -lfreetype -lfontconfig -lgdk-x11-2.0 -lpangocairo-1.0 -lgdk_pixbuf-2.0 -lm -lpango-1.0 -lcairo -lgobject-2.0 -lgmodule-2.0 -lpng12 -lgthread-2.0 -lrt -lglib-2.0  '
pkg_cv_LIBXKLAVIER_CFLAGS='-pthread -I/usr/local/include/glib-2.0 -I/usr/local/lib/glib-2.0/include -I/usr/include/libxml2  '
pkg_cv_LIBXKLAVIER_LIBS='-pthread -L/usr/local/lib -lxklavier -lgobject-2.0 -lgthread-2.0 -lrt -lglib-2.0 -lxml2  '

## ----------------- ##
## Output variables. ##
## ----------------- ##

ACLOCAL='${SHELL} /media/MyBook/libgnomekbd-2.30.2/missing --run aclocal-1.11'
ACLOCAL_AMFLAGS='${ACLOCAL_FLAGS}'
ALL_LINGUAS=''
AMDEPBACKSLASH='\'
AMDEP_FALSE='#'
AMDEP_TRUE=''
AMTAR='${SHELL} /media/MyBook/libgnomekbd-2.30.2/missing --run tar'
AM_BACKSLASH='\'
AM_DEFAULT_VERBOSITY='0'
AR='ar'
AUTOCONF='${SHELL} /media/MyBook/libgnomekbd-2.30.2/missing --run autoconf'
AUTOHEADER='${SHELL} /media/MyBook/libgnomekbd-2.30.2/missing --run autoheader'
AUTOMAKE='${SHELL} /media/MyBook/libgnomekbd-2.30.2/missing --run automake-1.11'
AWK='gawk'
BUILD_TESTS_FALSE='#'
BUILD_TESTS_TRUE=''
CATALOGS=''
CATOBJEXT='.gmo'
CC='gcc'
CCDEPMODE='depmode=gcc3'
CFLAGS='-g -O2'
CPP='gcc -E'
CPPFLAGS=''
CYGPATH_W='echo'
DATADIRNAME='share'
DEFS='-DHAVE_CONFIG_H'
DEPDIR='.deps'
DSYMUTIL=''
DUMPBIN=''
ECHO_C=''
ECHO_N='-n'
ECHO_T=''
EGREP='/bin/grep -E'
EXEEXT=''
FGREP='/bin/grep -F'
GCONFTOOL='/usr/bin/gconftool-2'
GCONF_CFLAGS='-pthread -DORBIT2=1 -I/usr/local/include/glib-2.0 -I/usr/local/lib/glib-2.0/include -I/usr/include/gconf/2 -I/usr/include/orbit-2.0  '
GCONF_LIBS='-L/usr/local/lib -lgconf-2 -lglib-2.0  '
GCONF_REQUIRED='2.14.0'
GCONF_SCHEMAS_INSTALL_FALSE='#'
GCONF_SCHEMAS_INSTALL_TRUE=''
GCONF_SCHEMA_CONFIG_SOURCE='xml:merged:/etc/gconf/gconf.xml.defaults'
GCONF_SCHEMA_FILE_DIR='$(sysconfdir)/gconf/schemas'
GDK_CFLAGS='-pthread -I/usr/local/include/gio-unix-2.0/ -I/usr/local/include/glib-2.0 -I/usr/local/lib/glib-2.0/include -I/usr/include/gtk-2.0 -I/usr/lib/gtk-2.0/include -I/usr/include/cairo -I/usr/include/pango-1.0 -I/usr/include/gdk-pixbuf-2.0 -I/usr/include/pixman-1 -I/usr/include/freetype2 -I/usr/include/libpng12  '
GDK_LIBS='-pthread -L/usr/local/lib -lgdk-x11-2.0 -lpangocairo-1.0 -lgdk_pixbuf-2.0 -lm -lpango-1.0 -lcairo -lgobject-2.0 -lgmodule-2.0 -lpng12 -lgthread-2.0 -lrt -lglib-2.0  '
GDK_REQUIRED='2.18'
GETTEXT_PACKAGE='libgnomekbd'
GLIB_CFLAGS='-I/usr/local/include/glib-2.0 -I/usr/local/lib/glib-2.0/include  '
GLIB_LIBS='-L/usr/local/lib -lglib-2.0  '
GMOFILES=''
GMSGFMT='/usr/bin/msgfmt'
GREP='/bin/grep'
GTK_CFLAGS='-pthread -I/usr/local/include/gio-unix-2.0/ -I/usr/local/include/glib-2.0 -I/usr/local/lib/glib-2.0/include -I/usr/include/gtk-2.0 -I/usr/lib/gtk-2.0/include -I/usr/include/atk-1.0 -I/usr/include/cairo -I/usr/include/gdk-pixbuf-2.0 -I/usr/include/pango-1.0 -I/usr/include/pixman-1 -I/usr/include/freetype2 -I/usr/include/libpng12  '
GTK_LIBS='-pthread -L/usr/local/lib -lgtk-x11-2.0 -latk-1.0 -lgio-2.0 -lpangoft2-1.0 -lfreetype -lfontconfig -lgdk-x11-2.0 -lpangocairo-1.0 -lgdk_pixbuf-2.0 -lm -lpango-1.0 -lcairo -lgobject-2.0 -lgmodule-2.0 -lpng12 -lgthread-2.0 -lrt -lglib-2.0  '
GTK_REQUIRED='2.18'
INSTALL_DATA='${INSTALL} -m 644'
INSTALL_PROGRAM='${INSTALL}'
INSTALL_SCRIPT='${INSTALL}'
INSTALL_STRIP_PROGRAM='$(install_sh) -c -s'
INSTOBJEXT='.mo'
INTLLIBS=''
INTLTOOL_CAVES_RULE='%.caves:     %.caves.in     $(INTLTOOL_MERGE) $(wildcard $(top_srcdir)/po/*.po) ; LC_ALL=C $(INTLTOOL_MERGE) -d -u -c $(top_builddir)/po/.intltool-merge-cache $(top_srcdir)/po $< $@'
INTLTOOL_DESKTOP_RULE='%.desktop:   %.desktop.in   $(INTLTOOL_MERGE) $(wildcard $(top_srcdir)/po/*.po) ; LC_ALL=C $(INTLTOOL_MERGE) -d -u -c $(top_builddir)/po/.intltool-merge-cache $(top_srcdir)/po $< $@'
INTLTOOL_DIRECTORY_RULE='%.directory: %.directory.in $(INTLTOOL_MERGE) $(wildcard $(top_srcdir)/po/*.po) ; LC_ALL=C $(INTLTOOL_MERGE) -d -u -c $(top_builddir)/po/.intltool-merge-cache $(top_srcdir)/po $< $@'
INTLTOOL_EXTRACT='/usr/bin/intltool-extract'
INTLTOOL_KBD_RULE='%.kbd:       %.kbd.in       $(INTLTOOL_MERGE) $(wildcard $(top_srcdir)/po/*.po) ; LC_ALL=C $(INTLTOOL_MERGE) -x -u -m -c $(top_builddir)/po/.intltool-merge-cache $(top_srcdir)/po $< $@'
INTLTOOL_KEYS_RULE='%.keys:      %.keys.in      $(INTLTOOL_MERGE) $(wildcard $(top_srcdir)/po/*.po) ; LC_ALL=C $(INTLTOOL_MERGE) -k -u -c $(top_builddir)/po/.intltool-merge-cache $(top_srcdir)/po $< $@'
INTLTOOL_MERGE='/usr/bin/intltool-merge'
INTLTOOL_OAF_RULE='%.oaf:       %.oaf.in       $(INTLTOOL_MERGE) $(wildcard $(top_srcdir)/po/*.po) ; LC_ALL=C $(INTLTOOL_MERGE) -o -p $(top_srcdir)/po $< $@'
INTLTOOL_PERL='/usr/bin/perl'
INTLTOOL_POLICY_RULE='%.policy:    %.policy.in    $(INTLTOOL_MERGE) $(wildcard $(top_srcdir)/po/*.po) ; LC_ALL=C $(INTLTOOL_MERGE) -x -u -c $(top_builddir)/po/.intltool-merge-cache $(top_srcdir)/po $< $@'
INTLTOOL_PONG_RULE='%.pong:      %.pong.in      $(INTLTOOL_MERGE) $(wildcard $(top_srcdir)/po/*.po) ; LC_ALL=C $(INTLTOOL_MERGE) -x -u -c $(top_builddir)/po/.intltool-merge-cache $(top_srcdir)/po $< $@'
INTLTOOL_PROP_RULE='%.prop:      %.prop.in      $(INTLTOOL_MERGE) $(wildcard $(top_srcdir)/po/*.po) ; LC_ALL=C $(INTLTOOL_MERGE) -d -u -c $(top_builddir)/po/.intltool-merge-cache $(top_srcdir)/po $< $@'
INTLTOOL_SCHEMAS_RULE='%.schemas:   %.schemas.in   $(INTLTOOL_MERGE) $(wildcard $(top_srcdir)/po/*.po) ; LC_ALL=C $(INTLTOOL_MERGE) -s -u -c $(top_builddir)/po/.intltool-merge-cache $(top_srcdir)/po $< $@'
INTLTOOL_SERVER_RULE='%.server:    %.server.in    $(INTLTOOL_MERGE) $(wildcard $(top_srcdir)/po/*.po) ; LC_ALL=C $(INTLTOOL_MERGE) -o -u -c $(top_builddir)/po/.intltool-merge-cache $(top_srcdir)/po $< $@'
INTLTOOL_SERVICE_RULE='%.service: %.service.in   $(INTLTOOL_MERGE) $(wildcard $(top_srcdir)/po/*.po) ; LC_ALL=C $(INTLTOOL_MERGE) -d -u -c $(top_builddir)/po/.intltool-merge-cache $(top_srcdir)/po $< $@'
INTLTOOL_SHEET_RULE='%.sheet:     %.sheet.in     $(INTLTOOL_MERGE) $(wildcard $(top_srcdir)/po/*.po) ; LC_ALL=C $(INTLTOOL_MERGE) -x -u -c $(top_builddir)/po/.intltool-merge-cache $(top_srcdir)/po $< $@'
INTLTOOL_SOUNDLIST_RULE='%.soundlist: %.soundlist.in $(INTLTOOL_MERGE) $(wildcard $(top_srcdir)/po/*.po) ; LC_ALL=C $(INTLTOOL_MERGE) -d -u -c $(top_builddir)/po/.intltool-merge-cache $(top_srcdir)/po $< $@'
INTLTOOL_THEME_RULE='%.theme:     %.theme.in     $(INTLTOOL_MERGE) $(wildcard $(top_srcdir)/po/*.po) ; LC_ALL=C $(INTLTOOL_MERGE) -d -u -c $(top_builddir)/po/.intltool-merge-cache $(top_srcdir)/po $< $@'
INTLTOOL_UI_RULE='%.ui:        %.ui.in        $(INTLTOOL_MERGE) $(wildcard $(top_srcdir)/po/*.po) ; LC_ALL=C $(INTLTOOL_MERGE) -x -u -c $(top_builddir)/po/.intltool-merge-cache $(top_srcdir)/po $< $@'
INTLTOOL_UPDATE='/usr/bin/intltool-update'
INTLTOOL_XAM_RULE='%.xam:       %.xml.in       $(INTLTOOL_MERGE) $(wildcard $(top_srcdir)/po/*.po) ; LC_ALL=C $(INTLTOOL_MERGE) -x -u -c $(top_builddir)/po/.intltool-merge-cache $(top_srcdir)/po $< $@'
INTLTOOL_XML_NOMERGE_RULE='%.xml:       %.xml.in       $(INTLTOOL_MERGE) ; LC_ALL=C $(INTLTOOL_MERGE) -x -u /tmp $< $@'
INTLTOOL_XML_RULE='%.xml:       %.xml.in       $(INTLTOOL_MERGE) $(wildcard $(top_srcdir)/po/*.po) ; LC_ALL=C $(INTLTOOL_MERGE) -x -u -c $(top_builddir)/po/.intltool-merge-cache $(top_srcdir)/po $< $@'
LD='/usr/bin/ld'
LDFLAGS=''
LIBOBJS=''
LIBS=''
LIBTOOL='$(SHELL) $(top_builddir)/libtool'
LIBXKLAVIER_CFLAGS='-pthread -I/usr/local/include/glib-2.0 -I/usr/local/lib/glib-2.0/include -I/usr/include/libxml2  '
LIBXKLAVIER_LIBS='-pthread -L/usr/local/lib -lxklavier -lgobject-2.0 -lgthread-2.0 -lrt -lglib-2.0 -lxml2  '
LIBXKLAVIER_REQUIRED='5.0'
LIPO=''
LN_S='ln -s'
LTLIBOBJS=''
MAKEINFO='${SHELL} /media/MyBook/libgnomekbd-2.30.2/missing --run makeinfo'
MKDIR_P='/bin/mkdir -p'
MKINSTALLDIRS='./mkinstalldirs'
MSGFMT='/usr/bin/msgfmt'
MSGFMT_OPTS='-c'
MSGMERGE='/usr/bin/msgmerge'
NM='/usr/bin/nm -B'
NMEDIT=''
OBJDUMP='objdump'
OBJEXT='o'
OTOOL64=''
OTOOL=''
PACKAGE='libgnomekbd'
PACKAGE_BUGREPORT='http://bugzilla.gnome.org/enter_bug.cgi?product=libgnomekbd'
PACKAGE_NAME='libgnomekbd'
PACKAGE_STRING='libgnomekbd 2.30.2'
PACKAGE_TARNAME='libgnomekbd'
PACKAGE_URL=''
PACKAGE_VERSION='2.30.2'
PATH_SEPARATOR=':'
PKG_CONFIG='/usr/bin/pkg-config'
POFILES=''
POSUB='po'
PO_IN_DATADIR_FALSE=''
PO_IN_DATADIR_TRUE=''
RANLIB='ranlib'
SED='/bin/sed'
SET_MAKE=''
SHELL='/bin/bash'
STRIP='strip'
USE_NLS='yes'
VERSION='2.30.2'
VERSION_INFO='5:0:1'
WARN_CFLAGS='-Wall -Wmissing-prototypes '
XGETTEXT='/usr/bin/xgettext'
XLIB_CFLAGS=''
XLIB_LIBS=' -lX11 '
XMKMF=''
X_CFLAGS=''
X_EXTRA_LIBS=''
X_LIBS=''
X_PRE_LIBS=' -lSM -lICE'
ac_ct_CC='gcc'
ac_ct_DUMPBIN=''
am__EXEEXT_FALSE=''
am__EXEEXT_TRUE='#'
am__fastdepCC_FALSE='#'
am__fastdepCC_TRUE=''
am__include='include'
am__isrc=''
am__leading_dot='.'
am__quote=''
am__tar='${AMTAR} chof - "$$tardir"'
am__untar='${AMTAR} xf -'
bindir='${exec_prefix}/bin'
build='i686-pc-linux-gnu'
build_alias=''
build_cpu='i686'
build_os='linux-gnu'
build_vendor='pc'
datadir='${datarootdir}'
datarootdir='${prefix}/share'
docdir='${datarootdir}/doc/${PACKAGE_TARNAME}'
dvidir='${docdir}'
exec_prefix='${prefix}'
host='i686-pc-linux-gnu'
host_alias=''
host_cpu='i686'
host_os='linux-gnu'
host_vendor='pc'
htmldir='${docdir}'
includedir='${prefix}/include'
infodir='${datarootdir}/info'
install_sh='${SHELL} /media/MyBook/libgnomekbd-2.30.2/install-sh'
libdir='${exec_prefix}/lib'
libexecdir='${exec_prefix}/libexec'
localedir='${datarootdir}/locale'
localstatedir='${prefix}/var'
lt_ECHO='echo'
mandir='${datarootdir}/man'
mkdir_p='/bin/mkdir -p'
oldincludedir='/usr/include'
pdfdir='${docdir}'
prefix='/usr'
program_transform_name='s,x,x,'
psdir='${docdir}'
sbindir='${exec_prefix}/sbin'
sharedstatedir='${prefix}/com'
sysconfdir='${prefix}/etc'
target_alias=''

## ----------- ##
## confdefs.h. ##
## ----------- ##

/* confdefs.h */
#define PACKAGE_NAME "libgnomekbd"
#define PACKAGE_TARNAME "libgnomekbd"
#define PACKAGE_VERSION "2.30.2"
#define PACKAGE_STRING "libgnomekbd 2.30.2"
#define PACKAGE_BUGREPORT "http://bugzilla.gnome.org/enter_bug.cgi?product=libgnomekbd"
#define PACKAGE_URL ""
#define PACKAGE "libgnomekbd"
#define VERSION "2.30.2"
#define STDC_HEADERS 1
#define HAVE_SYS_TYPES_H 1
#define HAVE_SYS_STAT_H 1
#define HAVE_STDLIB_H 1
#define HAVE_STRING_H 1
#define HAVE_MEMORY_H 1
#define HAVE_STRINGS_H 1
#define HAVE_INTTYPES_H 1
#define HAVE_STDINT_H 1
#define HAVE_UNISTD_H 1
#define HAVE_DLFCN_H 1
#define LT_OBJDIR ".libs/"
#define GETTEXT_PACKAGE "libgnomekbd"
#define HAVE_LOCALE_H 1
#define HAVE_LC_MESSAGES 1
#define HAVE_BIND_TEXTDOMAIN_CODESET 1
#define HAVE_GETTEXT 1
#define HAVE_DCGETTEXT 1
#define ENABLE_NLS 1
#define HAVE_SETLOCALE 1

configure: exit 0
