2013-10-20 01:48:36,866 - kayali - WARNING - psyco not available: Kayali will run faster if you install psyco for python
2013-10-20 01:48:36,881 - maximaparsertokens - DEBUG - parse /usr/share/kayali/MaximaParserTokenTypes.txt
2013-10-20 01:48:36,881 - maximaparsertokens - DEBUG - set var NOOP to 4 
2013-10-20 01:48:36,882 - maximaparsertokens - DEBUG - set var FOR to 5 
2013-10-20 01:48:36,882 - maximaparsertokens - DEBUG - set var IF to 6 
2013-10-20 01:48:36,882 - maximaparsertokens - DEBUG - set var THEN to 7 
2013-10-20 01:48:36,882 - maximaparsertokens - DEBUG - set var ELSE to 8 
2013-10-20 01:48:36,883 - maximaparsertokens - DEBUG - set var THRU to 9 
2013-10-20 01:48:36,883 - maximaparsertokens - DEBUG - set var WHILE to 10 
2013-10-20 01:48:36,883 - maximaparsertokens - DEBUG - set var UNLESS to 11 
2013-10-20 01:48:36,884 - maximaparsertokens - DEBUG - set var DO to 12 
2013-10-20 01:48:36,884 - maximaparsertokens - DEBUG - set var STEP to 13 
2013-10-20 01:48:36,884 - maximaparsertokens - DEBUG - set var IN to 14 
2013-10-20 01:48:36,884 - maximaparsertokens - DEBUG - set var LABEL to 15 
2013-10-20 01:48:36,884 - maximaparsertokens - DEBUG - set var COMMA to 16 
2013-10-20 01:48:36,885 - maximaparsertokens - DEBUG - set var ASSIGN to 17 
2013-10-20 01:48:36,885 - maximaparsertokens - DEBUG - set var ASSIGN2 to 18 
2013-10-20 01:48:36,885 - maximaparsertokens - DEBUG - set var MACRODEF to 19 
2013-10-20 01:48:36,885 - maximaparsertokens - DEBUG - set var FUNCDEF to 20 
2013-10-20 01:48:36,885 - maximaparsertokens - DEBUG - set var COMPARE to 21 
2013-10-20 01:48:36,885 - maximaparsertokens - DEBUG - set var OR to 22 
2013-10-20 01:48:36,886 - maximaparsertokens - DEBUG - set var AND to 23 
2013-10-20 01:48:36,886 - maximaparsertokens - DEBUG - set var NOT to 24 
2013-10-20 01:48:36,886 - maximaparsertokens - DEBUG - set var POWER to 25 
2013-10-20 01:48:36,886 - maximaparsertokens - DEBUG - set var POWER2 to 26 
2013-10-20 01:48:36,886 - maximaparsertokens - DEBUG - set var TIMES to 27 
2013-10-20 01:48:36,887 - maximaparsertokens - DEBUG - set var DIVIDE to 28 
2013-10-20 01:48:36,887 - maximaparsertokens - DEBUG - set var MINUS to 29 
2013-10-20 01:48:36,887 - maximaparsertokens - DEBUG - set var PLUS to 30 
2013-10-20 01:48:36,887 - maximaparsertokens - DEBUG - set var DOT to 31 
2013-10-20 01:48:36,887 - maximaparsertokens - DEBUG - set var EQUALS to 32 
2013-10-20 01:48:36,887 - maximaparsertokens - DEBUG - set var NOTEQUALS to 33 
2013-10-20 01:48:36,888 - maximaparsertokens - DEBUG - set var MATRIX to 34 
2013-10-20 01:48:36,888 - maximaparsertokens - DEBUG - set var NUM to 35 
2013-10-20 01:48:36,888 - maximaparsertokens - DEBUG - set var BRACKET to 36 
2013-10-20 01:48:36,888 - maximaparsertokens - DEBUG - set var SQBRACKET to 37 
2013-10-20 01:48:36,888 - maximaparsertokens - DEBUG - set var VAR to 38 
2013-10-20 01:48:36,888 - maximaparsertokens - DEBUG - set var INTEGRATE to 39 
2013-10-20 01:48:36,889 - maximaparsertokens - DEBUG - set var DIFFERENTIATE to 40 
2013-10-20 01:48:36,889 - maximaparsertokens - DEBUG - set var SUM to 41 
2013-10-20 01:48:36,889 - maximaparsertokens - DEBUG - set var SQRT to 42 
2013-10-20 01:48:36,889 - maximaparsertokens - DEBUG - set var NEG to 43 
2013-10-20 01:48:36,890 - maximaparsertokens - DEBUG - set var FACTORIAL to 44 
2013-10-20 01:48:36,891 - maximaparsertokens - DEBUG - set var FUNCTION to 45 
2013-10-20 01:48:36,891 - maximaparsertokens - DEBUG - set var LIMIT to 46 
2013-10-20 01:48:36,891 - maximaparsertokens - DEBUG - set var RPAREN to 47 
2013-10-20 01:48:36,891 - maximaparsertokens - DEBUG - set var WS to 48 
2013-10-20 01:48:36,891 - maximaparsertokens - DEBUG - set var DIGIT to 49 
2013-10-20 01:48:36,891 - maximaparsertokens - DEBUG - set var INT to 50 
2013-10-20 01:48:36,892 - maximaparsertokens - DEBUG - set var LOWER to 51 
2013-10-20 01:48:36,892 - maximaparsertokens - DEBUG - set var UPPER to 52 
2013-10-20 01:48:36,892 - maximaparsertokens - DEBUG - set var LETTER to 53 
2013-10-20 01:48:36,892 - maximaparsertokens - DEBUG - set var PERCENT to 54 
2013-10-20 01:48:36,892 - maximaparsertokens - DEBUG - set var SEMICOLON to 55 
2013-10-20 01:48:37,313 - pdf.pdffactory - DEBUG - using installed reportlab
2013-10-20 01:48:37,440 - qt4gui.qt4factory - DEBUG - import qt4factory
2013-10-20 01:48:37,467 - engines.engine - DEBUG - send input 'display2d:false'
2013-10-20 01:48:37,468 - engines.engine - DEBUG - send input 'inchar:%I'
2013-10-20 01:48:37,468 - engines.engine - DEBUG - send input 'outchar:%O'
2013-10-20 01:48:37,856 - engines.engine - DEBUG - return out 0
2013-10-20 01:48:37,857 - qt4gui.qt4factory - DEBUG - init app
2013-10-20 01:48:38,019 - qt4gui.qt4factory - DEBUG - make main window
2013-10-20 01:48:38,019 - qt4gui.calcwindowimpl - DEBUG - setup ui
2013-10-20 01:48:38,129 - qt4gui.calcwindowimpl - DEBUG - completed setup ui
2013-10-20 01:48:38,167 - qt4gui.calcwindowimpl - DEBUG - add examples
2013-10-20 01:48:38,168 - qt4gui.calcwindowimpl - DEBUG - create plot window
2013-10-20 01:48:40,554 - qt4gui.calcwindowimpl - DEBUG - closing
2013-10-20 01:48:40,554 - engines.engine - DEBUG - input is 'quit(1)'
2013-10-20 01:48:40,554 - engines.engine - DEBUG - send input 'quit(1)'
