This file contains any messages produced by compilers while
running configure, to aid debugging if configure makes a mistake.

It was created by Recoll configure 1.19.0, which was
generated by GNU Autoconf 2.69.  Invocation command line was

  $ ./configure --prefix=/usr

## --------- ##
## Platform. ##
## --------- ##

hostname = elegy
uname -m = i686
uname -r = 2.6.32-46-generic-pae
uname -s = Linux
uname -v = #108-Ubuntu SMP Thu Apr 11 16:11:56 UTC 2013

/usr/bin/uname -p = unknown
/bin/uname -X     = unknown

/bin/arch              = unknown
/usr/bin/arch -k       = unknown
/usr/convex/getsysinfo = unknown
/usr/bin/hostinfo      = unknown
/bin/machine           = unknown
/usr/bin/oslevel       = unknown
/bin/universe          = unknown

PATH: /usr/local/sbin
PATH: /usr/local/bin
PATH: /usr/sbin
PATH: /usr/bin
PATH: /sbin
PATH: /bin
PATH: /usr/games
PATH: /home/kyan/.rvm/bin


## ----------- ##
## Core tests. ##
## ----------- ##

configure:2440: checking for g++
configure:2456: found /usr/bin/g++
configure:2467: result: g++
configure:2494: checking for C++ compiler version
configure:2503: g++ --version >&5
g++ (Ubuntu/Linaro 4.4.4-14ubuntu5.1) 4.4.5
Copyright (C) 2010 Free Software Foundation, Inc.
This is free software; see the source for copying conditions.  There is NO
warranty; not even for MERCHANTABILITY or FITNESS FOR A PARTICULAR PURPOSE.

configure:2514: $? = 0
configure:2503: g++ -v >&5
Using built-in specs.
Target: i686-linux-gnu
Configured with: ../src/configure -v --with-pkgversion='Ubuntu/Linaro 4.4.4-14ubuntu5.1' --with-bugurl=file:///usr/share/doc/gcc-4.4/README.Bugs --enable-languages=c,c++,fortran,objc,obj-c++ --prefix=/usr --program-suffix=-4.4 --enable-shared --enable-multiarch --enable-linker-build-id --with-system-zlib --libexecdir=/usr/lib --without-included-gettext --enable-threads=posix --with-gxx-include-dir=/usr/include/c++/4.4 --libdir=/usr/lib --enable-nls --with-sysroot=/ --enable-clocale=gnu --enable-libstdcxx-debug --enable-objc-gc --enable-targets=all --disable-werror --with-arch-32=i686 --with-tune=generic --enable-checking=release --build=i686-linux-gnu --host=i686-linux-gnu --target=i686-linux-gnu
Thread model: posix
gcc version 4.4.5 (Ubuntu/Linaro 4.4.4-14ubuntu5.1) 
configure:2514: $? = 0
configure:2503: g++ -V >&5
g++: '-V' option must have argument
configure:2514: $? = 1
configure:2503: g++ -qversion >&5
g++: unrecognized option '-qversion'
g++: no input files
configure:2514: $? = 1
configure:2534: checking whether the C++ compiler works
configure:2556: g++    conftest.cpp  >&5
configure:2560: $? = 0
configure:2608: result: yes
configure:2611: checking for C++ compiler default output file name
configure:2613: result: a.out
configure:2619: checking for suffix of executables
configure:2626: g++ -o conftest    conftest.cpp  >&5
configure:2630: $? = 0
configure:2652: result: 
configure:2674: checking whether we are cross compiling
configure:2682: g++ -o conftest    conftest.cpp  >&5
configure:2686: $? = 0
configure:2693: ./conftest
configure:2697: $? = 0
configure:2712: result: no
configure:2717: checking for suffix of object files
configure:2739: g++ -c   conftest.cpp >&5
configure:2743: $? = 0
configure:2764: result: o
configure:2768: checking whether we are using the GNU C++ compiler
configure:2787: g++ -c   conftest.cpp >&5
configure:2787: $? = 0
configure:2796: result: yes
configure:2805: checking whether g++ accepts -g
configure:2825: g++ -c -g  conftest.cpp >&5
configure:2825: $? = 0
configure:2866: result: yes
configure:2959: checking for gcc
configure:2975: found /usr/bin/gcc
configure:2986: result: gcc
configure:3215: checking for C compiler version
configure:3224: gcc --version >&5
gcc (Ubuntu/Linaro 4.4.4-14ubuntu5.1) 4.4.5
Copyright (C) 2010 Free Software Foundation, Inc.
This is free software; see the source for copying conditions.  There is NO
warranty; not even for MERCHANTABILITY or FITNESS FOR A PARTICULAR PURPOSE.

configure:3235: $? = 0
configure:3224: gcc -v >&5
Using built-in specs.
Target: i686-linux-gnu
Configured with: ../src/configure -v --with-pkgversion='Ubuntu/Linaro 4.4.4-14ubuntu5.1' --with-bugurl=file:///usr/share/doc/gcc-4.4/README.Bugs --enable-languages=c,c++,fortran,objc,obj-c++ --prefix=/usr --program-suffix=-4.4 --enable-shared --enable-multiarch --enable-linker-build-id --with-system-zlib --libexecdir=/usr/lib --without-included-gettext --enable-threads=posix --with-gxx-include-dir=/usr/include/c++/4.4 --libdir=/usr/lib --enable-nls --with-sysroot=/ --enable-clocale=gnu --enable-libstdcxx-debug --enable-objc-gc --enable-targets=all --disable-werror --with-arch-32=i686 --with-tune=generic --enable-checking=release --build=i686-linux-gnu --host=i686-linux-gnu --target=i686-linux-gnu
Thread model: posix
gcc version 4.4.5 (Ubuntu/Linaro 4.4.4-14ubuntu5.1) 
configure:3235: $? = 0
configure:3224: gcc -V >&5
gcc: '-V' option must have argument
configure:3235: $? = 1
configure:3224: gcc -qversion >&5
gcc: unrecognized option '-qversion'
gcc: no input files
configure:3235: $? = 1
configure:3239: checking whether we are using the GNU C compiler
configure:3258: gcc -c   conftest.c >&5
configure:3258: $? = 0
configure:3267: result: yes
configure:3276: checking whether gcc accepts -g
configure:3296: gcc -c -g  conftest.c >&5
configure:3296: $? = 0
configure:3337: result: yes
configure:3354: checking for gcc option to accept ISO C89
configure:3417: gcc  -c -g -O2  conftest.c >&5
configure:3417: $? = 0
configure:3430: result: none needed
configure:3458: checking for special C compiler options needed for large files
configure:3503: result: no
configure:3509: checking for _FILE_OFFSET_BITS value needed for large files
configure:3534: gcc -c -g -O2  conftest.c >&5
conftest.c:15: warning: left shift count >= width of type
conftest.c:15: warning: left shift count >= width of type
conftest.c:17: error: size of array 'off_t_is_large' is negative
configure:3534: $? = 1
configure: failed program was:
| /* confdefs.h */
| #define PACKAGE_NAME "Recoll"
| #define PACKAGE_TARNAME "recoll"
| #define PACKAGE_VERSION "1.19.0"
| #define PACKAGE_STRING "Recoll 1.19.0"
| #define PACKAGE_BUGREPORT ""
| #define PACKAGE_URL ""
| /* end confdefs.h.  */
| #include <sys/types.h>
|  /* Check that off_t can represent 2**63 - 1 correctly.
|     We can't simply define LARGE_OFF_T to be 9223372036854775807,
|     since some C++ compilers masquerading as C compilers
|     incorrectly reject 9223372036854775807.  */
| #define LARGE_OFF_T (((off_t) 1 << 62) - 1 + ((off_t) 1 << 62))
|   int off_t_is_large[(LARGE_OFF_T % 2147483629 == 721
| 		       && LARGE_OFF_T % 2147483647 == 1)
| 		      ? 1 : -1];
| int
| main ()
| {
| 
|   ;
|   return 0;
| }
configure:3558: gcc -c -g -O2  conftest.c >&5
configure:3558: $? = 0
configure:3566: result: 64
configure:3658: checking how to run the C preprocessor
configure:3689: gcc -E  conftest.c
configure:3689: $? = 0
configure:3703: gcc -E  conftest.c
conftest.c:10: fatal error: ac_nonexistent.h: No such file or directory
compilation terminated.
configure:3703: $? = 1
configure: failed program was:
| /* confdefs.h */
| #define PACKAGE_NAME "Recoll"
| #define PACKAGE_TARNAME "recoll"
| #define PACKAGE_VERSION "1.19.0"
| #define PACKAGE_STRING "Recoll 1.19.0"
| #define PACKAGE_BUGREPORT ""
| #define PACKAGE_URL ""
| #define _FILE_OFFSET_BITS 64
| /* end confdefs.h.  */
| #include <ac_nonexistent.h>
configure:3728: result: gcc -E
configure:3748: gcc -E  conftest.c
configure:3748: $? = 0
configure:3762: gcc -E  conftest.c
conftest.c:10: fatal error: ac_nonexistent.h: No such file or directory
compilation terminated.
configure:3762: $? = 1
configure: failed program was:
| /* confdefs.h */
| #define PACKAGE_NAME "Recoll"
| #define PACKAGE_TARNAME "recoll"
| #define PACKAGE_VERSION "1.19.0"
| #define PACKAGE_STRING "Recoll 1.19.0"
| #define PACKAGE_BUGREPORT ""
| #define PACKAGE_URL ""
| #define _FILE_OFFSET_BITS 64
| /* end confdefs.h.  */
| #include <ac_nonexistent.h>
configure:3791: checking for grep that handles long lines and -e
configure:3849: result: /bin/grep
configure:3854: checking for egrep
configure:3916: result: /bin/grep -E
configure:3921: checking for ANSI C header files
configure:3941: gcc -c -g -O2  conftest.c >&5
configure:3941: $? = 0
configure:4014: gcc -o conftest -g -O2   conftest.c  >&5
configure:4014: $? = 0
configure:4014: ./conftest
configure:4014: $? = 0
configure:4025: result: yes
configure:4038: checking for sys/types.h
configure:4038: gcc -c -g -O2  conftest.c >&5
configure:4038: $? = 0
configure:4038: result: yes
configure:4038: checking for sys/stat.h
configure:4038: gcc -c -g -O2  conftest.c >&5
configure:4038: $? = 0
configure:4038: result: yes
configure:4038: checking for stdlib.h
configure:4038: gcc -c -g -O2  conftest.c >&5
configure:4038: $? = 0
configure:4038: result: yes
configure:4038: checking for string.h
configure:4038: gcc -c -g -O2  conftest.c >&5
configure:4038: $? = 0
configure:4038: result: yes
configure:4038: checking for memory.h
configure:4038: gcc -c -g -O2  conftest.c >&5
configure:4038: $? = 0
configure:4038: result: yes
configure:4038: checking for strings.h
configure:4038: gcc -c -g -O2  conftest.c >&5
configure:4038: $? = 0
configure:4038: result: yes
configure:4038: checking for inttypes.h
configure:4038: gcc -c -g -O2  conftest.c >&5
configure:4038: $? = 0
configure:4038: result: yes
configure:4038: checking for stdint.h
configure:4038: gcc -c -g -O2  conftest.c >&5
configure:4038: $? = 0
configure:4038: result: yes
configure:4038: checking for unistd.h
configure:4038: gcc -c -g -O2  conftest.c >&5
configure:4038: $? = 0
configure:4038: result: yes
configure:4052: checking sys/param.h usability
configure:4052: gcc -c -g -O2  conftest.c >&5
configure:4052: $? = 0
configure:4052: result: yes
configure:4052: checking sys/param.h presence
configure:4052: gcc -E  conftest.c
configure:4052: $? = 0
configure:4052: result: yes
configure:4052: checking for sys/param.h
configure:4052: result: yes
configure:4066: checking for sys/mount.h
configure:4066: gcc -c -g -O2  conftest.c >&5
configure:4066: $? = 0
configure:4066: result: yes
configure:4066: checking for sys/statfs.h
configure:4066: gcc -c -g -O2  conftest.c >&5
configure:4066: $? = 0
configure:4066: result: yes
configure:4066: checking for sys/statvfs.h
configure:4066: gcc -c -g -O2  conftest.c >&5
configure:4066: $? = 0
configure:4066: result: yes
configure:4066: checking for sys/vfs.h
configure:4066: gcc -c -g -O2  conftest.c >&5
configure:4066: $? = 0
configure:4066: result: yes
configure:4095: checking for file
configure:4113: found /usr/bin/file
configure:4125: result: /usr/bin/file
configure:4171: checking for aspell
configure:4189: found /usr/bin/aspell
configure:4201: result: /usr/bin/aspell
configure:4265: enabled support for inotify monitoring
configure:4289: FAM support enabled but inotify support also enabled. Disabling FAM support and using inotify
configure:4436: checking for mkdtemp
configure:4436: gcc -o conftest -g -O2   conftest.c  >&5
configure:4436: $? = 0
configure:4436: result: yes
configure:4476: g++ -o conftest -g -O2  -I${exec_prefix}/lib/../include  -L${exec_prefix}/lib conftest.cpp  >&5
configure:4476: $? = 0
configure:4522: checking for type of inbuf parameter to iconv
configure:4540: g++ -c -g -O2  -I${exec_prefix}/lib/../include conftest.cpp >&5
conftest.cpp: In function 'int main()':
conftest.cpp:43: error: invalid conversion from 'const char**' to 'char**'
conftest.cpp:43: error:   initializing argument 2 of 'size_t iconv(void*, char**, size_t*, char**, size_t*)'
configure:4540: $? = 1
configure: failed program was:
| /* confdefs.h */
| #define PACKAGE_NAME "Recoll"
| #define PACKAGE_TARNAME "recoll"
| #define PACKAGE_VERSION "1.19.0"
| #define PACKAGE_STRING "Recoll 1.19.0"
| #define PACKAGE_BUGREPORT ""
| #define PACKAGE_URL ""
| #define _FILE_OFFSET_BITS 64
| #define STDC_HEADERS 1
| #define HAVE_SYS_TYPES_H 1
| #define HAVE_SYS_STAT_H 1
| #define HAVE_STDLIB_H 1
| #define HAVE_STRING_H 1
| #define HAVE_MEMORY_H 1
| #define HAVE_STRINGS_H 1
| #define HAVE_INTTYPES_H 1
| #define HAVE_STDINT_H 1
| #define HAVE_UNISTD_H 1
| #define HAVE_SYS_PARAM_H 1
| #define HAVE_SYS_MOUNT_H 1
| #define HAVE_SYS_STATFS_H 1
| #define HAVE_SYS_STATVFS_H 1
| #define HAVE_SYS_VFS_H 1
| #define FILE_PROG "/usr/bin/file"
| #define USE_SYSTEM_FILE_COMMAND 1
| #define RCL_USE_ASPELL 1
| #define ASPELL_PROG "/usr/bin/aspell"
| #define ASPELL_INCLUDE "/usr/include/aspell.h"
| #define RCL_MONITOR 1
| #define RCL_USE_INOTIFY 1
| #define RCL_USE_XATTR 1
| #define IDX_THREADS 1
| #define HAVE_MKDTEMP 1
| /* end confdefs.h.  */
| 
|     #include <stddef.h>
|     #include <iconv.h>
| 
| int
| main ()
| {
| 
|     iconv(0,(const char **)0,(size_t *)0,(char **)0,(size_t *)0);
| 
|   ;
|   return 0;
| }
configure:4554: checking for type of string parameter to putenv
configure:4571: g++ -c -g -O2  -I${exec_prefix}/lib/../include conftest.cpp >&5
conftest.cpp: In function 'int main()':
conftest.cpp:42: error: invalid conversion from 'const char*' to 'char*'
conftest.cpp:42: error:   initializing argument 1 of 'int putenv(char*)'
configure:4571: $? = 1
configure: failed program was:
| /* confdefs.h */
| #define PACKAGE_NAME "Recoll"
| #define PACKAGE_TARNAME "recoll"
| #define PACKAGE_VERSION "1.19.0"
| #define PACKAGE_STRING "Recoll 1.19.0"
| #define PACKAGE_BUGREPORT ""
| #define PACKAGE_URL ""
| #define _FILE_OFFSET_BITS 64
| #define STDC_HEADERS 1
| #define HAVE_SYS_TYPES_H 1
| #define HAVE_SYS_STAT_H 1
| #define HAVE_STDLIB_H 1
| #define HAVE_STRING_H 1
| #define HAVE_MEMORY_H 1
| #define HAVE_STRINGS_H 1
| #define HAVE_INTTYPES_H 1
| #define HAVE_STDINT_H 1
| #define HAVE_UNISTD_H 1
| #define HAVE_SYS_PARAM_H 1
| #define HAVE_SYS_MOUNT_H 1
| #define HAVE_SYS_STATFS_H 1
| #define HAVE_SYS_STATVFS_H 1
| #define HAVE_SYS_VFS_H 1
| #define FILE_PROG "/usr/bin/file"
| #define USE_SYSTEM_FILE_COMMAND 1
| #define RCL_USE_ASPELL 1
| #define ASPELL_PROG "/usr/bin/aspell"
| #define ASPELL_INCLUDE "/usr/include/aspell.h"
| #define RCL_MONITOR 1
| #define RCL_USE_INOTIFY 1
| #define RCL_USE_XATTR 1
| #define IDX_THREADS 1
| #define HAVE_MKDTEMP 1
| /* end confdefs.h.  */
| 
|     #include <stdlib.h>
| 
| int
| main ()
| {
| 
|     putenv((const char *)0);
| 
|   ;
|   return 0;
| }
configure:4587: checking for xapian-config
configure:4605: found /usr/bin/xapian-config
configure:4618: result: /usr/bin/xapian-config
configure:4708: checking for qmake
configure:4726: found /usr/bin/qmake
configure:4739: result: /usr/bin/qmake
configure:4773: using qt version 4 user interface
configure:4869: checking how to run the C++ preprocessor
configure:4896: g++ -E  -I${exec_prefix}/lib/../include conftest.cpp
configure:4896: $? = 0
configure:4910: g++ -E  -I${exec_prefix}/lib/../include conftest.cpp
conftest.cpp:35: fatal error: ac_nonexistent.h: No such file or directory
compilation terminated.
configure:4910: $? = 1
configure: failed program was:
| /* confdefs.h */
| #define PACKAGE_NAME "Recoll"
| #define PACKAGE_TARNAME "recoll"
| #define PACKAGE_VERSION "1.19.0"
| #define PACKAGE_STRING "Recoll 1.19.0"
| #define PACKAGE_BUGREPORT ""
| #define PACKAGE_URL ""
| #define _FILE_OFFSET_BITS 64
| #define STDC_HEADERS 1
| #define HAVE_SYS_TYPES_H 1
| #define HAVE_SYS_STAT_H 1
| #define HAVE_STDLIB_H 1
| #define HAVE_STRING_H 1
| #define HAVE_MEMORY_H 1
| #define HAVE_STRINGS_H 1
| #define HAVE_INTTYPES_H 1
| #define HAVE_STDINT_H 1
| #define HAVE_UNISTD_H 1
| #define HAVE_SYS_PARAM_H 1
| #define HAVE_SYS_MOUNT_H 1
| #define HAVE_SYS_STATFS_H 1
| #define HAVE_SYS_STATVFS_H 1
| #define HAVE_SYS_VFS_H 1
| #define FILE_PROG "/usr/bin/file"
| #define USE_SYSTEM_FILE_COMMAND 1
| #define RCL_USE_ASPELL 1
| #define ASPELL_PROG "/usr/bin/aspell"
| #define ASPELL_INCLUDE "/usr/include/aspell.h"
| #define RCL_MONITOR 1
| #define RCL_USE_INOTIFY 1
| #define RCL_USE_XATTR 1
| #define IDX_THREADS 1
| #define HAVE_MKDTEMP 1
| /* end confdefs.h.  */
| #include <ac_nonexistent.h>
configure:4935: result: g++ -E
configure:4955: g++ -E  -I${exec_prefix}/lib/../include conftest.cpp
configure:4955: $? = 0
configure:4969: g++ -E  -I${exec_prefix}/lib/../include conftest.cpp
conftest.cpp:35: fatal error: ac_nonexistent.h: No such file or directory
compilation terminated.
configure:4969: $? = 1
configure: failed program was:
| /* confdefs.h */
| #define PACKAGE_NAME "Recoll"
| #define PACKAGE_TARNAME "recoll"
| #define PACKAGE_VERSION "1.19.0"
| #define PACKAGE_STRING "Recoll 1.19.0"
| #define PACKAGE_BUGREPORT ""
| #define PACKAGE_URL ""
| #define _FILE_OFFSET_BITS 64
| #define STDC_HEADERS 1
| #define HAVE_SYS_TYPES_H 1
| #define HAVE_SYS_STAT_H 1
| #define HAVE_STDLIB_H 1
| #define HAVE_STRING_H 1
| #define HAVE_MEMORY_H 1
| #define HAVE_STRINGS_H 1
| #define HAVE_INTTYPES_H 1
| #define HAVE_STDINT_H 1
| #define HAVE_UNISTD_H 1
| #define HAVE_SYS_PARAM_H 1
| #define HAVE_SYS_MOUNT_H 1
| #define HAVE_SYS_STATFS_H 1
| #define HAVE_SYS_STATVFS_H 1
| #define HAVE_SYS_VFS_H 1
| #define FILE_PROG "/usr/bin/file"
| #define USE_SYSTEM_FILE_COMMAND 1
| #define RCL_USE_ASPELL 1
| #define ASPELL_PROG "/usr/bin/aspell"
| #define ASPELL_INCLUDE "/usr/include/aspell.h"
| #define RCL_MONITOR 1
| #define RCL_USE_INOTIFY 1
| #define RCL_USE_XATTR 1
| #define IDX_THREADS 1
| #define HAVE_MKDTEMP 1
| /* end confdefs.h.  */
| #include <ac_nonexistent.h>
configure:4998: checking for X
configure:5137: g++ -o conftest -g -O2  -I${exec_prefix}/lib/../include  conftest.cpp -lX11  >&5
configure:5137: $? = 0
configure:5187: result: libraries , headers 
configure:5286: g++ -o conftest -g -O2  -I${exec_prefix}/lib/../include  conftest.cpp   -lX11 >&5
configure:5286: $? = 0
configure:5384: checking for gethostbyname
configure:5384: g++ -o conftest -g -O2  -I${exec_prefix}/lib/../include  conftest.cpp  >&5
configure:5384: $? = 0
configure:5384: result: yes
configure:5481: checking for connect
configure:5481: g++ -o conftest -g -O2  -I${exec_prefix}/lib/../include  conftest.cpp  >&5
configure:5481: $? = 0
configure:5481: result: yes
configure:5530: checking for remove
configure:5530: g++ -o conftest -g -O2  -I${exec_prefix}/lib/../include  conftest.cpp  >&5
configure:5530: $? = 0
configure:5530: result: yes
configure:5579: checking for shmat
configure:5579: g++ -o conftest -g -O2  -I${exec_prefix}/lib/../include  conftest.cpp  >&5
configure:5579: $? = 0
configure:5579: result: yes
configure:5637: checking for IceConnectionNumber in -lICE
configure:5662: g++ -o conftest -g -O2  -I${exec_prefix}/lib/../include  conftest.cpp -lICE   >&5
configure:5662: $? = 0
configure:5671: result: yes
configure:5870: creating ./config.status

## ---------------------- ##
## Running config.status. ##
## ---------------------- ##

This file was extended by Recoll config.status 1.19.0, which was
generated by GNU Autoconf 2.69.  Invocation command line was

  CONFIG_FILES    = 
  CONFIG_HEADERS  = 
  CONFIG_LINKS    = 
  CONFIG_COMMANDS = 
  $ ./config.status 

on elegy

config.status:856: creating qtgui/recoll.pro
config.status:856: creating mk/localdefs.new
config.status:856: creating recollinstall
config.status:856: creating Makefile
config.status:856: creating sampleconf/recoll.conf
config.status:856: creating common/rclversion.h
config.status:856: creating python/recoll/setup.py
config.status:856: creating common/autoconfig.h

## ---------------- ##
## Cache variables. ##
## ---------------- ##

ac_cv_c_compiler_gnu=yes
ac_cv_cxx_compiler_gnu=yes
ac_cv_env_CCC_set=
ac_cv_env_CCC_value=
ac_cv_env_CC_set=
ac_cv_env_CC_value=
ac_cv_env_CFLAGS_set=
ac_cv_env_CFLAGS_value=
ac_cv_env_CPPFLAGS_set=
ac_cv_env_CPPFLAGS_value=
ac_cv_env_CPP_set=
ac_cv_env_CPP_value=
ac_cv_env_CXXCPP_set=
ac_cv_env_CXXCPP_value=
ac_cv_env_CXXFLAGS_set=
ac_cv_env_CXXFLAGS_value=
ac_cv_env_CXX_set=
ac_cv_env_CXX_value=
ac_cv_env_LDFLAGS_set=
ac_cv_env_LDFLAGS_value=
ac_cv_env_LIBS_set=
ac_cv_env_LIBS_value=
ac_cv_env_XMKMF_set=
ac_cv_env_XMKMF_value=
ac_cv_env_build_alias_set=
ac_cv_env_build_alias_value=
ac_cv_env_host_alias_set=
ac_cv_env_host_alias_value=
ac_cv_env_target_alias_set=
ac_cv_env_target_alias_value=
ac_cv_func_connect=yes
ac_cv_func_gethostbyname=yes
ac_cv_func_mkdtemp=yes
ac_cv_func_remove=yes
ac_cv_func_shmat=yes
ac_cv_have_x='have_x=yes	ac_x_includes='\'''\''	ac_x_libraries='\'''\'''
ac_cv_header_inttypes_h=yes
ac_cv_header_memory_h=yes
ac_cv_header_stdc=yes
ac_cv_header_stdint_h=yes
ac_cv_header_stdlib_h=yes
ac_cv_header_string_h=yes
ac_cv_header_strings_h=yes
ac_cv_header_sys_mount_h=yes
ac_cv_header_sys_param_h=yes
ac_cv_header_sys_stat_h=yes
ac_cv_header_sys_statfs_h=yes
ac_cv_header_sys_statvfs_h=yes
ac_cv_header_sys_types_h=yes
ac_cv_header_sys_vfs_h=yes
ac_cv_header_unistd_h=yes
ac_cv_lib_ICE_IceConnectionNumber=yes
ac_cv_objext=o
ac_cv_path_EGREP='/bin/grep -E'
ac_cv_path_GREP=/bin/grep
ac_cv_path_QMAKEPATH=/usr/bin/qmake
ac_cv_path_XAPIAN_CONFIG=/usr/bin/xapian-config
ac_cv_path_aspellProg=/usr/bin/aspell
ac_cv_path_fileProg=/usr/bin/file
ac_cv_prog_CPP='gcc -E'
ac_cv_prog_CXXCPP='g++ -E'
ac_cv_prog_ac_ct_CC=gcc
ac_cv_prog_ac_ct_CXX=g++
ac_cv_prog_cc_c89=
ac_cv_prog_cc_g=yes
ac_cv_prog_cxx_g=yes
ac_cv_sys_file_offset_bits=64
ac_cv_sys_largefile_CC=no

## ----------------- ##
## Output variables. ##
## ----------------- ##

CC='gcc'
CFLAGS='-g -O2'
CPP='gcc -E'
CPPFLAGS=' -I${exec_prefix}/lib/../include'
CXX='g++'
CXXCPP='g++ -E'
CXXFLAGS='-g -O2'
DEFS='-DHAVE_CONFIG_H'
ECHO_C=''
ECHO_N='-n'
ECHO_T=''
EGREP='/bin/grep -E'
EXEEXT=''
GREP='/bin/grep'
HAVE_MKDTEMP=''
INCICONV='-I${exec_prefix}/lib/../include'
LDFLAGS=''
LIBFAM=''
LIBICONV='-L${exec_prefix}/lib'
LIBOBJS=''
LIBQZEITGEIST=''
LIBS=''
LIBXAPIAN=' -lxapian -lz'
LIBXAPIANDIR=''
LIBXAPIANSTATICEXTRA='-lxapian -lz -luuid'
LTLIBOBJS=''
NOCMDLINE='#'
NOPIC=''
NOPYTHON=''
NOQTMAKE=''
NOTHREADS=''
OBJEXT='o'
PACKAGE_BUGREPORT=''
PACKAGE_NAME='Recoll'
PACKAGE_STRING='Recoll 1.19.0'
PACKAGE_TARNAME='recoll'
PACKAGE_URL=''
PACKAGE_VERSION='1.19.0'
PATH_SEPARATOR=':'
QMAKE='/usr/bin/qmake'
QMAKEPATH='/usr/bin/qmake'
QMAKE_DISABLE_WEBKIT='#'
QMAKE_DISABLE_ZEITGEIST=''
QMAKE_ENABLE_WEBKIT=''
QMAKE_ENABLE_ZEITGEIST='#'
QTGUI='qtgui'
QTRECOLL_DATADIR='/usr/share/recoll'
RCLLIBVERSION='1.19.5'
RCLVERSION='1.19.5'
SHELL='/bin/bash'
XAPIANCXXFLAGS=''
XAPIAN_CONFIG='/usr/bin/xapian-config'
XMKMF=''
X_CFLAGS=''
X_EXTRA_LIBS=''
X_LIBS=''
X_LIBX11='-lX11'
X_PRE_LIBS=' -lSM -lICE'
ac_ct_CC='gcc'
ac_ct_CXX='g++'
aspellProg='/usr/bin/aspell'
bindir='${exec_prefix}/bin'
build_alias=''
datadir='${datarootdir}'
datarootdir='${prefix}/share'
docdir='${datarootdir}/doc/${PACKAGE_TARNAME}'
dvidir='${docdir}'
exec_prefix='${prefix}'
fileProg='/usr/bin/file'
host_alias=''
htmldir='${docdir}'
includedir='${prefix}/include'
infodir='${datarootdir}/info'
libdir='${exec_prefix}/lib'
libexecdir='${exec_prefix}/libexec'
localedir='${datarootdir}/locale'
localstatedir='${prefix}/var'
mandir='${datarootdir}/man'
oldincludedir='/usr/include'
pdfdir='${docdir}'
prefix='/usr'
program_transform_name='s,x,x,'
psdir='${docdir}'
sbindir='${exec_prefix}/sbin'
sharedstatedir='${prefix}/com'
sysconfdir='${prefix}/etc'
target_alias=''

## ----------- ##
## confdefs.h. ##
## ----------- ##

/* confdefs.h */
#define PACKAGE_NAME "Recoll"
#define PACKAGE_TARNAME "recoll"
#define PACKAGE_VERSION "1.19.0"
#define PACKAGE_STRING "Recoll 1.19.0"
#define PACKAGE_BUGREPORT ""
#define PACKAGE_URL ""
#define _FILE_OFFSET_BITS 64
#define STDC_HEADERS 1
#define HAVE_SYS_TYPES_H 1
#define HAVE_SYS_STAT_H 1
#define HAVE_STDLIB_H 1
#define HAVE_STRING_H 1
#define HAVE_MEMORY_H 1
#define HAVE_STRINGS_H 1
#define HAVE_INTTYPES_H 1
#define HAVE_STDINT_H 1
#define HAVE_UNISTD_H 1
#define HAVE_SYS_PARAM_H 1
#define HAVE_SYS_MOUNT_H 1
#define HAVE_SYS_STATFS_H 1
#define HAVE_SYS_STATVFS_H 1
#define HAVE_SYS_VFS_H 1
#define FILE_PROG "/usr/bin/file"
#define USE_SYSTEM_FILE_COMMAND 1
#define RCL_USE_ASPELL 1
#define ASPELL_PROG "/usr/bin/aspell"
#define ASPELL_INCLUDE "/usr/include/aspell.h"
#define RCL_MONITOR 1
#define RCL_USE_INOTIFY 1
#define RCL_USE_XATTR 1
#define IDX_THREADS 1
#define HAVE_MKDTEMP 1

configure: exit 0
