Source directory entry etc already used! - trying etc_1
Source directory entry proc already used! - trying proc_1
Source directory entry dev already used! - trying dev_1
Source directory entry tmp already used! - trying tmp_1
Source directory entry var already used! - trying var_1
Source directory entry sys already used! - trying sys_1
Cannot stat dir/file //home/kyan/.gvfs because Permission denied, ignoringSource directory entry mnt already used! - trying mnt_1
Source directory entry media already used! - trying media_1

File //home/kyan/.xsession-errors changed size while reading filesystem, attempting to re-read

Read failed because Input/output error

Failed to read file //lib/modules/2.6.38-8-lowlatency/kernel/drivers/char/epca.ko, creating empty file

Read failed because Input/output error

Failed to read file //usr/lib/mono/gac/gnome-sharp/2.24.0.0__35e10195dab3c99f/gnome-sharp.dll, creating empty file

Read failed because Input/output error

Failed to read file //usr/lib/mono/gac/policy.2.20.gnome-vfs-sharp/0.0.0.0__35e10195dab3c99f/policy.2.20.gnome-vfs-sharp.dll, creating empty file

Read failed because Input/output error

Failed to read file //usr/lib/perl/5.10.1/auto/POSIX/POSIX.so, creating empty file

Read failed because Input/output error

Failed to read file //usr/lib/python2.6/dist-packages/bzrlib/tests/test_bundle.pyc, creating empty file

Read failed because Input/output error

Failed to read file //usr/lib/python2.6/dist-packages/bzrlib/tests/test_lockdir.pyc, creating empty file

Read failed because Input/output error

Failed to read file //usr/lib/python2.6/dist-packages/bzrlib/tests/test_missing.pyc, creating empty file

Read failed because Input/output error

Failed to read file //usr/share/notify-osd/icons/gnome/scalable/status/notification-battery-030-plugged.svg, creating empty file

Read failed because Input/output error

Failed to read file //usr/share/notify-osd/icons/gnome/scalable/status/notification-device-eject.svg, creating empty file

Read failed because Input/output error

Failed to read file //usr/share/notify-osd/icons/gnome/scalable/status/notification-display-brightness-full.svg, creating empty file

Read failed because Input/output error

Failed to read file //usr/share/notify-osd/icons/gnome/scalable/status/notification-display-brightness-medium.svg, creating empty file

Read failed because Input/output error

Failed to read file //usr/share/notify-osd/icons/gnome/scalable/status/notification-gsm-3g-full.svg, creating empty file

Read failed because Input/output error

Failed to read file //usr/share/notify-osd/icons/gnome/scalable/status/notification-gsm-h-low.svg, creating empty file
------------------------------------------------------
Mount information
/dev/sda5 on / type ext4 (rw,errors=remount-ro,commit=600)
proc on /proc type proc (rw,noexec,nosuid,nodev)
none on /sys type sysfs (rw,noexec,nosuid,nodev)
none on /sys/kernel/debug type debugfs (rw)
none on /sys/kernel/security type securityfs (rw)
none on /dev type devtmpfs (rw,mode=0755)
none on /dev/pts type devpts (rw,noexec,nosuid,gid=5,mode=0620)
none on /dev/shm type tmpfs (rw,nosuid,nodev)
none on /var/run type tmpfs (rw,nosuid,mode=0755)
none on /var/lock type tmpfs (rw,noexec,nosuid,nodev)
binfmt_misc on /proc/sys/fs/binfmt_misc type binfmt_misc (rw,noexec,nosuid,nodev)
fusectl on /sys/fs/fuse/connections type fusectl (rw)
gvfs-fuse-daemon on /home/kyan/.gvfs type fuse.gvfs-fuse-daemon (rw,nosuid,nodev,user=kyan)
gvfs-fuse-daemon on /root/.gvfs type fuse.gvfs-fuse-daemon (rw,nosuid,nodev)
------------------------------------------------------
Casper Script info
total 144
-rwxr-xr-x 1 root root  297 2011-01-20 09:30 01integrity_check
-rwxr-xr-x 1 root root  383 2011-01-20 09:30 05mountpoints
-rwxr-xr-x 1 root root  571 2011-01-20 09:30 07remove_oem_config
-rw-r--r-- 1 root root 3375 2011-01-20 09:30 10adduser
-rwxr-xr-x 1 root root  400 2011-01-20 09:30 12fstab
-rwxr-xr-x 1 root root  830 2011-01-20 09:30 13swap
-rwxr-xr-x 1 root root 1431 2011-01-20 09:30 14locales
-rw-r--r-- 1 root root 1751 2011-01-20 09:30 15autologin
-rwxr-xr-x 1 root root  577 2011-01-20 09:30 18hostname
-rwxr-xr-x 1 root root 7529 2011-01-20 09:30 19keyboard
-rwxr-xr-x 1 root root  546 2011-01-20 09:30 20xconfig
-rwxr-xr-x 1 root root  531 2011-01-20 09:30 22gnome_panel_data
-rwxr-xr-x 1 root root  904 2011-01-20 09:30 22screensaver
-rwxr-xr-x 1 root root  577 2011-01-20 09:30 22serialtty
-rwxr-xr-x 1 root root  410 2011-01-20 09:30 22sslcert
-rwxr-xr-x 1 root root  380 2011-01-20 09:30 23etc_modules
-rwxr-xr-x 1 root root 3006 2011-01-20 09:30 23networking
-rwxr-xr-x 1 root root 1979 2011-01-20 09:30 24preseed
-rwxr-xr-x 1 root root 1996 2011-01-20 09:30 25configure_init
-rwxr-xr-x 1 root root 9144 2011-01-20 09:30 30accessibility
-rwxr-xr-x 1 root root  759 2011-01-20 09:30 31disable_update_notifier
-rwxr-xr-x 1 root root  817 2011-01-20 09:30 32disable_hibernation
-rwxr-xr-x 1 root root  369 2011-01-20 09:30 33enable_apport_crashes
-rwxr-xr-x 1 root root  892 2011-01-20 09:30 34disable_kde_services
-rwxr-xr-x 1 root root  562 2011-01-20 09:30 35fix_language_selector
-rwxr-xr-x 1 root root  407 2011-01-20 09:30 36disable_trackerd
-rwxr-xr-x 1 root root  908 2011-01-20 09:30 40install_driver_updates
-rwxr-xr-x 1 root root  432 2011-01-20 09:30 41apt_cdrom
-rwxr-xr-x 1 root root  847 2011-01-20 09:32 43disable_updateinitramfs
-rwxr-xr-x 1 root root 1261 2011-01-20 09:30 44pk_allow_ubuntu
-rwxr-xr-x 1 root root  325 2011-01-20 09:30 45disable_guest_account
-rwxr-xr-x 1 root root 1191 2011-01-20 09:30 47une_ubiquity
-rwxr-xr-x 1 root root  214 2011-01-20 09:30 48kubuntu_disable_restart_notifications
------------------------------------------------------
/etc/remastersys.conf info
#Remastersys Global Configuration File


# This is the temporary working directory and won't be included on the cd/dvd
WORKDIR="/home/remastersys"


# Here you can add any other files or directories to be excluded from the live filesystem
# Separate each entry with a space
EXCLUDES="/omit"


# Here you can change the livecd/dvd username
LIVEUSER="kyan"


# Here you can change the name of the livecd/dvd label
LIVECDLABEL="Wreathe 6: Forest"


# Here you can change the name of the ISO file that is created
CUSTOMISO="wreathe6.iso"


# Here you can change the url for the usb-creator info
LIVECDURL="http://www.geekconnection.org/remastersys"

------------------------------------------------------
/etc/casper.conf info
# This file should go in /etc/casper.conf
# Supported variables are:
# USERNAME, USERFULLNAME, HOST, BUILD_SYSTEM
 
export USERNAME="kyan"
export USERFULLNAME="Live session user"
export HOST="kyan"
export BUILD_SYSTEM="Ubuntu"
------------------------------------------------------
/etc/passwd info
root:x:0:0:root:/root:/bin/bash
daemon:x:1:1:daemon:/usr/sbin:/bin/sh
bin:x:2:2:bin:/bin:/bin/sh
sys:x:3:3:sys:/dev:/bin/sh
sync:x:4:65534:sync:/bin:/bin/sync
games:x:5:60:games:/usr/games:/bin/sh
man:x:6:12:man:/var/cache/man:/bin/sh
lp:x:7:7:lp:/var/spool/lpd:/bin/sh
mail:x:8:8:mail:/var/mail:/bin/sh
news:x:9:9:news:/var/spool/news:/bin/sh
uucp:x:10:10:uucp:/var/spool/uucp:/bin/sh
proxy:x:13:13:proxy:/bin:/bin/sh
www-data:x:33:33:www-data:/var/www:/bin/sh
backup:x:34:34:backup:/var/backups:/bin/sh
list:x:38:38:Mailing List Manager:/var/list:/bin/sh
irc:x:39:39:ircd:/var/run/ircd:/bin/sh
gnats:x:41:41:Gnats Bug-Reporting System (admin):/var/lib/gnats:/bin/sh
nobody:x:65534:65534:nobody:/nonexistent:/bin/sh
libuuid:x:100:101::/var/lib/libuuid:/bin/sh
syslog:x:101:103::/home/syslog:/bin/false
messagebus:x:102:105::/var/run/dbus:/bin/false
avahi-autoipd:x:103:108:Avahi autoip daemon,,,:/var/lib/avahi-autoipd:/bin/false
avahi:x:104:109:Avahi mDNS daemon,,,:/var/run/avahi-daemon:/bin/false
couchdb:x:105:113:CouchDB Administrator,,,:/var/lib/couchdb:/bin/bash
usbmux:x:106:46:usbmux daemon,,,:/home/usbmux:/bin/false
speech-dispatcher:x:107:29:Speech Dispatcher,,,:/var/run/speech-dispatcher:/bin/sh
kernoops:x:108:65534:Kernel Oops Tracking Daemon,,,:/:/bin/false
pulse:x:109:114:PulseAudio daemon,,,:/var/run/pulse:/bin/false
rtkit:x:110:117:RealtimeKit,,,:/proc:/bin/false
saned:x:111:118::/home/saned:/bin/false
hplip:x:112:7:HPLIP system user,,,:/var/run/hplip:/bin/false
gdm:x:113:120:Gnome Display Manager:/var/lib/gdm:/bin/false
kyan:x:1000:1000:wreathe,,,,:/home/kyan:/bin/bash
postfix:x:114:123::/var/spool/postfix:/bin/false
ntp:x:115:125::/home/ntp:/bin/false
haldaemon:x:116:127:Hardware abstraction layer,,,:/var/run/hald:/bin/false
kdm:x:117:65534::/home/kdm:/bin/false
dnsmasq:x:118:65534:dnsmasq,,,:/var/lib/misc:/bin/false
------------------------------------------------------
/etc/group info
root:x:0:
daemon:x:1:
bin:x:2:
sys:x:3:
adm:x:4:kyan
tty:x:5:
disk:x:6:
lp:x:7:
mail:x:8:
news:x:9:
uucp:x:10:
man:x:12:
proxy:x:13:
kmem:x:15:
dialout:x:20:kyan
fax:x:21:kyan
voice:x:22:
cdrom:x:24:kyan
floppy:x:25:kyan
tape:x:26:kyan
sudo:x:27:
audio:x:29:pulse,kyan
dip:x:30:kyan
www-data:x:33:
backup:x:34:
operator:x:37:
list:x:38:
irc:x:39:
src:x:40:
gnats:x:41:
shadow:x:42:
utmp:x:43:
video:x:44:kyan
sasl:x:45:
plugdev:x:46:kyan
staff:x:50:
games:x:60:
users:x:100:
nogroup:x:65534:
libuuid:x:101:
crontab:x:102:
syslog:x:103:
fuse:x:104:kyan
messagebus:x:105:
mlocate:x:106:
ssh:x:107:
avahi-autoipd:x:108:
avahi:x:109:
netdev:x:110:
lpadmin:x:111:kyan
ssl-cert:x:112:
couchdb:x:113:
pulse:x:114:
pulse-access:x:115:
utempter:x:116:
rtkit:x:117:
saned:x:118:
admin:x:119:kyan
gdm:x:120:
nopasswdlogin:x:121:
kyan:x:1000:
sambashare:x:122:kyan
postfix:x:123:
postdrop:x:124:
ntp:x:125:
winbindd_priv:x:126:
haldaemon:x:127:
kvm:x:128:
------------------------------------------------------
Command-line options = backup
------------------------------------------------------
 Calculating the installed filesystem size for the installer
