This file contains any messages produced by compilers while
running configure, to aid debugging if configure makes a mistake.

It was created by mpc configure 1.0.1, which was
generated by GNU Autoconf 2.69.  Invocation command line was

  $ ./configure --prefix=/Technical/Wreathe/Wreathe/Development PKG_CONFIG_PATH=/Technical/Wreathe/Wreathe/Development/lib/pkgconfig:/usr/local/lib/pkgconfig:/usr/lib/pkgconfig LD_LIBRARY_PATH=/Technical/Wreathe/Wreathe/Development/lib:/usr/local/lib:/usr/lib C_INCLUDE_PATH=/Technical/Wreathe/Wreathe/Development/include:/usr/local/include:/usr/include

## --------- ##
## Platform. ##
## --------- ##

hostname = elegy
uname -m = i686
uname -r = 2.6.32-46-generic-pae
uname -s = Linux
uname -v = #108-Ubuntu SMP Thu Apr 11 16:11:56 UTC 2013

/usr/bin/uname -p = unknown
/bin/uname -X     = unknown

/bin/arch              = unknown
/usr/bin/arch -k       = unknown
/usr/convex/getsysinfo = unknown
/usr/bin/hostinfo      = unknown
/bin/machine           = unknown
/usr/bin/oslevel       = unknown
/bin/universe          = unknown

PATH: /usr/local/sbin
PATH: /usr/local/bin
PATH: /usr/sbin
PATH: /usr/bin
PATH: /sbin
PATH: /bin
PATH: /usr/games
PATH: /home/kyan/.rvm/bin


## ----------- ##
## Core tests. ##
## ----------- ##

configure:2329: checking for a BSD-compatible install
configure:2397: result: /usr/bin/install -c
configure:2408: checking whether build environment is sane
configure:2458: result: yes
configure:2599: checking for a thread-safe mkdir -p
configure:2638: result: /bin/mkdir -p
configure:2651: checking for gawk
configure:2667: found /usr/bin/gawk
configure:2678: result: gawk
configure:2689: checking whether make sets $(MAKE)
configure:2711: result: yes
configure:2792: checking whether to enable maintainer-specific portions of Makefiles
configure:2801: result: no
configure:2822: checking build system type
configure:2836: result: i686-pc-linux-gnu
configure:2856: checking host system type
configure:2869: result: i686-pc-linux-gnu
configure:3050: checking for grep that handles long lines and -e
configure:3108: result: /bin/grep
configure:3113: checking for egrep
configure:3175: result: /bin/grep -E
configure:3180: checking for a sed that does not truncate output
configure:3244: result: /bin/sed
configure:3251: checking for CC and CFLAGS in gmp.h
configure:3277: result: yes CC=gcc -std=gnu99 CFLAGS=-m32 -O2 -pedantic -fomit-frame-pointer -mtune=pentium3 -march=pentium3
configure:3283: checking for CC=gcc -std=gnu99 and CFLAGS=-m32 -O2 -pedantic -fomit-frame-pointer -mtune=pentium3 -march=pentium3
configure:3287: result: yes
configure:3350: checking for gcc
configure:3377: result: gcc -std=gnu99
configure:3606: checking for C compiler version
configure:3615: gcc -std=gnu99 --version >&5
gcc (Ubuntu/Linaro 4.4.4-14ubuntu5.1) 4.4.5
Copyright (C) 2010 Free Software Foundation, Inc.
This is free software; see the source for copying conditions.  There is NO
warranty; not even for MERCHANTABILITY or FITNESS FOR A PARTICULAR PURPOSE.

configure:3626: $? = 0
configure:3615: gcc -std=gnu99 -v >&5
Using built-in specs.
Target: i686-linux-gnu
Configured with: ../src/configure -v --with-pkgversion='Ubuntu/Linaro 4.4.4-14ubuntu5.1' --with-bugurl=file:///usr/share/doc/gcc-4.4/README.Bugs --enable-languages=c,c++,fortran,objc,obj-c++ --prefix=/usr --program-suffix=-4.4 --enable-shared --enable-multiarch --enable-linker-build-id --with-system-zlib --libexecdir=/usr/lib --without-included-gettext --enable-threads=posix --with-gxx-include-dir=/usr/include/c++/4.4 --libdir=/usr/lib --enable-nls --with-sysroot=/ --enable-clocale=gnu --enable-libstdcxx-debug --enable-objc-gc --enable-targets=all --disable-werror --with-arch-32=i686 --with-tune=generic --enable-checking=release --build=i686-linux-gnu --host=i686-linux-gnu --target=i686-linux-gnu
Thread model: posix
gcc version 4.4.5 (Ubuntu/Linaro 4.4.4-14ubuntu5.1) 
configure:3626: $? = 0
configure:3615: gcc -std=gnu99 -V >&5
gcc: '-V' must come at the start of the command line
configure:3626: $? = 1
configure:3615: gcc -std=gnu99 -qversion >&5
gcc: unrecognized option '-qversion'
gcc: no input files
configure:3626: $? = 1
configure:3646: checking whether the C compiler works
configure:3668: gcc -std=gnu99 -m32 -O2 -pedantic -fomit-frame-pointer -mtune=pentium3 -march=pentium3   conftest.c  >&5
configure:3672: $? = 0
configure:3720: result: yes
configure:3723: checking for C compiler default output file name
configure:3725: result: a.out
configure:3731: checking for suffix of executables
configure:3738: gcc -std=gnu99 -o conftest -m32 -O2 -pedantic -fomit-frame-pointer -mtune=pentium3 -march=pentium3   conftest.c  >&5
configure:3742: $? = 0
configure:3764: result: 
configure:3786: checking whether we are cross compiling
configure:3794: gcc -std=gnu99 -o conftest -m32 -O2 -pedantic -fomit-frame-pointer -mtune=pentium3 -march=pentium3   conftest.c  >&5
configure:3798: $? = 0
configure:3805: ./conftest
configure:3809: $? = 0
configure:3824: result: no
configure:3829: checking for suffix of object files
configure:3851: gcc -std=gnu99 -c -m32 -O2 -pedantic -fomit-frame-pointer -mtune=pentium3 -march=pentium3  conftest.c >&5
configure:3855: $? = 0
configure:3876: result: o
configure:3880: checking whether we are using the GNU C compiler
configure:3899: gcc -std=gnu99 -c -m32 -O2 -pedantic -fomit-frame-pointer -mtune=pentium3 -march=pentium3  conftest.c >&5
configure:3899: $? = 0
configure:3908: result: yes
configure:3917: checking whether gcc -std=gnu99 accepts -g
configure:3937: gcc -std=gnu99 -c -g  conftest.c >&5
configure:3937: $? = 0
configure:3978: result: yes
configure:3995: checking for gcc -std=gnu99 option to accept ISO C89
configure:4058: gcc -std=gnu99  -c -m32 -O2 -pedantic -fomit-frame-pointer -mtune=pentium3 -march=pentium3  conftest.c >&5
configure:4058: $? = 0
configure:4071: result: none needed
configure:4102: checking for style of include used by make
configure:4130: result: GNU
configure:4156: checking dependency style of gcc -std=gnu99
configure:4267: result: gcc3
configure:4340: checking for ar
configure:4356: found /usr/bin/ar
configure:4367: result: ar
configure:4393: checking the archiver (ar) interface
configure:4403: gcc -std=gnu99 -c -m32 -O2 -pedantic -fomit-frame-pointer -mtune=pentium3 -march=pentium3  conftest.c >&5
configure:4403: $? = 0
configure:4405: ar cru libconftest.a conftest.o >&5
configure:4408: $? = 0
configure:4431: result: ar
configure:4499: checking how to print strings
configure:4526: result: printf
configure:4547: checking for a sed that does not truncate output
configure:4611: result: /bin/sed
configure:4629: checking for fgrep
configure:4691: result: /bin/grep -F
configure:4726: checking for ld used by gcc -std=gnu99
configure:4793: result: /usr/bin/ld
configure:4800: checking if the linker (/usr/bin/ld) is GNU ld
configure:4815: result: yes
configure:4827: checking for BSD- or MS-compatible name lister (nm)
configure:4876: result: /usr/bin/nm -B
configure:5006: checking the name lister (/usr/bin/nm -B) interface
configure:5013: gcc -std=gnu99 -c -m32 -O2 -pedantic -fomit-frame-pointer -mtune=pentium3 -march=pentium3  conftest.c >&5
configure:5016: /usr/bin/nm -B "conftest.o"
configure:5019: output
00000000 B some_variable
configure:5026: result: BSD nm
configure:5029: checking whether ln -s works
configure:5033: result: yes
configure:5041: checking the maximum length of command line arguments
configure:5166: result: 1572864
configure:5183: checking whether the shell understands some XSI constructs
configure:5193: result: yes
configure:5197: checking whether the shell understands "+="
configure:5203: result: yes
configure:5238: checking how to convert i686-pc-linux-gnu file names to i686-pc-linux-gnu format
configure:5278: result: func_convert_file_noop
configure:5285: checking how to convert i686-pc-linux-gnu file names to toolchain format
configure:5305: result: func_convert_file_noop
configure:5312: checking for /usr/bin/ld option to reload object files
configure:5319: result: -r
configure:5393: checking for objdump
configure:5409: found /usr/bin/objdump
configure:5420: result: objdump
configure:5452: checking how to recognize dependent libraries
configure:5654: result: pass_all
configure:5739: checking for dlltool
configure:5769: result: no
configure:5799: checking how to associate runtime and link libraries
configure:5826: result: printf %s\n
configure:5950: checking for archiver @FILE support
configure:5967: gcc -std=gnu99 -c -m32 -O2 -pedantic -fomit-frame-pointer -mtune=pentium3 -march=pentium3  conftest.c >&5
configure:5967: $? = 0
configure:5970: ar cru libconftest.a @conftest.lst >&5
configure:5973: $? = 0
configure:5978: ar cru libconftest.a @conftest.lst >&5
ar: conftest.o: No such file or directory
configure:5981: $? = 1
configure:5993: result: @
configure:6051: checking for strip
configure:6067: found /usr/bin/strip
configure:6078: result: strip
configure:6150: checking for ranlib
configure:6166: found /usr/bin/ranlib
configure:6177: result: ranlib
configure:6279: checking command to parse /usr/bin/nm -B output from gcc -std=gnu99 object
configure:6398: gcc -std=gnu99 -c -m32 -O2 -pedantic -fomit-frame-pointer -mtune=pentium3 -march=pentium3  conftest.c >&5
configure:6401: $? = 0
configure:6405: /usr/bin/nm -B conftest.o \| sed -n -e 's/^.*[ ]\([ABCDGIRSTW][ABCDGIRSTW]*\)[ ][ ]*\([_A-Za-z][_A-Za-z0-9]*\)$/\1 \2 \2/p' | sed '/ __gnu_lto/d' \> conftest.nm
configure:6408: $? = 0
configure:6474: gcc -std=gnu99 -o conftest -m32 -O2 -pedantic -fomit-frame-pointer -mtune=pentium3 -march=pentium3   conftest.c conftstm.o >&5
conftest.c:29: warning: ISO C forbids conversion of function pointer to object pointer type
configure:6477: $? = 0
configure:6515: result: ok
configure:6552: checking for sysroot
configure:6582: result: no
configure:6825: checking for mt
configure:6841: found /bin/mt
configure:6852: result: mt
configure:6875: checking if mt is a manifest tool
configure:6881: mt '-?'
configure:6889: result: no
configure:7521: checking how to run the C preprocessor
configure:7552: gcc -std=gnu99 -E  conftest.c
configure:7552: $? = 0
configure:7566: gcc -std=gnu99 -E  conftest.c
conftest.c:11: fatal error: ac_nonexistent.h: No such file or directory
compilation terminated.
configure:7566: $? = 1
configure: failed program was:
| /* confdefs.h */
| #define PACKAGE_NAME "mpc"
| #define PACKAGE_TARNAME "mpc"
| #define PACKAGE_VERSION "1.0.1"
| #define PACKAGE_STRING "mpc 1.0.1"
| #define PACKAGE_BUGREPORT "mpc-discuss@lists.gforge.inria.fr"
| #define PACKAGE_URL ""
| #define PACKAGE "mpc"
| #define VERSION "1.0.1"
| /* end confdefs.h.  */
| #include <ac_nonexistent.h>
configure:7591: result: gcc -std=gnu99 -E
configure:7611: gcc -std=gnu99 -E  conftest.c
configure:7611: $? = 0
configure:7625: gcc -std=gnu99 -E  conftest.c
conftest.c:11: fatal error: ac_nonexistent.h: No such file or directory
compilation terminated.
configure:7625: $? = 1
configure: failed program was:
| /* confdefs.h */
| #define PACKAGE_NAME "mpc"
| #define PACKAGE_TARNAME "mpc"
| #define PACKAGE_VERSION "1.0.1"
| #define PACKAGE_STRING "mpc 1.0.1"
| #define PACKAGE_BUGREPORT "mpc-discuss@lists.gforge.inria.fr"
| #define PACKAGE_URL ""
| #define PACKAGE "mpc"
| #define VERSION "1.0.1"
| /* end confdefs.h.  */
| #include <ac_nonexistent.h>
configure:7654: checking for ANSI C header files
configure:7674: gcc -std=gnu99 -c -m32 -O2 -pedantic -fomit-frame-pointer -mtune=pentium3 -march=pentium3  conftest.c >&5
configure:7674: $? = 0
configure:7747: gcc -std=gnu99 -o conftest -m32 -O2 -pedantic -fomit-frame-pointer -mtune=pentium3 -march=pentium3   conftest.c  >&5
configure:7747: $? = 0
configure:7747: ./conftest
configure:7747: $? = 0
configure:7758: result: yes
configure:7771: checking for sys/types.h
configure:7771: gcc -std=gnu99 -c -m32 -O2 -pedantic -fomit-frame-pointer -mtune=pentium3 -march=pentium3  conftest.c >&5
configure:7771: $? = 0
configure:7771: result: yes
configure:7771: checking for sys/stat.h
configure:7771: gcc -std=gnu99 -c -m32 -O2 -pedantic -fomit-frame-pointer -mtune=pentium3 -march=pentium3  conftest.c >&5
configure:7771: $? = 0
configure:7771: result: yes
configure:7771: checking for stdlib.h
configure:7771: gcc -std=gnu99 -c -m32 -O2 -pedantic -fomit-frame-pointer -mtune=pentium3 -march=pentium3  conftest.c >&5
configure:7771: $? = 0
configure:7771: result: yes
configure:7771: checking for string.h
configure:7771: gcc -std=gnu99 -c -m32 -O2 -pedantic -fomit-frame-pointer -mtune=pentium3 -march=pentium3  conftest.c >&5
configure:7771: $? = 0
configure:7771: result: yes
configure:7771: checking for memory.h
configure:7771: gcc -std=gnu99 -c -m32 -O2 -pedantic -fomit-frame-pointer -mtune=pentium3 -march=pentium3  conftest.c >&5
configure:7771: $? = 0
configure:7771: result: yes
configure:7771: checking for strings.h
configure:7771: gcc -std=gnu99 -c -m32 -O2 -pedantic -fomit-frame-pointer -mtune=pentium3 -march=pentium3  conftest.c >&5
configure:7771: $? = 0
configure:7771: result: yes
configure:7771: checking for inttypes.h
configure:7771: gcc -std=gnu99 -c -m32 -O2 -pedantic -fomit-frame-pointer -mtune=pentium3 -march=pentium3  conftest.c >&5
configure:7771: $? = 0
configure:7771: result: yes
configure:7771: checking for stdint.h
configure:7771: gcc -std=gnu99 -c -m32 -O2 -pedantic -fomit-frame-pointer -mtune=pentium3 -march=pentium3  conftest.c >&5
configure:7771: $? = 0
configure:7771: result: yes
configure:7771: checking for unistd.h
configure:7771: gcc -std=gnu99 -c -m32 -O2 -pedantic -fomit-frame-pointer -mtune=pentium3 -march=pentium3  conftest.c >&5
configure:7771: $? = 0
configure:7771: result: yes
configure:7785: checking for dlfcn.h
configure:7785: gcc -std=gnu99 -c -m32 -O2 -pedantic -fomit-frame-pointer -mtune=pentium3 -march=pentium3  conftest.c >&5
configure:7785: $? = 0
configure:7785: result: yes
configure:7972: checking for objdir
configure:7987: result: .libs
configure:8258: checking if gcc -std=gnu99 supports -fno-rtti -fno-exceptions
configure:8276: gcc -std=gnu99 -c -m32 -O2 -pedantic -fomit-frame-pointer -mtune=pentium3 -march=pentium3  -fno-rtti -fno-exceptions conftest.c >&5
cc1: warning: command line option "-fno-rtti" is valid for C++/ObjC++ but not for C
configure:8280: $? = 0
configure:8293: result: no
configure:8603: checking for gcc -std=gnu99 option to produce PIC
configure:8610: result: -fPIC -DPIC
configure:8618: checking if gcc -std=gnu99 PIC flag -fPIC -DPIC works
configure:8636: gcc -std=gnu99 -c -m32 -O2 -pedantic -fomit-frame-pointer -mtune=pentium3 -march=pentium3  -fPIC -DPIC -DPIC conftest.c >&5
configure:8640: $? = 0
configure:8653: result: yes
configure:8682: checking if gcc -std=gnu99 static flag -static works
configure:8710: result: yes
configure:8725: checking if gcc -std=gnu99 supports -c -o file.o
configure:8746: gcc -std=gnu99 -c -m32 -O2 -pedantic -fomit-frame-pointer -mtune=pentium3 -march=pentium3  -o out/conftest2.o conftest.c >&5
configure:8750: $? = 0
configure:8772: result: yes
configure:8780: checking if gcc -std=gnu99 supports -c -o file.o
configure:8827: result: yes
configure:8860: checking whether the gcc -std=gnu99 linker (/usr/bin/ld) supports shared libraries
configure:10022: result: yes
configure:10059: checking whether -lc should be explicitly linked in
configure:10067: gcc -std=gnu99 -c -m32 -O2 -pedantic -fomit-frame-pointer -mtune=pentium3 -march=pentium3  conftest.c >&5
configure:10070: $? = 0
configure:10085: gcc -std=gnu99 -shared  -fPIC -DPIC conftest.o  -v -Wl,-soname -Wl,conftest -o conftest 2\>\&1 \| /bin/grep  -lc  \>/dev/null 2\>\&1
configure:10088: $? = 0
configure:10102: result: no
configure:10267: checking dynamic linker characteristics
configure:10782: gcc -std=gnu99 -o conftest -m32 -O2 -pedantic -fomit-frame-pointer -mtune=pentium3 -march=pentium3   -Wl,-rpath -Wl,/foo conftest.c  >&5
configure:10782: $? = 0
configure:11016: result: GNU/Linux ld.so
configure:11123: checking how to hardcode library paths into programs
configure:11148: result: immediate
configure:11688: checking whether stripping libraries is possible
configure:11693: result: yes
configure:11728: checking if libtool supports shared libraries
configure:11730: result: yes
configure:11733: checking whether to build shared libraries
configure:11754: result: yes
configure:11757: checking whether to build static libraries
configure:11761: result: yes
configure:11798: checking for gmp.h
configure:11806: gcc -std=gnu99 -c -m32 -O2 -pedantic -fomit-frame-pointer -mtune=pentium3 -march=pentium3  conftest.c >&5
configure:11806: $? = 0
configure:11807: result: yes
configure:12826: checking for ANSI C header files
configure:12930: result: yes
configure:12941: checking locale.h usability
configure:12941: gcc -std=gnu99 -c -m32 -O2 -pedantic -fomit-frame-pointer -mtune=pentium3 -march=pentium3  conftest.c >&5
configure:12941: $? = 0
configure:12941: result: yes
configure:12941: checking locale.h presence
configure:12941: gcc -std=gnu99 -E  conftest.c
configure:12941: $? = 0
configure:12941: result: yes
configure:12941: checking for locale.h
configure:12941: result: yes
configure:12941: checking for inttypes.h
configure:12941: result: yes
configure:12941: checking for stdint.h
configure:12941: result: yes
configure:12941: checking limits.h usability
configure:12941: gcc -std=gnu99 -c -m32 -O2 -pedantic -fomit-frame-pointer -mtune=pentium3 -march=pentium3  conftest.c >&5
configure:12941: $? = 0
configure:12941: result: yes
configure:12941: checking limits.h presence
configure:12941: gcc -std=gnu99 -E  conftest.c
configure:12941: $? = 0
configure:12941: result: yes
configure:12941: checking for limits.h
configure:12941: result: yes
configure:12941: checking for unistd.h
configure:12941: result: yes
configure:12941: checking sys/time.h usability
configure:12941: gcc -std=gnu99 -c -m32 -O2 -pedantic -fomit-frame-pointer -mtune=pentium3 -march=pentium3  conftest.c >&5
configure:12941: $? = 0
configure:12941: result: yes
configure:12941: checking sys/time.h presence
configure:12941: gcc -std=gnu99 -E  conftest.c
configure:12941: $? = 0
configure:12941: result: yes
configure:12941: checking for sys/time.h
configure:12941: result: yes
configure:12951: checking whether time.h and sys/time.h may both be included
configure:12971: gcc -std=gnu99 -c -m32 -O2 -pedantic -fomit-frame-pointer -mtune=pentium3 -march=pentium3  conftest.c >&5
configure:12971: $? = 0
configure:12978: result: yes
configure:12987: checking complex.h usability
configure:12987: gcc -std=gnu99 -c -m32 -O2 -pedantic -fomit-frame-pointer -mtune=pentium3 -march=pentium3  conftest.c >&5
configure:12987: $? = 0
configure:12987: result: yes
configure:12987: checking complex.h presence
configure:12987: gcc -std=gnu99 -E  conftest.c
configure:12987: $? = 0
configure:12987: result: yes
configure:12987: checking for complex.h
configure:12987: result: yes
configure:12992: checking for library containing creal
configure:13023: gcc -std=gnu99 -o conftest -m32 -O2 -pedantic -fomit-frame-pointer -mtune=pentium3 -march=pentium3   conftest.c  >&5
conftest.c:38: warning: conflicting types for built-in function 'creal'
/tmp/ccuv7a0X.o: In function `main':
conftest.c:(.text+0x7): undefined reference to `creal'
collect2: ld returned 1 exit status
configure:13023: $? = 1
configure: failed program was:
| /* confdefs.h */
| #define PACKAGE_NAME "mpc"
| #define PACKAGE_TARNAME "mpc"
| #define PACKAGE_VERSION "1.0.1"
| #define PACKAGE_STRING "mpc 1.0.1"
| #define PACKAGE_BUGREPORT "mpc-discuss@lists.gforge.inria.fr"
| #define PACKAGE_URL ""
| #define PACKAGE "mpc"
| #define VERSION "1.0.1"
| #define STDC_HEADERS 1
| #define HAVE_SYS_TYPES_H 1
| #define HAVE_SYS_STAT_H 1
| #define HAVE_STDLIB_H 1
| #define HAVE_STRING_H 1
| #define HAVE_MEMORY_H 1
| #define HAVE_STRINGS_H 1
| #define HAVE_INTTYPES_H 1
| #define HAVE_STDINT_H 1
| #define HAVE_UNISTD_H 1
| #define HAVE_DLFCN_H 1
| #define LT_OBJDIR ".libs/"
| #define STDC_HEADERS 1
| #define HAVE_LOCALE_H 1
| #define HAVE_INTTYPES_H 1
| #define HAVE_STDINT_H 1
| #define HAVE_LIMITS_H 1
| #define HAVE_UNISTD_H 1
| #define HAVE_SYS_TIME_H 1
| #define TIME_WITH_SYS_TIME 1
| /* end confdefs.h.  */
| 
| /* Override any GCC internal prototype to avoid an error.
|    Use char because int might match the return type of a GCC
|    builtin and then its argument prototype would still apply.  */
| #ifdef __cplusplus
| extern "C"
| #endif
| char creal ();
| int
| main ()
| {
| return creal ();
|   ;
|   return 0;
| }
configure:13023: gcc -std=gnu99 -o conftest -m32 -O2 -pedantic -fomit-frame-pointer -mtune=pentium3 -march=pentium3   conftest.c -lm   >&5
conftest.c:38: warning: conflicting types for built-in function 'creal'
configure:13023: $? = 0
configure:13040: result: -lm
configure:13049: checking whether creal, cimag and I can be used
configure:13066: gcc -std=gnu99 -o conftest -m32 -O2 -pedantic -fomit-frame-pointer -mtune=pentium3 -march=pentium3   conftest.c -lm  >&5
configure:13066: $? = 0
configure:13068: result: yes
configure:13091: checking for an ANSI C-conforming const
configure:13157: gcc -std=gnu99 -c -m32 -O2 -pedantic -fomit-frame-pointer -mtune=pentium3 -march=pentium3  conftest.c >&5
configure:13157: $? = 0
configure:13164: result: yes
configure:13172: checking for size_t
configure:13172: gcc -std=gnu99 -c -m32 -O2 -pedantic -fomit-frame-pointer -mtune=pentium3 -march=pentium3  conftest.c >&5
configure:13172: $? = 0
configure:13172: gcc -std=gnu99 -c -m32 -O2 -pedantic -fomit-frame-pointer -mtune=pentium3 -march=pentium3  conftest.c >&5
conftest.c: In function 'main':
conftest.c:68: error: expected expression before ')' token
configure:13172: $? = 1
configure: failed program was:
| /* confdefs.h */
| #define PACKAGE_NAME "mpc"
| #define PACKAGE_TARNAME "mpc"
| #define PACKAGE_VERSION "1.0.1"
| #define PACKAGE_STRING "mpc 1.0.1"
| #define PACKAGE_BUGREPORT "mpc-discuss@lists.gforge.inria.fr"
| #define PACKAGE_URL ""
| #define PACKAGE "mpc"
| #define VERSION "1.0.1"
| #define STDC_HEADERS 1
| #define HAVE_SYS_TYPES_H 1
| #define HAVE_SYS_STAT_H 1
| #define HAVE_STDLIB_H 1
| #define HAVE_STRING_H 1
| #define HAVE_MEMORY_H 1
| #define HAVE_STRINGS_H 1
| #define HAVE_INTTYPES_H 1
| #define HAVE_STDINT_H 1
| #define HAVE_UNISTD_H 1
| #define HAVE_DLFCN_H 1
| #define LT_OBJDIR ".libs/"
| #define STDC_HEADERS 1
| #define HAVE_LOCALE_H 1
| #define HAVE_INTTYPES_H 1
| #define HAVE_STDINT_H 1
| #define HAVE_LIMITS_H 1
| #define HAVE_UNISTD_H 1
| #define HAVE_SYS_TIME_H 1
| #define TIME_WITH_SYS_TIME 1
| #define HAVE_COMPLEX_H 1
| /* end confdefs.h.  */
| #include <stdio.h>
| #ifdef HAVE_SYS_TYPES_H
| # include <sys/types.h>
| #endif
| #ifdef HAVE_SYS_STAT_H
| # include <sys/stat.h>
| #endif
| #ifdef STDC_HEADERS
| # include <stdlib.h>
| # include <stddef.h>
| #else
| # ifdef HAVE_STDLIB_H
| #  include <stdlib.h>
| # endif
| #endif
| #ifdef HAVE_STRING_H
| # if !defined STDC_HEADERS && defined HAVE_MEMORY_H
| #  include <memory.h>
| # endif
| # include <string.h>
| #endif
| #ifdef HAVE_STRINGS_H
| # include <strings.h>
| #endif
| #ifdef HAVE_INTTYPES_H
| # include <inttypes.h>
| #endif
| #ifdef HAVE_STDINT_H
| # include <stdint.h>
| #endif
| #ifdef HAVE_UNISTD_H
| # include <unistd.h>
| #endif
| int
| main ()
| {
| if (sizeof ((size_t)))
| 	    return 0;
|   ;
|   return 0;
| }
configure:13172: result: yes
configure:13188: checking for gettimeofday
configure:13188: gcc -std=gnu99 -o conftest -m32 -O2 -pedantic -fomit-frame-pointer -mtune=pentium3 -march=pentium3   conftest.c -lm  >&5
configure:13188: $? = 0
configure:13188: result: yes
configure:13188: checking for localeconv
configure:13188: gcc -std=gnu99 -o conftest -m32 -O2 -pedantic -fomit-frame-pointer -mtune=pentium3 -march=pentium3   conftest.c -lm  >&5
configure:13188: $? = 0
configure:13188: result: yes
configure:13188: checking for setlocale
configure:13188: gcc -std=gnu99 -o conftest -m32 -O2 -pedantic -fomit-frame-pointer -mtune=pentium3 -march=pentium3   conftest.c -lm  >&5
configure:13188: $? = 0
configure:13188: result: yes
configure:13200: checking for dup
configure:13200: gcc -std=gnu99 -o conftest -m32 -O2 -pedantic -fomit-frame-pointer -mtune=pentium3 -march=pentium3   conftest.c -lm  >&5
configure:13200: $? = 0
configure:13200: result: yes
configure:13200: checking for dup2
configure:13200: gcc -std=gnu99 -o conftest -m32 -O2 -pedantic -fomit-frame-pointer -mtune=pentium3 -march=pentium3   conftest.c -lm  >&5
configure:13200: $? = 0
configure:13200: result: yes
configure:13214: checking for __gmpz_init in -lgmp
configure:13239: gcc -std=gnu99 -o conftest -m32 -O2 -pedantic -fomit-frame-pointer -mtune=pentium3 -march=pentium3   conftest.c -lgmp  -lm  >&5
configure:13239: $? = 0
configure:13248: result: yes
configure:13257: checking for MPFR
configure:13272: gcc -std=gnu99 -o conftest -m32 -O2 -pedantic -fomit-frame-pointer -mtune=pentium3 -march=pentium3   conftest.c -lmpfr -lgmp -lm  >&5
/usr/bin/ld: warning: libgmp.so.3, needed by /usr/lib/gcc/i686-linux-gnu/4.4.5/../../../../lib/libmpfr.so, may conflict with libgmp.so.10
configure:13272: $? = 0
configure:13273: result: yes
configure:13291: checking for recent GMP
configure:13303: gcc -std=gnu99 -c -m32 -O2 -pedantic -fomit-frame-pointer -mtune=pentium3 -march=pentium3  conftest.c >&5
configure:13303: $? = 0
configure:13304: result: yes
configure:13318: checking for recent MPFR
configure:13330: gcc -std=gnu99 -c -m32 -O2 -pedantic -fomit-frame-pointer -mtune=pentium3 -march=pentium3  conftest.c >&5
configure:13330: $? = 0
configure:13331: result: yes
configure:13852: checking if gcc accepts -dumpversion option
configure:13877: cat conftest.c 1>&5
int main()
{
	return 0;
}
configure:13880: $? = 0
configure:13884: gcc -std=gnu99  -dumpversion -c conftest.c 1>&5
4.4.5
configure:13887: $? = 0
configure:13890: result: yes
configure:13917: checking gcc version
configure:13931: result: 4.4.5
configure:14146: creating ./config.status

## ---------------------- ##
## Running config.status. ##
## ---------------------- ##

This file was extended by mpc config.status 1.0.1, which was
generated by GNU Autoconf 2.69.  Invocation command line was

  CONFIG_FILES    = 
  CONFIG_HEADERS  = 
  CONFIG_LINKS    = 
  CONFIG_COMMANDS = 
  $ ./config.status 

on elegy

config.status:1107: creating Makefile
config.status:1107: creating src/Makefile
config.status:1107: creating tests/Makefile
config.status:1107: creating doc/Makefile
config.status:1107: creating config.h
config.status:1336: executing depfiles commands
config.status:1336: executing libtool commands

## ---------------- ##
## Cache variables. ##
## ---------------- ##

ac_cv_build=i686-pc-linux-gnu
ac_cv_c_compiler_gnu=yes
ac_cv_c_const=yes
ac_cv_env_CC_set=
ac_cv_env_CC_value=
ac_cv_env_CFLAGS_set=
ac_cv_env_CFLAGS_value=
ac_cv_env_CPPFLAGS_set=
ac_cv_env_CPPFLAGS_value=
ac_cv_env_CPP_set=
ac_cv_env_CPP_value=
ac_cv_env_LDFLAGS_set=
ac_cv_env_LDFLAGS_value=
ac_cv_env_LIBS_set=
ac_cv_env_LIBS_value=
ac_cv_env_build_alias_set=
ac_cv_env_build_alias_value=
ac_cv_env_host_alias_set=
ac_cv_env_host_alias_value=
ac_cv_env_target_alias_set=
ac_cv_env_target_alias_value=
ac_cv_func_dup2=yes
ac_cv_func_dup=yes
ac_cv_func_gettimeofday=yes
ac_cv_func_localeconv=yes
ac_cv_func_setlocale=yes
ac_cv_header_complex_h=yes
ac_cv_header_dlfcn_h=yes
ac_cv_header_inttypes_h=yes
ac_cv_header_limits_h=yes
ac_cv_header_locale_h=yes
ac_cv_header_memory_h=yes
ac_cv_header_stdc=yes
ac_cv_header_stdint_h=yes
ac_cv_header_stdlib_h=yes
ac_cv_header_string_h=yes
ac_cv_header_strings_h=yes
ac_cv_header_sys_stat_h=yes
ac_cv_header_sys_time_h=yes
ac_cv_header_sys_types_h=yes
ac_cv_header_time=yes
ac_cv_header_unistd_h=yes
ac_cv_host=i686-pc-linux-gnu
ac_cv_lib_gmp___gmpz_init=yes
ac_cv_objext=o
ac_cv_path_EGREP='/bin/grep -E'
ac_cv_path_FGREP='/bin/grep -F'
ac_cv_path_GREP=/bin/grep
ac_cv_path_SED=/bin/sed
ac_cv_path_install='/usr/bin/install -c'
ac_cv_path_mkdir=/bin/mkdir
ac_cv_prog_AWK=gawk
ac_cv_prog_CPP='gcc -std=gnu99 -E'
ac_cv_prog_ac_ct_AR=ar
ac_cv_prog_ac_ct_CC='gcc -std=gnu99'
ac_cv_prog_ac_ct_MANIFEST_TOOL=mt
ac_cv_prog_ac_ct_OBJDUMP=objdump
ac_cv_prog_ac_ct_RANLIB=ranlib
ac_cv_prog_ac_ct_STRIP=strip
ac_cv_prog_cc_c89=
ac_cv_prog_cc_g=yes
ac_cv_prog_make_make_set=yes
ac_cv_search_creal=-lm
ac_cv_type_size_t=yes
am_cv_CC_dependencies_compiler_type=gcc3
am_cv_ar_interface=ar
ax_cv_gcc_version=4.4.5
lt_cv_ar_at_file=@
lt_cv_archive_cmds_need_lc=no
lt_cv_deplibs_check_method=pass_all
lt_cv_file_magic_cmd='$MAGIC_CMD'
lt_cv_file_magic_test_file=
lt_cv_ld_reload_flag=-r
lt_cv_nm_interface='BSD nm'
lt_cv_objdir=.libs
lt_cv_path_LD=/usr/bin/ld
lt_cv_path_NM='/usr/bin/nm -B'
lt_cv_path_mainfest_tool=no
lt_cv_prog_compiler_c_o=yes
lt_cv_prog_compiler_pic='-fPIC -DPIC'
lt_cv_prog_compiler_pic_works=yes
lt_cv_prog_compiler_rtti_exceptions=no
lt_cv_prog_compiler_static_works=yes
lt_cv_prog_gnu_ld=yes
lt_cv_sharedlib_from_linklib_cmd='printf %s\n'
lt_cv_shlibpath_overrides_runpath=no
lt_cv_sys_global_symbol_pipe='sed -n -e '\''s/^.*[	 ]\([ABCDGIRSTW][ABCDGIRSTW]*\)[	 ][	 ]*\([_A-Za-z][_A-Za-z0-9]*\)$/\1 \2 \2/p'\'' | sed '\''/ __gnu_lto/d'\'''
lt_cv_sys_global_symbol_to_c_name_address='sed -n -e '\''s/^: \([^ ]*\)[ ]*$/  {\"\1\", (void *) 0},/p'\'' -e '\''s/^[ABCDGIRSTW]* \([^ ]*\) \([^ ]*\)$/  {"\2", (void *) \&\2},/p'\'''
lt_cv_sys_global_symbol_to_c_name_address_lib_prefix='sed -n -e '\''s/^: \([^ ]*\)[ ]*$/  {\"\1\", (void *) 0},/p'\'' -e '\''s/^[ABCDGIRSTW]* \([^ ]*\) \(lib[^ ]*\)$/  {"\2", (void *) \&\2},/p'\'' -e '\''s/^[ABCDGIRSTW]* \([^ ]*\) \([^ ]*\)$/  {"lib\2", (void *) \&\2},/p'\'''
lt_cv_sys_global_symbol_to_cdecl='sed -n -e '\''s/^T .* \(.*\)$/extern int \1();/p'\'' -e '\''s/^[ABCDGIRSTW]* .* \(.*\)$/extern char \1;/p'\'''
lt_cv_sys_max_cmd_len=1572864
lt_cv_to_host_file_cmd=func_convert_file_noop
lt_cv_to_tool_file_cmd=func_convert_file_noop

## ----------------- ##
## Output variables. ##
## ----------------- ##

ACLOCAL='${SHELL} /media/MyBook/mpc-1.0.1/missing --run aclocal-1.11'
AMDEPBACKSLASH='\'
AMDEP_FALSE='#'
AMDEP_TRUE=''
AMTAR='$${TAR-tar}'
AR='ar'
AS='as'
AUTOCONF='${SHELL} /media/MyBook/mpc-1.0.1/missing --run autoconf'
AUTOHEADER='${SHELL} /media/MyBook/mpc-1.0.1/missing --run autoheader'
AUTOMAKE='${SHELL} /media/MyBook/mpc-1.0.1/missing --run automake-1.11'
AWK='gawk'
CC='gcc -std=gnu99'
CCDEPMODE='depmode=gcc3'
CFLAGS='-m32 -O2 -pedantic -fomit-frame-pointer -mtune=pentium3 -march=pentium3'
CPP='gcc -std=gnu99 -E'
CPPFLAGS=''
CYGPATH_W='echo'
DEFS='-DHAVE_CONFIG_H'
DEPDIR='.deps'
DLLTOOL='false'
DSYMUTIL=''
DUMPBIN=''
ECHO_C=''
ECHO_N='-n'
ECHO_T=''
EGREP='/bin/grep -E'
EXEEXT=''
FGREP='/bin/grep -F'
GCC_VERSION='4.4.5'
GREP='/bin/grep'
HASSVNVERSION=''
INSTALL_DATA='${INSTALL} -m 644'
INSTALL_PROGRAM='${INSTALL}'
INSTALL_SCRIPT='${INSTALL}'
INSTALL_STRIP_PROGRAM='$(install_sh) -c -s'
LD='/usr/bin/ld'
LDFLAGS=''
LIBOBJS=''
LIBS='-lmpfr -lgmp -lm '
LIBTOOL='$(SHELL) $(top_builddir)/libtool'
LIPO=''
LN_S='ln -s'
LTLIBOBJS=''
MAINT='#'
MAINTAINER_MODE_FALSE=''
MAINTAINER_MODE_TRUE='#'
MAKEINFO='${SHELL} /media/MyBook/mpc-1.0.1/missing --run makeinfo'
MANIFEST_TOOL=':'
MKDIR_P='/bin/mkdir -p'
MPC_LDFLAGS=''
MPC_LOG_H=''
NM='/usr/bin/nm -B'
NMEDIT=''
OBJDUMP='objdump'
OBJEXT='o'
OTOOL64=''
OTOOL=''
PACKAGE='mpc'
PACKAGE_BUGREPORT='mpc-discuss@lists.gforge.inria.fr'
PACKAGE_NAME='mpc'
PACKAGE_STRING='mpc 1.0.1'
PACKAGE_TARNAME='mpc'
PACKAGE_URL=''
PACKAGE_VERSION='1.0.1'
PATH_SEPARATOR=':'
RANLIB='ranlib'
SED='/bin/sed'
SET_MAKE=''
SHELL='/bin/bash'
STRIP='strip'
SVNVERSION=''
VALGRIND=''
VERSION='1.0.1'
ac_ct_AR='ar'
ac_ct_CC='gcc -std=gnu99'
ac_ct_DUMPBIN=''
am__EXEEXT_FALSE=''
am__EXEEXT_TRUE='#'
am__fastdepCC_FALSE='#'
am__fastdepCC_TRUE=''
am__include='include'
am__isrc=''
am__leading_dot='.'
am__nodep='_no'
am__quote=''
am__tar='$${TAR-tar} chof - "$$tardir"'
am__untar='$${TAR-tar} xf -'
bindir='${exec_prefix}/bin'
build='i686-pc-linux-gnu'
build_alias=''
build_cpu='i686'
build_os='linux-gnu'
build_vendor='pc'
datadir='${datarootdir}'
datarootdir='${prefix}/share'
docdir='${datarootdir}/doc/${PACKAGE_TARNAME}'
dvidir='${docdir}'
exec_prefix='${prefix}'
host='i686-pc-linux-gnu'
host_alias=''
host_cpu='i686'
host_os='linux-gnu'
host_vendor='pc'
htmldir='${docdir}'
includedir='${prefix}/include'
infodir='${datarootdir}/info'
install_sh='${SHELL} /media/MyBook/mpc-1.0.1/install-sh'
libdir='${exec_prefix}/lib'
libexecdir='${exec_prefix}/libexec'
localedir='${datarootdir}/locale'
localstatedir='${prefix}/var'
mandir='${datarootdir}/man'
mkdir_p='/bin/mkdir -p'
oldincludedir='/usr/include'
pdfdir='${docdir}'
prefix='/Technical/Wreathe/Wreathe/Development'
program_transform_name='s,x,x,'
psdir='${docdir}'
sbindir='${exec_prefix}/sbin'
sharedstatedir='${prefix}/com'
sysconfdir='${prefix}/etc'
target_alias=''

## ----------- ##
## confdefs.h. ##
## ----------- ##

/* confdefs.h */
#define PACKAGE_NAME "mpc"
#define PACKAGE_TARNAME "mpc"
#define PACKAGE_VERSION "1.0.1"
#define PACKAGE_STRING "mpc 1.0.1"
#define PACKAGE_BUGREPORT "mpc-discuss@lists.gforge.inria.fr"
#define PACKAGE_URL ""
#define PACKAGE "mpc"
#define VERSION "1.0.1"
#define STDC_HEADERS 1
#define HAVE_SYS_TYPES_H 1
#define HAVE_SYS_STAT_H 1
#define HAVE_STDLIB_H 1
#define HAVE_STRING_H 1
#define HAVE_MEMORY_H 1
#define HAVE_STRINGS_H 1
#define HAVE_INTTYPES_H 1
#define HAVE_STDINT_H 1
#define HAVE_UNISTD_H 1
#define HAVE_DLFCN_H 1
#define LT_OBJDIR ".libs/"
#define STDC_HEADERS 1
#define HAVE_LOCALE_H 1
#define HAVE_INTTYPES_H 1
#define HAVE_STDINT_H 1
#define HAVE_LIMITS_H 1
#define HAVE_UNISTD_H 1
#define HAVE_SYS_TIME_H 1
#define TIME_WITH_SYS_TIME 1
#define HAVE_COMPLEX_H 1
#define HAVE_GETTIMEOFDAY 1
#define HAVE_LOCALECONV 1
#define HAVE_SETLOCALE 1
#define HAVE_DUP 1
#define HAVE_DUP2 1
#define MPC_GCC "yes"
#define MPC_CC "gcc -std=gnu99"
#define MPC_GCC_VERSION "4.4.5"

configure: exit 0
