This file contains any messages produced by compilers while
running configure, to aid debugging if configure makes a mistake.

It was created by banshee-community-extensions configure 2.4.0, which was
generated by GNU Autoconf 2.68.  Invocation command line was

  $ ./configure --prefix=/usr

## --------- ##
## Platform. ##
## --------- ##

hostname = elegy
uname -m = i686
uname -r = 2.6.32-46-generic-pae
uname -s = Linux
uname -v = #108-Ubuntu SMP Thu Apr 11 16:11:56 UTC 2013

/usr/bin/uname -p = unknown
/bin/uname -X     = unknown

/bin/arch              = unknown
/usr/bin/arch -k       = unknown
/usr/convex/getsysinfo = unknown
/usr/bin/hostinfo      = unknown
/bin/machine           = unknown
/usr/bin/oslevel       = unknown
/bin/universe          = unknown

PATH: /usr/local/sbin
PATH: /usr/local/bin
PATH: /usr/sbin
PATH: /usr/bin
PATH: /sbin
PATH: /bin
PATH: /usr/games
PATH: /home/kyan/.rvm/bin


## ----------- ##
## Core tests. ##
## ----------- ##

configure:2839: checking for a BSD-compatible install
configure:2907: result: /usr/bin/install -c
configure:2918: checking whether build environment is sane
configure:2968: result: yes
configure:3109: checking for a thread-safe mkdir -p
configure:3148: result: /bin/mkdir -p
configure:3161: checking for gawk
configure:3177: found /usr/bin/gawk
configure:3188: result: gawk
configure:3199: checking whether make sets $(MAKE)
configure:3221: result: yes
configure:3296: checking how to create a ustar tar archive
configure:3309: tar --version
tar (GNU tar) 1.23
Copyright (C) 2010 Free Software Foundation, Inc.
License GPLv3+: GNU GPL version 3 or later <http://gnu.org/licenses/gpl.html>.
This is free software: you are free to change and redistribute it.
There is NO WARRANTY, to the extent permitted by law.

Written by John Gilmore and Jay Fenlason.
configure:3312: $? = 0
configure:3352: tardir=conftest.dir && eval tar --format=ustar -chf - "$tardir" >conftest.tar
configure:3355: $? = 0
configure:3359: tar -xf - <conftest.tar
configure:3362: $? = 0
configure:3375: result: gnutar
configure:3383: checking whether to disable maintainer-specific portions of Makefiles
configure:3392: result: yes
configure:3409: checking whether NLS is requested
configure:3418: result: yes
configure:3434: checking for style of include used by make
configure:3462: result: GNU
configure:3532: checking for gcc
configure:3548: found /usr/bin/gcc
configure:3559: result: gcc
configure:3788: checking for C compiler version
configure:3797: gcc --version >&5
gcc (Ubuntu/Linaro 4.4.4-14ubuntu5.1) 4.4.5
Copyright (C) 2010 Free Software Foundation, Inc.
This is free software; see the source for copying conditions.  There is NO
warranty; not even for MERCHANTABILITY or FITNESS FOR A PARTICULAR PURPOSE.

configure:3808: $? = 0
configure:3797: gcc -v >&5
Using built-in specs.
Target: i686-linux-gnu
Configured with: ../src/configure -v --with-pkgversion='Ubuntu/Linaro 4.4.4-14ubuntu5.1' --with-bugurl=file:///usr/share/doc/gcc-4.4/README.Bugs --enable-languages=c,c++,fortran,objc,obj-c++ --prefix=/usr --program-suffix=-4.4 --enable-shared --enable-multiarch --enable-linker-build-id --with-system-zlib --libexecdir=/usr/lib --without-included-gettext --enable-threads=posix --with-gxx-include-dir=/usr/include/c++/4.4 --libdir=/usr/lib --enable-nls --with-sysroot=/ --enable-clocale=gnu --enable-libstdcxx-debug --enable-objc-gc --enable-targets=all --disable-werror --with-arch-32=i686 --with-tune=generic --enable-checking=release --build=i686-linux-gnu --host=i686-linux-gnu --target=i686-linux-gnu
Thread model: posix
gcc version 4.4.5 (Ubuntu/Linaro 4.4.4-14ubuntu5.1) 
configure:3808: $? = 0
configure:3797: gcc -V >&5
gcc: '-V' option must have argument
configure:3808: $? = 1
configure:3797: gcc -qversion >&5
gcc: unrecognized option '-qversion'
gcc: no input files
configure:3808: $? = 1
configure:3828: checking whether the C compiler works
configure:3850: gcc    conftest.c  >&5
configure:3854: $? = 0
configure:3902: result: yes
configure:3905: checking for C compiler default output file name
configure:3907: result: a.out
configure:3913: checking for suffix of executables
configure:3920: gcc -o conftest    conftest.c  >&5
configure:3924: $? = 0
configure:3946: result: 
configure:3968: checking whether we are cross compiling
configure:3976: gcc -o conftest    conftest.c  >&5
configure:3980: $? = 0
configure:3987: ./conftest
configure:3991: $? = 0
configure:4006: result: no
configure:4011: checking for suffix of object files
configure:4033: gcc -c   conftest.c >&5
configure:4037: $? = 0
configure:4058: result: o
configure:4062: checking whether we are using the GNU C compiler
configure:4081: gcc -c   conftest.c >&5
configure:4081: $? = 0
configure:4090: result: yes
configure:4099: checking whether gcc accepts -g
configure:4119: gcc -c -g  conftest.c >&5
configure:4119: $? = 0
configure:4160: result: yes
configure:4177: checking for gcc option to accept ISO C89
configure:4241: gcc  -c -g -O2  conftest.c >&5
configure:4241: $? = 0
configure:4254: result: none needed
configure:4276: checking dependency style of gcc
configure:4386: result: gcc3
configure:4416: checking for intltool >= 0.35.0
configure:4418: result: 0.41.1 found
configure:4426: checking for intltool-update
configure:4444: found /usr/bin/intltool-update
configure:4456: result: /usr/bin/intltool-update
configure:4466: checking for intltool-merge
configure:4484: found /usr/bin/intltool-merge
configure:4496: result: /usr/bin/intltool-merge
configure:4506: checking for intltool-extract
configure:4524: found /usr/bin/intltool-extract
configure:4536: result: /usr/bin/intltool-extract
configure:4690: checking for xgettext
configure:4708: found /usr/bin/xgettext
configure:4720: result: /usr/bin/xgettext
configure:4730: checking for msgmerge
configure:4748: found /usr/bin/msgmerge
configure:4760: result: /usr/bin/msgmerge
configure:4770: checking for msgfmt
configure:4788: found /usr/bin/msgfmt
configure:4800: result: /usr/bin/msgfmt
configure:4810: checking for gmsgfmt
configure:4841: result: /usr/bin/msgfmt
configure:4861: checking for perl
configure:4879: found /usr/bin/perl
configure:4891: result: /usr/bin/perl
configure:4902: checking for perl >= 5.8.1
configure:4909: result: 5.10.1
configure:4913: checking for XML::Parser
configure:4916: result: ok
configure:4941: gcc -o conftest -g -O2   conftest.c  >&5
configure:4941: $? = 0
configure:4996: checking build system type
configure:5010: result: i686-pc-linux-gnu
configure:5030: checking host system type
configure:5043: result: i686-pc-linux-gnu
configure:5084: checking how to print strings
configure:5111: result: printf
configure:5132: checking for a sed that does not truncate output
configure:5196: result: /bin/sed
configure:5214: checking for grep that handles long lines and -e
configure:5272: result: /bin/grep
configure:5277: checking for egrep
configure:5339: result: /bin/grep -E
configure:5344: checking for fgrep
configure:5406: result: /bin/grep -F
configure:5441: checking for ld used by gcc
configure:5508: result: /usr/bin/ld
configure:5515: checking if the linker (/usr/bin/ld) is GNU ld
configure:5530: result: yes
configure:5542: checking for BSD- or MS-compatible name lister (nm)
configure:5591: result: /usr/bin/nm -B
configure:5721: checking the name lister (/usr/bin/nm -B) interface
configure:5728: gcc -c -g -O2  conftest.c >&5
configure:5731: /usr/bin/nm -B "conftest.o"
configure:5734: output
00000000 B some_variable
configure:5741: result: BSD nm
configure:5744: checking whether ln -s works
configure:5748: result: yes
configure:5756: checking the maximum length of command line arguments
configure:5881: result: 1572864
configure:5898: checking whether the shell understands some XSI constructs
configure:5908: result: yes
configure:5912: checking whether the shell understands "+="
configure:5918: result: yes
configure:5953: checking how to convert i686-pc-linux-gnu file names to i686-pc-linux-gnu format
configure:5993: result: func_convert_file_noop
configure:6000: checking how to convert i686-pc-linux-gnu file names to toolchain format
configure:6020: result: func_convert_file_noop
configure:6027: checking for /usr/bin/ld option to reload object files
configure:6034: result: -r
configure:6108: checking for objdump
configure:6124: found /usr/bin/objdump
configure:6135: result: objdump
configure:6167: checking how to recognize dependent libraries
configure:6369: result: pass_all
configure:6454: checking for dlltool
configure:6484: result: no
configure:6514: checking how to associate runtime and link libraries
configure:6541: result: printf %s\n
configure:6601: checking for ar
configure:6617: found /usr/bin/ar
configure:6628: result: ar
configure:6665: checking for archiver @FILE support
configure:6682: gcc -c -g -O2  conftest.c >&5
configure:6682: $? = 0
configure:6685: ar cru libconftest.a @conftest.lst >&5
configure:6688: $? = 0
configure:6693: ar cru libconftest.a @conftest.lst >&5
ar: conftest.o: No such file or directory
configure:6696: $? = 1
configure:6708: result: @
configure:6766: checking for strip
configure:6782: found /usr/bin/strip
configure:6793: result: strip
configure:6865: checking for ranlib
configure:6881: found /usr/bin/ranlib
configure:6892: result: ranlib
configure:6994: checking command to parse /usr/bin/nm -B output from gcc object
configure:7113: gcc -c -g -O2  conftest.c >&5
configure:7116: $? = 0
configure:7120: /usr/bin/nm -B conftest.o \| sed -n -e 's/^.*[ ]\([ABCDGIRSTW][ABCDGIRSTW]*\)[ ][ ]*\([_A-Za-z][_A-Za-z0-9]*\)$/\1 \2 \2/p' | sed '/ __gnu_lto/d' \> conftest.nm
configure:7123: $? = 0
configure:7189: gcc -o conftest -g -O2   conftest.c conftstm.o >&5
configure:7192: $? = 0
configure:7230: result: ok
configure:7267: checking for sysroot
configure:7297: result: no
configure:7540: checking for mt
configure:7556: found /bin/mt
configure:7567: result: mt
configure:7590: checking if mt is a manifest tool
configure:7596: mt '-?'
configure:7604: result: no
configure:8236: checking how to run the C preprocessor
configure:8267: gcc -E  conftest.c
configure:8267: $? = 0
configure:8281: gcc -E  conftest.c
conftest.c:11: fatal error: ac_nonexistent.h: No such file or directory
compilation terminated.
configure:8281: $? = 1
configure: failed program was:
| /* confdefs.h */
| #define PACKAGE_NAME "banshee-community-extensions"
| #define PACKAGE_TARNAME "banshee-community-extensions"
| #define PACKAGE_VERSION "2.4.0"
| #define PACKAGE_STRING "banshee-community-extensions 2.4.0"
| #define PACKAGE_BUGREPORT "http://bugzilla.gnome.org/enter_bug.cgi?product=banshee&component=Community%20Extensions"
| #define PACKAGE_URL ""
| #define PACKAGE "banshee-community-extensions"
| #define VERSION "2.4.0"
| /* end confdefs.h.  */
| #include <ac_nonexistent.h>
configure:8306: result: gcc -E
configure:8326: gcc -E  conftest.c
configure:8326: $? = 0
configure:8340: gcc -E  conftest.c
conftest.c:11: fatal error: ac_nonexistent.h: No such file or directory
compilation terminated.
configure:8340: $? = 1
configure: failed program was:
| /* confdefs.h */
| #define PACKAGE_NAME "banshee-community-extensions"
| #define PACKAGE_TARNAME "banshee-community-extensions"
| #define PACKAGE_VERSION "2.4.0"
| #define PACKAGE_STRING "banshee-community-extensions 2.4.0"
| #define PACKAGE_BUGREPORT "http://bugzilla.gnome.org/enter_bug.cgi?product=banshee&component=Community%20Extensions"
| #define PACKAGE_URL ""
| #define PACKAGE "banshee-community-extensions"
| #define VERSION "2.4.0"
| /* end confdefs.h.  */
| #include <ac_nonexistent.h>
configure:8369: checking for ANSI C header files
configure:8389: gcc -c -g -O2  conftest.c >&5
configure:8389: $? = 0
configure:8462: gcc -o conftest -g -O2   conftest.c  >&5
configure:8462: $? = 0
configure:8462: ./conftest
configure:8462: $? = 0
configure:8473: result: yes
configure:8486: checking for sys/types.h
configure:8486: gcc -c -g -O2  conftest.c >&5
configure:8486: $? = 0
configure:8486: result: yes
configure:8486: checking for sys/stat.h
configure:8486: gcc -c -g -O2  conftest.c >&5
configure:8486: $? = 0
configure:8486: result: yes
configure:8486: checking for stdlib.h
configure:8486: gcc -c -g -O2  conftest.c >&5
configure:8486: $? = 0
configure:8486: result: yes
configure:8486: checking for string.h
configure:8486: gcc -c -g -O2  conftest.c >&5
configure:8486: $? = 0
configure:8486: result: yes
configure:8486: checking for memory.h
configure:8486: gcc -c -g -O2  conftest.c >&5
configure:8486: $? = 0
configure:8486: result: yes
configure:8486: checking for strings.h
configure:8486: gcc -c -g -O2  conftest.c >&5
configure:8486: $? = 0
configure:8486: result: yes
configure:8486: checking for inttypes.h
configure:8486: gcc -c -g -O2  conftest.c >&5
configure:8486: $? = 0
configure:8486: result: yes
configure:8486: checking for stdint.h
configure:8486: gcc -c -g -O2  conftest.c >&5
configure:8486: $? = 0
configure:8486: result: yes
configure:8486: checking for unistd.h
configure:8486: gcc -c -g -O2  conftest.c >&5
configure:8486: $? = 0
configure:8486: result: yes
configure:8500: checking for dlfcn.h
configure:8500: gcc -c -g -O2  conftest.c >&5
configure:8500: $? = 0
configure:8500: result: yes
configure:8687: checking for objdir
configure:8702: result: .libs
configure:8973: checking if gcc supports -fno-rtti -fno-exceptions
configure:8991: gcc -c -g -O2  -fno-rtti -fno-exceptions conftest.c >&5
cc1: warning: command line option "-fno-rtti" is valid for C++/ObjC++ but not for C
configure:8995: $? = 0
configure:9008: result: no
configure:9318: checking for gcc option to produce PIC
configure:9325: result: -fPIC -DPIC
configure:9333: checking if gcc PIC flag -fPIC -DPIC works
configure:9351: gcc -c -g -O2  -fPIC -DPIC -DPIC conftest.c >&5
configure:9355: $? = 0
configure:9368: result: yes
configure:9397: checking if gcc static flag -static works
configure:9425: result: yes
configure:9440: checking if gcc supports -c -o file.o
configure:9461: gcc -c -g -O2  -o out/conftest2.o conftest.c >&5
configure:9465: $? = 0
configure:9487: result: yes
configure:9495: checking if gcc supports -c -o file.o
configure:9542: result: yes
configure:9575: checking whether the gcc linker (/usr/bin/ld) supports shared libraries
configure:10737: result: yes
configure:10774: checking whether -lc should be explicitly linked in
configure:10782: gcc -c -g -O2  conftest.c >&5
configure:10785: $? = 0
configure:10800: gcc -shared  -fPIC -DPIC conftest.o  -v -Wl,-soname -Wl,conftest -o conftest 2\>\&1 \| /bin/grep  -lc  \>/dev/null 2\>\&1
configure:10803: $? = 0
configure:10817: result: no
configure:10982: checking dynamic linker characteristics
configure:11497: gcc -o conftest -g -O2   -Wl,-rpath -Wl,/foo conftest.c  >&5
configure:11497: $? = 0
configure:11731: result: GNU/Linux ld.so
configure:11838: checking how to hardcode library paths into programs
configure:11863: result: immediate
configure:12403: checking whether stripping libraries is possible
configure:12408: result: yes
configure:12443: checking if libtool supports shared libraries
configure:12445: result: yes
configure:12448: checking whether to build shared libraries
configure:12469: result: yes
configure:12472: checking whether to build static libraries
configure:12476: result: yes
configure:12615: checking for pkg-config
configure:12633: found /usr/bin/pkg-config
configure:12645: result: /usr/bin/pkg-config
configure:12670: checking pkg-config is at least version 0.9.0
configure:12673: result: yes
configure:12693: checking for GNOME_DOC_UTILS
configure:12700: $PKG_CONFIG --exists --print-errors "gnome-doc-utils"
Package gnome-doc-utils was not found in the pkg-config search path.
Perhaps you should add the directory containing `gnome-doc-utils.pc'
to the PKG_CONFIG_PATH environment variable
No package 'gnome-doc-utils' found
configure:12703: $? = 1
configure:12717: $PKG_CONFIG --exists --print-errors "gnome-doc-utils"
Package gnome-doc-utils was not found in the pkg-config search path.
Perhaps you should add the directory containing `gnome-doc-utils.pc'
to the PKG_CONFIG_PATH environment variable
No package 'gnome-doc-utils' found
configure:12720: $? = 1
configure:12734: result: no
No package 'gnome-doc-utils' found
configure:12971: checking for MONO_MODULE
configure:12978: $PKG_CONFIG --exists --print-errors "mono >= 1.9.1"
configure:12981: $? = 0
configure:12995: $PKG_CONFIG --exists --print-errors "mono >= 1.9.1"
configure:12998: $? = 0
configure:13056: result: yes
configure:13066: checking for mono
configure:13084: found /usr/bin/mono
configure:13097: result: /usr/bin/mono
configure:13116: checking for dmcs
configure:13147: result: no
configure:13158: checking for gmcs
configure:13176: found /usr/bin/gmcs
configure:13189: result: /usr/bin/gmcs
configure:13231: checking for mono
configure:13262: result: /usr/bin/mono
configure:13280: checking for BANSHEE
configure:13287: $PKG_CONFIG --exists --print-errors "banshee-thickclient >= 2.4.0"
configure:13290: $? = 0
configure:13304: $PKG_CONFIG --exists --print-errors "banshee-thickclient >= 2.4.0"
configure:13307: $? = 0
configure:13365: result: yes
configure:13391: checking for library containing strerror
configure:13422: gcc -o conftest -g -O2   conftest.c  >&5
configure:13422: $? = 0
configure:13439: result: none required
configure:13495: checking for gcc
configure:13522: result: gcc
configure:13751: checking for C compiler version
configure:13760: gcc --version >&5
gcc (Ubuntu/Linaro 4.4.4-14ubuntu5.1) 4.4.5
Copyright (C) 2010 Free Software Foundation, Inc.
This is free software; see the source for copying conditions.  There is NO
warranty; not even for MERCHANTABILITY or FITNESS FOR A PARTICULAR PURPOSE.

configure:13771: $? = 0
configure:13760: gcc -v >&5
Using built-in specs.
Target: i686-linux-gnu
Configured with: ../src/configure -v --with-pkgversion='Ubuntu/Linaro 4.4.4-14ubuntu5.1' --with-bugurl=file:///usr/share/doc/gcc-4.4/README.Bugs --enable-languages=c,c++,fortran,objc,obj-c++ --prefix=/usr --program-suffix=-4.4 --enable-shared --enable-multiarch --enable-linker-build-id --with-system-zlib --libexecdir=/usr/lib --without-included-gettext --enable-threads=posix --with-gxx-include-dir=/usr/include/c++/4.4 --libdir=/usr/lib --enable-nls --with-sysroot=/ --enable-clocale=gnu --enable-libstdcxx-debug --enable-objc-gc --enable-targets=all --disable-werror --with-arch-32=i686 --with-tune=generic --enable-checking=release --build=i686-linux-gnu --host=i686-linux-gnu --target=i686-linux-gnu
Thread model: posix
gcc version 4.4.5 (Ubuntu/Linaro 4.4.4-14ubuntu5.1) 
configure:13771: $? = 0
configure:13760: gcc -V >&5
gcc: '-V' option must have argument
configure:13771: $? = 1
configure:13760: gcc -qversion >&5
gcc: unrecognized option '-qversion'
gcc: no input files
configure:13771: $? = 1
configure:13775: checking whether we are using the GNU C compiler
configure:13803: result: yes
configure:13812: checking whether gcc accepts -g
configure:13873: result: yes
configure:13890: checking for gcc option to accept ISO C89
configure:13967: result: none needed
configure:13989: checking dependency style of gcc
configure:14099: result: gcc3
configure:14172: checking for g++
configure:14188: found /usr/bin/g++
configure:14199: result: g++
configure:14226: checking for C++ compiler version
configure:14235: g++ --version >&5
g++ (Ubuntu/Linaro 4.4.4-14ubuntu5.1) 4.4.5
Copyright (C) 2010 Free Software Foundation, Inc.
This is free software; see the source for copying conditions.  There is NO
warranty; not even for MERCHANTABILITY or FITNESS FOR A PARTICULAR PURPOSE.

configure:14246: $? = 0
configure:14235: g++ -v >&5
Using built-in specs.
Target: i686-linux-gnu
Configured with: ../src/configure -v --with-pkgversion='Ubuntu/Linaro 4.4.4-14ubuntu5.1' --with-bugurl=file:///usr/share/doc/gcc-4.4/README.Bugs --enable-languages=c,c++,fortran,objc,obj-c++ --prefix=/usr --program-suffix=-4.4 --enable-shared --enable-multiarch --enable-linker-build-id --with-system-zlib --libexecdir=/usr/lib --without-included-gettext --enable-threads=posix --with-gxx-include-dir=/usr/include/c++/4.4 --libdir=/usr/lib --enable-nls --with-sysroot=/ --enable-clocale=gnu --enable-libstdcxx-debug --enable-objc-gc --enable-targets=all --disable-werror --with-arch-32=i686 --with-tune=generic --enable-checking=release --build=i686-linux-gnu --host=i686-linux-gnu --target=i686-linux-gnu
Thread model: posix
gcc version 4.4.5 (Ubuntu/Linaro 4.4.4-14ubuntu5.1) 
configure:14246: $? = 0
configure:14235: g++ -V >&5
g++: '-V' option must have argument
configure:14246: $? = 1
configure:14235: g++ -qversion >&5
g++: unrecognized option '-qversion'
g++: no input files
configure:14246: $? = 1
configure:14250: checking whether we are using the GNU C++ compiler
configure:14269: g++ -c   conftest.cpp >&5
configure:14269: $? = 0
configure:14278: result: yes
configure:14287: checking whether g++ accepts -g
configure:14307: g++ -c -g  conftest.cpp >&5
configure:14307: $? = 0
configure:14348: result: yes
configure:14373: checking dependency style of g++
configure:14483: result: gcc3
configure:14516: checking how to run the C++ preprocessor
configure:14543: g++ -E  conftest.cpp
configure:14543: $? = 0
configure:14557: g++ -E  conftest.cpp
conftest.cpp:23: fatal error: ac_nonexistent.h: No such file or directory
compilation terminated.
configure:14557: $? = 1
configure: failed program was:
| /* confdefs.h */
| #define PACKAGE_NAME "banshee-community-extensions"
| #define PACKAGE_TARNAME "banshee-community-extensions"
| #define PACKAGE_VERSION "2.4.0"
| #define PACKAGE_STRING "banshee-community-extensions 2.4.0"
| #define PACKAGE_BUGREPORT "http://bugzilla.gnome.org/enter_bug.cgi?product=banshee&component=Community%20Extensions"
| #define PACKAGE_URL ""
| #define PACKAGE "banshee-community-extensions"
| #define VERSION "2.4.0"
| #define STDC_HEADERS 1
| #define HAVE_SYS_TYPES_H 1
| #define HAVE_SYS_STAT_H 1
| #define HAVE_STDLIB_H 1
| #define HAVE_STRING_H 1
| #define HAVE_MEMORY_H 1
| #define HAVE_STRINGS_H 1
| #define HAVE_INTTYPES_H 1
| #define HAVE_STDINT_H 1
| #define HAVE_UNISTD_H 1
| #define HAVE_DLFCN_H 1
| #define LT_OBJDIR ".libs/"
| /* end confdefs.h.  */
| #include <ac_nonexistent.h>
configure:14582: result: g++ -E
configure:14602: g++ -E  conftest.cpp
configure:14602: $? = 0
configure:14616: g++ -E  conftest.cpp
conftest.cpp:23: fatal error: ac_nonexistent.h: No such file or directory
compilation terminated.
configure:14616: $? = 1
configure: failed program was:
| /* confdefs.h */
| #define PACKAGE_NAME "banshee-community-extensions"
| #define PACKAGE_TARNAME "banshee-community-extensions"
| #define PACKAGE_VERSION "2.4.0"
| #define PACKAGE_STRING "banshee-community-extensions 2.4.0"
| #define PACKAGE_BUGREPORT "http://bugzilla.gnome.org/enter_bug.cgi?product=banshee&component=Community%20Extensions"
| #define PACKAGE_URL ""
| #define PACKAGE "banshee-community-extensions"
| #define VERSION "2.4.0"
| #define STDC_HEADERS 1
| #define HAVE_SYS_TYPES_H 1
| #define HAVE_SYS_STAT_H 1
| #define HAVE_STDLIB_H 1
| #define HAVE_STRING_H 1
| #define HAVE_MEMORY_H 1
| #define HAVE_STRINGS_H 1
| #define HAVE_INTTYPES_H 1
| #define HAVE_STDINT_H 1
| #define HAVE_UNISTD_H 1
| #define HAVE_DLFCN_H 1
| #define LT_OBJDIR ".libs/"
| /* end confdefs.h.  */
| #include <ac_nonexistent.h>
configure:14786: checking for ld used by g++
configure:14853: result: /usr/bin/ld
configure:14860: checking if the linker (/usr/bin/ld) is GNU ld
configure:14875: result: yes
configure:14930: checking whether the g++ linker (/usr/bin/ld) supports shared libraries
configure:15934: result: yes
configure:15969: g++ -c -g -O2  conftest.cpp >&5
configure:15972: $? = 0
configure:16492: checking for g++ option to produce PIC
configure:16499: result: -fPIC -DPIC
configure:16507: checking if g++ PIC flag -fPIC -DPIC works
configure:16525: g++ -c -g -O2  -fPIC -DPIC -DPIC conftest.cpp >&5
configure:16529: $? = 0
configure:16542: result: yes
configure:16565: checking if g++ static flag -static works
configure:16593: result: yes
configure:16605: checking if g++ supports -c -o file.o
configure:16626: g++ -c -g -O2  -o out/conftest2.o conftest.cpp >&5
configure:16630: $? = 0
configure:16652: result: yes
configure:16657: checking if g++ supports -c -o file.o
configure:16704: result: yes
configure:16734: checking whether the g++ linker (/usr/bin/ld) supports shared libraries
configure:16771: result: yes
configure:16914: checking dynamic linker characteristics
configure:17597: result: GNU/Linux ld.so
configure:17650: checking how to hardcode library paths into programs
configure:17675: result: immediate
configure:17715: checking for ANSI C header files
configure:17819: result: yes
configure:17838: checking for gconftool-2
configure:17856: found /usr/bin/gconftool-2
configure:17869: result: /usr/bin/gconftool-2
configure:17892: result: Using config source xml:merged:/etc/gconf/gconf.xml.defaults for schema installation
configure:17907: result: Using $(sysconfdir)/gconf/schemas as install directory for schema files
configure:17966: checking locale.h usability
configure:17966: gcc -c -g -O2  conftest.c >&5
configure:17966: $? = 0
configure:17966: result: yes
configure:17966: checking locale.h presence
configure:17966: gcc -E  conftest.c
configure:17966: $? = 0
configure:17966: result: yes
configure:17966: checking for locale.h
configure:17966: result: yes
configure:17977: checking for LC_MESSAGES
configure:17993: gcc -o conftest -g -O2   conftest.c  >&5
configure:17993: $? = 0
configure:18001: result: yes
configure:18018: checking libintl.h usability
configure:18018: gcc -c -g -O2  conftest.c >&5
configure:18018: $? = 0
configure:18018: result: yes
configure:18018: checking libintl.h presence
configure:18018: gcc -E  conftest.c
configure:18018: $? = 0
configure:18018: result: yes
configure:18018: checking for libintl.h
configure:18018: result: yes
configure:18026: checking for ngettext in libc
configure:18044: gcc -o conftest -g -O2   conftest.c  >&5
configure:18044: $? = 0
configure:18053: result: yes
configure:18057: checking for dgettext in libc
configure:18075: gcc -o conftest -g -O2   conftest.c  >&5
configure:18075: $? = 0
configure:18084: result: yes
configure:18091: checking for bind_textdomain_codeset
configure:18091: gcc -o conftest -g -O2   conftest.c  >&5
configure:18091: $? = 0
configure:18091: result: yes
configure:18367: checking for msgfmt
configure:18394: result: /usr/bin/msgfmt
configure:18405: checking for dcgettext
configure:18405: gcc -o conftest -g -O2   conftest.c   >&5
conftest.c:52: warning: conflicting types for built-in function 'dcgettext'
configure:18405: $? = 0
configure:18405: result: yes
configure:18415: checking if msgfmt accepts -c
configure:18430: $MSGFMT -c -o /dev/null conftest.foo
configure:18433: $? = 0
configure:18435: result: yes
configure:18445: checking for gmsgfmt
configure:18476: result: /usr/bin/msgfmt
configure:18486: checking for xgettext
configure:18513: result: /usr/bin/xgettext
configure:18532: gcc -o conftest -g -O2   conftest.c   >&5
configure:18532: $? = 0
configure:18614: checking for catalogs to be installed
configure:18639: result:  de el es fi fr it pt ru_RU sk uk_UA
configure:19094: checking for APPINDICATORSHARP
configure:19101: $PKG_CONFIG --exists --print-errors "appindicator-sharp-0.1"
Package appindicator-sharp-0.1 was not found in the pkg-config search path.
Perhaps you should add the directory containing `appindicator-sharp-0.1.pc'
to the PKG_CONFIG_PATH environment variable
No package 'appindicator-sharp-0.1' found
configure:19104: $? = 1
configure:19118: $PKG_CONFIG --exists --print-errors "appindicator-sharp-0.1"
Package appindicator-sharp-0.1 was not found in the pkg-config search path.
Perhaps you should add the directory containing `appindicator-sharp-0.1.pc'
to the PKG_CONFIG_PATH environment variable
No package 'appindicator-sharp-0.1' found
configure:19121: $? = 1
configure:19135: result: no
No package 'appindicator-sharp-0.1' found
configure:19174: checking for NOTIFYSHARP
configure:19181: $PKG_CONFIG --exists --print-errors "notify-sharp"
configure:19184: $? = 0
configure:19198: $PKG_CONFIG --exists --print-errors "notify-sharp"
configure:19201: $? = 0
configure:19239: result: yes
configure:19325: checking for CLUTTER_SHARP
configure:19332: $PKG_CONFIG --exists --print-errors "clutter-sharp clutter-gtk-sharp"
Package clutter-sharp was not found in the pkg-config search path.
Perhaps you should add the directory containing `clutter-sharp.pc'
to the PKG_CONFIG_PATH environment variable
No package 'clutter-sharp' found
Package clutter-gtk-sharp was not found in the pkg-config search path.
Perhaps you should add the directory containing `clutter-gtk-sharp.pc'
to the PKG_CONFIG_PATH environment variable
No package 'clutter-gtk-sharp' found
configure:19335: $? = 1
configure:19349: $PKG_CONFIG --exists --print-errors "clutter-sharp clutter-gtk-sharp"
Package clutter-sharp was not found in the pkg-config search path.
Perhaps you should add the directory containing `clutter-sharp.pc'
to the PKG_CONFIG_PATH environment variable
No package 'clutter-sharp' found
Package clutter-gtk-sharp was not found in the pkg-config search path.
Perhaps you should add the directory containing `clutter-gtk-sharp.pc'
to the PKG_CONFIG_PATH environment variable
No package 'clutter-gtk-sharp' found
configure:19352: $? = 1
configure:19366: result: no
No package 'clutter-sharp' found
No package 'clutter-gtk-sharp' found
configure:19405: checking for BANSHEE_NOWPLAYING
configure:19412: $PKG_CONFIG --exists --print-errors "banshee-nowplaying"
configure:19415: $? = 0
configure:19429: $PKG_CONFIG --exists --print-errors "banshee-nowplaying"
configure:19432: $? = 0
configure:19470: result: yes
configure:19526: checking for GCONFSHARP
configure:19533: $PKG_CONFIG --exists --print-errors "gconf-sharp-2.0"
configure:19536: $? = 0
configure:19550: $PKG_CONFIG --exists --print-errors "gconf-sharp-2.0"
configure:19553: $? = 0
configure:19591: result: yes
configure:19707: checking for BANSHEE_WEBBROWSER
configure:19714: $PKG_CONFIG --exists --print-errors "banshee-webbrowser"
configure:19717: $? = 0
configure:19731: $PKG_CONFIG --exists --print-errors "banshee-webbrowser"
configure:19734: $? = 0
configure:19772: result: yes
configure:19825: checking for GLIB
configure:19832: $PKG_CONFIG --exists --print-errors "glib-2.0"
configure:19835: $? = 0
configure:19849: $PKG_CONFIG --exists --print-errors "glib-2.0"
configure:19852: $? = 0
configure:19890: result: yes
configure:19905: checking for FFTW3F
configure:19912: $PKG_CONFIG --exists --print-errors "fftw3f"
configure:19915: $? = 0
configure:19929: $PKG_CONFIG --exists --print-errors "fftw3f"
configure:19932: $? = 0
configure:19970: result: yes
configure:19985: checking for LIBSAMPLERATE
configure:19992: $PKG_CONFIG --exists --print-errors "samplerate"
configure:19995: $? = 0
configure:20009: $PKG_CONFIG --exists --print-errors "samplerate"
configure:20012: $? = 0
configure:20050: result: yes
configure:20065: checking for BANSHEE_LASTFM
configure:20072: $PKG_CONFIG --exists --print-errors "banshee-lastfm"
configure:20075: $? = 0
configure:20089: $PKG_CONFIG --exists --print-errors "banshee-lastfm"
configure:20092: $? = 0
configure:20130: result: yes
configure:20146: checking for GSTREAMER
configure:20155: $PKG_CONFIG --exists --print-errors "gstreamer-0.10 >= $GSTREAMER_REQUIRED_VERSION
		 gstreamer-base-0.10 >= $GSTREAMER_REQUIRED_VERSION
		 gstreamer-plugins-base-0.10 >= $GSTREAMER_REQUIRED_VERSION"
configure:20160: $? = 0
configure:20178: $PKG_CONFIG --exists --print-errors "gstreamer-0.10 >= $GSTREAMER_REQUIRED_VERSION
		 gstreamer-base-0.10 >= $GSTREAMER_REQUIRED_VERSION
		 gstreamer-plugins-base-0.10 >= $GSTREAMER_REQUIRED_VERSION"
configure:20183: $? = 0
configure:20227: result: yes
configure:20313: checking lirc/lirc_client.h usability
configure:20313: gcc -c -g -O2  conftest.c >&5
configure:20313: $? = 0
configure:20313: result: yes
configure:20313: checking lirc/lirc_client.h presence
configure:20313: gcc -E  conftest.c
configure:20313: $? = 0
configure:20313: result: yes
configure:20313: checking for lirc/lirc_client.h
configure:20313: result: yes
configure:20315: checking for lirc_init in -llirc_client
configure:20340: gcc -o conftest -g -O2   conftest.c -llirc_client   >&5
configure:20340: $? = 0
configure:20349: result: yes
configure:20440: checking for GCONF_SHARP_20
configure:20447: $PKG_CONFIG --exists --print-errors "gconf-sharp-2.0"
configure:20450: $? = 0
configure:20464: $PKG_CONFIG --exists --print-errors "gconf-sharp-2.0"
configure:20467: $? = 0
configure:20505: result: yes
configure:20520: checking for BANSHEE_WEBBROWSER
configure:20585: result: yes
configure:20671: checking for GLIB
configure:20736: result: yes
configure:20751: checking for FFTW3F
configure:20816: result: yes
configure:20831: checking for LIBSAMPLERATE
configure:20896: result: yes
configure:20912: checking for GSTREAMER
configure:20993: result: yes
configure:21049: checking for BANSHEE_NOWPLAYING
configure:21114: result: yes
configure:21129: checking for TAO_OPENGL
configure:21136: $PKG_CONFIG --exists --print-errors "tao-opengl >= 2.1"
Package tao-opengl was not found in the pkg-config search path.
Perhaps you should add the directory containing `tao-opengl.pc'
to the PKG_CONFIG_PATH environment variable
No package 'tao-opengl' found
configure:21139: $? = 1
configure:21153: $PKG_CONFIG --exists --print-errors "tao-opengl >= 2.1"
Package tao-opengl was not found in the pkg-config search path.
Perhaps you should add the directory containing `tao-opengl.pc'
to the PKG_CONFIG_PATH environment variable
No package 'tao-opengl' found
configure:21156: $? = 1
configure:21170: result: no
No package 'tao-opengl' found
configure:21209: checking for TAO_FREEGLUT
configure:21216: $PKG_CONFIG --exists --print-errors "tao-freeglut >= 2.4"
Package tao-freeglut was not found in the pkg-config search path.
Perhaps you should add the directory containing `tao-freeglut.pc'
to the PKG_CONFIG_PATH environment variable
No package 'tao-freeglut' found
configure:21219: $? = 1
configure:21233: $PKG_CONFIG --exists --print-errors "tao-freeglut >= 2.4"
Package tao-freeglut was not found in the pkg-config search path.
Perhaps you should add the directory containing `tao-freeglut.pc'
to the PKG_CONFIG_PATH environment variable
No package 'tao-freeglut' found
configure:21236: $? = 1
configure:21250: result: no
No package 'tao-freeglut' found
configure:21289: checking for TAO_SDL
configure:21296: $PKG_CONFIG --exists --print-errors "tao-sdl >= 1.2.13"
Package tao-sdl was not found in the pkg-config search path.
Perhaps you should add the directory containing `tao-sdl.pc'
to the PKG_CONFIG_PATH environment variable
No package 'tao-sdl' found
configure:21299: $? = 1
configure:21313: $PKG_CONFIG --exists --print-errors "tao-sdl >= 1.2.13"
Package tao-sdl was not found in the pkg-config search path.
Perhaps you should add the directory containing `tao-sdl.pc'
to the PKG_CONFIG_PATH environment variable
No package 'tao-sdl' found
configure:21316: $? = 1
configure:21330: result: no
No package 'tao-sdl' found
configure:21368: checking for jay
configure:21386: found /usr/bin/jay
configure:21399: result: /usr/bin/jay
configure:21493: checking for BANSHEE_LASTFM
configure:21558: result: yes
configure:21683: checking for NOTIFY_SHARP
configure:21690: $PKG_CONFIG --exists --print-errors "notify-sharp"
configure:21693: $? = 0
configure:21707: $PKG_CONFIG --exists --print-errors "notify-sharp"
configure:21710: $? = 0
configure:21748: result: yes
configure:21763: checking for MONO
configure:21770: $PKG_CONFIG --exists --print-errors "mono >= 2.4.2"
configure:21773: $? = 0
configure:21787: $PKG_CONFIG --exists --print-errors "mono >= 2.4.2"
configure:21790: $? = 0
configure:21828: result: yes
configure:21882: checking for ZEITGEIST_SHARP
configure:21889: $PKG_CONFIG --exists --print-errors "zeitgeist-sharp"
Package zeitgeist-sharp was not found in the pkg-config search path.
Perhaps you should add the directory containing `zeitgeist-sharp.pc'
to the PKG_CONFIG_PATH environment variable
No package 'zeitgeist-sharp' found
configure:21892: $? = 1
configure:21906: $PKG_CONFIG --exists --print-errors "zeitgeist-sharp"
Package zeitgeist-sharp was not found in the pkg-config search path.
Perhaps you should add the directory containing `zeitgeist-sharp.pc'
to the PKG_CONFIG_PATH environment variable
No package 'zeitgeist-sharp' found
configure:21909: $? = 1
configure:21923: result: no
No package 'zeitgeist-sharp' found
configure:22030: checking for sed
configure:22058: result: /bin/sed
configure:22487: creating ./config.status

## ---------------------- ##
## Running config.status. ##
## ---------------------- ##

This file was extended by banshee-community-extensions config.status 2.4.0, which was
generated by GNU Autoconf 2.68.  Invocation command line was

  CONFIG_FILES    = 
  CONFIG_HEADERS  = 
  CONFIG_LINKS    = 
  CONFIG_COMMANDS = 
  $ ./config.status 

on elegy

config.status:1449: creating Makefile
config.status:1449: creating build/Makefile
config.status:1449: creating build/m4/Makefile
config.status:1449: creating build/m4/shave/shave
config.status:1449: creating build/m4/shave/shave-libtool
config.status:1449: creating help/Makefile
config.status:1449: creating po/Makefile.in
config.status:1449: creating src/Makefile
config.status:1449: creating src/AssemblyInfo.cs
config.status:1449: creating src/AlarmClock/Makefile
config.status:1449: creating src/AlbumArtWriter/Makefile
config.status:1449: creating src/Ampache/Makefile
config.status:1449: creating src/AppIndicator/Makefile
config.status:1449: creating src/Awn/Makefile
config.status:1449: creating src/ClutterFlow/Makefile
config.status:1449: creating src/ClutterFlow/Banshee.ClutterFlow/Makefile
config.status:1449: creating src/ClutterFlow/ClutterFlow/Makefile
config.status:1449: creating src/CoverWallpaper/Makefile
config.status:1449: creating src/DuplicateSongDetector/Makefile
config.status:1449: creating src/FolderSync/Makefile
config.status:1449: creating src/Jamendo/Makefile
config.status:1449: creating src/Karaoke/Makefile
config.status:1449: creating src/LastfmFingerprint/Makefile
config.status:1449: creating src/LastfmFingerprint/Banshee.LastfmFingerprint/Makefile
config.status:1449: creating src/LastfmFingerprint/liblastfmfpbridge/Makefile
config.status:1449: creating src/LCD/Makefile
config.status:1449: creating src/Lirc/Makefile
config.status:1449: creating src/Lirc/lirc-glue/Makefile
config.status:1449: creating src/Lirc/Banshee.Lirc/Makefile
config.status:1449: creating src/Lirc/GUITestHarness/Makefile
config.status:1449: creating src/Lirc/NUnitTests/Makefile
config.status:1449: creating src/LiveRadio/Makefile
config.status:1449: creating src/Lyrics/Makefile
config.status:1449: creating src/OpenVP/Makefile
config.status:1449: creating src/OpenVP/Cdh.Affe/Makefile
config.status:1449: creating src/OpenVP/Cdh.Affe.Tests/Makefile
config.status:1449: creating src/OpenVP/OpenVP/Makefile
config.status:1449: creating src/OpenVP/OpenVP.Core/Makefile
config.status:1449: creating src/OpenVP/OpenVP.Scripting/Makefile
config.status:1449: creating src/OpenVP/Banshee.OpenVP/Makefile
config.status:1449: creating src/OpenVP/Banshee.OpenVP.Visualizations/Makefile
config.status:1449: creating src/Magnatune/Makefile
config.status:1449: creating src/Mirage/Makefile
config.status:1449: creating src/Mirage/libmirageaudio/Makefile
config.status:1449: creating src/Mirage/Mirage/Makefile
config.status:1449: creating src/Mirage/Banshee.Mirage/Makefile
config.status:1449: creating src/Mirage/Test/Makefile
config.status:1449: creating src/RadioStationFetcher/Makefile
config.status:1449: creating src/RandomByLastfm/Makefile
config.status:1449: creating src/StreamRecorder/Makefile
config.status:1449: creating src/Telepathy/Makefile
config.status:1449: creating src/Telepathy/Banshee.Telepathy/Makefile
config.status:1449: creating src/ZeitgeistDataprovider/Makefile
config.status:1449: creating config.h
config.status:1630: config.h is unchanged
config.status:1678: executing depfiles commands
config.status:1678: executing libtool commands
config.status:1678: executing default-1 commands
config.status:1678: executing po/stamp-it commands

## ---------------- ##
## Cache variables. ##
## ---------------- ##

ac_cv_build=i686-pc-linux-gnu
ac_cv_c_compiler_gnu=yes
ac_cv_cxx_compiler_gnu=yes
ac_cv_env_APPINDICATORSHARP_CFLAGS_set=
ac_cv_env_APPINDICATORSHARP_CFLAGS_value=
ac_cv_env_APPINDICATORSHARP_LIBS_set=
ac_cv_env_APPINDICATORSHARP_LIBS_value=
ac_cv_env_BANSHEE_CFLAGS_set=
ac_cv_env_BANSHEE_CFLAGS_value=
ac_cv_env_BANSHEE_LASTFM_CFLAGS_set=
ac_cv_env_BANSHEE_LASTFM_CFLAGS_value=
ac_cv_env_BANSHEE_LASTFM_LIBS_set=
ac_cv_env_BANSHEE_LASTFM_LIBS_value=
ac_cv_env_BANSHEE_LIBS_set=
ac_cv_env_BANSHEE_LIBS_value=
ac_cv_env_BANSHEE_NOWPLAYING_CFLAGS_set=
ac_cv_env_BANSHEE_NOWPLAYING_CFLAGS_value=
ac_cv_env_BANSHEE_NOWPLAYING_LIBS_set=
ac_cv_env_BANSHEE_NOWPLAYING_LIBS_value=
ac_cv_env_BANSHEE_WEBBROWSER_CFLAGS_set=
ac_cv_env_BANSHEE_WEBBROWSER_CFLAGS_value=
ac_cv_env_BANSHEE_WEBBROWSER_LIBS_set=
ac_cv_env_BANSHEE_WEBBROWSER_LIBS_value=
ac_cv_env_CCC_set=
ac_cv_env_CCC_value=
ac_cv_env_CC_set=
ac_cv_env_CC_value=
ac_cv_env_CFLAGS_set=
ac_cv_env_CFLAGS_value=
ac_cv_env_CLUTTER_SHARP_CFLAGS_set=
ac_cv_env_CLUTTER_SHARP_CFLAGS_value=
ac_cv_env_CLUTTER_SHARP_LIBS_set=
ac_cv_env_CLUTTER_SHARP_LIBS_value=
ac_cv_env_CPPFLAGS_set=
ac_cv_env_CPPFLAGS_value=
ac_cv_env_CPP_set=
ac_cv_env_CPP_value=
ac_cv_env_CXXCPP_set=
ac_cv_env_CXXCPP_value=
ac_cv_env_CXXFLAGS_set=
ac_cv_env_CXXFLAGS_value=
ac_cv_env_CXX_set=
ac_cv_env_CXX_value=
ac_cv_env_FFTW3F_CFLAGS_set=
ac_cv_env_FFTW3F_CFLAGS_value=
ac_cv_env_FFTW3F_LIBS_set=
ac_cv_env_FFTW3F_LIBS_value=
ac_cv_env_GCONFSHARP_CFLAGS_set=
ac_cv_env_GCONFSHARP_CFLAGS_value=
ac_cv_env_GCONFSHARP_LIBS_set=
ac_cv_env_GCONFSHARP_LIBS_value=
ac_cv_env_GCONF_SHARP_20_CFLAGS_set=
ac_cv_env_GCONF_SHARP_20_CFLAGS_value=
ac_cv_env_GCONF_SHARP_20_LIBS_set=
ac_cv_env_GCONF_SHARP_20_LIBS_value=
ac_cv_env_GLIB_CFLAGS_set=
ac_cv_env_GLIB_CFLAGS_value=
ac_cv_env_GLIB_LIBS_set=
ac_cv_env_GLIB_LIBS_value=
ac_cv_env_GNOME_DOC_UTILS_CFLAGS_set=
ac_cv_env_GNOME_DOC_UTILS_CFLAGS_value=
ac_cv_env_GNOME_DOC_UTILS_LIBS_set=
ac_cv_env_GNOME_DOC_UTILS_LIBS_value=
ac_cv_env_GSTREAMER_CFLAGS_set=
ac_cv_env_GSTREAMER_CFLAGS_value=
ac_cv_env_GSTREAMER_LIBS_set=
ac_cv_env_GSTREAMER_LIBS_value=
ac_cv_env_LDFLAGS_set=
ac_cv_env_LDFLAGS_value=
ac_cv_env_LIBSAMPLERATE_CFLAGS_set=
ac_cv_env_LIBSAMPLERATE_CFLAGS_value=
ac_cv_env_LIBSAMPLERATE_LIBS_set=
ac_cv_env_LIBSAMPLERATE_LIBS_value=
ac_cv_env_LIBS_set=
ac_cv_env_LIBS_value=
ac_cv_env_MONO_CFLAGS_set=
ac_cv_env_MONO_CFLAGS_value=
ac_cv_env_MONO_LIBS_set=
ac_cv_env_MONO_LIBS_value=
ac_cv_env_MONO_MODULE_CFLAGS_set=
ac_cv_env_MONO_MODULE_CFLAGS_value=
ac_cv_env_MONO_MODULE_LIBS_set=
ac_cv_env_MONO_MODULE_LIBS_value=
ac_cv_env_NOTIFYSHARP_CFLAGS_set=
ac_cv_env_NOTIFYSHARP_CFLAGS_value=
ac_cv_env_NOTIFYSHARP_LIBS_set=
ac_cv_env_NOTIFYSHARP_LIBS_value=
ac_cv_env_NOTIFY_SHARP_CFLAGS_set=
ac_cv_env_NOTIFY_SHARP_CFLAGS_value=
ac_cv_env_NOTIFY_SHARP_LIBS_set=
ac_cv_env_NOTIFY_SHARP_LIBS_value=
ac_cv_env_NUNIT_CFLAGS_set=
ac_cv_env_NUNIT_CFLAGS_value=
ac_cv_env_NUNIT_LIBS_set=
ac_cv_env_NUNIT_LIBS_value=
ac_cv_env_PKG_CONFIG_LIBDIR_set=
ac_cv_env_PKG_CONFIG_LIBDIR_value=
ac_cv_env_PKG_CONFIG_PATH_set=
ac_cv_env_PKG_CONFIG_PATH_value=
ac_cv_env_PKG_CONFIG_set=
ac_cv_env_PKG_CONFIG_value=
ac_cv_env_TAO_FREEGLUT_CFLAGS_set=
ac_cv_env_TAO_FREEGLUT_CFLAGS_value=
ac_cv_env_TAO_FREEGLUT_LIBS_set=
ac_cv_env_TAO_FREEGLUT_LIBS_value=
ac_cv_env_TAO_OPENGL_CFLAGS_set=
ac_cv_env_TAO_OPENGL_CFLAGS_value=
ac_cv_env_TAO_OPENGL_LIBS_set=
ac_cv_env_TAO_OPENGL_LIBS_value=
ac_cv_env_TAO_SDL_CFLAGS_set=
ac_cv_env_TAO_SDL_CFLAGS_value=
ac_cv_env_TAO_SDL_LIBS_set=
ac_cv_env_TAO_SDL_LIBS_value=
ac_cv_env_ZEITGEIST_SHARP_CFLAGS_set=
ac_cv_env_ZEITGEIST_SHARP_CFLAGS_value=
ac_cv_env_ZEITGEIST_SHARP_LIBS_set=
ac_cv_env_ZEITGEIST_SHARP_LIBS_value=
ac_cv_env_build_alias_set=
ac_cv_env_build_alias_value=
ac_cv_env_host_alias_set=
ac_cv_env_host_alias_value=
ac_cv_env_target_alias_set=
ac_cv_env_target_alias_value=
ac_cv_func_bind_textdomain_codeset=yes
ac_cv_func_dcgettext=yes
ac_cv_header_dlfcn_h=yes
ac_cv_header_inttypes_h=yes
ac_cv_header_libintl_h=yes
ac_cv_header_lirc_lirc_client_h=yes
ac_cv_header_locale_h=yes
ac_cv_header_memory_h=yes
ac_cv_header_stdc=yes
ac_cv_header_stdint_h=yes
ac_cv_header_stdlib_h=yes
ac_cv_header_string_h=yes
ac_cv_header_strings_h=yes
ac_cv_header_sys_stat_h=yes
ac_cv_header_sys_types_h=yes
ac_cv_header_unistd_h=yes
ac_cv_host=i686-pc-linux-gnu
ac_cv_lib_lirc_client_lirc_init=yes
ac_cv_objext=o
ac_cv_path_DMCS=no
ac_cv_path_EGREP='/bin/grep -E'
ac_cv_path_FGREP='/bin/grep -F'
ac_cv_path_GCONFTOOL=/usr/bin/gconftool-2
ac_cv_path_GMCS=/usr/bin/gmcs
ac_cv_path_GMSGFMT=/usr/bin/msgfmt
ac_cv_path_GREP=/bin/grep
ac_cv_path_INTLTOOL_EXTRACT=/usr/bin/intltool-extract
ac_cv_path_INTLTOOL_MERGE=/usr/bin/intltool-merge
ac_cv_path_INTLTOOL_PERL=/usr/bin/perl
ac_cv_path_INTLTOOL_UPDATE=/usr/bin/intltool-update
ac_cv_path_JAY=/usr/bin/jay
ac_cv_path_MONO=/usr/bin/mono
ac_cv_path_MSGFMT=/usr/bin/msgfmt
ac_cv_path_MSGMERGE=/usr/bin/msgmerge
ac_cv_path_SED=/bin/sed
ac_cv_path_XGETTEXT=/usr/bin/xgettext
ac_cv_path_ac_pt_PKG_CONFIG=/usr/bin/pkg-config
ac_cv_path_install='/usr/bin/install -c'
ac_cv_path_mkdir=/bin/mkdir
ac_cv_prog_AWK=gawk
ac_cv_prog_CPP='gcc -E'
ac_cv_prog_CXXCPP='g++ -E'
ac_cv_prog_SED=/bin/sed
ac_cv_prog_ac_ct_AR=ar
ac_cv_prog_ac_ct_CC=gcc
ac_cv_prog_ac_ct_CXX=g++
ac_cv_prog_ac_ct_MANIFEST_TOOL=mt
ac_cv_prog_ac_ct_OBJDUMP=objdump
ac_cv_prog_ac_ct_RANLIB=ranlib
ac_cv_prog_ac_ct_STRIP=strip
ac_cv_prog_cc_c89=
ac_cv_prog_cc_g=yes
ac_cv_prog_cxx_g=yes
ac_cv_prog_make_make_set=yes
ac_cv_search_strerror='none required'
am_cv_CC_dependencies_compiler_type=gcc3
am_cv_CXX_dependencies_compiler_type=gcc3
am_cv_prog_tar_ustar=gnutar
am_cv_val_LC_MESSAGES=yes
gt_cv_func_dgettext_libc=yes
gt_cv_func_dgettext_libintl=no
gt_cv_func_ngettext_libc=yes
gt_cv_have_gettext=yes
lt_cv_ar_at_file=@
lt_cv_archive_cmds_need_lc=no
lt_cv_deplibs_check_method=pass_all
lt_cv_file_magic_cmd='$MAGIC_CMD'
lt_cv_file_magic_test_file=
lt_cv_ld_reload_flag=-r
lt_cv_nm_interface='BSD nm'
lt_cv_objdir=.libs
lt_cv_path_LD=/usr/bin/ld
lt_cv_path_LDCXX=/usr/bin/ld
lt_cv_path_NM='/usr/bin/nm -B'
lt_cv_path_mainfest_tool=no
lt_cv_prog_compiler_c_o=yes
lt_cv_prog_compiler_c_o_CXX=yes
lt_cv_prog_compiler_pic='-fPIC -DPIC'
lt_cv_prog_compiler_pic_CXX='-fPIC -DPIC'
lt_cv_prog_compiler_pic_works=yes
lt_cv_prog_compiler_pic_works_CXX=yes
lt_cv_prog_compiler_rtti_exceptions=no
lt_cv_prog_compiler_static_works=yes
lt_cv_prog_compiler_static_works_CXX=yes
lt_cv_prog_gnu_ld=yes
lt_cv_prog_gnu_ldcxx=yes
lt_cv_sharedlib_from_linklib_cmd='printf %s\n'
lt_cv_shlibpath_overrides_runpath=no
lt_cv_sys_global_symbol_pipe='sed -n -e '\''s/^.*[	 ]\([ABCDGIRSTW][ABCDGIRSTW]*\)[	 ][	 ]*\([_A-Za-z][_A-Za-z0-9]*\)$/\1 \2 \2/p'\'' | sed '\''/ __gnu_lto/d'\'''
lt_cv_sys_global_symbol_to_c_name_address='sed -n -e '\''s/^: \([^ ]*\)[ ]*$/  {\"\1\", (void *) 0},/p'\'' -e '\''s/^[ABCDGIRSTW]* \([^ ]*\) \([^ ]*\)$/  {"\2", (void *) \&\2},/p'\'''
lt_cv_sys_global_symbol_to_c_name_address_lib_prefix='sed -n -e '\''s/^: \([^ ]*\)[ ]*$/  {\"\1\", (void *) 0},/p'\'' -e '\''s/^[ABCDGIRSTW]* \([^ ]*\) \(lib[^ ]*\)$/  {"\2", (void *) \&\2},/p'\'' -e '\''s/^[ABCDGIRSTW]* \([^ ]*\) \([^ ]*\)$/  {"lib\2", (void *) \&\2},/p'\'''
lt_cv_sys_global_symbol_to_cdecl='sed -n -e '\''s/^T .* \(.*\)$/extern int \1();/p'\'' -e '\''s/^[ABCDGIRSTW]* .* \(.*\)$/extern char \1;/p'\'''
lt_cv_sys_max_cmd_len=1572864
lt_cv_to_host_file_cmd=func_convert_file_noop
lt_cv_to_tool_file_cmd=func_convert_file_noop
pkg_cv_BANSHEE_CFLAGS='-I:/usr/lib/pkgconfig/../../share/gapi-2.0/glib-api.xml -I:/usr/lib/pkgconfig/../../share/gapi-2.0/pango-api.xml -I:/usr/lib/pkgconfig/../../share/gapi-2.0/atk-api.xml -I:/usr/lib/pkgconfig/../../share/gapi-2.0/gdk-api.xml -I:/usr/lib/pkgconfig/../../share/gapi-2.0/gtk-api.xml  '
pkg_cv_BANSHEE_LASTFM_CFLAGS=' '
pkg_cv_BANSHEE_LASTFM_LIBS='-r:System -r:Mono.Posix -r:ICSharpCode.SharpZipLib -r:/usr/local/lib/banshee/Lastfm.dll -r:/usr/local/lib/banshee/Mono.Media.dll -r:/usr/local/lib/banshee/Hyena.dll  '
pkg_cv_BANSHEE_LIBS='-r:/usr/local/lib/banshee/Banshee.Widgets.dll -r:/usr/local/lib/banshee/Banshee.ThickClient.dll -r:/usr/local/lib/banshee/Banshee.Services.dll -r:Mono.Cairo -r:/usr/local/lib/banshee/Hyena.Gui.dll -r:/usr/local/lib/banshee/Banshee.Core.dll -r:System -r:/usr/local/lib/banshee/Mono.Media.dll -r:Mono.Posix -r:/usr/local/lib/banshee/Hyena.dll -r:/usr/local/lib/banshee/Hyena.Data.Sqlite.dll -r:/usr/local/lib/banshee/MusicBrainz.dll -r:/usr/lib/cli/dbus-sharp-1.0/dbus-sharp.dll -r:/usr/lib/cli/dbus-sharp-glib-1.0/dbus-sharp-glib.dll -r:/usr/lib/pkgconfig/../../lib/cli/glib-sharp-2.0/glib-sharp.dll -r:/usr/lib/pkgconfig/../../lib/cli/Mono.Addins-0.2/Mono.Addins.dll -r:/usr/lib/pkgconfig/../../lib/cli/pango-sharp-2.0/pango-sharp.dll -r:/usr/lib/pkgconfig/../../lib/cli/atk-sharp-2.0/atk-sharp.dll -r:/usr/lib/pkgconfig/../../lib/cli/gdk-sharp-2.0/gdk-sharp.dll -r:/usr/lib/pkgconfig/../../lib/cli/gtk-sharp-2.0/gtk-sharp.dll -r:/usr/lib/cli/taglib-sharp-2.0/taglib-sharp.dll  '
pkg_cv_BANSHEE_NOWPLAYING_CFLAGS=' '
pkg_cv_BANSHEE_NOWPLAYING_LIBS='-r:/usr/local/lib/banshee/Extensions/Banshee.NowPlaying.dll  '
pkg_cv_BANSHEE_WEBBROWSER_CFLAGS='-I:/usr/lib/pkgconfig/../../share/gapi-2.0/glib-api.xml -I:/usr/lib/pkgconfig/../../share/gapi-2.0/pango-api.xml -I:/usr/lib/pkgconfig/../../share/gapi-2.0/atk-api.xml -I:/usr/lib/pkgconfig/../../share/gapi-2.0/gdk-api.xml -I:/usr/lib/pkgconfig/../../share/gapi-2.0/gtk-api.xml  '
pkg_cv_BANSHEE_WEBBROWSER_LIBS='-r:/usr/local/lib/banshee/Banshee.WebBrowser.dll -r:/usr/local/lib/banshee/Banshee.Services.dll -r:Mono.Cairo -r:/usr/local/lib/banshee/Hyena.Gui.dll -r:/usr/local/lib/banshee/Banshee.Widgets.dll -r:/usr/local/lib/banshee/Banshee.ThickClient.dll -r:/usr/local/lib/banshee/Banshee.Core.dll -r:System -r:/usr/local/lib/banshee/Mono.Media.dll -r:Mono.Posix -r:/usr/local/lib/banshee/Hyena.dll -r:/usr/local/lib/banshee/Hyena.Data.Sqlite.dll -r:/usr/local/lib/banshee/MusicBrainz.dll -r:/usr/lib/cli/dbus-sharp-1.0/dbus-sharp.dll -r:/usr/lib/cli/dbus-sharp-glib-1.0/dbus-sharp-glib.dll -r:/usr/lib/pkgconfig/../../lib/cli/glib-sharp-2.0/glib-sharp.dll -r:/usr/lib/pkgconfig/../../lib/cli/Mono.Addins-0.2/Mono.Addins.dll -r:/usr/lib/pkgconfig/../../lib/cli/pango-sharp-2.0/pango-sharp.dll -r:/usr/lib/pkgconfig/../../lib/cli/atk-sharp-2.0/atk-sharp.dll -r:/usr/lib/pkgconfig/../../lib/cli/gdk-sharp-2.0/gdk-sharp.dll -r:/usr/lib/pkgconfig/../../lib/cli/gtk-sharp-2.0/gtk-sharp.dll -r:/usr/lib/cli/taglib-sharp-2.0/taglib-sharp.dll  '
pkg_cv_FFTW3F_CFLAGS=' '
pkg_cv_FFTW3F_LIBS='-lfftw3f -lm  '
pkg_cv_GCONFSHARP_CFLAGS=' '
pkg_cv_GCONFSHARP_LIBS='-r:/usr/lib/cli/gconf-sharp-2.0/gconf-sharp.dll  '
pkg_cv_GCONF_SHARP_20_CFLAGS=' '
pkg_cv_GCONF_SHARP_20_LIBS='-r:/usr/lib/cli/gconf-sharp-2.0/gconf-sharp.dll  '
pkg_cv_GLIB_CFLAGS='-I/usr/local/include/glib-2.0 -I/usr/local/lib/glib-2.0/include  '
pkg_cv_GLIB_LIBS='-L/usr/local/lib -lglib-2.0  '
pkg_cv_GSTREAMER_CFLAGS='-pthread -I/usr/local/include/glib-2.0 -I/usr/local/lib/glib-2.0/include -I/usr/include/gstreamer-0.10 -I/usr/include/libxml2  '
pkg_cv_GSTREAMER_LIBS='-pthread -L/usr/local/lib -lgstbase-0.10 -lgstreamer-0.10 -lgobject-2.0 -lgmodule-2.0 -lxml2 -lgthread-2.0 -lrt -lglib-2.0  '
pkg_cv_LIBSAMPLERATE_CFLAGS=' '
pkg_cv_LIBSAMPLERATE_LIBS='-lsamplerate  '
pkg_cv_MONO_CFLAGS='-pthread -D_REENTRANT -I/usr/local/include/glib-2.0 -I/usr/local/lib/glib-2.0/include -I/usr/include/mono-1.0  '
pkg_cv_MONO_LIBS='-pthread -L/usr/local/lib -lmono -ldl -lpthread -lm -lgthread-2.0 -lrt -lglib-2.0  '
pkg_cv_MONO_MODULE_CFLAGS='-pthread -D_REENTRANT -I/usr/local/include/glib-2.0 -I/usr/local/lib/glib-2.0/include -I/usr/include/mono-1.0  '
pkg_cv_MONO_MODULE_LIBS='-pthread -L/usr/local/lib -lmono -ldl -lpthread -lm -lgthread-2.0 -lrt -lglib-2.0  '
pkg_cv_NOTIFYSHARP_CFLAGS='-I:/usr/lib/pkgconfig/../../share/gapi-2.0/pango-api.xml -I:/usr/lib/pkgconfig/../../share/gapi-2.0/atk-api.xml -I:/usr/lib/pkgconfig/../../share/gapi-2.0/gdk-api.xml -I:/usr/lib/pkgconfig/../../share/gapi-2.0/gtk-api.xml -I:/usr/lib/pkgconfig/../../share/gapi-2.0/glib-api.xml  '
pkg_cv_NOTIFYSHARP_LIBS='-r:/usr/lib/cli/notify-sharp-0.4/notify-sharp.dll -r:/usr/lib/pkgconfig/../../lib/cli/pango-sharp-2.0/pango-sharp.dll -r:/usr/lib/pkgconfig/../../lib/cli/atk-sharp-2.0/atk-sharp.dll -r:/usr/lib/pkgconfig/../../lib/cli/gdk-sharp-2.0/gdk-sharp.dll -r:/usr/lib/pkgconfig/../../lib/cli/gtk-sharp-2.0/gtk-sharp.dll -r:/usr/lib/pkgconfig/../../lib/cli/glib-sharp-2.0/glib-sharp.dll  '
pkg_cv_NOTIFY_SHARP_CFLAGS='-I:/usr/lib/pkgconfig/../../share/gapi-2.0/pango-api.xml -I:/usr/lib/pkgconfig/../../share/gapi-2.0/atk-api.xml -I:/usr/lib/pkgconfig/../../share/gapi-2.0/gdk-api.xml -I:/usr/lib/pkgconfig/../../share/gapi-2.0/gtk-api.xml -I:/usr/lib/pkgconfig/../../share/gapi-2.0/glib-api.xml  '
pkg_cv_NOTIFY_SHARP_LIBS='-r:/usr/lib/cli/notify-sharp-0.4/notify-sharp.dll -r:/usr/lib/pkgconfig/../../lib/cli/pango-sharp-2.0/pango-sharp.dll -r:/usr/lib/pkgconfig/../../lib/cli/atk-sharp-2.0/atk-sharp.dll -r:/usr/lib/pkgconfig/../../lib/cli/gdk-sharp-2.0/gdk-sharp.dll -r:/usr/lib/pkgconfig/../../lib/cli/gtk-sharp-2.0/gtk-sharp.dll -r:/usr/lib/pkgconfig/../../lib/cli/glib-sharp-2.0/glib-sharp.dll  '

## ----------------- ##
## Output variables. ##
## ----------------- ##

ACLOCAL='${SHELL} /media/MyBook/Projects/Media/Software/Wreathe/Software/banshee/banshee-community-extensions-2.4.0/missing --run aclocal-1.11'
ALL_LINGUAS='de el es fi fr it pt ru_RU sk uk_UA'
AMDEPBACKSLASH='\'
AMDEP_FALSE='#'
AMDEP_TRUE=''
AMTAR='${SHELL} /media/MyBook/Projects/Media/Software/Wreathe/Software/banshee/banshee-community-extensions-2.4.0/missing --run tar'
AM_DEFAULT_VERBOSITY='1'
AM_MAKEFLAGS='`test -z $V && echo -s`'
APPINDICATORSHARP_CFLAGS=''
APPINDICATORSHARP_LIBS=''
AR='ar'
AUTOCONF='${SHELL} /media/MyBook/Projects/Media/Software/Wreathe/Software/banshee/banshee-community-extensions-2.4.0/missing --run autoconf'
AUTOHEADER='${SHELL} /media/MyBook/Projects/Media/Software/Wreathe/Software/banshee/banshee-community-extensions-2.4.0/missing --run autoheader'
AUTOMAKE='${SHELL} /media/MyBook/Projects/Media/Software/Wreathe/Software/banshee/banshee-community-extensions-2.4.0/missing --run automake-1.11'
AWK='gawk'
BANSHEE_CFLAGS='-I:/usr/lib/pkgconfig/../../share/gapi-2.0/glib-api.xml -I:/usr/lib/pkgconfig/../../share/gapi-2.0/pango-api.xml -I:/usr/lib/pkgconfig/../../share/gapi-2.0/atk-api.xml -I:/usr/lib/pkgconfig/../../share/gapi-2.0/gdk-api.xml -I:/usr/lib/pkgconfig/../../share/gapi-2.0/gtk-api.xml  '
BANSHEE_EXTDIR='/usr/local/lib/banshee/Extensions'
BANSHEE_LASTFM_CFLAGS=' '
BANSHEE_LASTFM_LIBS='-r:System -r:Mono.Posix -r:ICSharpCode.SharpZipLib -r:/usr/local/lib/banshee/Lastfm.dll -r:/usr/local/lib/banshee/Mono.Media.dll -r:/usr/local/lib/banshee/Hyena.dll  '
BANSHEE_LIBDIR='/usr/local/lib/banshee'
BANSHEE_LIBS='-r:/usr/local/lib/banshee/Banshee.Widgets.dll -r:/usr/local/lib/banshee/Banshee.ThickClient.dll -r:/usr/local/lib/banshee/Banshee.Services.dll -r:Mono.Cairo -r:/usr/local/lib/banshee/Hyena.Gui.dll -r:/usr/local/lib/banshee/Banshee.Core.dll -r:System -r:/usr/local/lib/banshee/Mono.Media.dll -r:Mono.Posix -r:/usr/local/lib/banshee/Hyena.dll -r:/usr/local/lib/banshee/Hyena.Data.Sqlite.dll -r:/usr/local/lib/banshee/MusicBrainz.dll -r:/usr/lib/cli/dbus-sharp-1.0/dbus-sharp.dll -r:/usr/lib/cli/dbus-sharp-glib-1.0/dbus-sharp-glib.dll -r:/usr/lib/pkgconfig/../../lib/cli/glib-sharp-2.0/glib-sharp.dll -r:/usr/lib/pkgconfig/../../lib/cli/Mono.Addins-0.2/Mono.Addins.dll -r:/usr/lib/pkgconfig/../../lib/cli/pango-sharp-2.0/pango-sharp.dll -r:/usr/lib/pkgconfig/../../lib/cli/atk-sharp-2.0/atk-sharp.dll -r:/usr/lib/pkgconfig/../../lib/cli/gdk-sharp-2.0/gdk-sharp.dll -r:/usr/lib/pkgconfig/../../lib/cli/gtk-sharp-2.0/gtk-sharp.dll -r:/usr/lib/cli/taglib-sharp-2.0/taglib-sharp.dll  '
BANSHEE_NOWPLAYING_CFLAGS=' '
BANSHEE_NOWPLAYING_LIBS='-r:/usr/local/lib/banshee/Extensions/Banshee.NowPlaying.dll  '
BANSHEE_WEBBROWSER_CFLAGS='-I:/usr/lib/pkgconfig/../../share/gapi-2.0/glib-api.xml -I:/usr/lib/pkgconfig/../../share/gapi-2.0/pango-api.xml -I:/usr/lib/pkgconfig/../../share/gapi-2.0/atk-api.xml -I:/usr/lib/pkgconfig/../../share/gapi-2.0/gdk-api.xml -I:/usr/lib/pkgconfig/../../share/gapi-2.0/gtk-api.xml  '
BANSHEE_WEBBROWSER_LIBS='-r:/usr/local/lib/banshee/Banshee.WebBrowser.dll -r:/usr/local/lib/banshee/Banshee.Services.dll -r:Mono.Cairo -r:/usr/local/lib/banshee/Hyena.Gui.dll -r:/usr/local/lib/banshee/Banshee.Widgets.dll -r:/usr/local/lib/banshee/Banshee.ThickClient.dll -r:/usr/local/lib/banshee/Banshee.Core.dll -r:System -r:/usr/local/lib/banshee/Mono.Media.dll -r:Mono.Posix -r:/usr/local/lib/banshee/Hyena.dll -r:/usr/local/lib/banshee/Hyena.Data.Sqlite.dll -r:/usr/local/lib/banshee/MusicBrainz.dll -r:/usr/lib/cli/dbus-sharp-1.0/dbus-sharp.dll -r:/usr/lib/cli/dbus-sharp-glib-1.0/dbus-sharp-glib.dll -r:/usr/lib/pkgconfig/../../lib/cli/glib-sharp-2.0/glib-sharp.dll -r:/usr/lib/pkgconfig/../../lib/cli/Mono.Addins-0.2/Mono.Addins.dll -r:/usr/lib/pkgconfig/../../lib/cli/pango-sharp-2.0/pango-sharp.dll -r:/usr/lib/pkgconfig/../../lib/cli/atk-sharp-2.0/atk-sharp.dll -r:/usr/lib/pkgconfig/../../lib/cli/gdk-sharp-2.0/gdk-sharp.dll -r:/usr/lib/pkgconfig/../../lib/cli/gtk-sharp-2.0/gtk-sharp.dll -r:/usr/lib/cli/taglib-sharp-2.0/taglib-sharp.dll  '
BUILD_HOST_CPU='i686'
BUILD_HOST_OS='linux-gnu'
BUILD_TIME='2013-07-20 21:48:19 EDT'
BUILD_VENDOR_ID='source-tarball'
CATALOGS=' de.gmo el.gmo es.gmo fi.gmo fr.gmo it.gmo pt.gmo ru_RU.gmo sk.gmo uk_UA.gmo'
CATOBJEXT='.gmo'
CC='/bin/bash /media/MyBook/Projects/Media/Software/Wreathe/Software/banshee/banshee-community-extensions-2.4.0/build/m4/shave/shave cc gcc'
CCDEPMODE='depmode=gcc3'
CFLAGS='-g -O2'
CLUTTER_BUNDLEFILES=''
CLUTTER_SHARP_CFLAGS=''
CLUTTER_SHARP_LIBS=''
CONFIG_STATUS_DEPENDENCIES='$(top_srcdir)/po/LINGUAS'
CPP='gcc -E'
CPPFLAGS=''
CXX='/bin/bash /media/MyBook/Projects/Media/Software/Wreathe/Software/banshee/banshee-community-extensions-2.4.0/build/m4/shave/shave cxx g++'
CXXCPP='g++ -E'
CXXDEPMODE='depmode=gcc3'
CXXFLAGS='-g -O2'
CYGPATH_W='echo'
DATADIRNAME='share'
DEFS='-DHAVE_CONFIG_H'
DEPDIR='.deps'
DISTCHECK_CONFIGURE_FLAGS='--enable-release'
DLLTOOL='false'
DMCS='no'
DOC_USER_FORMATS=''
DSYMUTIL=''
DUMPBIN=''
ECHO_C=''
ECHO_N='-n'
ECHO_T=''
EGREP='/bin/grep -E'
ENABLE_ALARMCLOCK_FALSE='#'
ENABLE_ALARMCLOCK_TRUE=''
ENABLE_ALBUMARTWRITER_FALSE='#'
ENABLE_ALBUMARTWRITER_TRUE=''
ENABLE_AMPACHE_FALSE='#'
ENABLE_AMPACHE_TRUE=''
ENABLE_APPINDICATOR_FALSE=''
ENABLE_APPINDICATOR_TRUE='#'
ENABLE_AWN_FALSE='#'
ENABLE_AWN_TRUE=''
ENABLE_CLUTTERFLOW_FALSE=''
ENABLE_CLUTTERFLOW_TRUE='#'
ENABLE_COVERWALLPAPER_FALSE='#'
ENABLE_COVERWALLPAPER_TRUE=''
ENABLE_DUPLICATESONGDETECTOR_FALSE='#'
ENABLE_DUPLICATESONGDETECTOR_TRUE=''
ENABLE_FOLDERSYNC_FALSE='#'
ENABLE_FOLDERSYNC_TRUE=''
ENABLE_GNOME_FALSE='#'
ENABLE_GNOME_TRUE=''
ENABLE_JAMENDO_FALSE='#'
ENABLE_JAMENDO_TRUE=''
ENABLE_KARAOKE_FALSE='#'
ENABLE_KARAOKE_TRUE=''
ENABLE_LASTFMFINGERPRINT_FALSE='#'
ENABLE_LASTFMFINGERPRINT_TRUE=''
ENABLE_LCD_FALSE='#'
ENABLE_LCD_TRUE=''
ENABLE_LIRC_FALSE='#'
ENABLE_LIRC_TRUE=''
ENABLE_LIVERADIO_FALSE='#'
ENABLE_LIVERADIO_TRUE=''
ENABLE_LYRICS_FALSE='#'
ENABLE_LYRICS_TRUE=''
ENABLE_MAGNATUNE_FALSE='#'
ENABLE_MAGNATUNE_TRUE=''
ENABLE_MIRAGE_FALSE='#'
ENABLE_MIRAGE_TRUE=''
ENABLE_OPENVP_FALSE=''
ENABLE_OPENVP_TRUE='#'
ENABLE_RADIOSTATIONFETCHER_FALSE='#'
ENABLE_RADIOSTATIONFETCHER_TRUE=''
ENABLE_RANDOMBYLASTFM_FALSE='#'
ENABLE_RANDOMBYLASTFM_TRUE=''
ENABLE_RELEASE='yes'
ENABLE_RELEASE_FALSE='#'
ENABLE_RELEASE_TRUE=''
ENABLE_SK_FALSE=''
ENABLE_SK_TRUE='#'
ENABLE_STREAMRECORDER_FALSE='#'
ENABLE_STREAMRECORDER_TRUE=''
ENABLE_TELEPATHY_FALSE='#'
ENABLE_TELEPATHY_TRUE=''
ENABLE_TESTS_FALSE=''
ENABLE_TESTS_TRUE='#'
ENABLE_ZEITGEISTDATAPROVIDER_FALSE=''
ENABLE_ZEITGEISTDATAPROVIDER_TRUE='#'
EXEEXT=''
EXTENSION_DIR='${exec_prefix}/lib/banshee/Extensions'
F77='/bin/bash /media/MyBook/Projects/Media/Software/Wreathe/Software/banshee/banshee-community-extensions-2.4.0/build/m4/shave/shave f77 '
FC='/bin/bash /media/MyBook/Projects/Media/Software/Wreathe/Software/banshee/banshee-community-extensions-2.4.0/build/m4/shave/shave fc '
FFTW3F_CFLAGS=' '
FFTW3F_LIBS='-lfftw3f -lm  '
FGREP='/bin/grep -F'
GCONFSHARP_CFLAGS=' '
GCONFSHARP_LIBS='-r:/usr/lib/cli/gconf-sharp-2.0/gconf-sharp.dll  '
GCONFTOOL='/usr/bin/gconftool-2'
GCONF_SCHEMAS_INSTALL_FALSE='#'
GCONF_SCHEMAS_INSTALL_TRUE=''
GCONF_SCHEMA_CONFIG_SOURCE='xml:merged:/etc/gconf/gconf.xml.defaults'
GCONF_SCHEMA_FILE_DIR='$(sysconfdir)/gconf/schemas'
GCONF_SHARP_20_CFLAGS=' '
GCONF_SHARP_20_LIBS='-r:/usr/lib/cli/gconf-sharp-2.0/gconf-sharp.dll  '
GETTEXT_PACKAGE='banshee-community-extensions'
GLIB_CFLAGS='-I/usr/local/include/glib-2.0 -I/usr/local/lib/glib-2.0/include  '
GLIB_LIBS='-L/usr/local/lib -lglib-2.0  '
GMCS='/usr/bin/gmcs'
GMCS_FLAGS='-define:RELEASE'
GMOFILES=' de.gmo el.gmo es.gmo fi.gmo fr.gmo it.gmo pt.gmo ru_RU.gmo sk.gmo uk_UA.gmo'
GMSGFMT='/usr/bin/msgfmt'
GNOME_DOC_UTILS_CFLAGS=''
GNOME_DOC_UTILS_LIBS=''
GREP='/bin/grep'
GSTREAMER_CFLAGS='-pthread -I/usr/local/include/glib-2.0 -I/usr/local/lib/glib-2.0/include -I/usr/include/gstreamer-0.10 -I/usr/include/libxml2  '
GSTREAMER_LIBS='-pthread -L/usr/local/lib -lgstbase-0.10 -lgstreamer-0.10 -lgobject-2.0 -lgmodule-2.0 -lxml2 -lgthread-2.0 -lrt -lglib-2.0  '
HAVE_GNOME_DOC_UTILS_FALSE=''
HAVE_GNOME_DOC_UTILS_TRUE='#'
HELP_DIR=''
INSTALL_DATA='${INSTALL} -m 644'
INSTALL_PROGRAM='${INSTALL}'
INSTALL_SCRIPT='${INSTALL}'
INSTALL_STRIP_PROGRAM='$(install_sh) -c -s'
INSTOBJEXT='.mo'
INTLLIBS=''
INTLTOOL_CAVES_RULE='%.caves:     %.caves.in     $(INTLTOOL_MERGE) $(wildcard $(top_srcdir)/po/*.po) ; $(INTLTOOL_V_MERGE)LC_ALL=C $(INTLTOOL_MERGE) $(INTLTOOL_V_MERGE_OPTIONS) -d -u -c $(top_builddir)/po/.intltool-merge-cache $(top_srcdir)/po $< $@'
INTLTOOL_DESKTOP_RULE='%.desktop:   %.desktop.in   $(INTLTOOL_MERGE) $(wildcard $(top_srcdir)/po/*.po) ; $(INTLTOOL_V_MERGE)LC_ALL=C $(INTLTOOL_MERGE) $(INTLTOOL_V_MERGE_OPTIONS) -d -u -c $(top_builddir)/po/.intltool-merge-cache $(top_srcdir)/po $< $@'
INTLTOOL_DIRECTORY_RULE='%.directory: %.directory.in $(INTLTOOL_MERGE) $(wildcard $(top_srcdir)/po/*.po) ; $(INTLTOOL_V_MERGE)LC_ALL=C $(INTLTOOL_MERGE) $(INTLTOOL_V_MERGE_OPTIONS) -d -u -c $(top_builddir)/po/.intltool-merge-cache $(top_srcdir)/po $< $@'
INTLTOOL_EXTRACT='/usr/bin/intltool-extract'
INTLTOOL_KBD_RULE='%.kbd:       %.kbd.in       $(INTLTOOL_MERGE) $(wildcard $(top_srcdir)/po/*.po) ; $(INTLTOOL_V_MERGE)LC_ALL=C $(INTLTOOL_MERGE) $(INTLTOOL_V_MERGE_OPTIONS) -x -u -m -c $(top_builddir)/po/.intltool-merge-cache $(top_srcdir)/po $< $@'
INTLTOOL_KEYS_RULE='%.keys:      %.keys.in      $(INTLTOOL_MERGE) $(wildcard $(top_srcdir)/po/*.po) ; $(INTLTOOL_V_MERGE)LC_ALL=C $(INTLTOOL_MERGE) $(INTLTOOL_V_MERGE_OPTIONS) -k -u -c $(top_builddir)/po/.intltool-merge-cache $(top_srcdir)/po $< $@'
INTLTOOL_MERGE='/usr/bin/intltool-merge'
INTLTOOL_OAF_RULE='%.oaf:       %.oaf.in       $(INTLTOOL_MERGE) $(wildcard $(top_srcdir)/po/*.po) ; $(INTLTOOL_V_MERGE)LC_ALL=C $(INTLTOOL_MERGE) $(INTLTOOL_V_MERGE_OPTIONS) -o -p $(top_srcdir)/po $< $@'
INTLTOOL_PERL='/usr/bin/perl'
INTLTOOL_POLICY_RULE='%.policy:    %.policy.in    $(INTLTOOL_MERGE) $(wildcard $(top_srcdir)/po/*.po) ; $(INTLTOOL_V_MERGE)LC_ALL=C $(INTLTOOL_MERGE) $(INTLTOOL_V_MERGE_OPTIONS) -x -u -c $(top_builddir)/po/.intltool-merge-cache $(top_srcdir)/po $< $@'
INTLTOOL_PONG_RULE='%.pong:      %.pong.in      $(INTLTOOL_MERGE) $(wildcard $(top_srcdir)/po/*.po) ; $(INTLTOOL_V_MERGE)LC_ALL=C $(INTLTOOL_MERGE) $(INTLTOOL_V_MERGE_OPTIONS) -x -u -c $(top_builddir)/po/.intltool-merge-cache $(top_srcdir)/po $< $@'
INTLTOOL_PROP_RULE='%.prop:      %.prop.in      $(INTLTOOL_MERGE) $(wildcard $(top_srcdir)/po/*.po) ; $(INTLTOOL_V_MERGE)LC_ALL=C $(INTLTOOL_MERGE) $(INTLTOOL_V_MERGE_OPTIONS) -d -u -c $(top_builddir)/po/.intltool-merge-cache $(top_srcdir)/po $< $@'
INTLTOOL_SCHEMAS_RULE='%.schemas:   %.schemas.in   $(INTLTOOL_MERGE) $(wildcard $(top_srcdir)/po/*.po) ; $(INTLTOOL_V_MERGE)LC_ALL=C $(INTLTOOL_MERGE) $(INTLTOOL_V_MERGE_OPTIONS) -s -u -c $(top_builddir)/po/.intltool-merge-cache $(top_srcdir)/po $< $@'
INTLTOOL_SERVER_RULE='%.server:    %.server.in    $(INTLTOOL_MERGE) $(wildcard $(top_srcdir)/po/*.po) ; $(INTLTOOL_V_MERGE)LC_ALL=C $(INTLTOOL_MERGE) $(INTLTOOL_V_MERGE_OPTIONS) -o -u -c $(top_builddir)/po/.intltool-merge-cache $(top_srcdir)/po $< $@'
INTLTOOL_SERVICE_RULE='%.service: %.service.in   $(INTLTOOL_MERGE) $(wildcard $(top_srcdir)/po/*.po) ; $(INTLTOOL_V_MERGE)LC_ALL=C $(INTLTOOL_MERGE) $(INTLTOOL_V_MERGE_OPTIONS) -d -u -c $(top_builddir)/po/.intltool-merge-cache $(top_srcdir)/po $< $@'
INTLTOOL_SHEET_RULE='%.sheet:     %.sheet.in     $(INTLTOOL_MERGE) $(wildcard $(top_srcdir)/po/*.po) ; $(INTLTOOL_V_MERGE)LC_ALL=C $(INTLTOOL_MERGE) $(INTLTOOL_V_MERGE_OPTIONS) -x -u -c $(top_builddir)/po/.intltool-merge-cache $(top_srcdir)/po $< $@'
INTLTOOL_SOUNDLIST_RULE='%.soundlist: %.soundlist.in $(INTLTOOL_MERGE) $(wildcard $(top_srcdir)/po/*.po) ; $(INTLTOOL_V_MERGE)LC_ALL=C $(INTLTOOL_MERGE) $(INTLTOOL_V_MERGE_OPTIONS) -d -u -c $(top_builddir)/po/.intltool-merge-cache $(top_srcdir)/po $< $@'
INTLTOOL_THEME_RULE='%.theme:     %.theme.in     $(INTLTOOL_MERGE) $(wildcard $(top_srcdir)/po/*.po) ; $(INTLTOOL_V_MERGE)LC_ALL=C $(INTLTOOL_MERGE) $(INTLTOOL_V_MERGE_OPTIONS) -d -u -c $(top_builddir)/po/.intltool-merge-cache $(top_srcdir)/po $< $@'
INTLTOOL_UI_RULE='%.ui:        %.ui.in        $(INTLTOOL_MERGE) $(wildcard $(top_srcdir)/po/*.po) ; $(INTLTOOL_V_MERGE)LC_ALL=C $(INTLTOOL_MERGE) $(INTLTOOL_V_MERGE_OPTIONS) -x -u -c $(top_builddir)/po/.intltool-merge-cache $(top_srcdir)/po $< $@'
INTLTOOL_UPDATE='/usr/bin/intltool-update'
INTLTOOL_V_MERGE='$(INTLTOOL__v_MERGE_$(V))'
INTLTOOL_V_MERGE_OPTIONS='$(intltool__v_merge_options_$(V))'
INTLTOOL_XAM_RULE='%.xam:       %.xml.in       $(INTLTOOL_MERGE) $(wildcard $(top_srcdir)/po/*.po) ; $(INTLTOOL_V_MERGE)LC_ALL=C $(INTLTOOL_MERGE) $(INTLTOOL_V_MERGE_OPTIONS) -x -u -c $(top_builddir)/po/.intltool-merge-cache $(top_srcdir)/po $< $@'
INTLTOOL_XML_NOMERGE_RULE='%.xml:       %.xml.in       $(INTLTOOL_MERGE) ; $(INTLTOOL_V_MERGE)_it_tmp_dir=tmp.intltool.$$RANDOM && mkdir $$_it_tmp_dir && LC_ALL=C $(INTLTOOL_MERGE) $(INTLTOOL_V_MERGE_OPTIONS) -x -u $$_it_tmp_dir $< $@ && rmdir $$_it_tmp_dir'
INTLTOOL_XML_RULE='%.xml:       %.xml.in       $(INTLTOOL_MERGE) $(wildcard $(top_srcdir)/po/*.po) ; $(INTLTOOL_V_MERGE)LC_ALL=C $(INTLTOOL_MERGE) $(INTLTOOL_V_MERGE_OPTIONS) -x -u -c $(top_builddir)/po/.intltool-merge-cache $(top_srcdir)/po $< $@'
INTLTOOL__v_MERGE_0='@echo "  ITMRG " $@;'
INTLTOOL__v_MERGE_='$(INTLTOOL__v_MERGE_$(AM_DEFAULT_VERBOSITY))'
JAY='/usr/bin/jay'
LD='/usr/bin/ld'
LDFLAGS=''
LIBOBJS=''
LIBS=''
LIBSAMPLERATE_CFLAGS=' '
LIBSAMPLERATE_LIBS='-lsamplerate  '
LIBTOOL='/bin/bash /media/MyBook/Projects/Media/Software/Wreathe/Software/banshee/banshee-community-extensions-2.4.0/build/m4/shave/shave-libtool '\''$(SHELL) $(top_builddir)/libtool'\'''
LIPO=''
LN_S='ln -s'
LTLIBOBJS=''
MAINT=''
MAINTAINER_MODE_FALSE='#'
MAINTAINER_MODE_TRUE=''
MAKEFLAGS='-s'
MAKEINFO='${SHELL} /media/MyBook/Projects/Media/Software/Wreathe/Software/banshee/banshee-community-extensions-2.4.0/missing --run makeinfo'
MANIFEST_TOOL=':'
MCS='/bin/bash /media/MyBook/Projects/Media/Software/Wreathe/Software/banshee/banshee-community-extensions-2.4.0/build/m4/shave/shave mcs /usr/bin/gmcs'
MKDIR_P='/bin/mkdir -p'
MKINSTALLDIRS='./mkinstalldirs'
MONO='/usr/bin/mono'
MONO_CFLAGS='-pthread -D_REENTRANT -I/usr/local/include/glib-2.0 -I/usr/local/lib/glib-2.0/include -I/usr/include/mono-1.0  '
MONO_LIBS='-pthread -L/usr/local/lib -lmono -ldl -lpthread -lm -lgthread-2.0 -lrt -lglib-2.0  '
MONO_MODULE_CFLAGS='-pthread -D_REENTRANT -I/usr/local/include/glib-2.0 -I/usr/local/lib/glib-2.0/include -I/usr/include/mono-1.0  '
MONO_MODULE_LIBS='-pthread -L/usr/local/lib -lmono -ldl -lpthread -lm -lgthread-2.0 -lrt -lglib-2.0  '
MSGFMT='/usr/bin/msgfmt'
MSGFMT_OPTS='-c'
MSGMERGE='/usr/bin/msgmerge'
NM='/usr/bin/nm -B'
NMEDIT=''
NOTIFYSHARP_CFLAGS='-I:/usr/lib/pkgconfig/../../share/gapi-2.0/pango-api.xml -I:/usr/lib/pkgconfig/../../share/gapi-2.0/atk-api.xml -I:/usr/lib/pkgconfig/../../share/gapi-2.0/gdk-api.xml -I:/usr/lib/pkgconfig/../../share/gapi-2.0/gtk-api.xml -I:/usr/lib/pkgconfig/../../share/gapi-2.0/glib-api.xml  '
NOTIFYSHARP_LIBS='-r:/usr/lib/cli/notify-sharp-0.4/notify-sharp.dll -r:/usr/lib/pkgconfig/../../lib/cli/pango-sharp-2.0/pango-sharp.dll -r:/usr/lib/pkgconfig/../../lib/cli/atk-sharp-2.0/atk-sharp.dll -r:/usr/lib/pkgconfig/../../lib/cli/gdk-sharp-2.0/gdk-sharp.dll -r:/usr/lib/pkgconfig/../../lib/cli/gtk-sharp-2.0/gtk-sharp.dll -r:/usr/lib/pkgconfig/../../lib/cli/glib-sharp-2.0/glib-sharp.dll  '
NOTIFY_SHARP_CFLAGS='-I:/usr/lib/pkgconfig/../../share/gapi-2.0/pango-api.xml -I:/usr/lib/pkgconfig/../../share/gapi-2.0/atk-api.xml -I:/usr/lib/pkgconfig/../../share/gapi-2.0/gdk-api.xml -I:/usr/lib/pkgconfig/../../share/gapi-2.0/gtk-api.xml -I:/usr/lib/pkgconfig/../../share/gapi-2.0/glib-api.xml  '
NOTIFY_SHARP_LIBS='-r:/usr/lib/cli/notify-sharp-0.4/notify-sharp.dll -r:/usr/lib/pkgconfig/../../lib/cli/pango-sharp-2.0/pango-sharp.dll -r:/usr/lib/pkgconfig/../../lib/cli/atk-sharp-2.0/atk-sharp.dll -r:/usr/lib/pkgconfig/../../lib/cli/gdk-sharp-2.0/gdk-sharp.dll -r:/usr/lib/pkgconfig/../../lib/cli/gtk-sharp-2.0/gtk-sharp.dll -r:/usr/lib/pkgconfig/../../lib/cli/glib-sharp-2.0/glib-sharp.dll  '
NUNIT_CFLAGS=''
NUNIT_CONSOLE=''
NUNIT_LIBS=''
OBJC='/bin/bash /media/MyBook/Projects/Media/Software/Wreathe/Software/banshee/banshee-community-extensions-2.4.0/build/m4/shave/shave objc '
OBJDUMP='objdump'
OBJEXT='o'
OMF_DIR=''
OTOOL64=''
OTOOL=''
PACKAGE='banshee-community-extensions'
PACKAGE_BUGREPORT='http://bugzilla.gnome.org/enter_bug.cgi?product=banshee&component=Community%20Extensions'
PACKAGE_NAME='banshee-community-extensions'
PACKAGE_STRING='banshee-community-extensions 2.4.0'
PACKAGE_TARNAME='banshee-community-extensions'
PACKAGE_URL=''
PACKAGE_VERSION='2.4.0'
PATH_SEPARATOR=':'
PKG_CONFIG='/usr/bin/pkg-config'
PKG_CONFIG_LIBDIR=''
PKG_CONFIG_PATH=''
POFILES=' de.po el.po es.po fi.po fr.po it.po pt.po ru_RU.po sk.po uk_UA.po'
POSUB='po'
PO_IN_DATADIR_FALSE=''
PO_IN_DATADIR_TRUE=''
Q='$(V:1=)'
RANLIB='ranlib'
SED='/bin/sed'
SET_MAKE=''
SHELL='/bin/bash'
STRIP='strip'
TAO_FREEGLUT_CFLAGS=''
TAO_FREEGLUT_LIBS=''
TAO_OPENGL_CFLAGS=''
TAO_OPENGL_LIBS=''
TAO_SDL_CFLAGS=''
TAO_SDL_LIBS=''
USE_NLS='yes'
V='@'
VERSION='2.4.0'
XGETTEXT='/usr/bin/xgettext'
ZEITGEIST_SHARP_CFLAGS=''
ZEITGEIST_SHARP_LIBS=''
ac_ct_AR='ar'
ac_ct_CC='gcc'
ac_ct_CXX='g++'
ac_ct_DUMPBIN=''
am__EXEEXT_FALSE=''
am__EXEEXT_TRUE='#'
am__fastdepCC_FALSE='#'
am__fastdepCC_TRUE=''
am__fastdepCXX_FALSE='#'
am__fastdepCXX_TRUE=''
am__include='include'
am__isrc=''
am__leading_dot='.'
am__quote=''
am__tar='tar --format=ustar -chf - "$$tardir"'
am__untar='tar -xf -'
bindir='${exec_prefix}/bin'
build='i686-pc-linux-gnu'
build_alias=''
build_cpu='i686'
build_os='linux-gnu'
build_vendor='pc'
datadir='${datarootdir}'
datarootdir='${prefix}/share'
docdir='${datarootdir}/doc/${PACKAGE_TARNAME}'
dvidir='${docdir}'
exec_prefix='/usr'
expanded_bindir='/usr/bin'
expanded_datadir='/usr/share'
expanded_libdir='/usr/lib'
host='i686-pc-linux-gnu'
host_alias=''
host_cpu='i686'
host_os='linux-gnu'
host_vendor='pc'
htmldir='${docdir}'
includedir='${prefix}/include'
infodir='${datarootdir}/info'
install_sh='${SHELL} /media/MyBook/Projects/Media/Software/Wreathe/Software/banshee/banshee-community-extensions-2.4.0/install-sh'
intltool__v_merge_options_0='-q'
intltool__v_merge_options_='$(intltool__v_merge_options_$(AM_DEFAULT_VERBOSITY))'
libdir='${exec_prefix}/lib'
libexecdir='${exec_prefix}/libexec'
localedir='${datarootdir}/locale'
localstatedir='${prefix}/var'
mandir='${datarootdir}/man'
mkdir_p='/bin/mkdir -p'
oldincludedir='/usr/include'
pdfdir='${docdir}'
prefix='/usr'
program_transform_name='s,x,x,'
psdir='${docdir}'
sbindir='${exec_prefix}/sbin'
sharedstatedir='${prefix}/com'
shavedir='/media/MyBook/Projects/Media/Software/Wreathe/Software/banshee/banshee-community-extensions-2.4.0/build/m4/shave'
sysconfdir='${prefix}/etc'
target_alias=''

## ----------- ##
## confdefs.h. ##
## ----------- ##

/* confdefs.h */
#define PACKAGE_NAME "banshee-community-extensions"
#define PACKAGE_TARNAME "banshee-community-extensions"
#define PACKAGE_VERSION "2.4.0"
#define PACKAGE_STRING "banshee-community-extensions 2.4.0"
#define PACKAGE_BUGREPORT "http://bugzilla.gnome.org/enter_bug.cgi?product=banshee&component=Community%20Extensions"
#define PACKAGE_URL ""
#define PACKAGE "banshee-community-extensions"
#define VERSION "2.4.0"
#define STDC_HEADERS 1
#define HAVE_SYS_TYPES_H 1
#define HAVE_SYS_STAT_H 1
#define HAVE_STDLIB_H 1
#define HAVE_STRING_H 1
#define HAVE_MEMORY_H 1
#define HAVE_STRINGS_H 1
#define HAVE_INTTYPES_H 1
#define HAVE_STDINT_H 1
#define HAVE_UNISTD_H 1
#define HAVE_DLFCN_H 1
#define LT_OBJDIR ".libs/"
#define STDC_HEADERS 1
#define GETTEXT_PACKAGE "banshee-community-extensions"
#define HAVE_LOCALE_H 1
#define HAVE_LC_MESSAGES 1
#define HAVE_BIND_TEXTDOMAIN_CODESET 1
#define HAVE_GETTEXT 1
#define HAVE_DCGETTEXT 1
#define ENABLE_NLS 1

configure: exit 0
