This file contains any messages produced by compilers while
running configure, to aid debugging if configure makes a mistake.

It was created by orc configure 0.4.17, which was
generated by GNU Autoconf 2.69.  Invocation command line was

  $ ./configure --prefix=/Technical/Wreathe/Wreathe/Development PKG_CONFIG_PATH=/Technical/Wreathe/Wreathe/Development/lib/pkgconfig:/usr/local/lib/pkgconfig:/usr/lib/pkgconfig LD_LIBRARY_PATH=/Technical/Wreathe/Wreathe/Development/lib:/usr/local/lib:/usr/lib

## --------- ##
## Platform. ##
## --------- ##

hostname = elegy
uname -m = i686
uname -r = 2.6.32-46-generic-pae
uname -s = Linux
uname -v = #108-Ubuntu SMP Thu Apr 11 16:11:56 UTC 2013

/usr/bin/uname -p = unknown
/bin/uname -X     = unknown

/bin/arch              = unknown
/usr/bin/arch -k       = unknown
/usr/convex/getsysinfo = unknown
/usr/bin/hostinfo      = unknown
/bin/machine           = unknown
/usr/bin/oslevel       = unknown
/bin/universe          = unknown

PATH: /usr/local/sbin
PATH: /usr/local/bin
PATH: /usr/sbin
PATH: /usr/bin
PATH: /sbin
PATH: /bin
PATH: /usr/games
PATH: /home/kyan/.rvm/bin


## ----------- ##
## Core tests. ##
## ----------- ##

configure:2274: checking nano version
configure:2281: result: 0 (release)
configure:2325: checking build system type
configure:2339: result: i686-pc-linux-gnu
configure:2359: checking host system type
configure:2372: result: i686-pc-linux-gnu
configure:2408: checking for a BSD-compatible install
configure:2476: result: /usr/bin/install -c
configure:2487: checking whether build environment is sane
configure:2537: result: yes
configure:2678: checking for a thread-safe mkdir -p
configure:2717: result: /bin/mkdir -p
configure:2730: checking for gawk
configure:2746: found /usr/bin/gawk
configure:2757: result: gawk
configure:2768: checking whether make sets $(MAKE)
configure:2790: result: yes
configure:3230: checking how to print strings
configure:3257: result: printf
configure:3290: checking for style of include used by make
configure:3318: result: GNU
configure:3389: checking for gcc
configure:3405: found /usr/bin/gcc
configure:3416: result: gcc
configure:3645: checking for C compiler version
configure:3654: gcc --version >&5
gcc (Ubuntu/Linaro 4.4.4-14ubuntu5.1) 4.4.5
Copyright (C) 2010 Free Software Foundation, Inc.
This is free software; see the source for copying conditions.  There is NO
warranty; not even for MERCHANTABILITY or FITNESS FOR A PARTICULAR PURPOSE.

configure:3665: $? = 0
configure:3654: gcc -v >&5
Using built-in specs.
Target: i686-linux-gnu
Configured with: ../src/configure -v --with-pkgversion='Ubuntu/Linaro 4.4.4-14ubuntu5.1' --with-bugurl=file:///usr/share/doc/gcc-4.4/README.Bugs --enable-languages=c,c++,fortran,objc,obj-c++ --prefix=/usr --program-suffix=-4.4 --enable-shared --enable-multiarch --enable-linker-build-id --with-system-zlib --libexecdir=/usr/lib --without-included-gettext --enable-threads=posix --with-gxx-include-dir=/usr/include/c++/4.4 --libdir=/usr/lib --enable-nls --with-sysroot=/ --enable-clocale=gnu --enable-libstdcxx-debug --enable-objc-gc --enable-targets=all --disable-werror --with-arch-32=i686 --with-tune=generic --enable-checking=release --build=i686-linux-gnu --host=i686-linux-gnu --target=i686-linux-gnu
Thread model: posix
gcc version 4.4.5 (Ubuntu/Linaro 4.4.4-14ubuntu5.1) 
configure:3665: $? = 0
configure:3654: gcc -V >&5
gcc: '-V' option must have argument
configure:3665: $? = 1
configure:3654: gcc -qversion >&5
gcc: unrecognized option '-qversion'
gcc: no input files
configure:3665: $? = 1
configure:3685: checking whether the C compiler works
configure:3707: gcc    conftest.c  >&5
configure:3711: $? = 0
configure:3759: result: yes
configure:3762: checking for C compiler default output file name
configure:3764: result: a.out
configure:3770: checking for suffix of executables
configure:3777: gcc -o conftest    conftest.c  >&5
configure:3781: $? = 0
configure:3803: result: 
configure:3825: checking whether we are cross compiling
configure:3833: gcc -o conftest    conftest.c  >&5
configure:3837: $? = 0
configure:3844: ./conftest
configure:3848: $? = 0
configure:3863: result: no
configure:3868: checking for suffix of object files
configure:3890: gcc -c   conftest.c >&5
configure:3894: $? = 0
configure:3915: result: o
configure:3919: checking whether we are using the GNU C compiler
configure:3938: gcc -c   conftest.c >&5
configure:3938: $? = 0
configure:3947: result: yes
configure:3956: checking whether gcc accepts -g
configure:3976: gcc -c -g  conftest.c >&5
configure:3976: $? = 0
configure:4017: result: yes
configure:4034: checking for gcc option to accept ISO C89
configure:4097: gcc  -c -g -O2  conftest.c >&5
configure:4097: $? = 0
configure:4110: result: none needed
configure:4132: checking dependency style of gcc
configure:4243: result: gcc3
configure:4258: checking for a sed that does not truncate output
configure:4322: result: /bin/sed
configure:4340: checking for grep that handles long lines and -e
configure:4398: result: /bin/grep
configure:4403: checking for egrep
configure:4465: result: /bin/grep -E
configure:4470: checking for fgrep
configure:4532: result: /bin/grep -F
configure:4567: checking for ld used by gcc
configure:4634: result: /usr/bin/ld
configure:4641: checking if the linker (/usr/bin/ld) is GNU ld
configure:4656: result: yes
configure:4668: checking for BSD- or MS-compatible name lister (nm)
configure:4717: result: /usr/bin/nm -B
configure:4847: checking the name lister (/usr/bin/nm -B) interface
configure:4854: gcc -c -g -O2  conftest.c >&5
configure:4857: /usr/bin/nm -B "conftest.o"
configure:4860: output
00000000 B some_variable
configure:4867: result: BSD nm
configure:4870: checking whether ln -s works
configure:4874: result: yes
configure:4882: checking the maximum length of command line arguments
configure:5012: result: 1572864
configure:5029: checking whether the shell understands some XSI constructs
configure:5039: result: yes
configure:5043: checking whether the shell understands "+="
configure:5049: result: yes
configure:5084: checking how to convert i686-pc-linux-gnu file names to i686-pc-linux-gnu format
configure:5124: result: func_convert_file_noop
configure:5131: checking how to convert i686-pc-linux-gnu file names to toolchain format
configure:5151: result: func_convert_file_noop
configure:5158: checking for /usr/bin/ld option to reload object files
configure:5165: result: -r
configure:5239: checking for objdump
configure:5266: result: objdump
configure:5295: checking how to recognize dependent libraries
configure:5497: result: pass_all
configure:5582: checking for dlltool
configure:5609: result: dlltool
configure:5639: checking how to associate runtime and link libraries
configure:5666: result: printf %s\n
configure:5727: checking for ar
configure:5743: found /usr/bin/ar
configure:5754: result: ar
configure:5791: checking for archiver @FILE support
configure:5808: gcc -c -g -O2  conftest.c >&5
configure:5808: $? = 0
configure:5811: ar cru libconftest.a @conftest.lst >&5
configure:5814: $? = 0
configure:5819: ar cru libconftest.a @conftest.lst >&5
ar: conftest.o: No such file or directory
configure:5822: $? = 1
configure:5834: result: @
configure:5892: checking for strip
configure:5908: found /usr/bin/strip
configure:5919: result: strip
configure:5991: checking for ranlib
configure:6007: found /usr/bin/ranlib
configure:6018: result: ranlib
configure:6120: checking command to parse /usr/bin/nm -B output from gcc object
configure:6240: gcc -c -g -O2  conftest.c >&5
configure:6243: $? = 0
configure:6247: /usr/bin/nm -B conftest.o \| sed -n -e 's/^.*[ ]\([ABCDGIRSTW][ABCDGIRSTW]*\)[ ][ ]*\([_A-Za-z][_A-Za-z0-9]*\)$/\1 \2 \2/p' | sed '/ __gnu_lto/d' \> conftest.nm
configure:6250: $? = 0
configure:6316: gcc -o conftest -g -O2   conftest.c conftstm.o >&5
configure:6319: $? = 0
configure:6357: result: ok
configure:6394: checking for sysroot
configure:6424: result: no
configure:6680: checking for mt
configure:6696: found /bin/mt
configure:6707: result: mt
configure:6730: checking if mt is a manifest tool
configure:6736: mt '-?'
configure:6744: result: no
configure:7386: checking how to run the C preprocessor
configure:7417: gcc -E  conftest.c
configure:7417: $? = 0
configure:7431: gcc -E  conftest.c
conftest.c:11: fatal error: ac_nonexistent.h: No such file or directory
compilation terminated.
configure:7431: $? = 1
configure: failed program was:
| /* confdefs.h */
| #define PACKAGE_NAME "orc"
| #define PACKAGE_TARNAME "orc"
| #define PACKAGE_VERSION "0.4.17"
| #define PACKAGE_STRING "orc 0.4.17"
| #define PACKAGE_BUGREPORT ""
| #define PACKAGE_URL ""
| #define PACKAGE "orc"
| #define VERSION "0.4.17"
| /* end confdefs.h.  */
| #include <ac_nonexistent.h>
configure:7456: result: gcc -E
configure:7476: gcc -E  conftest.c
configure:7476: $? = 0
configure:7490: gcc -E  conftest.c
conftest.c:11: fatal error: ac_nonexistent.h: No such file or directory
compilation terminated.
configure:7490: $? = 1
configure: failed program was:
| /* confdefs.h */
| #define PACKAGE_NAME "orc"
| #define PACKAGE_TARNAME "orc"
| #define PACKAGE_VERSION "0.4.17"
| #define PACKAGE_STRING "orc 0.4.17"
| #define PACKAGE_BUGREPORT ""
| #define PACKAGE_URL ""
| #define PACKAGE "orc"
| #define VERSION "0.4.17"
| /* end confdefs.h.  */
| #include <ac_nonexistent.h>
configure:7519: checking for ANSI C header files
configure:7539: gcc -c -g -O2  conftest.c >&5
configure:7539: $? = 0
configure:7612: gcc -o conftest -g -O2   conftest.c  >&5
configure:7612: $? = 0
configure:7612: ./conftest
configure:7612: $? = 0
configure:7623: result: yes
configure:7636: checking for sys/types.h
configure:7636: gcc -c -g -O2  conftest.c >&5
configure:7636: $? = 0
configure:7636: result: yes
configure:7636: checking for sys/stat.h
configure:7636: gcc -c -g -O2  conftest.c >&5
configure:7636: $? = 0
configure:7636: result: yes
configure:7636: checking for stdlib.h
configure:7636: gcc -c -g -O2  conftest.c >&5
configure:7636: $? = 0
configure:7636: result: yes
configure:7636: checking for string.h
configure:7636: gcc -c -g -O2  conftest.c >&5
configure:7636: $? = 0
configure:7636: result: yes
configure:7636: checking for memory.h
configure:7636: gcc -c -g -O2  conftest.c >&5
configure:7636: $? = 0
configure:7636: result: yes
configure:7636: checking for strings.h
configure:7636: gcc -c -g -O2  conftest.c >&5
configure:7636: $? = 0
configure:7636: result: yes
configure:7636: checking for inttypes.h
configure:7636: gcc -c -g -O2  conftest.c >&5
configure:7636: $? = 0
configure:7636: result: yes
configure:7636: checking for stdint.h
configure:7636: gcc -c -g -O2  conftest.c >&5
configure:7636: $? = 0
configure:7636: result: yes
configure:7636: checking for unistd.h
configure:7636: gcc -c -g -O2  conftest.c >&5
configure:7636: $? = 0
configure:7636: result: yes
configure:7650: checking for dlfcn.h
configure:7650: gcc -c -g -O2  conftest.c >&5
configure:7650: $? = 0
configure:7650: result: yes
configure:7854: checking for objdir
configure:7869: result: .libs
configure:8140: checking if gcc supports -fno-rtti -fno-exceptions
configure:8158: gcc -c -g -O2  -fno-rtti -fno-exceptions conftest.c >&5
cc1: warning: command line option "-fno-rtti" is valid for C++/ObjC++ but not for C
configure:8162: $? = 0
configure:8175: result: no
configure:8502: checking for gcc option to produce PIC
configure:8509: result: -fPIC -DPIC
configure:8517: checking if gcc PIC flag -fPIC -DPIC works
configure:8535: gcc -c -g -O2  -fPIC -DPIC -DPIC conftest.c >&5
configure:8539: $? = 0
configure:8552: result: yes
configure:8581: checking if gcc static flag -static works
configure:8609: result: yes
configure:8624: checking if gcc supports -c -o file.o
configure:8645: gcc -c -g -O2  -o out/conftest2.o conftest.c >&5
configure:8649: $? = 0
configure:8671: result: yes
configure:8679: checking if gcc supports -c -o file.o
configure:8726: result: yes
configure:8759: checking whether the gcc linker (/usr/bin/ld) supports shared libraries
configure:9916: result: yes
configure:9953: checking whether -lc should be explicitly linked in
configure:9961: gcc -c -g -O2  conftest.c >&5
configure:9964: $? = 0
configure:9979: gcc -shared  -fPIC -DPIC conftest.o  -v -Wl,-soname -Wl,conftest -o conftest 2\>\&1 \| /bin/grep  -lc  \>/dev/null 2\>\&1
configure:9982: $? = 0
configure:9996: result: no
configure:10156: checking dynamic linker characteristics
configure:10667: gcc -o conftest -g -O2   -Wl,-rpath -Wl,/foo conftest.c  >&5
configure:10667: $? = 0
configure:10901: result: GNU/Linux ld.so
configure:11008: checking how to hardcode library paths into programs
configure:11033: result: immediate
configure:11573: checking whether stripping libraries is possible
configure:11578: result: yes
configure:11613: checking if libtool supports shared libraries
configure:11615: result: yes
configure:11618: checking whether to build shared libraries
configure:11639: result: yes
configure:11642: checking whether to build static libraries
configure:11646: result: yes
configure:11684: checking whether gcc and cc understand -c and -o together
configure:11715: gcc -c conftest.c -o conftest2.o >&5
configure:11719: $? = 0
configure:11725: gcc -c conftest.c -o conftest2.o >&5
configure:11729: $? = 0
configure:11740: cc -c conftest.c >&5
configure:11744: $? = 0
configure:11752: cc -c conftest.c -o conftest2.o >&5
configure:11756: $? = 0
configure:11762: cc -c conftest.c -o conftest2.o >&5
configure:11766: $? = 0
configure:11784: result: yes
configure:11818: checking dependency style of gcc
configure:11927: result: gcc3
configure:11959: checking for posix_memalign
configure:11959: gcc -o conftest -g -O2   conftest.c  >&5
configure:11959: $? = 0
configure:11959: result: yes
configure:12025: checking for pkg-config
configure:12043: found /usr/bin/pkg-config
configure:12055: result: /usr/bin/pkg-config
configure:12080: checking pkg-config is at least version 0.9.0
configure:12083: result: yes
configure:12096: checking for gtkdoc-check
configure:12129: result: no
configure:12138: checking for gtkdoc-rebase
configure:12171: result: no
configure:12182: checking for gtkdoc-mkpdf
configure:12215: result: no
configure:12253: checking whether to build gtk-doc documentation
configure:12255: result: no
configure:12429: checking whether byte ordering is bigendian
configure:12444: gcc -c -g -O2  conftest.c >&5
conftest.c:27: error: expected '=', ',', ';', 'asm' or '__attribute__' before 'a'
configure:12444: $? = 1
configure: failed program was:
| /* confdefs.h */
| #define PACKAGE_NAME "orc"
| #define PACKAGE_TARNAME "orc"
| #define PACKAGE_VERSION "0.4.17"
| #define PACKAGE_STRING "orc 0.4.17"
| #define PACKAGE_BUGREPORT ""
| #define PACKAGE_URL ""
| #define PACKAGE "orc"
| #define VERSION "0.4.17"
| #define STDC_HEADERS 1
| #define HAVE_SYS_TYPES_H 1
| #define HAVE_SYS_STAT_H 1
| #define HAVE_STDLIB_H 1
| #define HAVE_STRING_H 1
| #define HAVE_MEMORY_H 1
| #define HAVE_STRINGS_H 1
| #define HAVE_INTTYPES_H 1
| #define HAVE_STDINT_H 1
| #define HAVE_UNISTD_H 1
| #define HAVE_DLFCN_H 1
| #define LT_OBJDIR ".libs/"
| #define HAVE_POSIX_MEMALIGN 1
| #define HAVE_I386 1
| #define HAVE_OS_LINUX 1
| /* end confdefs.h.  */
| #ifndef __APPLE_CC__
| 	       not a universal capable compiler
| 	     #endif
| 	     typedef int dummy;
| 
configure:12489: gcc -c -g -O2  conftest.c >&5
configure:12489: $? = 0
configure:12507: gcc -c -g -O2  conftest.c >&5
conftest.c: In function 'main':
conftest.c:33: error: 'not' undeclared (first use in this function)
conftest.c:33: error: (Each undeclared identifier is reported only once
conftest.c:33: error: for each function it appears in.)
conftest.c:33: error: expected ';' before 'big'
configure:12507: $? = 1
configure: failed program was:
| /* confdefs.h */
| #define PACKAGE_NAME "orc"
| #define PACKAGE_TARNAME "orc"
| #define PACKAGE_VERSION "0.4.17"
| #define PACKAGE_STRING "orc 0.4.17"
| #define PACKAGE_BUGREPORT ""
| #define PACKAGE_URL ""
| #define PACKAGE "orc"
| #define VERSION "0.4.17"
| #define STDC_HEADERS 1
| #define HAVE_SYS_TYPES_H 1
| #define HAVE_SYS_STAT_H 1
| #define HAVE_STDLIB_H 1
| #define HAVE_STRING_H 1
| #define HAVE_MEMORY_H 1
| #define HAVE_STRINGS_H 1
| #define HAVE_INTTYPES_H 1
| #define HAVE_STDINT_H 1
| #define HAVE_UNISTD_H 1
| #define HAVE_DLFCN_H 1
| #define LT_OBJDIR ".libs/"
| #define HAVE_POSIX_MEMALIGN 1
| #define HAVE_I386 1
| #define HAVE_OS_LINUX 1
| /* end confdefs.h.  */
| #include <sys/types.h>
| 		#include <sys/param.h>
| 
| int
| main ()
| {
| #if BYTE_ORDER != BIG_ENDIAN
| 		 not big endian
| 		#endif
| 
|   ;
|   return 0;
| }
configure:12635: result: no
configure:12660: checking for stdlib.h
configure:12660: result: yes
configure:12660: checking for unistd.h
configure:12660: result: yes
configure:12660: checking for sys/param.h
configure:12660: gcc -c -g -O2  conftest.c >&5
configure:12660: $? = 0
configure:12660: result: yes
configure:12680: checking for getpagesize
configure:12680: gcc -o conftest -g -O2   conftest.c  >&5
configure:12680: $? = 0
configure:12680: result: yes
configure:12689: checking for working mmap
configure:12836: gcc -o conftest -g -O2   conftest.c  >&5
configure:12836: $? = 0
configure:12836: ./conftest
configure:12836: $? = 0
configure:12846: result: yes
configure:12858: checking for inttypes.h
configure:12858: result: yes
configure:12870: checking sys/time.h usability
configure:12870: gcc -c -g -O2  conftest.c >&5
configure:12870: $? = 0
configure:12870: result: yes
configure:12870: checking sys/time.h presence
configure:12870: gcc -E  conftest.c
configure:12870: $? = 0
configure:12870: result: yes
configure:12870: checking for sys/time.h
configure:12870: result: yes
configure:12882: checking for unistd.h
configure:12882: result: yes
configure:12895: checking for gettimeofday
configure:12895: gcc -o conftest -g -O2   conftest.c  >&5
configure:12895: $? = 0
configure:12895: result: yes
configure:12906: checking for sigaction
configure:12906: gcc -o conftest -g -O2   conftest.c  >&5
configure:12906: $? = 0
configure:12906: result: yes
configure:12917: checking for sigsetjmp
configure:12917: gcc -o conftest -g -O2   conftest.c  >&5
/tmp/ccQLG4r5.o: In function `main':
/media/MyBook/orc-0.4.17/conftest.c:70: undefined reference to `sigsetjmp'
collect2: ld returned 1 exit status
configure:12917: $? = 1
configure: failed program was:
| /* confdefs.h */
| #define PACKAGE_NAME "orc"
| #define PACKAGE_TARNAME "orc"
| #define PACKAGE_VERSION "0.4.17"
| #define PACKAGE_STRING "orc 0.4.17"
| #define PACKAGE_BUGREPORT ""
| #define PACKAGE_URL ""
| #define PACKAGE "orc"
| #define VERSION "0.4.17"
| #define STDC_HEADERS 1
| #define HAVE_SYS_TYPES_H 1
| #define HAVE_SYS_STAT_H 1
| #define HAVE_STDLIB_H 1
| #define HAVE_STRING_H 1
| #define HAVE_MEMORY_H 1
| #define HAVE_STRINGS_H 1
| #define HAVE_INTTYPES_H 1
| #define HAVE_STDINT_H 1
| #define HAVE_UNISTD_H 1
| #define HAVE_DLFCN_H 1
| #define LT_OBJDIR ".libs/"
| #define HAVE_POSIX_MEMALIGN 1
| #define HAVE_I386 1
| #define HAVE_OS_LINUX 1
| #define HAVE_STDLIB_H 1
| #define HAVE_UNISTD_H 1
| #define HAVE_SYS_PARAM_H 1
| #define HAVE_GETPAGESIZE 1
| #define HAVE_MMAP 1
| #define HAVE_INTTYPES_H 1
| #define HAVE_SYS_TIME_H 1
| #define HAVE_UNISTD_H 1
| #define HAVE_GETTIMEOFDAY 1
| #define HAVE_SIGACTION 1
| /* end confdefs.h.  */
| /* Define sigsetjmp to an innocuous variant, in case <limits.h> declares sigsetjmp.
|    For example, HP-UX 11i <limits.h> declares gettimeofday.  */
| #define sigsetjmp innocuous_sigsetjmp
| 
| /* System header to define __stub macros and hopefully few prototypes,
|     which can conflict with char sigsetjmp (); below.
|     Prefer <limits.h> to <assert.h> if __STDC__ is defined, since
|     <limits.h> exists even on freestanding compilers.  */
| 
| #ifdef __STDC__
| # include <limits.h>
| #else
| # include <assert.h>
| #endif
| 
| #undef sigsetjmp
| 
| /* Override any GCC internal prototype to avoid an error.
|    Use char because int might match the return type of a GCC
|    builtin and then its argument prototype would still apply.  */
| #ifdef __cplusplus
| extern "C"
| #endif
| char sigsetjmp ();
| /* The GNU C library defines this for functions which it implements
|     to always fail with ENOSYS.  Some functions are actually named
|     something starting with __ and the normal name is an alias.  */
| #if defined __stub_sigsetjmp || defined __stub___sigsetjmp
| choke me
| #endif
| 
| int
| main ()
| {
| return sigsetjmp ();
|   ;
|   return 0;
| }
configure:12917: result: no
configure:13015: checking for cos in -lm
configure:13040: gcc -o conftest -g -O2   conftest.c -lm   >&5
conftest.c:43: warning: conflicting types for built-in function 'cos'
configure:13040: $? = 0
configure:13049: result: yes
configure:13061: checking for clock_gettime in -lrt
configure:13086: gcc -o conftest -g -O2   conftest.c -lrt   >&5
configure:13086: $? = 0
configure:13095: result: yes
configure:13107: checking for monotonic clocks
configure:13125: gcc -c -g -O2  conftest.c >&5
configure:13125: $? = 0
configure:13132: result: yes
configure:13142: checking valgrind/valgrind.h usability
configure:13142: gcc -c -g -O2  conftest.c >&5
conftest.c:71: fatal error: valgrind/valgrind.h: No such file or directory
compilation terminated.
configure:13142: $? = 1
configure: failed program was:
| /* confdefs.h */
| #define PACKAGE_NAME "orc"
| #define PACKAGE_TARNAME "orc"
| #define PACKAGE_VERSION "0.4.17"
| #define PACKAGE_STRING "orc 0.4.17"
| #define PACKAGE_BUGREPORT ""
| #define PACKAGE_URL ""
| #define PACKAGE "orc"
| #define VERSION "0.4.17"
| #define STDC_HEADERS 1
| #define HAVE_SYS_TYPES_H 1
| #define HAVE_SYS_STAT_H 1
| #define HAVE_STDLIB_H 1
| #define HAVE_STRING_H 1
| #define HAVE_MEMORY_H 1
| #define HAVE_STRINGS_H 1
| #define HAVE_INTTYPES_H 1
| #define HAVE_STDINT_H 1
| #define HAVE_UNISTD_H 1
| #define HAVE_DLFCN_H 1
| #define LT_OBJDIR ".libs/"
| #define HAVE_POSIX_MEMALIGN 1
| #define HAVE_I386 1
| #define HAVE_OS_LINUX 1
| #define HAVE_STDLIB_H 1
| #define HAVE_UNISTD_H 1
| #define HAVE_SYS_PARAM_H 1
| #define HAVE_GETPAGESIZE 1
| #define HAVE_MMAP 1
| #define HAVE_INTTYPES_H 1
| #define HAVE_SYS_TIME_H 1
| #define HAVE_UNISTD_H 1
| #define HAVE_GETTIMEOFDAY 1
| #define HAVE_SIGACTION 1
| #define HAVE_CLOCK_GETTIME 1
| #define HAVE_MONOTONIC_CLOCK 1
| /* end confdefs.h.  */
| #include <stdio.h>
| #ifdef HAVE_SYS_TYPES_H
| # include <sys/types.h>
| #endif
| #ifdef HAVE_SYS_STAT_H
| # include <sys/stat.h>
| #endif
| #ifdef STDC_HEADERS
| # include <stdlib.h>
| # include <stddef.h>
| #else
| # ifdef HAVE_STDLIB_H
| #  include <stdlib.h>
| # endif
| #endif
| #ifdef HAVE_STRING_H
| # if !defined STDC_HEADERS && defined HAVE_MEMORY_H
| #  include <memory.h>
| # endif
| # include <string.h>
| #endif
| #ifdef HAVE_STRINGS_H
| # include <strings.h>
| #endif
| #ifdef HAVE_INTTYPES_H
| # include <inttypes.h>
| #endif
| #ifdef HAVE_STDINT_H
| # include <stdint.h>
| #endif
| #ifdef HAVE_UNISTD_H
| # include <unistd.h>
| #endif
| #include <valgrind/valgrind.h>
configure:13142: result: no
configure:13142: checking valgrind/valgrind.h presence
configure:13142: gcc -E  conftest.c
conftest.c:38: fatal error: valgrind/valgrind.h: No such file or directory
compilation terminated.
configure:13142: $? = 1
configure: failed program was:
| /* confdefs.h */
| #define PACKAGE_NAME "orc"
| #define PACKAGE_TARNAME "orc"
| #define PACKAGE_VERSION "0.4.17"
| #define PACKAGE_STRING "orc 0.4.17"
| #define PACKAGE_BUGREPORT ""
| #define PACKAGE_URL ""
| #define PACKAGE "orc"
| #define VERSION "0.4.17"
| #define STDC_HEADERS 1
| #define HAVE_SYS_TYPES_H 1
| #define HAVE_SYS_STAT_H 1
| #define HAVE_STDLIB_H 1
| #define HAVE_STRING_H 1
| #define HAVE_MEMORY_H 1
| #define HAVE_STRINGS_H 1
| #define HAVE_INTTYPES_H 1
| #define HAVE_STDINT_H 1
| #define HAVE_UNISTD_H 1
| #define HAVE_DLFCN_H 1
| #define LT_OBJDIR ".libs/"
| #define HAVE_POSIX_MEMALIGN 1
| #define HAVE_I386 1
| #define HAVE_OS_LINUX 1
| #define HAVE_STDLIB_H 1
| #define HAVE_UNISTD_H 1
| #define HAVE_SYS_PARAM_H 1
| #define HAVE_GETPAGESIZE 1
| #define HAVE_MMAP 1
| #define HAVE_INTTYPES_H 1
| #define HAVE_SYS_TIME_H 1
| #define HAVE_UNISTD_H 1
| #define HAVE_GETTIMEOFDAY 1
| #define HAVE_SIGACTION 1
| #define HAVE_CLOCK_GETTIME 1
| #define HAVE_MONOTONIC_CLOCK 1
| /* end confdefs.h.  */
| #include <valgrind/valgrind.h>
configure:13142: result: no
configure:13142: checking for valgrind/valgrind.h
configure:13142: result: no
configure:13154: checking to see if compiler understands -Wall
configure:13171: gcc -c -g -O2 -Wall  conftest.c >&5
configure:13171: $? = 0
configure:13186: result: yes
configure:13637: creating ./config.status

## ---------------------- ##
## Running config.status. ##
## ---------------------- ##

This file was extended by orc config.status 0.4.17, which was
generated by GNU Autoconf 2.69.  Invocation command line was

  CONFIG_FILES    = 
  CONFIG_HEADERS  = 
  CONFIG_LINKS    = 
  CONFIG_COMMANDS = 
  $ ./config.status 

on elegy

config.status:1175: creating Makefile
config.status:1175: creating doc/Makefile
config.status:1175: creating doc/version.entities
config.status:1175: creating orc/Makefile
config.status:1175: creating orc-test/Makefile
config.status:1175: creating testsuite/Makefile
config.status:1175: creating testsuite/orcc/Makefile
config.status:1175: creating testsuite/benchmorc/Makefile
config.status:1175: creating examples/Makefile
config.status:1175: creating tools/Makefile
config.status:1175: creating orc-uninstalled.pc
config.status:1175: creating orc.pc
config.status:1175: creating config.h
config.status:1404: executing depfiles commands
config.status:1404: executing libtool commands

## ---------------- ##
## Cache variables. ##
## ---------------- ##

ac_cv_build=i686-pc-linux-gnu
ac_cv_c_bigendian=no
ac_cv_c_compiler_gnu=yes
ac_cv_env_CCASFLAGS_set=
ac_cv_env_CCASFLAGS_value=
ac_cv_env_CCAS_set=
ac_cv_env_CCAS_value=
ac_cv_env_CC_set=
ac_cv_env_CC_value=
ac_cv_env_CFLAGS_set=
ac_cv_env_CFLAGS_value=
ac_cv_env_CPPFLAGS_set=
ac_cv_env_CPPFLAGS_value=
ac_cv_env_CPP_set=
ac_cv_env_CPP_value=
ac_cv_env_LDFLAGS_set=
ac_cv_env_LDFLAGS_value=
ac_cv_env_LIBS_set=
ac_cv_env_LIBS_value=
ac_cv_env_PKG_CONFIG_set=
ac_cv_env_PKG_CONFIG_value=
ac_cv_env_build_alias_set=
ac_cv_env_build_alias_value=
ac_cv_env_host_alias_set=
ac_cv_env_host_alias_value=
ac_cv_env_target_alias_set=
ac_cv_env_target_alias_value=
ac_cv_func_getpagesize=yes
ac_cv_func_gettimeofday=yes
ac_cv_func_mmap_fixed_mapped=yes
ac_cv_func_posix_memalign=yes
ac_cv_func_sigaction=yes
ac_cv_func_sigsetjmp=no
ac_cv_header_dlfcn_h=yes
ac_cv_header_inttypes_h=yes
ac_cv_header_memory_h=yes
ac_cv_header_stdc=yes
ac_cv_header_stdint_h=yes
ac_cv_header_stdlib_h=yes
ac_cv_header_string_h=yes
ac_cv_header_strings_h=yes
ac_cv_header_sys_param_h=yes
ac_cv_header_sys_stat_h=yes
ac_cv_header_sys_time_h=yes
ac_cv_header_sys_types_h=yes
ac_cv_header_unistd_h=yes
ac_cv_header_valgrind_valgrind_h=no
ac_cv_host=i686-pc-linux-gnu
ac_cv_lib_m_cos=yes
ac_cv_lib_rt_clock_gettime=yes
ac_cv_objext=o
ac_cv_path_EGREP='/bin/grep -E'
ac_cv_path_FGREP='/bin/grep -F'
ac_cv_path_GREP=/bin/grep
ac_cv_path_SED=/bin/sed
ac_cv_path_ac_pt_PKG_CONFIG=/usr/bin/pkg-config
ac_cv_path_install='/usr/bin/install -c'
ac_cv_path_mkdir=/bin/mkdir
ac_cv_prog_AWK=gawk
ac_cv_prog_CPP='gcc -E'
ac_cv_prog_ac_ct_AR=ar
ac_cv_prog_ac_ct_CC=gcc
ac_cv_prog_ac_ct_DLLTOOL=dlltool
ac_cv_prog_ac_ct_MANIFEST_TOOL=mt
ac_cv_prog_ac_ct_OBJDUMP=objdump
ac_cv_prog_ac_ct_RANLIB=ranlib
ac_cv_prog_ac_ct_STRIP=strip
ac_cv_prog_cc_c89=
ac_cv_prog_cc_g=yes
ac_cv_prog_cc_gcc_c_o=yes
ac_cv_prog_make_make_set=yes
am_cv_CCAS_dependencies_compiler_type=gcc3
am_cv_CC_dependencies_compiler_type=gcc3
lt_cv_ar_at_file=@
lt_cv_archive_cmds_need_lc=no
lt_cv_deplibs_check_method=pass_all
lt_cv_file_magic_cmd='$MAGIC_CMD'
lt_cv_file_magic_test_file=
lt_cv_ld_reload_flag=-r
lt_cv_nm_interface='BSD nm'
lt_cv_objdir=.libs
lt_cv_path_LD=/usr/bin/ld
lt_cv_path_NM='/usr/bin/nm -B'
lt_cv_path_mainfest_tool=no
lt_cv_prog_compiler_c_o=yes
lt_cv_prog_compiler_pic='-fPIC -DPIC'
lt_cv_prog_compiler_pic_works=yes
lt_cv_prog_compiler_rtti_exceptions=no
lt_cv_prog_compiler_static_works=yes
lt_cv_prog_gnu_ld=yes
lt_cv_sharedlib_from_linklib_cmd='printf %s\n'
lt_cv_shlibpath_overrides_runpath=no
lt_cv_sys_global_symbol_pipe='sed -n -e '\''s/^.*[	 ]\([ABCDGIRSTW][ABCDGIRSTW]*\)[	 ][	 ]*\([_A-Za-z][_A-Za-z0-9]*\)$/\1 \2 \2/p'\'' | sed '\''/ __gnu_lto/d'\'''
lt_cv_sys_global_symbol_to_c_name_address='sed -n -e '\''s/^: \([^ ]*\)[ ]*$/  {\"\1\", (void *) 0},/p'\'' -e '\''s/^[ABCDGIRSTW]* \([^ ]*\) \([^ ]*\)$/  {"\2", (void *) \&\2},/p'\'''
lt_cv_sys_global_symbol_to_c_name_address_lib_prefix='sed -n -e '\''s/^: \([^ ]*\)[ ]*$/  {\"\1\", (void *) 0},/p'\'' -e '\''s/^[ABCDGIRSTW]* \([^ ]*\) \(lib[^ ]*\)$/  {"\2", (void *) \&\2},/p'\'' -e '\''s/^[ABCDGIRSTW]* \([^ ]*\) \([^ ]*\)$/  {"lib\2", (void *) \&\2},/p'\'''
lt_cv_sys_global_symbol_to_cdecl='sed -n -e '\''s/^T .* \(.*\)$/extern int \1();/p'\'' -e '\''s/^[ABCDGIRSTW]* .* \(.*\)$/extern char \1;/p'\'''
lt_cv_sys_max_cmd_len=1572864
lt_cv_to_host_file_cmd=func_convert_file_noop
lt_cv_to_tool_file_cmd=func_convert_file_noop
orc_cv_monotonic_clock=yes

## ----------------- ##
## Output variables. ##
## ----------------- ##

ACLOCAL='${SHELL} /media/MyBook/orc-0.4.17/missing --run aclocal-1.11'
ACLOCAL_AMFLAGS='-I m4 '
AMDEPBACKSLASH='\'
AMDEP_FALSE='#'
AMDEP_TRUE=''
AMTAR='$${TAR-tar}'
AR='ar'
AS='as'
AUTOCONF='${SHELL} /media/MyBook/orc-0.4.17/missing --run autoconf'
AUTOHEADER='${SHELL} /media/MyBook/orc-0.4.17/missing --run autoheader'
AUTOMAKE='${SHELL} /media/MyBook/orc-0.4.17/missing --run automake-1.11'
AWK='gawk'
CC='gcc'
CCAS='gcc'
CCASDEPMODE='depmode=gcc3'
CCASFLAGS='-g -O2'
CCDEPMODE='depmode=gcc3'
CFLAGS='-g -O2'
CPP='gcc -E'
CPPFLAGS=''
CROSS_COMPILING_FALSE=''
CROSS_COMPILING_TRUE='#'
CYGPATH_W='echo'
DEFS='-DHAVE_CONFIG_H'
DEPDIR='.deps'
DLLTOOL='dlltool'
DSYMUTIL=''
DUMPBIN=''
ECHO_C=''
ECHO_N='-n'
ECHO_T=''
EGREP='/bin/grep -E'
ENABLE_BACKEND_ALTIVEC_FALSE='#'
ENABLE_BACKEND_ALTIVEC_TRUE=''
ENABLE_BACKEND_ARM_FALSE=''
ENABLE_BACKEND_ARM_TRUE='#'
ENABLE_BACKEND_C64X_FALSE='#'
ENABLE_BACKEND_C64X_TRUE=''
ENABLE_BACKEND_MIPS_FALSE='#'
ENABLE_BACKEND_MIPS_TRUE=''
ENABLE_BACKEND_MMX_FALSE='#'
ENABLE_BACKEND_MMX_TRUE=''
ENABLE_BACKEND_NEON_FALSE='#'
ENABLE_BACKEND_NEON_TRUE=''
ENABLE_BACKEND_SSE_FALSE='#'
ENABLE_BACKEND_SSE_TRUE=''
ENABLE_GTK_DOC_FALSE=''
ENABLE_GTK_DOC_TRUE='#'
ERROR_CFLAGS=''
EXEEXT=''
FGREP='/bin/grep -F'
GREP='/bin/grep'
GTKDOC_CHECK=''
GTKDOC_MKPDF=''
GTKDOC_REBASE='true'
GTK_DOC_BUILD_HTML_FALSE='#'
GTK_DOC_BUILD_HTML_TRUE=''
GTK_DOC_BUILD_PDF_FALSE=''
GTK_DOC_BUILD_PDF_TRUE='#'
GTK_DOC_USE_LIBTOOL_FALSE='#'
GTK_DOC_USE_LIBTOOL_TRUE=''
GTK_DOC_USE_REBASE_FALSE='#'
GTK_DOC_USE_REBASE_TRUE=''
HAVE_AMD64_FALSE=''
HAVE_AMD64_TRUE='#'
HAVE_ARM_FALSE=''
HAVE_ARM_TRUE='#'
HAVE_I386_FALSE='#'
HAVE_I386_TRUE=''
HAVE_MIPSEL_FALSE=''
HAVE_MIPSEL_TRUE='#'
HAVE_OS_LINUX_FALSE='#'
HAVE_OS_LINUX_TRUE=''
HAVE_OS_WIN32_FALSE=''
HAVE_OS_WIN32_TRUE='#'
HAVE_POWERPC_FALSE=''
HAVE_POWERPC_TRUE='#'
HTML_DIR='${datadir}/gtk-doc/html'
INSTALL_DATA='${INSTALL} -m 644'
INSTALL_PROGRAM='${INSTALL}'
INSTALL_SCRIPT='${INSTALL}'
INSTALL_STRIP_PROGRAM='$(install_sh) -c -s'
LD='/usr/bin/ld'
LDFLAGS=''
LIBM='-lm'
LIBOBJS=''
LIBRT='-lrt'
LIBS=''
LIBTOOL='$(SHELL) $(top_builddir)/libtool'
LIPO=''
LN_S='ln -s'
LTLIBOBJS=''
MAKEINFO='${SHELL} /media/MyBook/orc-0.4.17/missing --run makeinfo'
MANIFEST_TOOL=':'
MKDIR_P='/bin/mkdir -p'
NANO='0'
NM='/usr/bin/nm -B'
NMEDIT=''
OBJDUMP='objdump'
OBJEXT='o'
ORC_CFLAGS=' -Wall $(ERROR_CFLAGS) -I$(top_srcdir)'
ORC_LIBS='$(top_builddir)/orc/liborc-0.4.la -lm -lrt'
ORC_LIBVERSION='17:0:17'
ORC_MAJORMINOR='0.4'
OTOOL64=''
OTOOL=''
PACKAGE='orc'
PACKAGE_BUGREPORT=''
PACKAGE_NAME='orc'
PACKAGE_STRING='orc 0.4.17'
PACKAGE_TARNAME='orc'
PACKAGE_URL=''
PACKAGE_VERSION='0.4.17'
PATH_SEPARATOR=':'
PKG_CONFIG='/usr/bin/pkg-config'
PTHREAD_CFLAGS=''
PTHREAD_LIBS='-lpthread'
RANLIB='ranlib'
SED='/bin/sed'
SET_MAKE=''
SHELL='/bin/bash'
STRIP='strip'
VERSION='0.4.17'
ac_ct_AR='ar'
ac_ct_CC='gcc'
ac_ct_DUMPBIN=''
am__EXEEXT_FALSE=''
am__EXEEXT_TRUE='#'
am__fastdepCCAS_FALSE='#'
am__fastdepCCAS_TRUE=''
am__fastdepCC_FALSE='#'
am__fastdepCC_TRUE=''
am__include='include'
am__isrc=''
am__leading_dot='.'
am__nodep='_no'
am__quote=''
am__tar='$${TAR-tar} chof - "$$tardir"'
am__untar='$${TAR-tar} xf -'
bindir='${exec_prefix}/bin'
build='i686-pc-linux-gnu'
build_alias=''
build_cpu='i686'
build_os='linux-gnu'
build_vendor='pc'
datadir='${datarootdir}'
datarootdir='${prefix}/share'
docdir='${datarootdir}/doc/${PACKAGE_TARNAME}'
dvidir='${docdir}'
exec_prefix='${prefix}'
host='i686-pc-linux-gnu'
host_alias=''
host_cpu='i686'
host_os='linux-gnu'
host_vendor='pc'
htmldir='${docdir}'
includedir='${prefix}/include'
infodir='${datarootdir}/info'
install_sh='${SHELL} /media/MyBook/orc-0.4.17/install-sh'
libdir='${exec_prefix}/lib'
libexecdir='${exec_prefix}/libexec'
localedir='${datarootdir}/locale'
localstatedir='${prefix}/var'
mandir='${datarootdir}/man'
mkdir_p='/bin/mkdir -p'
oldincludedir='/usr/include'
pdfdir='${docdir}'
pkgconfigdir='$(libdir)/pkgconfig'
prefix='/Technical/Wreathe/Wreathe/Development'
program_transform_name='s,x,x,'
psdir='${docdir}'
sbindir='${exec_prefix}/sbin'
sharedstatedir='${prefix}/com'
sysconfdir='${prefix}/etc'
target_alias=''

## ----------- ##
## confdefs.h. ##
## ----------- ##

/* confdefs.h */
#define PACKAGE_NAME "orc"
#define PACKAGE_TARNAME "orc"
#define PACKAGE_VERSION "0.4.17"
#define PACKAGE_STRING "orc 0.4.17"
#define PACKAGE_BUGREPORT ""
#define PACKAGE_URL ""
#define PACKAGE "orc"
#define VERSION "0.4.17"
#define STDC_HEADERS 1
#define HAVE_SYS_TYPES_H 1
#define HAVE_SYS_STAT_H 1
#define HAVE_STDLIB_H 1
#define HAVE_STRING_H 1
#define HAVE_MEMORY_H 1
#define HAVE_STRINGS_H 1
#define HAVE_INTTYPES_H 1
#define HAVE_STDINT_H 1
#define HAVE_UNISTD_H 1
#define HAVE_DLFCN_H 1
#define LT_OBJDIR ".libs/"
#define HAVE_POSIX_MEMALIGN 1
#define HAVE_I386 1
#define HAVE_OS_LINUX 1
#define HAVE_STDLIB_H 1
#define HAVE_UNISTD_H 1
#define HAVE_SYS_PARAM_H 1
#define HAVE_GETPAGESIZE 1
#define HAVE_MMAP 1
#define HAVE_INTTYPES_H 1
#define HAVE_SYS_TIME_H 1
#define HAVE_UNISTD_H 1
#define HAVE_GETTIMEOFDAY 1
#define HAVE_SIGACTION 1
#define HAVE_CLOCK_GETTIME 1
#define HAVE_MONOTONIC_CLOCK 1
#define HAVE_CODEMEM_MMAP 1
#define HAVE_THREAD_PTHREAD 1
#define ENABLE_BACKEND_SSE 1
#define ENABLE_BACKEND_MMX 1
#define ENABLE_BACKEND_ALTIVEC 1
#define ENABLE_BACKEND_NEON 1
#define ENABLE_BACKEND_C64X 1
#define ENABLE_BACKEND_MIPS 1
#define ORC_EXPORTS 1

configure: exit 0
