VirtualBox 4.1.16 r78094 win.x86 (May 22 2012 15:06:50) release log
00:00:02.195 Log opened 2012-08-09T01:58:32.392651400Z
00:00:02.195 OS Product: Windows 7
00:00:02.195 OS Release: 6.1.7601
00:00:02.195 OS Service Pack: 1
00:00:02.202 Host RAM: 3062MB RAM, available: 645MB
00:00:02.202 Executable: C:\Program Files\Oracle\VirtualBox\VirtualBox.exe
00:00:02.202 Process ID: 992
00:00:02.202 Package type: WINDOWS_32BITS_GENERIC
00:00:02.202 Installed Extension Packs:
00:00:02.202   None installed!
00:00:02.358 SUP: Opened VMMR0.r0 (C:\Program Files\Oracle\VirtualBox\VMMR0.r0) at 0xabd04000.
00:00:02.358 SUP: windbg> .reload /f C:\Program Files\Oracle\VirtualBox\VMMR0.r0=0xabd04000
00:00:02.477 File system of 'C:\Users\New User\VirtualBox VMs\Wreathe6\Snapshots' (snapshots) is unknown
00:00:02.477 File system of 'C:\Users\New User\VirtualBox VMs\Wreathe6\Wreathe6.vdi' is ntfs
00:00:02.587 VBoxSharedClipboard mode: Bidirectional
00:00:02.948 OpenGL Info: Render SPU: GL_VENDOR:   Intel
00:00:02.948 OpenGL Info: Render SPU: GL_RENDERER: Intel 945GM
00:00:02.948 OpenGL Info: Render SPU: GL_VERSION:  1.4.0 - Build 8.14.10.1930
00:00:02.948 OpenGL Info: Render SPU: GL_EXTENSIONS: GL_EXT_blend_minmax GL_EXT_blend_subtract GL_EXT_blend_color GL_EXT_abgr GL_EXT_texture3D GL_EXT_clip_volume_hint GL_EXT_compiled_vertex_array GL_EXT_cull_vertex GL_SGIS_texture_edge_clamp GL_SGIS_generate_mipmap GL_EXT_draw_range_elements GL_SGIS_texture_lod GL_EXT_rescale_normal GL_EXT_packed_pixels GL_EXT_separate_specular_color GL_ARB_multitexture GL_EXT_texture_env_combine GL_EXT_bgra GL_EXT_blend_func_separate GL_EXT_secondary_color GL_EXT_fog_coord GL_EXT_texture_env_add GL_ARB_texture_cube_map GL_ARB_transpose_matrix GL_ARB_texture_env_add GL_IBM_texture_mirrored_repeat GL_EXT_multi_draw_arrays GL_NV_blend_square GL_ARB_texture_compression GL_3DFX_texture_compression_FXT1 GL_EXT_texture_filter_anisotropic GL_ARB_texture_border_clamp GL_ARB_point_parameters GL_ARB_texture_env_combine GL_ARB_texture_env_dot3 GL_ARB_texture_env_crossbar GL_EXT_texture_compression_s3tc GL_ARB_shadow GL_ARB_window_pos GL_EXT_shadow_funcs GL_EXT_stencil_wrap GL_ARB_vertex_program GL_ARB_fragment_program GL_EXT_stencil_two_side GL_ARB_vertex_buffer_object GL_EXT_texture_lod_bias GL_NV_texgen_reflection GL_ARB_depth_texture GL_WIN_swap_hint 
00:00:02.952 Shared crOpenGL service loaded.
00:00:03.013 ************************* CFGM dump *************************
00:00:03.013 [/] (level 0)
00:00:03.013   CSAMEnabled     <integer> = 0x0000000000000001 (1)
00:00:03.013   CpuExecutionCap <integer> = 0x0000000000000064 (100)
00:00:03.013   EnablePAE       <integer> = 0x0000000000000001 (1)
00:00:03.013   HwVirtExtForced <integer> = 0x0000000000000000 (0)
00:00:03.013   MemBalloonSize  <integer> = 0x0000000000000000 (0)
00:00:03.013   Name            <string>  = "Wreathe6" (cb=9)
00:00:03.013   NumCPUs         <integer> = 0x0000000000000001 (1)
00:00:03.013   PATMEnabled     <integer> = 0x0000000000000001 (1)
00:00:03.013   PageFusion      <integer> = 0x0000000000000000 (0)
00:00:03.013   RamHoleSize     <integer> = 0x0000000020000000 (536 870 912, 512 MB)
00:00:03.013   RamSize         <integer> = 0x0000000040000000 (1 073 741 824, 1 024 MB)
00:00:03.013   RawR0Enabled    <integer> = 0x0000000000000001 (1)
00:00:03.013   RawR3Enabled    <integer> = 0x0000000000000001 (1)
00:00:03.013   TimerMillies    <integer> = 0x000000000000000a (10)
00:00:03.013   UUID            <bytes>   = "a5 9d 5c e3 2d 98 ac 49 96 8d 4c b5 d8 b7 ca cb" (cb=16)
00:00:03.013 
00:00:03.013 [/CPUM/] (level 1)
00:00:03.013   SyntheticCpu <integer> = 0x0000000000000000 (0)
00:00:03.013 
00:00:03.013 [/Devices/] (level 1)
00:00:03.013 
00:00:03.013 [/Devices/8237A/] (level 2)
00:00:03.013 
00:00:03.013 [/Devices/8237A/0/] (level 3)
00:00:03.013   Trusted <integer> = 0x0000000000000001 (1)
00:00:03.013 
00:00:03.013 [/Devices/AudioSniffer/] (level 2)
00:00:03.013 
00:00:03.013 [/Devices/AudioSniffer/0/] (level 3)
00:00:03.013 
00:00:03.013 [/Devices/AudioSniffer/0/Config/] (level 4)
00:00:03.013 
00:00:03.013 [/Devices/AudioSniffer/0/LUN#0/] (level 4)
00:00:03.013   Driver <string>  = "MainAudioSniffer" (cb=17)
00:00:03.013 
00:00:03.013 [/Devices/AudioSniffer/0/LUN#0/Config/] (level 5)
00:00:03.013   Object <integer> = 0x0000000001aff5a0 (28 308 896)
00:00:03.013 
00:00:03.013 [/Devices/VMMDev/] (level 2)
00:00:03.013 
00:00:03.013 [/Devices/VMMDev/0/] (level 3)
00:00:03.013   PCIBusNo      <integer> = 0x0000000000000000 (0)
00:00:03.013   PCIDeviceNo   <integer> = 0x0000000000000004 (4)
00:00:03.013   PCIFunctionNo <integer> = 0x0000000000000000 (0)
00:00:03.013   Trusted       <integer> = 0x0000000000000001 (1)
00:00:03.013 
00:00:03.013 [/Devices/VMMDev/0/Config/] (level 4)
00:00:03.013   GuestCoreDumpDir <string>  = "C:\Users\New User\VirtualBox VMs\Wreathe6\Snapshots" (cb=52)
00:00:03.013   RamSize          <integer> = 0x0000000040000000 (1 073 741 824, 1 024 MB)
00:00:03.013 
00:00:03.013 [/Devices/VMMDev/0/LUN#0/] (level 4)
00:00:03.013   Driver <string>  = "HGCM" (cb=5)
00:00:03.013 
00:00:03.013 [/Devices/VMMDev/0/LUN#0/Config/] (level 5)
00:00:03.013   Object <integer> = 0x0000000001b80fe8 (28 839 912)
00:00:03.013 
00:00:03.013 [/Devices/VMMDev/0/LUN#999/] (level 4)
00:00:03.013   Driver <string>  = "MainStatus" (cb=11)
00:00:03.013 
00:00:03.013 [/Devices/VMMDev/0/LUN#999/Config/] (level 5)
00:00:03.013   First   <integer> = 0x0000000000000000 (0)
00:00:03.013   Last    <integer> = 0x0000000000000000 (0)
00:00:03.013   papLeds <integer> = 0x0000000001b31344 (28 513 092)
00:00:03.013 
00:00:03.013 [/Devices/acpi/] (level 2)
00:00:03.013 
00:00:03.013 [/Devices/acpi/0/] (level 3)
00:00:03.013   PCIBusNo      <integer> = 0x0000000000000000 (0)
00:00:03.013   PCIDeviceNo   <integer> = 0x0000000000000007 (7)
00:00:03.013   PCIFunctionNo <integer> = 0x0000000000000000 (0)
00:00:03.013   Trusted       <integer> = 0x0000000000000001 (1)
00:00:03.013 
00:00:03.013 [/Devices/acpi/0/Config/] (level 4)
00:00:03.013   CpuHotPlug        <integer> = 0x0000000000000000 (0)
00:00:03.013   FdcEnabled        <integer> = 0x0000000000000000 (0)
00:00:03.013   HostBusPciAddress <integer> = 0x0000000000000000 (0)
00:00:03.013   HpetEnabled       <integer> = 0x0000000000000000 (0)
00:00:03.013   IOAPIC            <integer> = 0x0000000000000000 (0)
00:00:03.013   IocPciAddress     <integer> = 0x0000000000010000 (65 536)
00:00:03.013   NumCPUs           <integer> = 0x0000000000000001 (1)
00:00:03.013   RamHoleSize       <integer> = 0x0000000020000000 (536 870 912, 512 MB)
00:00:03.013   RamSize           <integer> = 0x0000000040000000 (1 073 741 824, 1 024 MB)
00:00:03.013   Serial0IoPortBase <integer> = 0x0000000000000000 (0)
00:00:03.013   Serial0Irq        <integer> = 0x0000000000000000 (0)
00:00:03.013   Serial1IoPortBase <integer> = 0x0000000000000000 (0)
00:00:03.013   Serial1Irq        <integer> = 0x0000000000000000 (0)
00:00:03.013   ShowCpu           <integer> = 0x0000000000000000 (0)
00:00:03.013   ShowRtc           <integer> = 0x0000000000000000 (0)
00:00:03.013   SmcEnabled        <integer> = 0x0000000000000000 (0)
00:00:03.013 
00:00:03.013 [/Devices/acpi/0/LUN#0/] (level 4)
00:00:03.013   Driver <string>  = "ACPIHost" (cb=9)
00:00:03.013 
00:00:03.013 [/Devices/acpi/0/LUN#0/Config/] (level 5)
00:00:03.013 
00:00:03.013 [/Devices/ahci/] (level 2)
00:00:03.013 
00:00:03.013 [/Devices/ahci/0/] (level 3)
00:00:03.013   PCIBusNo      <integer> = 0x0000000000000000 (0)
00:00:03.013   PCIDeviceNo   <integer> = 0x000000000000000d (13)
00:00:03.013   PCIFunctionNo <integer> = 0x0000000000000000 (0)
00:00:03.013   Trusted       <integer> = 0x0000000000000001 (1)
00:00:03.013 
00:00:03.013 [/Devices/ahci/0/Config/] (level 4)
00:00:03.013   Bootable        <integer> = 0x0000000000000001 (1)
00:00:03.013   PortCount       <integer> = 0x0000000000000001 (1)
00:00:03.013   PrimaryMaster   <integer> = 0x0000000000000000 (0)
00:00:03.013   PrimarySlave    <integer> = 0x0000000000000001 (1)
00:00:03.013   SecondaryMaster <integer> = 0x0000000000000002 (2)
00:00:03.013   SecondarySlave  <integer> = 0x0000000000000003 (3)
00:00:03.013 
00:00:03.013 [/Devices/ahci/0/Config/Port0/] (level 5)
00:00:03.013   NonRotationalMedium <integer> = 0x0000000000000000 (0)
00:00:03.013 
00:00:03.013 [/Devices/ahci/0/LUN#0/] (level 4)
00:00:03.013   Driver <string>  = "Block" (cb=6)
00:00:03.013 
00:00:03.013 [/Devices/ahci/0/LUN#0/AttachedDriver/] (level 5)
00:00:03.013   Driver <string>  = "VD" (cb=3)
00:00:03.013 
00:00:03.013 [/Devices/ahci/0/LUN#0/AttachedDriver/Config/] (level 6)
00:00:03.013   BlockCache <integer> = 0x0000000000000001 (1)
00:00:03.013   Format     <string>  = "VDI" (cb=4)
00:00:03.013   Path       <string>  = "C:\Users\New User\VirtualBox VMs\Wreathe6\Wreathe6.vdi" (cb=55)
00:00:03.013   Type       <string>  = "HardDisk" (cb=9)
00:00:03.013   UseNewIo   <integer> = 0x0000000000000001 (1)
00:00:03.013 
00:00:03.013 [/Devices/ahci/0/LUN#0/Config/] (level 5)
00:00:03.013   Mountable <integer> = 0x0000000000000000 (0)
00:00:03.013   Type      <string>  = "HardDisk" (cb=9)
00:00:03.013 
00:00:03.013 [/Devices/ahci/0/LUN#999/] (level 4)
00:00:03.013   Driver <string>  = "MainStatus" (cb=11)
00:00:03.013 
00:00:03.013 [/Devices/ahci/0/LUN#999/Config/] (level 5)
00:00:03.013   DeviceInstance        <string>  = "ahci/0" (cb=7)
00:00:03.013   First                 <integer> = 0x0000000000000000 (0)
00:00:03.013   Last                  <integer> = 0x0000000000000000 (0)
00:00:03.013   pConsole              <integer> = 0x0000000001b31038 (28 512 312)
00:00:03.013   papLeds               <integer> = 0x0000000001b3124c (28 512 844)
00:00:03.013   pmapMediumAttachments <integer> = 0x0000000001b31350 (28 513 104)
00:00:03.013 
00:00:03.013 [/Devices/apic/] (level 2)
00:00:03.013 
00:00:03.013 [/Devices/apic/0/] (level 3)
00:00:03.013   Trusted <integer> = 0x0000000000000001 (1)
00:00:03.013 
00:00:03.013 [/Devices/apic/0/Config/] (level 4)
00:00:03.013   IOAPIC  <integer> = 0x0000000000000000 (0)
00:00:03.013   NumCPUs <integer> = 0x0000000000000001 (1)
00:00:03.013 
00:00:03.013 [/Devices/e1000/] (level 2)
00:00:03.013 
00:00:03.013 [/Devices/e1000/0/] (level 3)
00:00:03.013   PCIBusNo      <integer> = 0x0000000000000000 (0)
00:00:03.013   PCIDeviceNo   <integer> = 0x0000000000000003 (3)
00:00:03.013   PCIFunctionNo <integer> = 0x0000000000000000 (0)
00:00:03.013   Trusted       <integer> = 0x0000000000000001 (1)
00:00:03.013 
00:00:03.013 [/Devices/e1000/0/Config/] (level 4)
00:00:03.013   AdapterType    <integer> = 0x0000000000000000 (0)
00:00:03.013   CableConnected <integer> = 0x0000000000000001 (1)
00:00:03.013   LineSpeed      <integer> = 0x0000000000000000 (0)
00:00:03.013   MAC            <bytes>   = "08 00 27 db 9f 1d" (cb=6)
00:00:03.014 
00:00:03.014 [/Devices/e1000/0/LUN#0/] (level 4)
00:00:03.014   Driver <string>  = "NAT" (cb=4)
00:00:03.014 
00:00:03.014 [/Devices/e1000/0/LUN#0/Config/] (level 5)
00:00:03.014   AliasMode       <integer> = 0x0000000000000000 (0)
00:00:03.014   BootFile        <string>  = "Wreathe6.pxe" (cb=13)
00:00:03.014   DNSProxy        <integer> = 0x0000000000000000 (0)
00:00:03.014   Network         <string>  = "10.0.2.0/24" (cb=12)
00:00:03.014   PassDomain      <integer> = 0x0000000000000001 (1)
00:00:03.014   TFTPPrefix      <string>  = "C:\Users\New User/.VirtualBox\TFTP" (cb=35)
00:00:03.014   UseHostResolver <integer> = 0x0000000000000000 (0)
00:00:03.014 
00:00:03.014 [/Devices/e1000/0/LUN#999/] (level 4)
00:00:03.014   Driver <string>  = "MainStatus" (cb=11)
00:00:03.014 
00:00:03.014 [/Devices/e1000/0/LUN#999/Config/] (level 5)
00:00:03.014   First   <integer> = 0x0000000000000000 (0)
00:00:03.014   Last    <integer> = 0x0000000000000000 (0)
00:00:03.014   papLeds <integer> = 0x0000000001b31324 (28 513 060)
00:00:03.014 
00:00:03.014 [/Devices/i8254/] (level 2)
00:00:03.014 
00:00:03.014 [/Devices/i8254/0/] (level 3)
00:00:03.014 
00:00:03.014 [/Devices/i8254/0/Config/] (level 4)
00:00:03.014 
00:00:03.014 [/Devices/i8259/] (level 2)
00:00:03.014 
00:00:03.014 [/Devices/i8259/0/] (level 3)
00:00:03.014   Trusted <integer> = 0x0000000000000001 (1)
00:00:03.014 
00:00:03.014 [/Devices/i8259/0/Config/] (level 4)
00:00:03.014 
00:00:03.014 [/Devices/ichac97/] (level 2)
00:00:03.014 
00:00:03.014 [/Devices/ichac97/0/] (level 3)
00:00:03.014   PCIBusNo      <integer> = 0x0000000000000000 (0)
00:00:03.014   PCIDeviceNo   <integer> = 0x0000000000000005 (5)
00:00:03.014   PCIFunctionNo <integer> = 0x0000000000000000 (0)
00:00:03.014   Trusted       <integer> = 0x0000000000000001 (1)
00:00:03.014 
00:00:03.014 [/Devices/ichac97/0/Config/] (level 4)
00:00:03.014 
00:00:03.014 [/Devices/ichac97/0/LUN#0/] (level 4)
00:00:03.014   Driver <string>  = "AUDIO" (cb=6)
00:00:03.014 
00:00:03.014 [/Devices/ichac97/0/LUN#0/Config/] (level 5)
00:00:03.014   AudioDriver <string>  = "dsound" (cb=7)
00:00:03.014   StreamName  <string>  = "Wreathe6" (cb=9)
00:00:03.014 
00:00:03.014 [/Devices/mc146818/] (level 2)
00:00:03.014 
00:00:03.014 [/Devices/mc146818/0/] (level 3)
00:00:03.014 
00:00:03.014 [/Devices/mc146818/0/Config/] (level 4)
00:00:03.014   UseUTC <integer> = 0x0000000000000001 (1)
00:00:03.014 
00:00:03.014 [/Devices/parallel/] (level 2)
00:00:03.014 
00:00:03.014 [/Devices/pcarch/] (level 2)
00:00:03.014 
00:00:03.014 [/Devices/pcarch/0/] (level 3)
00:00:03.014   Trusted <integer> = 0x0000000000000001 (1)
00:00:03.014 
00:00:03.014 [/Devices/pcarch/0/Config/] (level 4)
00:00:03.014 
00:00:03.014 [/Devices/pcbios/] (level 2)
00:00:03.014 
00:00:03.014 [/Devices/pcbios/0/] (level 3)
00:00:03.014   Trusted <integer> = 0x0000000000000001 (1)
00:00:03.014 
00:00:03.014 [/Devices/pcbios/0/Config/] (level 4)
00:00:03.014   BootDevice0            <string>  = "FLOPPY" (cb=7)
00:00:03.014   BootDevice1            <string>  = "DVD" (cb=4)
00:00:03.014   BootDevice2            <string>  = "IDE" (cb=4)
00:00:03.014   BootDevice3            <string>  = "NONE" (cb=5)
00:00:03.014   FloppyDevice           <string>  = "i82078" (cb=7)
00:00:03.014   HardDiskDevice         <string>  = "piix3ide" (cb=9)
00:00:03.014   IOAPIC                 <integer> = 0x0000000000000000 (0)
00:00:03.014   McfgBase               <integer> = 0x0000000000000000 (0)
00:00:03.014   McfgLength             <integer> = 0x0000000000000000 (0)
00:00:03.014   NumCPUs                <integer> = 0x0000000000000001 (1)
00:00:03.014   PXEDebug               <integer> = 0x0000000000000000 (0)
00:00:03.014   RamHoleSize            <integer> = 0x0000000020000000 (536 870 912, 512 MB)
00:00:03.014   RamSize                <integer> = 0x0000000040000000 (1 073 741 824, 1 024 MB)
00:00:03.014   SataHardDiskDevice     <string>  = "ahci" (cb=5)
00:00:03.014   SataPrimaryMasterLUN   <integer> = 0x0000000000000000 (0)
00:00:03.014   SataPrimarySlaveLUN    <integer> = 0x0000000000000001 (1)
00:00:03.014   SataSecondaryMasterLUN <integer> = 0x0000000000000002 (2)
00:00:03.014   SataSecondarySlaveLUN  <integer> = 0x0000000000000003 (3)
00:00:03.014   UUID                   <bytes>   = "a5 9d 5c e3 2d 98 ac 49 96 8d 4c b5 d8 b7 ca cb" (cb=16)
00:00:03.014 
00:00:03.014 [/Devices/pcbios/0/Config/NetBoot/] (level 5)
00:00:03.014 
00:00:03.014 [/Devices/pcbios/0/Config/NetBoot/0/] (level 6)
00:00:03.014   NIC           <integer> = 0x0000000000000000 (0)
00:00:03.014   PCIBusNo      <integer> = 0x0000000000000000 (0)
00:00:03.014   PCIDeviceNo   <integer> = 0x0000000000000003 (3)
00:00:03.014   PCIFunctionNo <integer> = 0x0000000000000000 (0)
00:00:03.014 
00:00:03.014 [/Devices/pci/] (level 2)
00:00:03.014 
00:00:03.014 [/Devices/pci/0/] (level 3)
00:00:03.014   Trusted <integer> = 0x0000000000000001 (1)
00:00:03.014 
00:00:03.014 [/Devices/pci/0/Config/] (level 4)
00:00:03.014   IOAPIC <integer> = 0x0000000000000000 (0)
00:00:03.014 
00:00:03.014 [/Devices/pckbd/] (level 2)
00:00:03.014 
00:00:03.014 [/Devices/pckbd/0/] (level 3)
00:00:03.014   Trusted <integer> = 0x0000000000000001 (1)
00:00:03.014 
00:00:03.014 [/Devices/pckbd/0/Config/] (level 4)
00:00:03.014 
00:00:03.014 [/Devices/pckbd/0/LUN#0/] (level 4)
00:00:03.014   Driver <string>  = "KeyboardQueue" (cb=14)
00:00:03.014 
00:00:03.014 [/Devices/pckbd/0/LUN#0/AttachedDriver/] (level 5)
00:00:03.014   Driver <string>  = "MainKeyboard" (cb=13)
00:00:03.014 
00:00:03.014 [/Devices/pckbd/0/LUN#0/AttachedDriver/Config/] (level 6)
00:00:03.014   Object <integer> = 0x0000000001aa91a8 (27 955 624)
00:00:03.014 
00:00:03.014 [/Devices/pckbd/0/LUN#0/Config/] (level 5)
00:00:03.014   QueueSize <integer> = 0x0000000000000040 (64)
00:00:03.014 
00:00:03.014 [/Devices/pckbd/0/LUN#1/] (level 4)
00:00:03.014   Driver <string>  = "MouseQueue" (cb=11)
00:00:03.014 
00:00:03.014 [/Devices/pckbd/0/LUN#1/AttachedDriver/] (level 5)
00:00:03.014   Driver <string>  = "MainMouse" (cb=10)
00:00:03.014 
00:00:03.014 [/Devices/pckbd/0/LUN#1/AttachedDriver/Config/] (level 6)
00:00:03.014   Object <integer> = 0x0000000001a8d630 (27 842 096)
00:00:03.014 
00:00:03.014 [/Devices/pckbd/0/LUN#1/Config/] (level 5)
00:00:03.014   QueueSize <integer> = 0x0000000000000080 (128)
00:00:03.014 
00:00:03.014 [/Devices/pcnet/] (level 2)
00:00:03.014 
00:00:03.014 [/Devices/piix3ide/] (level 2)
00:00:03.014 
00:00:03.014 [/Devices/piix3ide/0/] (level 3)
00:00:03.014   PCIBusNo      <integer> = 0x0000000000000000 (0)
00:00:03.014   PCIDeviceNo   <integer> = 0x0000000000000001 (1)
00:00:03.014   PCIFunctionNo <integer> = 0x0000000000000001 (1)
00:00:03.014   Trusted       <integer> = 0x0000000000000001 (1)
00:00:03.014 
00:00:03.014 [/Devices/piix3ide/0/Config/] (level 4)
00:00:03.014   Type <string>  = "PIIX4" (cb=6)
00:00:03.014 
00:00:03.014 [/Devices/piix3ide/0/Config/SecondaryMaster/] (level 5)
00:00:03.014   NonRotationalMedium <integer> = 0x0000000000000000 (0)
00:00:03.014 
00:00:03.014 [/Devices/piix3ide/0/LUN#2/] (level 4)
00:00:03.014   Driver <string>  = "Block" (cb=6)
00:00:03.014 
00:00:03.014 [/Devices/piix3ide/0/LUN#2/AttachedDriver/] (level 5)
00:00:03.014   Driver <string>  = "VD" (cb=3)
00:00:03.014 
00:00:03.014 [/Devices/piix3ide/0/LUN#2/AttachedDriver/Config/] (level 6)
00:00:03.014   Format   <string>  = "RAW" (cb=4)
00:00:03.014   Path     <string>  = "C:\Users\New User\Desktop\remastersys\wreathe6.iso" (cb=51)
00:00:03.014   ReadOnly <integer> = 0x0000000000000001 (1)
00:00:03.014   Type     <string>  = "DVD" (cb=4)
00:00:03.014 
00:00:03.014 [/Devices/piix3ide/0/LUN#2/Config/] (level 5)
00:00:03.014   Mountable <integer> = 0x0000000000000001 (1)
00:00:03.014   Type      <string>  = "DVD" (cb=4)
00:00:03.014 
00:00:03.014 [/Devices/piix3ide/0/LUN#999/] (level 4)
00:00:03.014   Driver <string>  = "MainStatus" (cb=11)
00:00:03.014 
00:00:03.014 [/Devices/piix3ide/0/LUN#999/Config/] (level 5)
00:00:03.014   DeviceInstance        <string>  = "piix3ide/0" (cb=11)
00:00:03.014   First                 <integer> = 0x0000000000000000 (0)
00:00:03.014   Last                  <integer> = 0x0000000000000003 (3)
00:00:03.014   pConsole              <integer> = 0x0000000001b31038 (28 512 312)
00:00:03.014   papLeds               <integer> = 0x0000000001b3123c (28 512 828)
00:00:03.014   pmapMediumAttachments <integer> = 0x0000000001b31350 (28 513 104)
00:00:03.014 
00:00:03.014 [/Devices/serial/] (level 2)
00:00:03.014 
00:00:03.014 [/Devices/usb-ohci/] (level 2)
00:00:03.014 
00:00:03.014 [/Devices/usb-ohci/0/] (level 3)
00:00:03.014   PCIBusNo      <integer> = 0x0000000000000000 (0)
00:00:03.014   PCIDeviceNo   <integer> = 0x0000000000000006 (6)
00:00:03.014   PCIFunctionNo <integer> = 0x0000000000000000 (0)
00:00:03.014   Trusted       <integer> = 0x0000000000000001 (1)
00:00:03.014 
00:00:03.014 [/Devices/usb-ohci/0/Config/] (level 4)
00:00:03.014 
00:00:03.014 [/Devices/usb-ohci/0/LUN#0/] (level 4)
00:00:03.014   Driver <string>  = "VUSBRootHub" (cb=12)
00:00:03.014 
00:00:03.014 [/Devices/usb-ohci/0/LUN#0/Config/] (level 5)
00:00:03.014 
00:00:03.014 [/Devices/usb-ohci/0/LUN#999/] (level 4)
00:00:03.014   Driver <string>  = "MainStatus" (cb=11)
00:00:03.014 
00:00:03.014 [/Devices/usb-ohci/0/LUN#999/Config/] (level 5)
00:00:03.014   First   <integer> = 0x0000000000000000 (0)
00:00:03.014   Last    <integer> = 0x0000000000000000 (0)
00:00:03.014   papLeds <integer> = 0x0000000001b31348 (28 513 096)
00:00:03.014 
00:00:03.014 [/Devices/vga/] (level 2)
00:00:03.014 
00:00:03.014 [/Devices/vga/0/] (level 3)
00:00:03.014   PCIBusNo      <integer> = 0x0000000000000000 (0)
00:00:03.014   PCIDeviceNo   <integer> = 0x0000000000000002 (2)
00:00:03.014   PCIFunctionNo <integer> = 0x0000000000000000 (0)
00:00:03.014   Trusted       <integer> = 0x0000000000000001 (1)
00:00:03.014 
00:00:03.014 [/Devices/vga/0/Config/] (level 4)
00:00:03.014   CustomVideoModes <integer> = 0x0000000000000000 (0)
00:00:03.014   FadeIn           <integer> = 0x0000000000000001 (1)
00:00:03.014   FadeOut          <integer> = 0x0000000000000001 (1)
00:00:03.014   HeightReduction  <integer> = 0x0000000000000000 (0)
00:00:03.014   LogoFile         <string>  = "" (cb=1)
00:00:03.014   LogoTime         <integer> = 0x0000000000000000 (0)
00:00:03.014   MonitorCount     <integer> = 0x0000000000000001 (1)
00:00:03.014   ShowBootMenu     <integer> = 0x0000000000000002 (2)
00:00:03.014   VRamSize         <integer> = 0x0000000008000000 (134 217 728, 128 MB)
00:00:03.014 
00:00:03.014 [/Devices/vga/0/LUN#0/] (level 4)
00:00:03.014   Driver <string>  = "MainDisplay" (cb=12)
00:00:03.014 
00:00:03.014 [/Devices/vga/0/LUN#0/Config/] (level 5)
00:00:03.014   Object <integer> = 0x0000000001b31e60 (28 515 936)
00:00:03.014 
00:00:03.014 [/Devices/virtio-net/] (level 2)
00:00:03.014 
00:00:03.014 [/HWVirtExt/] (level 1)
00:00:03.014   64bitEnabled       <integer> = 0x0000000000000000 (0)
00:00:03.014   EnableLargePages   <integer> = 0x0000000000000000 (0)
00:00:03.014   EnableNestedPaging <integer> = 0x0000000000000001 (1)
00:00:03.014   EnableVPID         <integer> = 0x0000000000000001 (1)
00:00:03.014   Enabled            <integer> = 0x0000000000000001 (1)
00:00:03.014   Exclusive          <integer> = 0x0000000000000000 (0)
00:00:03.014 
00:00:03.014 [/MM/] (level 1)
00:00:03.014   CanUseLargerHeap <integer> = 0x0000000000000000 (0)
00:00:03.014 
00:00:03.014 [/PDM/] (level 1)
00:00:03.014 
00:00:03.014 [/PDM/AsyncCompletion/] (level 2)
00:00:03.014 
00:00:03.014 [/PDM/AsyncCompletion/File/] (level 3)
00:00:03.014 
00:00:03.014 [/PDM/AsyncCompletion/File/BwGroups/] (level 4)
00:00:03.014 
00:00:03.014 [/PDM/BlkCache/] (level 2)
00:00:03.014   CacheSize <integer> = 0x0000000000500000 (5 242 880, 5 MB)
00:00:03.014 
00:00:03.014 [/PDM/Devices/] (level 2)
00:00:03.014 
00:00:03.014 [/PDM/Drivers/] (level 2)
00:00:03.014 
00:00:03.014 [/PDM/Drivers/VBoxC/] (level 3)
00:00:03.014   Path <string>  = "VBoxC" (cb=6)
00:00:03.014 
00:00:03.014 [/TM/] (level 1)
00:00:03.014   UTCOffset <integer> = 0x0000000000000000 (0)
00:00:03.014 
00:00:03.014 [/USB/] (level 1)
00:00:03.014 
00:00:03.014 [/USB/USBProxy/] (level 2)
00:00:03.014 
00:00:03.014 [/USB/USBProxy/GlobalConfig/] (level 3)
00:00:03.014 
00:00:03.014 ********************* End of CFGM dump **********************
00:00:03.014 MM: cbHyperHeap=0x140000 (1310720)
00:00:03.018 CPUMSetGuestCpuIdFeature: Enabled PAE
00:00:03.018 Logical host processors: 2 present, 2 max, 2 online, online mask: 0000000000000003
00:00:03.018 ************************* CPUID dump ************************
00:00:03.018          RAW Standard CPUIDs
00:00:03.018      Function  eax      ebx      ecx      edx
00:00:03.018 Gst: 00000000  00000005 756e6547 6c65746e 49656e69
00:00:03.018 Hst:           0000000a 756e6547 6c65746e 49656e69
00:00:03.018 Gst: 00000001  000006e8 00000800 00000009 0789f1ff
00:00:03.018 Hst:           000006e8 00020800 0000c1a9 bfe9fbff
00:00:03.018 Gst: 00000002  02b3b001 000000f0 00000000 2c04307d
00:00:03.018 Hst:           02b3b001 000000f0 00000000 2c04307d
00:00:03.018 Gst: 00000003  00000000 00000000 00000000 00000000
00:00:03.018 Hst:           00000000 00000000 00000000 00000000
00:00:03.018 Gst: 00000004  00000000 00000000 00000000 00000000
00:00:03.018 Hst:           04000121 01c0003f 0000003f 00000001
00:00:03.018 Gst: 00000005  00000040 00000040 00000000 00000000
00:00:03.018 Hst:           00000040 00000040 00000003 00022220
00:00:03.018 Name:                            GenuineIntel
00:00:03.018 Supports:                        0-5
00:00:03.018 Family:                          6  	Extended: 0 	Effective: 6
00:00:03.018 Model:                           14  	Extended: 0 	Effective: 14
00:00:03.018 Stepping:                        8
00:00:03.018 Type:                            0 (primary)
00:00:03.018 APIC ID:                         0x00
00:00:03.018 Logical CPUs:                    0
00:00:03.018 CLFLUSH Size:                    8
00:00:03.018 Brand ID:                        0x00
00:00:03.018 Mnemonic - Description                 = guest (host)
00:00:03.018 FPU - x87 FPU on Chip                  = 1 (1)
00:00:03.018 VME - Virtual 8086 Mode Enhancements   = 1 (1)
00:00:03.018 DE - Debugging extensions              = 1 (1)
00:00:03.018 PSE - Page Size Extension              = 1 (1)
00:00:03.018 TSC - Time Stamp Counter               = 1 (1)
00:00:03.018 MSR - Model Specific Registers         = 1 (1)
00:00:03.018 PAE - Physical Address Extension       = 1 (1)
00:00:03.018 MCE - Machine Check Exception          = 1 (1)
00:00:03.019 CX8 - CMPXCHG8B instruction            = 1 (1)
00:00:03.019 APIC - APIC On-Chip                    = 0 (1)
00:00:03.019 10 - Reserved                          = 0 (0)
00:00:03.019 SEP - SYSENTER and SYSEXIT             = 0 (1)
00:00:03.019 MTRR - Memory Type Range Registers     = 1 (1)
00:00:03.019 PGE - PTE Global Bit                   = 1 (1)
00:00:03.019 MCA - Machine Check Architecture       = 1 (1)
00:00:03.019 CMOV - Conditional Move Instructions   = 1 (1)
00:00:03.019 PAT - Page Attribute Table             = 1 (1)
00:00:03.019 PSE-36 - 36-bit Page Size Extention    = 0 (0)
00:00:03.019 PSN - Processor Serial Number          = 0 (0)
00:00:03.019 CLFSH - CLFLUSH Instruction.           = 1 (1)
00:00:03.019 20 - Reserved                          = 0 (0)
00:00:03.019 DS - Debug Store                       = 0 (1)
00:00:03.019 ACPI - Thermal Mon. & Soft. Clock Ctrl.= 0 (1)
00:00:03.019 MMX - Intel MMX Technology             = 1 (1)
00:00:03.019 FXSR - FXSAVE and FXRSTOR Instructions = 1 (1)
00:00:03.019 SSE - SSE Support                      = 1 (1)
00:00:03.019 SSE2 - SSE2 Support                    = 1 (1)
00:00:03.019 SS - Self Snoop                        = 0 (1)
00:00:03.019 HTT - Hyper-Threading Technology       = 0 (1)
00:00:03.019 TM - Thermal Monitor                   = 0 (1)
00:00:03.019 30 - Reserved                          = 0 (0)
00:00:03.019 PBE - Pending Break Enable             = 0 (1)
00:00:03.019 Supports SSE3                          = 1 (1)
00:00:03.019 PCLMULQDQ                              = 0 (0)
00:00:03.019 DS Area 64-bit layout                  = 0 (0)
00:00:03.019 Supports MONITOR/MWAIT                 = 1 (1)
00:00:03.019 CPL-DS - CPL Qualified Debug Store     = 0 (0)
00:00:03.019 VMX - Virtual Machine Technology       = 0 (1)
00:00:03.019 SMX - Safer Mode Extensions            = 0 (0)
00:00:03.019 Enhanced SpeedStep Technology          = 0 (1)
00:00:03.019 Terminal Monitor 2                     = 0 (1)
00:00:03.019 Supplemental SSE3 instructions         = 0 (0)
00:00:03.019 L1 Context ID                          = 0 (0)
00:00:03.019 11 - Reserved                          = 0 (0)
00:00:03.019 FMA extensions using YMM state         = 0 (0)
00:00:03.019 CMPXCHG16B instruction                 = 0 (0)
00:00:03.019 xTPR Update Control                    = 0 (1)
00:00:03.019 Perf/Debug Capability MSR              = 0 (1)
00:00:03.019 16 - Reserved                          = 0 (0)
00:00:03.019 PCID - Process-context identifiers     = 0 (0)
00:00:03.019 DCA - Direct Cache Access              = 0 (0)
00:00:03.019 SSE4.1 instruction extensions          = 0 (0)
00:00:03.019 SSE4.2 instruction extensions          = 0 (0)
00:00:03.019 Supports the x2APIC extensions         = 0 (0)
00:00:03.019 MOVBE instruction                      = 0 (0)
00:00:03.019 POPCNT instruction                     = 0 (0)
00:00:03.019 TSC-Deadline LAPIC timer mode          = 0 (0)
00:00:03.019 AESNI instruction extensions           = 0 (0)
00:00:03.019 XSAVE/XRSTOR extended state feature    = 0 (0)
00:00:03.019 Supports OSXSAVE                       = 0 (0)
00:00:03.019 AVX instruction extensions             = 0 (0)
00:00:03.019 29/30 - Reserved                       = 0x0 (0x0)
00:00:03.019 Hypervisor Present (we're a guest)     = 0 (0)
00:00:03.019 
00:00:03.019          RAW Extended CPUIDs
00:00:03.019      Function  eax      ebx      ecx      edx
00:00:03.019 Gst: 80000000  80000008 00000000 00000000 00000000
00:00:03.019 Hst:           80000008 00000000 00000000 00000000
00:00:03.019 Gst: 80000001  00000000 00000000 00000000 00000000
00:00:03.019 Hst:           00000000 00000000 00000000 00100000
00:00:03.019 Gst: 80000002  756e6547 20656e69 65746e49 2952286c
00:00:03.019 Hst:           756e6547 20656e69 65746e49 2952286c
00:00:03.019 Gst: 80000003  55504320 20202020 20202020 54202020
00:00:03.019 Hst:           55504320 20202020 20202020 54202020
00:00:03.019 Gst: 80000004  30303432 20402020 33382e31 007a4847
00:00:03.019 Hst:           30303432 20402020 33382e31 007a4847
00:00:03.019 Gst: 80000005  00000000 00000000 00000000 00000000
00:00:03.019 Hst:           00000000 00000000 00000000 00000000
00:00:03.019 Gst: 80000006  00000000 00000000 08006040 00000000
00:00:03.019 Hst:           00000000 00000000 08006040 00000000
00:00:03.019 Gst: 80000007  00000000 00000000 00000000 00000000
00:00:03.019 Hst:           00000000 00000000 00000000 00000000
00:00:03.019 Gst: 80000008  00002020 00000000 00000000 00000000
00:00:03.019 Hst:           00002020 00000000 00000000 00000000
00:00:03.019 Gst: 80000009  07280201 00000000 00000000 00000000*
00:00:03.019 Hst:           07280201 00000000 00000000 00000000
00:00:03.019 Ext Name:                        
00:00:03.019 Ext Supports:                    0x80000000-0x80000008
00:00:03.019 Family:                          0  	Extended: 0 	Effective: 0
00:00:03.019 Model:                           0  	Extended: 0 	Effective: 0
00:00:03.019 Stepping:                        0
00:00:03.019 Brand ID:                        0x000
00:00:03.019 Mnemonic - Description                 = guest (host)
00:00:03.019 FPU - x87 FPU on Chip                  = 0 (0)
00:00:03.019 VME - Virtual 8086 Mode Enhancements   = 0 (0)
00:00:03.019 DE - Debugging extensions              = 0 (0)
00:00:03.019 PSE - Page Size Extension              = 0 (0)
00:00:03.019 TSC - Time Stamp Counter               = 0 (0)
00:00:03.019 MSR - K86 Model Specific Registers     = 0 (0)
00:00:03.019 PAE - Physical Address Extension       = 0 (0)
00:00:03.019 MCE - Machine Check Exception          = 0 (0)
00:00:03.019 CX8 - CMPXCHG8B instruction            = 0 (0)
00:00:03.019 APIC - APIC On-Chip                    = 0 (0)
00:00:03.019 10 - Reserved                          = 0 (0)
00:00:03.019 SEP - SYSCALL and SYSRET               = 0 (0)
00:00:03.019 MTRR - Memory Type Range Registers     = 0 (0)
00:00:03.019 PGE - PTE Global Bit                   = 0 (0)
00:00:03.019 MCA - Machine Check Architecture       = 0 (0)
00:00:03.019 CMOV - Conditional Move Instructions   = 0 (0)
00:00:03.019 PAT - Page Attribute Table             = 0 (0)
00:00:03.019 PSE-36 - 36-bit Page Size Extention    = 0 (0)
00:00:03.019 18 - Reserved                          = 0 (0)
00:00:03.019 19 - Reserved                          = 0 (0)
00:00:03.019 NX - No-Execute Page Protection        = 0 (1)
00:00:03.019 DS - Debug Store                       = 0 (0)
00:00:03.019 AXMMX - AMD Extensions to MMX Instr.   = 0 (0)
00:00:03.019 MMX - Intel MMX Technology             = 0 (0)
00:00:03.019 FXSR - FXSAVE and FXRSTOR Instructions = 0 (0)
00:00:03.019 25 - AMD fast FXSAVE and FXRSTOR Instr.= 0 (0)
00:00:03.019 26 - 1 GB large page support           = 0 (0)
00:00:03.019 27 - RDTSCP instruction                = 0 (0)
00:00:03.019 28 - Reserved                          = 0 (0)
00:00:03.019 29 - AMD Long Mode                     = 0 (0)
00:00:03.019 30 - AMD Extensions to 3DNow           = 0 (0)
00:00:03.019 31 - AMD 3DNow                         = 0 (0)
00:00:03.019 LahfSahf - LAHF/SAHF in 64-bit mode    = 0 (0)
00:00:03.019 CmpLegacy - Core MP legacy mode (depr) = 0 (0)
00:00:03.019 SVM - AMD VM Extensions                = 0 (0)
00:00:03.019 APIC registers starting at 0x400       = 0 (0)
00:00:03.019 AltMovCR8 - LOCK MOV CR0 means MOV CR8 = 0 (0)
00:00:03.019 Advanced bit manipulation              = 0 (0)
00:00:03.019 SSE4A instruction support              = 0 (0)
00:00:03.019 Misaligned SSE mode                    = 0 (0)
00:00:03.019 PREFETCH and PREFETCHW instruction     = 0 (0)
00:00:03.019 OS visible workaround                  = 0 (0)
00:00:03.019 Instruction based sampling             = 0 (0)
00:00:03.019 SSE5 support                           = 0 (0)
00:00:03.019 SKINIT, STGI, and DEV support          = 0 (0)
00:00:03.019 Watchdog timer support.                = 0 (0)
00:00:03.019 31:14 - Reserved                       = 0x0 (0x0)
00:00:03.019 Full Name:                       Genuine Intel(R) CPU           T2400  @ 1.83GHz
00:00:03.019 TLB 2/4M Instr/Uni:              res0     0 entries
00:00:03.019 TLB 2/4M Data:                   res0     0 entries
00:00:03.019 TLB 4K Instr/Uni:                res0     0 entries
00:00:03.019 TLB 4K Data:                     res0     0 entries
00:00:03.019 L1 Instr Cache Line Size:        0 bytes
00:00:03.019 L1 Instr Cache Lines Per Tag:    0
00:00:03.019 L1 Instr Cache Associativity:    res0  
00:00:03.019 L1 Instr Cache Size:             0 KB
00:00:03.019 L1 Data Cache Line Size:         0 bytes
00:00:03.019 L1 Data Cache Lines Per Tag:     0
00:00:03.019 L1 Data Cache Associativity:     res0  
00:00:03.019 L1 Data Cache Size:              0 KB
00:00:03.019 L2 TLB 2/4M Instr/Uni:           off       0 entries
00:00:03.019 L2 TLB 2/4M Data:                off       0 entries
00:00:03.019 L2 TLB 4K Instr/Uni:             off       0 entries
00:00:03.019 L2 TLB 4K Data:                  off       0 entries
00:00:03.019 L2 Cache Line Size:              0 bytes
00:00:03.019 L2 Cache Lines Per Tag:          0
00:00:03.019 L2 Cache Associativity:          off   
00:00:03.019 L2 Cache Size:                   0 KB
00:00:03.019 APM Features:                   
00:00:03.019 Physical Address Width:          32 bits
00:00:03.019 Virtual Address Width:           32 bits
00:00:03.019 Guest Physical Address Width:    0 bits
00:00:03.019 Physical Core Count:             0
00:00:03.019 
00:00:03.019          RAW Centaur CPUIDs
00:00:03.019      Function  eax      ebx      ecx      edx
00:00:03.019 Gst: c0000000  07280201 00000000 00000000 00000000
00:00:03.019 Hst:           07280201 00000000 00000000 00000000
00:00:03.019 Gst: c0000001  07280201 00000000 00000000 00000000
00:00:03.019 Hst:           07280201 00000000 00000000 00000000
00:00:03.019 Gst: c0000002  07280201 00000000 00000000 00000000
00:00:03.019 Hst:           07280201 00000000 00000000 00000000
00:00:03.019 Gst: c0000003  07280201 00000000 00000000 00000000
00:00:03.019 Hst:           07280201 00000000 00000000 00000000
00:00:03.019 Centaur Supports:                0xc0000000-0x07280201
00:00:03.019 Mnemonic - Description                 = guest (host)
00:00:03.019 AIS - Alternate Instruction Set        = 0 (0)
00:00:03.019 AIS-E - AIS enabled                    = 0 (0)
00:00:03.019 RNG - Random Number Generator          = 0 (0)
00:00:03.019 RNG-E - RNG enabled                    = 0 (0)
00:00:03.019 LH - LongHaul MSR 0000_110Ah           = 0 (0)
00:00:03.019 FEMMS - FEMMS                          = 0 (0)
00:00:03.019 ACE - Advanced Cryptography Engine     = 0 (0)
00:00:03.019 ACE-E - ACE enabled                    = 0 (0)
00:00:03.019 ACE2 - Advanced Cryptography Engine 2  = 0 (0)
00:00:03.019 ACE2-E - ACE enabled                   = 0 (0)
00:00:03.019 PHE - Hash Engine                      = 0 (0)
00:00:03.019 PHE-E - PHE enabled                    = 0 (0)
00:00:03.019 PMM - Montgomery Multiplier            = 0 (0)
00:00:03.019 PMM-E - PMM enabled                    = 0 (0)
00:00:03.019 
00:00:03.019 
00:00:03.019 ******************** End of CPUID dump **********************
00:00:03.020 Host paging mode: PAE+PGE
00:00:03.020 PGMPool: cMaxPages=560 (u64MaxPages=545)
00:00:03.020 pgmR3PoolInit: cMaxPages=0x230 cMaxUsers=0x460 cMaxPhysExts=0x460 fCacheEnable=true 
00:00:03.044 REM: VBoxREM32
00:00:03.083 TM: GIP - u32Mode=1 (SyncTSC) u32UpdateHz=64
00:00:03.115 TM: cTSCTicksPerSecond=0x68949500 (1 754 567 936) fTSCVirtualized=true  fTSCUseRealTSC=false
00:00:03.115 TM: fMaybeUseOffsettedHostTSC=true  TSCTiedToExecution=false TSCNotTiedToHalt=false
00:00:03.116 CoreCode: R3=03f40000 R0=867e2000 RC=a0594000 Phys=00000000bdfe2000 cb=0x2000
00:00:03.126 AIOMgr: Default manager type is "Async"
00:00:03.126 AIOMgr: Default file backend is "NonBuffered"
00:00:03.126 BlkCache: Cache successfully initialised. Cache size is 5242880 bytes
00:00:03.126 BlkCache: Cache commit interval is 10000 ms
00:00:03.126 BlkCache: Cache commit threshold is 2621440 bytes
00:00:04.153 [SMP] BIOS with 1 CPUs
00:00:04.256 SUP: Opened VBoxDDR0.r0 (C:\Program Files\Oracle\VirtualBox\VBoxDDR0.r0) at 0xabd78000.
00:00:04.256 SUP: windbg> .reload /f C:\Program Files\Oracle\VirtualBox\VBoxDDR0.r0=0xabd78000
00:00:04.302 SUP: Opened VBoxDD2R0.r0 (C:\Program Files\Oracle\VirtualBox\VBoxDD2R0.r0) at 0xabd95000.
00:00:04.302 SUP: windbg> .reload /f C:\Program Files\Oracle\VirtualBox\VBoxDD2R0.r0=0xabd95000
00:00:04.302 Activating Local APIC
00:00:04.302 CPUMSetGuestCpuIdFeature: Enabled APIC
00:00:04.302 CPUMSetGuestCpuIdFeature: Disabled x2APIC
00:00:04.303 PIT: mode=3 count=0x10000 (65536) - 18.20 Hz (ch=0)
00:00:04.351 Shared Folders service loaded.
00:00:04.605 Chipset cannot do MSI: VERR_NOT_IMPLEMENTED
00:00:04.605 DrvBlock: Flushes will be ignored
00:00:04.605 DrvBlock: Async flushes will be passed to the disk
00:00:04.606 VDInit finished
00:00:04.607 AIOMgr: Endpoint for file 'C:\Users\New User\VirtualBox VMs\Wreathe6\Wreathe6.vdi' (flags 000c0723) created successfully
00:00:04.607 AHCI: LUN#0: disk, PCHS=16383/16/63, total number of sectors 16777216
00:00:04.607 AHCI: LUN#0: using async I/O
00:00:04.611 AHCI ATA: LUN#0: disk, PCHS=16383/16/63, total number of sectors 16777216
00:00:04.611 AHCI ATA: LUN#1: no unit
00:00:04.611 AHCI ATA: Ctl: finished processing RESET
00:00:04.611 AHCI ATA: LUN#2: no unit
00:00:04.611 AHCI ATA: LUN#3: no unit
00:00:04.611 AHCI ATA: Ctl: finished processing RESET
00:00:04.611 AHCI ATA: Ctl: finished processing RESET
00:00:04.611 AHCI ATA: Ctl: finished processing RESET
00:00:04.612 PIIX3 ATA: LUN#0: no unit
00:00:04.612 PIIX3 ATA: LUN#1: no unit
00:00:04.612 DrvBlock: Flushes will be ignored
00:00:04.612 DrvBlock: Async flushes will be passed to the disk
00:00:04.613 PIIX3 ATA: LUN#2: CD/DVD, total number of sectors 1954757, passthrough disabled
00:00:04.613 PIIX3 ATA: LUN#3: no unit
00:00:04.613 PIIX3 ATA: Ctl#0: finished processing RESET
00:00:04.613 PIIX3 ATA: Ctl#1: finished processing RESET
00:00:04.651 NAT: value of BindIP has been ignored
00:00:04.670 Audio: Trying driver 'dsound'.
00:00:04.807 Audio: set_record_source ars=0 als=0 (not implemented)
00:00:04.825 DevPcBios: SATA LUN#0 LCHS=1024/255/63
00:00:04.825 PGM: The CPU physical address width is 32 bits
00:00:04.825 PGMR3InitFinalize: 4 MB PSE mask 00000000ffffffff
00:00:04.843 VMM: fUsePeriodicPreemptionTimers=false
00:00:04.843 HWACCM: No VT-x or AMD-V CPU extension found. Reason VERR_VMX_MSR_LOCKED_OR_DISABLED
00:00:04.843 HWACCM: VMX MSR_IA32_FEATURE_CONTROL=1
00:00:04.859 VM: Halt method global1 (5)
00:00:04.859 HaltedGlobal1 config: cNsSpinBlockThresholdCfg=125000
00:00:04.859 Changing the VM state from 'CREATING' to 'CREATED'.
00:00:04.859 Changing the VM state from 'CREATED' to 'POWERING_ON'.
00:00:04.859 AIOMgr: Endpoints without assigned bandwidth groups:
00:00:04.859 AIOMgr:     C:\Users\New User\VirtualBox VMs\Wreathe6\Wreathe6.vdi
00:00:04.859 Changing the VM state from 'POWERING_ON' to 'RUNNING'.
00:00:04.884 Guest Log: BIOS: VirtualBox 4.1.16
00:00:04.946 PIT: mode=2 count=0x10000 (65536) - 18.20 Hz (ch=0)
00:00:04.965 PIIX3 ATA: Ctl#1: RESET, DevSel=0 AIOIf=0 CmdIf0=0x00 (-1 usec ago) CmdIf1=0x00 (-1 usec ago)
00:00:04.965 PIIX3 ATA: Ctl#1: finished processing RESET
00:00:04.967 AHCI ATA: Ctl: RESET, DevSel=0 AIOIf=0 CmdIf0=0x00 (-1 usec ago) CmdIf1=0x00 (-1 usec ago)
00:00:04.968 AHCI ATA: Ctl: finished processing RESET
00:00:04.969 Guest Log: BIOS: ata2-0: PCHS=16383/16/63 LCHS=1024/255/63
00:00:04.970 PIT: mode=2 count=0x48d3 (18643) - 64.00 Hz (ch=0)
00:00:04.995 Display::handleDisplayResize(): uScreenId = 0, pvVRAM=10150000 w=640 h=480 bpp=32 cbLine=0xA00, flags=0x1
00:00:05.108 2D video acceleration is disabled.
00:00:07.436 Display::handleDisplayResize(): uScreenId = 0, pvVRAM=00000000 w=720 h=400 bpp=0 cbLine=0x0, flags=0x1
00:00:07.440 PIT: mode=2 count=0x10000 (65536) - 18.20 Hz (ch=0)
00:00:07.446 Guest Log: BIOS: Boot from Floppy 0 failed
00:00:07.486 Guest Log: BIOS: Booting from CD-ROM...
00:00:07.940 Display::handleDisplayResize(): uScreenId = 0, pvVRAM=10150000 w=640 h=480 bpp=24 cbLine=0x780, flags=0x1
00:00:21.501 Display::handleDisplayResize(): uScreenId = 0, pvVRAM=10150000 w=640 h=480 bpp=24 cbLine=0x780, flags=0x1
00:00:22.308 Display::handleDisplayResize(): uScreenId = 0, pvVRAM=10150000 w=640 h=480 bpp=24 cbLine=0x780, flags=0x1
00:00:22.447 Guest Log: BIOS: KBD: unsupported int 16h function 03
00:00:22.588 Display::handleDisplayResize(): uScreenId = 0, pvVRAM=00000000 w=720 h=400 bpp=0 cbLine=0x0, flags=0x1
00:00:26.161 PIT: mode=2 count=0x4a9 (1193) - 1000.15 Hz (ch=0)
00:00:27.577 PATM: patmR3RefreshPatch: succeeded to refresh patch at c1098290 
00:00:27.583 PATM: patmR3RefreshPatch: succeeded to refresh patch at c1098290 
00:00:27.605 PATM: patmR3RefreshPatch: succeeded to refresh patch at c1098320 
00:00:27.611 PATM: patmR3RefreshPatch: succeeded to refresh patch at c1098320 
00:00:27.706 PATM: Disabling IDT 30 patch handler c1398cc8
00:00:27.707 PATM: patmR3RefreshPatch: succeeded to refresh patch at c1398cc8 
00:00:27.719 PATM: patmR3RefreshPatch: succeeded to refresh patch at c105e8f0 
00:00:28.105 PIT: mode=0 count=0x10000 (65536) - 18.20 Hz (ch=0)
00:00:28.160 PATM: Disabling IDT ef patch handler c1398648
00:00:28.161 PATM: patmR3RefreshPatch: succeeded to refresh patch at c1398648 
00:00:29.269 OHCI: Software reset
00:00:31.284 PATM: Disabling IDT 3c patch handler c1398d00
00:00:31.284 PATM: patmR3RefreshPatch: succeeded to refresh patch at c1398d00 
00:00:31.325 PATM: Disabling IDT 31 patch handler c1398ccc
00:00:31.325 PATM: patmR3RefreshPatch: succeeded to refresh patch at c1398ccc 
00:00:31.385 PATM: Disable block at c1588025 - write c158808e-c1588092
00:00:31.386 PATM: Disable block at c1588229 - write c15882b6-c15882ba
00:00:31.388 PATM: Disable block at c158f60d - write c158f65e-c158f662
00:00:31.389 PATM: Disable block at c15900bf - write c1590139-c159013d
00:00:31.392 PATM: Disable block at c15a5e3f - write c15a5eb8-c15a5ebc
00:00:31.393 PATM: Disable block at c15a64bc - write c15a6542-c15a6546
00:00:31.397 PATM: Disable block at c15ab587 - write c15ab601-c15ab605
00:00:31.398 PATM: Disable block at c15ab6ec - write c15ab750-c15ab754
00:00:31.414 PATM: patmR3RefreshPatch: succeeded to refresh patch at c109b590 
00:00:34.886 OHCI: USB Reset
00:00:34.941 OHCI: Software reset
00:00:34.941 OHCI: USB Operational
00:00:34.992 PIIX3 ATA: Ctl#1: RESET, DevSel=0 AIOIf=0 CmdIf0=0xa0 (-1 usec ago) CmdIf1=0x00 (-1 usec ago)
00:00:34.992 PIIX3 ATA: Ctl#0: RESET, DevSel=0 AIOIf=0 CmdIf0=0x00 (-1 usec ago) CmdIf1=0x00 (-1 usec ago)
00:00:34.992 PIIX3 ATA: Ctl#0: finished processing RESET
00:00:34.992 PIIX3 ATA: Ctl#1: finished processing RESET
00:00:35.249 PATM: Disabling IDT 3f patch handler c1398d0c
00:00:35.249 PATM: patmR3RefreshPatch: succeeded to refresh patch at c1398d0c 
00:00:35.341 PATM: Disabling IDT 35 patch handler c1398ce0
00:00:35.341 PATM: patmR3RefreshPatch: succeeded to refresh patch at c1398ce0 
00:00:37.662 OHCI: USB Suspended
00:00:38.986 PATM: Disabling IDT e patch handler c1398838
00:00:38.987 PATM: patmR3RefreshPatch: succeeded to refresh patch at c1398838 
00:01:40.406 NAT: IPv6 not supported
00:01:41.921 PATM: Disabling IDT 3a patch handler c1398cf4
00:01:41.921 PATM: patmR3RefreshPatch: succeeded to refresh patch at c1398cf4 
00:01:42.615 NAT: DHCP offered IP address 10.0.2.15
00:01:42.622 NAT: DHCP offered IP address 10.0.2.15
00:01:43.152 Audio: set_record_source ars=0 als=0 (not implemented)
00:01:43.161 Audio: set_record_source ars=0 als=0 (not implemented)
00:01:43.200 Audio: set_record_source ars=0 als=0 (not implemented)
00:02:09.373 Display::handleDisplayResize(): uScreenId = 0, pvVRAM=10150000 w=800 h=600 bpp=32 cbLine=0xC80, flags=0x1
00:14:40.976 Changing the VM state from 'RUNNING' to 'SUSPENDING'.
00:14:41.072 AIOMgr: Endpoint for file 'C:\Users\New User\VirtualBox VMs\Wreathe6\Wreathe6.vdi' (flags 000c0781) created successfully
00:14:41.072 PDMR3Suspend: 6 562 836 ns run time
00:14:41.072 Changing the VM state from 'SUSPENDING' to 'SUSPENDED'.
00:14:43.088 Console::powerDown(): A request to power off the VM has been issued (mMachineState=Stopping, InUninit=0)
00:14:43.105 Changing the VM state from 'SUSPENDED' to 'POWERING_OFF'.
00:14:43.105 ****************** Guest state at power off ******************
00:14:43.105 Guest CPUM (VCPU 0) state: 
00:14:43.115 eax=00000000 ebx=c1532000 ecx=00000000 edx=00000000 esi=00020000 edi=c1535000
00:14:43.115 eip=c100b3e5 esp=c1533fb0 ebp=00000000 iopl=0      rf nv up ei pl nz na po nc
00:14:43.115 cs={0060 base=0000000000000000 limit=ffffffff flags=0000c09a} dr0=00000000 dr1=00000000
00:14:43.115 ds={007b base=0000000000000000 limit=ffffffff flags=0000c0f3} dr2=00000000 dr3=00000000
00:14:43.115 es={007b base=0000000000000000 limit=ffffffff flags=0000c0f3} dr4=00000000 dr5=00000000
00:14:43.115 fs={00d8 base=0000000031f44000 limit=ffffffff flags=00008093} dr6=00000000 dr7=00000000
00:14:43.115 gs={00e0 base=00000000f3544f80 limit=00000018 flags=00004091} cr0=8005003b cr2=f3542714
00:14:43.115 ss={0068 base=0000000000000000 limit=ffffffff flags=0000c093} cr3=3465b000 cr4=000006d0
00:14:43.115 gdtr=00000000f353e000:00ff  idtr=00000000c1535000:07ff  eflags=00010246
00:14:43.115 ldtr={0000 base=00000000 limit=00000000 flags=00000082}
00:14:43.115 tr  ={0080 base=f3542dc0 limit=0000206b flags=0000008b}
00:14:43.115 SysEnter={cs=0000 eip=00000000 esp=00000000}
00:14:43.115 FCW=037f FSW=0020 FTW=0000 FOP=031c MXCSR=00001f80 MXCSR_MASK=0000ffff
00:14:43.115 FPUIP=b7164a67 CS=0073 Rsrvd1=0000  FPUDP=bf84ae58 DS=007b Rsvrd2=0000
00:14:43.115 ST(0)=FPR0={ffff'00000000'ffb6b7b7} t0 -0.0000000000004290164663 ^ 32767
00:14:43.115 ST(1)=FPR1={ffff'00000000'ffb6b7b7} t0 -0.0000000000004290164663 ^ 32767
00:14:43.116 ST(2)=FPR2={ffff'00000000'ffb6b7b7} t0 -0.0000000000004290164663 ^ 32767
00:14:43.116 ST(3)=FPR3={ffff'00000000'ffb6b7b7} t0 -0.0000000000004290164663 ^ 32767
00:14:43.116 ST(4)=FPR4={ffff'00000000'ffb6b7b7} t0 -0.0000000000004290164663 ^ 32767
00:14:43.116 ST(5)=FPR5={ffff'00000000'ffb6b7b7} t0 -0.0000000000004290164663 ^ 32767
00:14:43.116 ST(6)=FPR6={ffff'00000000'ffb6b7b7} t0 -0.0000000000004290164663 ^ 32767
00:14:43.116 ST(7)=FPR7={ffff'00000000'ffb6b7b7} t0 -0.0000000000004290164663 ^ 32767
00:14:43.116 XMM0 =ff000000'ff000000'ff000000'ff000000  XMM1 =00000000'00000000'00000000'ff000000
00:14:43.116 XMM2 =00000000'00000000'00000000'00000000  XMM3 =00000000'00000000'002b000e'00030005
00:14:43.116 XMM4 =00000000'00000000'00000000'00000000  XMM5 =ffb7b7b7'ffb7b7b7'ffb7b8b8'ff8b9bb2
00:14:43.116 XMM6 =00000000'00000000'00000000'00000000  XMM7 =00000000'00000000'00000000'00010000
00:14:43.116 XMM8 =00000000'00000000'00000000'00000000  XMM9 =00000000'00000000'00000000'00000000
00:14:43.116 XMM10=00000000'00000000'00000000'00000000  XMM11=00000000'00000000'00000000'00000000
00:14:43.116 XMM12=00000000'00000000'00000000'00000000  XMM13=00000000'00000000'00000000'00000000
00:14:43.116 XMM14=00000000'00000000'00000000'00000000  XMM15=00000000'00000000'00000000'00000000
00:14:43.116 EFER         =0000000000000000
00:14:43.116 PAT          =0007040600070406
00:14:43.116 STAR         =0000000000000000
00:14:43.116 CSTAR        =0000000000000000
00:14:43.116 LSTAR        =0000000000000000
00:14:43.116 SFMASK       =0000000000000000
00:14:43.116 KERNELGSBASE =0000000000000000
00:14:43.116 ***
00:14:43.116 Guest paging mode:  32-bit, changed 1258 times, A20 enabled
00:14:43.116 Shadow paging mode: PAE
00:14:43.116 Host paging mode:   PAE+G
00:14:43.116 ***
00:14:43.116 Active Timers (pVM=01a60000)
00:14:43.116 pTimerR3 offNext  offPrev  offSched Clock               Time             Expire HzHint State                     Description
00:14:43.116 06d37e20 0000f810 00000000 00000000 Real             1349467            1347334      0 2-ACTIVE                  VGA Refresh Timer
00:14:43.116 06d47630 ffffffa0 ffff07f0 00000000 Real             1349467            1347350      0 2-ACTIVE                  EMT Yielder
00:14:43.116 06d475d0 00000000 00000060 00000000 Real             1349467            1347442      0 2-ACTIVE                  CPU Load Timer
00:14:43.116 06d44010 00000000 00000000 00000000 Virt        876215002484       876118996623      0 2-ACTIVE                  Audio timer
00:14:43.116 06d2fa30 00000bf0 00000000 00000000 VrSy        876115836830       876561010655      2 2-ACTIVE                  APIC Timer #0
00:14:43.116 06d30620 000161c0 fffff410 00000000 VrSy        876115836830       876990000000      0 2-ACTIVE                  MC146818 RTC/CMOS - Second
00:14:43.116 06d467e0 00000000 fffe9e40 00000000 VrSy        876115836830      1199864031601      0 2-ACTIVE                  ACPI PM Timer
00:14:43.116 ***
00:14:43.116 Shadow GDT (GCAddr=fc997000):
00:14:43.116 0060 - 0000ffff 00cfbb00 - base=00000000 limit=ffffffff dpl=1 CodeER Accessed Present Page 32-bit 
00:14:43.116 0068 - 0000ffff 00cfb300 - base=00000000 limit=ffffffff dpl=1 DataRW Accessed Present Page 32-bit 
00:14:43.116 0070 - 0000ffff 00cffb00 - base=00000000 limit=ffffffff dpl=3 CodeER Accessed Present Page 32-bit 
00:14:43.116 0078 - 0000ffff 00cff300 - base=00000000 limit=ffffffff dpl=3 DataRW Accessed Present Page 32-bit 
00:14:43.116 0090 - 0000ffff 0040bb00 - base=00000000 limit=0000ffff dpl=1 CodeER Accessed Present 32-bit 
00:14:43.116 0098 - 0000ffff 0000bb00 - base=00000000 limit=0000ffff dpl=1 CodeER Accessed Present 16-bit 
00:14:43.116 00a0 - 0000ffff 0000b300 - base=00000000 limit=0000ffff dpl=1 DataRW Accessed Present 16-bit 
00:14:43.116 00a8 - 00000000 0000b300 - base=00000000 limit=00000000 dpl=1 DataRW Accessed Present 16-bit 
00:14:43.116 00b0 - 00000000 0000b300 - base=00000000 limit=00000000 dpl=1 DataRW Accessed Present 16-bit 
00:14:43.116 00b8 - 0000ffff 0040bb00 - base=00000000 limit=0000ffff dpl=1 CodeER Accessed Present 32-bit 
00:14:43.116 00c0 - 0000ffff 0000bb00 - base=00000000 limit=0000ffff dpl=1 CodeER Accessed Present 16-bit 
00:14:43.116 00c8 - 0000ffff 0040b300 - base=00000000 limit=0000ffff dpl=1 DataRW Accessed Present 32-bit 
00:14:43.116 00d0 - 0000ffff 00cfb300 - base=00000000 limit=ffffffff dpl=1 DataRW Accessed Present Page 32-bit 
00:14:43.116 00d8 - 4000ffff 318fb3f4 - base=31f44000 limit=ffffffff dpl=1 DataRW Accessed Present Page 16-bit 
00:14:43.116 00e0 - 4f800018 f340b154 - base=f3544f80 limit=00000018 dpl=1 DataRO Accessed Present 32-bit 
00:14:43.116 ffd8 - 81180087 fc008940 - base=fc408118 limit=00000087 dpl=0 TSS32Avail Present 16-bit  HyperTSSTrap08
00:14:43.116 ffe0 - 80900087 fc008b40 - base=fc408090 limit=00000087 dpl=0 TSS32Busy Present 16-bit  HyperTSS
00:14:43.116 ffe8 - 0000ffff 00af9b00 - base=00000000 limit=ffffffff dpl=0 CodeER Accessed Present Page 16-bit  HyperCS64
00:14:43.116 fff0 - 0000ffff 00cf9300 - base=00000000 limit=ffffffff dpl=0 DataRW Accessed Present Page 32-bit  HyperDS
00:14:43.116 fff8 - 0000ffff 00cf9b00 - base=00000000 limit=ffffffff dpl=0 CodeER Accessed Present Page 32-bit  HyperCS
00:14:43.116 ***
00:14:43.116 ************** End of Guest state at power off ***************
00:14:43.116 PDMR3PowerOff: 10 435 ns run time
00:14:43.116 Changing the VM state from 'POWERING_OFF' to 'OFF'.
00:14:43.151 Changing the VM state from 'OFF' to 'DESTROYING'.
00:14:43.151 ************************* Statistics *************************
00:14:43.151 /Devices/E1k0/ReceiveBytes           1188 bytes
00:14:43.151 /Devices/E1k0/TransmitBytes          6770 bytes
00:14:43.151 /Devices/IDE0/ATA0/Unit0/AtapiDMA        0 times
00:14:43.151 /Devices/IDE0/ATA0/Unit0/AtapiPIO        0 times
00:14:43.151 /Devices/IDE0/ATA0/Unit0/DMA            0 times
00:14:43.151 /Devices/IDE0/ATA0/Unit0/PIO            0 times
00:14:43.151 /Devices/IDE0/ATA0/Unit0/ReadBytes        0 bytes
00:14:43.151 /Devices/IDE0/ATA0/Unit0/WrittenBytes        0 bytes
00:14:43.151 /Devices/IDE0/ATA0/Unit1/AtapiDMA        0 times
00:14:43.151 /Devices/IDE0/ATA0/Unit1/AtapiPIO        0 times
00:14:43.151 /Devices/IDE0/ATA0/Unit1/DMA            0 times
00:14:43.151 /Devices/IDE0/ATA0/Unit1/PIO            0 times
00:14:43.151 /Devices/IDE0/ATA0/Unit1/ReadBytes        0 bytes
00:14:43.151 /Devices/IDE0/ATA0/Unit1/WrittenBytes        0 bytes
00:14:43.151 /Devices/IDE0/ATA1/Unit0/AtapiDMA     4070 times
00:14:43.151 /Devices/IDE0/ATA1/Unit0/AtapiPIO      496 times
00:14:43.151 /Devices/IDE0/ATA1/Unit0/DMA            0 times
00:14:43.151 /Devices/IDE0/ATA1/Unit0/PIO            0 times
00:14:43.151 /Devices/IDE0/ATA1/Unit0/ReadBytes 327987200 bytes
00:14:43.151 /Devices/IDE0/ATA1/Unit0/WrittenBytes        0 bytes
00:14:43.151 /Devices/IDE0/ATA1/Unit1/AtapiDMA        0 times
00:14:43.151 /Devices/IDE0/ATA1/Unit1/AtapiPIO        0 times
00:14:43.151 /Devices/IDE0/ATA1/Unit1/DMA            0 times
00:14:43.151 /Devices/IDE0/ATA1/Unit1/PIO            0 times
00:14:43.151 /Devices/IDE0/ATA1/Unit1/ReadBytes        0 bytes
00:14:43.151 /Devices/IDE0/ATA1/Unit1/WrittenBytes        0 bytes
00:14:43.151 /Devices/SATA0/Port0/DMA              160 times
00:14:43.151 /Devices/SATA0/Port0/ReadBytes     704512 bytes
00:14:43.151 /Devices/VMMDev/BalloonChunks           0 count
00:14:43.151 /FT/Checkpoint/Network                  0 times
00:14:43.151 /FT/Checkpoint/Storage                  0 times
00:14:43.151 /FT/Received/Mem                        0 bytes
00:14:43.151 /FT/Received/State                      0 bytes
00:14:43.151 /FT/Sent/Mem                            0 bytes
00:14:43.151 /FT/Sent/State                          0 bytes
00:14:43.151 /FT/Sync/DeltaMem                       0 times
00:14:43.151 /FT/Sync/DeltaVM                        0 times
00:14:43.151 /FT/Sync/Full                           0 times
00:14:43.151 /GMM/VM/Allocated/cBasePages       246390 pages
00:14:43.151 /GMM/VM/Allocated/cFixedPages           0 pages
00:14:43.151 /GMM/VM/Allocated/cShadowPages          0 pages
00:14:43.151 /GMM/VM/Reserved/cBasePages        262302 pages
00:14:43.151 /GMM/VM/Reserved/cFixedPages        33796 pages
00:14:43.151 /GMM/VM/Reserved/cShadowPages           1 pages
00:14:43.151 /GMM/VM/cBalloonedPages                 0 pages
00:14:43.151 /GMM/VM/cMaxBalloonedPages              0 pages
00:14:43.151 /GMM/VM/cPrivatePages              246390 pages
00:14:43.152 /GMM/VM/cReqActuallyBalloonedPages        0 pages
00:14:43.152 /GMM/VM/cReqBalloonedPages              0 pages
00:14:43.152 /GMM/VM/cReqDeflatePages                0 pages
00:14:43.152 /GMM/VM/cShareableModules               0 count
00:14:43.152 /GMM/VM/cSharedPages                    0 pages
00:14:43.152 /GMM/VM/enmPolicy                       1 
00:14:43.152 /GMM/VM/enmPriority                     2 
00:14:43.152 /GMM/VM/fBallooningEnabled       false    
00:14:43.152 /GMM/VM/fMayAllocate             false    
00:14:43.152 /GMM/VM/fSharedPagingEnabled     false    
00:14:43.152 /GMM/cAllocatedPages               246390 pages
00:14:43.152 /GMM/cBalloonedPages                    0 pages
00:14:43.152 /GMM/cChunks                          482 count
00:14:43.152 /GMM/cDuplicatePages                    0 pages
00:14:43.152 /GMM/cFreedChunks                     496 count
00:14:43.152 /GMM/cLeftBehindSharedPages             0 pages
00:14:43.152 /GMM/cMaxPages                   4294967295 pages
00:14:43.152 /GMM/cOverCommittedPages                0 pages
00:14:43.152 /GMM/cReservedPages                296099 pages
00:14:43.152 /GMM/cShareableModules                  0 count
00:14:43.152 /GMM/cSharedPages                       0 pages
00:14:43.152 /GVMM/EMTs                              1 calls
00:14:43.152 /GVMM/HostCPUs                          2 calls
00:14:43.152 /GVMM/HostCpus/0                        0 
00:14:43.152 /GVMM/HostCpus/0/CurTimerHz             0 Hz
00:14:43.152 /GVMM/HostCpus/0/DesiredHz              0 Hz
00:14:43.152 /GVMM/HostCpus/0/PPTChanges             0 times
00:14:43.152 /GVMM/HostCpus/0/PPTStarts              0 times
00:14:43.152 /GVMM/HostCpus/0/idxCpuSet              0 
00:14:43.152 /GVMM/HostCpus/1                        1 
00:14:43.152 /GVMM/HostCpus/1/CurTimerHz             0 Hz
00:14:43.152 /GVMM/HostCpus/1/DesiredHz              0 Hz
00:14:43.152 /GVMM/HostCpus/1/PPTChanges             0 times
00:14:43.152 /GVMM/HostCpus/1/PPTStarts              0 times
00:14:43.152 /GVMM/HostCpus/1/idxCpuSet              1 
00:14:43.152 /GVMM/Sum/HaltBlocking             142029 calls
00:14:43.152 /GVMM/Sum/HaltCalls                563403 calls
00:14:43.152 /GVMM/Sum/HaltNotBlocking          421374 calls
00:14:43.152 /GVMM/Sum/HaltTimeouts             104540 calls
00:14:43.152 /GVMM/Sum/HaltWakeUps                   0 calls
00:14:43.152 /GVMM/Sum/PokeCalls                  1032 calls
00:14:43.152 /GVMM/Sum/PokeNotBusy                  58 calls
00:14:43.152 /GVMM/Sum/PollCalls                   519 calls
00:14:43.152 /GVMM/Sum/PollHalts                     0 calls
00:14:43.152 /GVMM/Sum/PollWakeUps                   0 calls
00:14:43.152 /GVMM/Sum/WakeUpCalls               42867 calls
00:14:43.152 /GVMM/Sum/WakeUpNotHalted           18034 calls
00:14:43.152 /GVMM/Sum/WakeUpWakeUps                 0 calls
00:14:43.152 /GVMM/VM/HaltBlocking              142029 calls
00:14:43.152 /GVMM/VM/HaltCalls                 563403 calls
00:14:43.152 /GVMM/VM/HaltNotBlocking           421374 calls
00:14:43.152 /GVMM/VM/HaltTimeouts              104540 calls
00:14:43.152 /GVMM/VM/HaltWakeUps                    0 calls
00:14:43.152 /GVMM/VM/PokeCalls                   1032 calls
00:14:43.152 /GVMM/VM/PokeNotBusy                   58 calls
00:14:43.152 /GVMM/VM/PollCalls                    519 calls
00:14:43.152 /GVMM/VM/PollHalts                      0 calls
00:14:43.152 /GVMM/VM/PollWakeUps                    0 calls
00:14:43.152 /GVMM/VM/WakeUpCalls                42867 calls
00:14:43.152 /GVMM/VM/WakeUpNotHalted            18034 calls
00:14:43.152 /GVMM/VM/WakeUpWakeUps                  0 calls
00:14:43.152 /GVMM/VMs                               1 calls
00:14:43.152 /MM/HyperHeap/cbFree               461264 bytes
00:14:43.152 /MM/HyperHeap/cbHeap              1310528 bytes
00:14:43.152 /PDM/BlkCache/cbCached                  0 bytes
00:14:43.152 /PDM/BlkCache/cbCachedFru               0 bytes
00:14:43.152 /PDM/BlkCache/cbCachedMruIn             0 bytes
00:14:43.152 /PDM/BlkCache/cbCachedMruOut            0 bytes
00:14:43.152 /PDM/BlkCache/cbMax               5242880 bytes
00:14:43.152 /PDM/CritSects/8237A#0 Auto/ContentionR3        0 times
00:14:43.152 /PDM/CritSects/8237A#0 Auto/ContentionRZLock        0 times
00:14:43.152 /PDM/CritSects/8237A#0 Auto/ContentionRZUnlock        0 times
00:14:43.152 /PDM/CritSects/AHCI#0/ContentionR3        0 times
00:14:43.152 /PDM/CritSects/AHCI#0/ContentionRZLock        0 times
00:14:43.152 /PDM/CritSects/AHCI#0/ContentionRZUnlock        0 times
00:14:43.152 /PDM/CritSects/ATA#0/ContentionR3        0 times
00:14:43.152 /PDM/CritSects/ATA#0/ContentionRZLock        0 times
00:14:43.152 /PDM/CritSects/ATA#0/ContentionRZUnlock        0 times
00:14:43.152 /PDM/CritSects/ATA#1/ContentionR3        0 times
00:14:43.152 /PDM/CritSects/ATA#1/ContentionRZLock      559 times
00:14:43.152 /PDM/CritSects/ATA#1/ContentionRZUnlock        0 times
00:14:43.152 /PDM/CritSects/AudioSniffer#0 Auto/ContentionR3        0 times
00:14:43.152 /PDM/CritSects/AudioSniffer#0 Auto/ContentionRZLock        0 times
00:14:43.152 /PDM/CritSects/AudioSniffer#0 Auto/ContentionRZUnlock        0 times
00:14:43.152 /PDM/CritSects/E1000#0/ContentionR3        0 times
00:14:43.152 /PDM/CritSects/E1000#0/ContentionRZLock        0 times
00:14:43.152 /PDM/CritSects/E1000#0/ContentionRZUnlock        0 times
00:14:43.152 /PDM/CritSects/E1000#0RX/ContentionR3        0 times
00:14:43.152 /PDM/CritSects/E1000#0RX/ContentionRZLock        0 times
00:14:43.152 /PDM/CritSects/E1000#0RX/ContentionRZUnlock        0 times
00:14:43.152 /PDM/CritSects/EM-REM/ContentionR3        0 times
00:14:43.152 /PDM/CritSects/EM-REM/ContentionRZLock        0 times
00:14:43.152 /PDM/CritSects/EM-REM/ContentionRZUnlock        0 times
00:14:43.152 /PDM/CritSects/EmulatedATA0/ContentionR3        0 times
00:14:43.152 /PDM/CritSects/EmulatedATA0/ContentionRZLock        0 times
00:14:43.152 /PDM/CritSects/EmulatedATA0/ContentionRZUnlock        0 times
00:14:43.152 /PDM/CritSects/EmulatedATA1/ContentionR3        0 times
00:14:43.152 /PDM/CritSects/EmulatedATA1/ContentionRZLock        0 times
00:14:43.152 /PDM/CritSects/EmulatedATA1/ContentionRZUnlock        0 times
00:14:43.152 /PDM/CritSects/FTM/ContentionR3         0 times
00:14:43.152 /PDM/CritSects/FTM/ContentionRZLock        0 times
00:14:43.152 /PDM/CritSects/FTM/ContentionRZUnlock        0 times
00:14:43.152 /PDM/CritSects/IOM Lock/ContentionR3        0 times
00:14:43.152 /PDM/CritSects/IOM Lock/ContentionRZLock        0 times
00:14:43.153 /PDM/CritSects/IOM Lock/ContentionRZUnlock        0 times
00:14:43.153 /PDM/CritSects/MM-HYPER/ContentionR3        0 times
00:14:43.153 /PDM/CritSects/MM-HYPER/ContentionRZLock        0 times
00:14:43.153 /PDM/CritSects/MM-HYPER/ContentionRZUnlock        0 times
00:14:43.153 /PDM/CritSects/NOP/ContentionR3         0 times
00:14:43.153 /PDM/CritSects/NOP/ContentionRZLock        0 times
00:14:43.153 /PDM/CritSects/NOP/ContentionRZUnlock        0 times
00:14:43.153 /PDM/CritSects/PDM/ContentionR3         0 times
00:14:43.153 /PDM/CritSects/PDM/ContentionRZLock      166 times
00:14:43.153 /PDM/CritSects/PDM/ContentionRZUnlock        2 times
00:14:43.153 /PDM/CritSects/PGM/ContentionR3         0 times
00:14:43.153 /PDM/CritSects/PGM/ContentionRZLock      531 times
00:14:43.153 /PDM/CritSects/PGM/ContentionRZUnlock     2341 times
00:14:43.153 /PDM/CritSects/PS2KM#0/ContentionR3        0 times
00:14:43.153 /PDM/CritSects/PS2KM#0/ContentionRZLock        0 times
00:14:43.153 /PDM/CritSects/PS2KM#0/ContentionRZUnlock        0 times
00:14:43.153 /PDM/CritSects/REM-Register/ContentionR3        0 times
00:14:43.153 /PDM/CritSects/REM-Register/ContentionRZLock        0 times
00:14:43.153 /PDM/CritSects/REM-Register/ContentionRZUnlock        0 times
00:14:43.153 /PDM/CritSects/TM Timer Lock/ContentionR3        0 times
00:14:43.153 /PDM/CritSects/TM Timer Lock/ContentionRZLock        0 times
00:14:43.153 /PDM/CritSects/TM Timer Lock/ContentionRZUnlock        0 times
00:14:43.153 /PDM/CritSects/TM VirtualSync Lock/ContentionR3        0 times
00:14:43.153 /PDM/CritSects/TM VirtualSync Lock/ContentionRZLock        0 times
00:14:43.153 /PDM/CritSects/TM VirtualSync Lock/ContentionRZUnlock        0 times
00:14:43.153 /PDM/CritSects/VGA#u/ContentionR3        0 times
00:14:43.153 /PDM/CritSects/VGA#u/ContentionRZLock        0 times
00:14:43.153 /PDM/CritSects/VGA#u/ContentionRZUnlock        0 times
00:14:43.153 /PDM/CritSects/VMMDev#0 Auto/ContentionR3        0 times
00:14:43.153 /PDM/CritSects/VMMDev#0 Auto/ContentionRZLock        0 times
00:14:43.153 /PDM/CritSects/VMMDev#0 Auto/ContentionRZUnlock        0 times
00:14:43.153 /PDM/CritSects/VMMDev#u/ContentionR3        0 times
00:14:43.153 /PDM/CritSects/VMMDev#u/ContentionRZLock        0 times
00:14:43.153 /PDM/CritSects/VMMDev#u/ContentionRZUnlock        0 times
00:14:43.153 /PDM/CritSects/acpi0/ContentionR3        0 times
00:14:43.153 /PDM/CritSects/acpi0/ContentionRZLock        0 times
00:14:43.153 /PDM/CritSects/acpi0/ContentionRZUnlock        0 times
00:14:43.153 /PDM/CritSects/ahci#0 Auto/ContentionR3        0 times
00:14:43.153 /PDM/CritSects/ahci#0 Auto/ContentionRZLock        0 times
00:14:43.153 /PDM/CritSects/ahci#0 Auto/ContentionRZUnlock        0 times
00:14:43.153 /PDM/CritSects/e1000#0 Auto/ContentionR3        0 times
00:14:43.153 /PDM/CritSects/e1000#0 Auto/ContentionRZLock        0 times
00:14:43.153 /PDM/CritSects/e1000#0 Auto/ContentionRZUnlock        0 times
00:14:43.153 /PDM/CritSects/i8259#0 Auto/ContentionR3        0 times
00:14:43.153 /PDM/CritSects/i8259#0 Auto/ContentionRZLock        0 times
00:14:43.153 /PDM/CritSects/i8259#0 Auto/ContentionRZUnlock        0 times
00:14:43.153 /PDM/CritSects/ichac97#0 Auto/ContentionR3        0 times
00:14:43.153 /PDM/CritSects/ichac97#0 Auto/ContentionRZLock        0 times
00:14:43.153 /PDM/CritSects/ichac97#0 Auto/ContentionRZUnlock        0 times
00:14:43.153 /PDM/CritSects/mc146818#0 Auto/ContentionR3        0 times
00:14:43.153 /PDM/CritSects/mc146818#0 Auto/ContentionRZLock        0 times
00:14:43.153 /PDM/CritSects/mc146818#0 Auto/ContentionRZUnlock        0 times
00:14:43.153 /PDM/CritSects/pcarch#0 Auto/ContentionR3        0 times
00:14:43.153 /PDM/CritSects/pcarch#0 Auto/ContentionRZLock        0 times
00:14:43.153 /PDM/CritSects/pcarch#0 Auto/ContentionRZUnlock        0 times
00:14:43.153 /PDM/CritSects/pcbios#0 Auto/ContentionR3        0 times
00:14:43.153 /PDM/CritSects/pcbios#0 Auto/ContentionRZLock        0 times
00:14:43.153 /PDM/CritSects/pcbios#0 Auto/ContentionRZUnlock        0 times
00:14:43.153 /PDM/CritSects/pci#0 Auto/ContentionR3        0 times
00:14:43.153 /PDM/CritSects/pci#0 Auto/ContentionRZLock        0 times
00:14:43.153 /PDM/CritSects/pci#0 Auto/ContentionRZUnlock        0 times
00:14:43.153 /PDM/CritSects/pckbd#0 Auto/ContentionR3        0 times
00:14:43.153 /PDM/CritSects/pckbd#0 Auto/ContentionRZLock        0 times
00:14:43.153 /PDM/CritSects/pckbd#0 Auto/ContentionRZUnlock        0 times
00:14:43.153 /PDM/CritSects/piix3ide#0 Auto/ContentionR3        0 times
00:14:43.153 /PDM/CritSects/piix3ide#0 Auto/ContentionRZLock        0 times
00:14:43.153 /PDM/CritSects/piix3ide#0 Auto/ContentionRZUnlock        0 times
00:14:43.153 /PDM/CritSects/pit/ContentionR3         0 times
00:14:43.153 /PDM/CritSects/pit/ContentionRZLock        0 times
00:14:43.153 /PDM/CritSects/pit/ContentionRZUnlock        0 times
00:14:43.153 /PDM/CritSects/usb-ohci#0 Auto/ContentionR3        0 times
00:14:43.153 /PDM/CritSects/usb-ohci#0 Auto/ContentionRZLock        0 times
00:14:43.153 /PDM/CritSects/usb-ohci#0 Auto/ContentionRZUnlock        0 times
00:14:43.153 /PDM/CritSects/vga#0 Auto/ContentionR3        0 times
00:14:43.153 /PDM/CritSects/vga#0 Auto/ContentionRZLock        0 times
00:14:43.153 /PDM/CritSects/vga#0 Auto/ContentionRZUnlock        0 times
00:14:43.153 /PDM/Queue/AHCI-Xmit/AllocFailures        0 times
00:14:43.153 /PDM/Queue/AHCI-Xmit/Flush              0 calls
00:14:43.153 /PDM/Queue/AHCI-Xmit/FlushLeftovers        0 times
00:14:43.153 /PDM/Queue/AHCI-Xmit/Insert           171 calls
00:14:43.153 /PDM/Queue/AHCI-Xmit/cItems            60 count
00:14:43.153 /PDM/Queue/AHCI-Xmit/cbItem            16 bytes
00:14:43.153 /PDM/Queue/DevHlp/AllocFailures         0 times
00:14:43.153 /PDM/Queue/DevHlp/Flush                 0 calls
00:14:43.153 /PDM/Queue/DevHlp/FlushLeftovers        0 times
00:14:43.153 /PDM/Queue/DevHlp/Insert                0 calls
00:14:43.153 /PDM/Queue/DevHlp/cItems                8 count
00:14:43.153 /PDM/Queue/DevHlp/cbItem               32 bytes
00:14:43.153 /PDM/Queue/E1000-Rcv/AllocFailures        0 times
00:14:43.153 /PDM/Queue/E1000-Rcv/Flush              0 calls
00:14:43.153 /PDM/Queue/E1000-Rcv/FlushLeftovers        0 times
00:14:43.153 /PDM/Queue/E1000-Rcv/Insert             4 calls
00:14:43.153 /PDM/Queue/E1000-Rcv/cItems             1 count
00:14:43.153 /PDM/Queue/E1000-Rcv/cbItem            16 bytes
00:14:43.153 /PDM/Queue/E1000-Xmit/AllocFailures        0 times
00:14:43.153 /PDM/Queue/E1000-Xmit/Flush             0 calls
00:14:43.153 /PDM/Queue/E1000-Xmit/FlushLeftovers        0 times
00:14:43.153 /PDM/Queue/E1000-Xmit/Insert           35 calls
00:14:43.153 /PDM/Queue/E1000-Xmit/cItems            1 count
00:14:43.153 /PDM/Queue/E1000-Xmit/cbItem           16 bytes
00:14:43.153 /PDM/Queue/Keyboard/AllocFailures        0 times
00:14:43.153 /PDM/Queue/Keyboard/Flush               0 calls
00:14:43.153 /PDM/Queue/Keyboard/FlushLeftovers        0 times
00:14:43.153 /PDM/Queue/Keyboard/Insert           4522 calls
00:14:43.153 /PDM/Queue/Keyboard/cItems             64 count
00:14:43.153 /PDM/Queue/Keyboard/cbItem             16 bytes
00:14:43.153 /PDM/Queue/Mouse/AllocFailures          0 times
00:14:43.153 /PDM/Queue/Mouse/Flush                  0 calls
00:14:43.153 /PDM/Queue/Mouse/FlushLeftovers         0 times
00:14:43.153 /PDM/Queue/Mouse/Insert              2272 calls
00:14:43.153 /PDM/Queue/Mouse/cItems               128 count
00:14:43.153 /PDM/Queue/Mouse/cbItem                48 bytes
00:14:43.153 /PGM/CPU0/cGuestModeChanges          1258 times
00:14:43.154 /PGM/ChunkR3Map/Mapped                482 count
00:14:43.154 /PGM/ChunkR3Map/Unmapped                0 count
00:14:43.154 /PGM/ChunkR3Map/c                     482 count
00:14:43.154 /PGM/ChunkR3Map/cMax                  512 count
00:14:43.154 /PGM/LargePage/Recheck                  0 times
00:14:43.154 /PGM/LargePage/Refused                  0 times
00:14:43.154 /PGM/LargePage/Reused                   0 times
00:14:43.154 /PGM/Page/cAllPages                296006 count
00:14:43.154 /PGM/Page/cBalloonedPages               0 count
00:14:43.154 /PGM/Page/cHandyPages                  64 count
00:14:43.154 /PGM/Page/cLargePages                   0 count
00:14:43.154 /PGM/Page/cLargePagesDisabled           0 count
00:14:43.154 /PGM/Page/cMonitoredPages               0 count
00:14:43.154 /PGM/Page/cPrivatePages            280122 count
00:14:43.154 /PGM/Page/cPureMmioPages               36 count
00:14:43.154 /PGM/Page/cReadLockedPages              9 count
00:14:43.154 /PGM/Page/cReusedSharedPages            0 count
00:14:43.154 /PGM/Page/cSharedPages                  0 count
00:14:43.154 /PGM/Page/cWriteLockedPages             0 count
00:14:43.154 /PGM/Page/cWrittenToPages               0 count
00:14:43.154 /PGM/Page/cZeroPages                15848 count
00:14:43.161 /PGM/ShMod/Check                        0 ticks/call (           0 ticks,       0 times, max         0, min      -1)
00:14:43.161 /PGM/cRelocations                       1 times
00:14:43.161 /PROF/CPU0/EM/Capped                    0 ticks/call (           0 ticks,       0 times, max         0, min      -1)
00:14:43.161 /PROF/CPU0/EM/ForcedActions       1126630 times
00:14:43.161 /PROF/CPU0/EM/Halted                21045 times
00:14:43.161 /PROF/CPU0/EM/RAWTotal             479979 times
00:14:43.161 /PROF/CPU0/EM/REMTotal             423209 times
00:14:43.161 /PROF/CPU0/EM/Total              1602377932936 ticks/call (1602377932936 ticks,       1 times, max 1602377932936, min 1602377932936)
00:14:43.161 /PROF/VM/CPU0/Halt/Block          1022118 ns/call (575859640889 ticks,  563398 times, max  26237917, min       1)
00:14:43.161 /PROF/VM/CPU0/Halt/BlockInsomnia        0 ns/call (           0 ticks,       0 times, max         0, min      -1)
00:14:43.161 /PROF/VM/CPU0/Halt/BlockOnTime          0 ns/call (           0 ticks,       0 times, max         0, min      -1)
00:14:43.161 /PROF/VM/CPU0/Halt/BlockOverslept        0 ns/call (           0 ticks,       0 times, max         0, min      -1)
00:14:43.161 /PROF/VM/CPU0/Halt/Timers            5905 ns/call (  5710079631 ticks,  966871 times, max  12973793, min       2)
00:14:43.161 /PROF/VM/CPU0/Halt/Yield            10612 ns/call (     5507976 ticks,     519 times, max    176941, min       1)
00:14:43.161 /REM/TbFlushCount                     109 times
00:14:43.161 /REM/TbPhysInvldCount               42665 times
00:14:43.161 /REM/TlbFlushCount                 335616 times
00:14:43.161 /TM/CPU/00/cNsExecuting          227328292333 ns
00:14:43.161 /TM/CPU/00/cNsHalted             582585002055 ns
00:14:43.161 /TM/CPU/00/cNsOther              66301718256 ns
00:14:43.161 /TM/CPU/00/cNsTotal              876215012644 ns
00:14:43.161 /TM/CPU/00/cPeriodsExecuting      2020678 count
00:14:43.161 /TM/CPU/00/cPeriodsHalted           20945 count
00:14:43.161 /TM/CPU/00/pctExecuting                 4 %
00:14:43.161 /TM/CPU/00/pctHalted                   95 %
00:14:43.161 /TM/CPU/00/pctOther                     0 %
00:14:43.161 /TM/CPU/pctExecuting                    4 %
00:14:43.161 /TM/CPU/pctHalted                      95 %
00:14:43.161 /TM/CPU/pctOther                        0 %
00:14:43.161 /TM/MaxHzHint                           0 Hz
00:14:43.161 /TM/R3/1nsSteps                     94966 times
00:14:43.161 /TM/RC/1nsSteps                     43594 times
00:14:43.161 /TM/TSC/offCPU0                         0 ticks
00:14:43.161 /TM/VirtualSync/CurrentOffset      343799 ns
00:14:43.161 /VUSB/0/cUrbsInPool                     0 count
00:14:43.161 ********************* End of statistics **********************
00:14:43.205 NAT: zone(nm:mbuf, used:1)
00:14:43.205 NAT: zone(nm:mbuf_cluster, used:0)
00:14:43.205 NAT: zone(nm:mbuf_packet, used:0)
00:14:43.205 NAT: zone(nm:mbuf_jumbo_pagesize, used:0)
00:14:43.205 NAT: zone(nm:mbuf_jumbo_9k, used:0)
00:14:43.205 NAT: zone(nm:mbuf_jumbo_16k, used:0)
00:14:43.249 Changing the VM state from 'DESTROYING' to 'TERMINATED'.
00:14:43.592 ERROR [COM]: aRC=E_ACCESSDENIED (0x80070005) aIID={1968b7d3-e3bf-4ceb-99e0-cb7c913317bb} aComponent={Console} aText={The virtual machine is being powered down}, preserve=false
00:14:43.678 ERROR [COM]: aRC=E_ACCESSDENIED (0x80070005) aIID={1968b7d3-e3bf-4ceb-99e0-cb7c913317bb} aComponent={Console} aText={The virtual machine is being powered down}, preserve=false
00:14:44.736 ERROR [COM]: aRC=E_ACCESSDENIED (0x80070005) aIID={1968b7d3-e3bf-4ceb-99e0-cb7c913317bb} aComponent={Console} aText={The virtual machine is not powered up}, preserve=false
