This file contains any messages produced by compilers while
running configure, to aid debugging if configure makes a mistake.

It was created by configure, which was
generated by GNU Autoconf 2.59.  Invocation command line was

  $ ./configure --prefix=/Technical/Wreathe/Wreathe/Development PKG_CONFIG_PATH=/Technical/Wreathe/Wreathe/Development/lib/pkgconfig:/usr/local/lib/pkgconfig:/usr/lib/pkgconfig LD_LIBRARY_PATH=/Technical/Wreathe/Wreathe/Development/lib:/usr/local/lib:/usr/lib

## --------- ##
## Platform. ##
## --------- ##

hostname = elegy
uname -m = i686
uname -r = 2.6.32-46-generic-pae
uname -s = Linux
uname -v = #108-Ubuntu SMP Thu Apr 11 16:11:56 UTC 2013

/usr/bin/uname -p = unknown
/bin/uname -X     = unknown

/bin/arch              = unknown
/usr/bin/arch -k       = unknown
/usr/convex/getsysinfo = unknown
hostinfo               = unknown
/bin/machine           = unknown
/usr/bin/oslevel       = unknown
/bin/universe          = unknown

PATH: /usr/local/sbin
PATH: /usr/local/bin
PATH: /usr/sbin
PATH: /usr/bin
PATH: /sbin
PATH: /bin
PATH: /usr/games
PATH: /home/kyan/.rvm/bin


## ----------- ##
## Core tests. ##
## ----------- ##

configure:1326: checking build system type
configure:1344: result: i686-pc-linux-gnu
configure:1352: checking host system type
configure:1366: result: i686-pc-linux-gnu
configure:1422: checking for gcc
configure:1438: found /usr/bin/gcc
configure:1448: result: gcc
configure:1692: checking for C compiler version
configure:1695: gcc --version </dev/null >&5
gcc (Ubuntu/Linaro 4.4.4-14ubuntu5.1) 4.4.5
Copyright (C) 2010 Free Software Foundation, Inc.
This is free software; see the source for copying conditions.  There is NO
warranty; not even for MERCHANTABILITY or FITNESS FOR A PARTICULAR PURPOSE.

configure:1698: $? = 0
configure:1700: gcc -v </dev/null >&5
Using built-in specs.
Target: i686-linux-gnu
Configured with: ../src/configure -v --with-pkgversion='Ubuntu/Linaro 4.4.4-14ubuntu5.1' --with-bugurl=file:///usr/share/doc/gcc-4.4/README.Bugs --enable-languages=c,c++,fortran,objc,obj-c++ --prefix=/usr --program-suffix=-4.4 --enable-shared --enable-multiarch --enable-linker-build-id --with-system-zlib --libexecdir=/usr/lib --without-included-gettext --enable-threads=posix --with-gxx-include-dir=/usr/include/c++/4.4 --libdir=/usr/lib --enable-nls --with-sysroot=/ --enable-clocale=gnu --enable-libstdcxx-debug --enable-objc-gc --enable-targets=all --disable-werror --with-arch-32=i686 --with-tune=generic --enable-checking=release --build=i686-linux-gnu --host=i686-linux-gnu --target=i686-linux-gnu
Thread model: posix
gcc version 4.4.5 (Ubuntu/Linaro 4.4.4-14ubuntu5.1) 
configure:1703: $? = 0
configure:1705: gcc -V </dev/null >&5
gcc: '-V' option must have argument
configure:1708: $? = 1
configure:1731: checking for C compiler default output file name
configure:1734: gcc    conftest.c  >&5
configure:1737: $? = 0
configure:1783: result: a.out
configure:1788: checking whether the C compiler works
configure:1794: ./a.out
configure:1797: $? = 0
configure:1814: result: yes
configure:1821: checking whether we are cross compiling
configure:1823: result: no
configure:1826: checking for suffix of executables
configure:1828: gcc -o conftest    conftest.c  >&5
configure:1831: $? = 0
configure:1856: result: 
configure:1862: checking for suffix of object files
configure:1883: gcc -c   conftest.c >&5
configure:1886: $? = 0
configure:1908: result: o
configure:1912: checking whether we are using the GNU C compiler
configure:1936: gcc -c   conftest.c >&5
configure:1942: $? = 0
configure:1946: test -z 
			 || test ! -s conftest.err
configure:1949: $? = 0
configure:1952: test -s conftest.o
configure:1955: $? = 0
configure:1968: result: yes
configure:1974: checking whether gcc accepts -g
configure:1995: gcc -c -g  conftest.c >&5
configure:2001: $? = 0
configure:2005: test -z 
			 || test ! -s conftest.err
configure:2008: $? = 0
configure:2011: test -s conftest.o
configure:2014: $? = 0
configure:2025: result: yes
configure:2042: checking for gcc option to accept ANSI C
configure:2112: gcc  -c -g -O2  conftest.c >&5
configure:2118: $? = 0
configure:2122: test -z 
			 || test ! -s conftest.err
configure:2125: $? = 0
configure:2128: test -s conftest.o
configure:2131: $? = 0
configure:2149: result: none needed
configure:2167: gcc -c -g -O2  conftest.c >&5
conftest.c:2: error: expected '=', ',', ';', 'asm' or '__attribute__' before 'me'
configure:2173: $? = 1
configure: failed program was:
| #ifndef __cplusplus
|   choke me
| #endif
configure:2348: checking for ranlib
configure:2364: found /usr/bin/ranlib
configure:2375: result: ranlib
configure:2389: checking for ar
configure:2405: found /usr/bin/ar
configure:2415: result: ar
configure:2424: checking for install
configure:2440: found /usr/bin/install
configure:2450: result: install
configure:2478: checking how to run the C preprocessor
configure:2513: gcc -E  conftest.c
configure:2519: $? = 0
configure:2551: gcc -E  conftest.c
conftest.c:9: fatal error: ac_nonexistent.h: No such file or directory
compilation terminated.
configure:2557: $? = 1
configure: failed program was:
| /* confdefs.h.  */
| 
| #define PACKAGE_NAME ""
| #define PACKAGE_TARNAME ""
| #define PACKAGE_VERSION ""
| #define PACKAGE_STRING ""
| #define PACKAGE_BUGREPORT ""
| /* end confdefs.h.  */
| #include <ac_nonexistent.h>
configure:2596: result: gcc -E
configure:2620: gcc -E  conftest.c
configure:2626: $? = 0
configure:2658: gcc -E  conftest.c
conftest.c:9: fatal error: ac_nonexistent.h: No such file or directory
compilation terminated.
configure:2664: $? = 1
configure: failed program was:
| /* confdefs.h.  */
| 
| #define PACKAGE_NAME ""
| #define PACKAGE_TARNAME ""
| #define PACKAGE_VERSION ""
| #define PACKAGE_STRING ""
| #define PACKAGE_BUGREPORT ""
| /* end confdefs.h.  */
| #include <ac_nonexistent.h>
configure:2708: checking for egrep
configure:2718: result: grep -E
configure:2723: checking for ANSI C header files
configure:2748: gcc -c -g -O2  conftest.c >&5
configure:2754: $? = 0
configure:2758: test -z 
			 || test ! -s conftest.err
configure:2761: $? = 0
configure:2764: test -s conftest.o
configure:2767: $? = 0
configure:2856: gcc -o conftest -g -O2   conftest.c  >&5
conftest.c: In function 'main':
conftest.c:26: warning: incompatible implicit declaration of built-in function 'exit'
configure:2859: $? = 0
configure:2861: ./conftest
configure:2864: $? = 0
configure:2879: result: yes
configure:2904: checking for sys/types.h
configure:2920: gcc -c -g -O2  conftest.c >&5
configure:2926: $? = 0
configure:2930: test -z 
			 || test ! -s conftest.err
configure:2933: $? = 0
configure:2936: test -s conftest.o
configure:2939: $? = 0
configure:2950: result: yes
configure:2904: checking for sys/stat.h
configure:2920: gcc -c -g -O2  conftest.c >&5
configure:2926: $? = 0
configure:2930: test -z 
			 || test ! -s conftest.err
configure:2933: $? = 0
configure:2936: test -s conftest.o
configure:2939: $? = 0
configure:2950: result: yes
configure:2904: checking for stdlib.h
configure:2920: gcc -c -g -O2  conftest.c >&5
configure:2926: $? = 0
configure:2930: test -z 
			 || test ! -s conftest.err
configure:2933: $? = 0
configure:2936: test -s conftest.o
configure:2939: $? = 0
configure:2950: result: yes
configure:2904: checking for string.h
configure:2920: gcc -c -g -O2  conftest.c >&5
configure:2926: $? = 0
configure:2930: test -z 
			 || test ! -s conftest.err
configure:2933: $? = 0
configure:2936: test -s conftest.o
configure:2939: $? = 0
configure:2950: result: yes
configure:2904: checking for memory.h
configure:2920: gcc -c -g -O2  conftest.c >&5
configure:2926: $? = 0
configure:2930: test -z 
			 || test ! -s conftest.err
configure:2933: $? = 0
configure:2936: test -s conftest.o
configure:2939: $? = 0
configure:2950: result: yes
configure:2904: checking for strings.h
configure:2920: gcc -c -g -O2  conftest.c >&5
configure:2926: $? = 0
configure:2930: test -z 
			 || test ! -s conftest.err
configure:2933: $? = 0
configure:2936: test -s conftest.o
configure:2939: $? = 0
configure:2950: result: yes
configure:2904: checking for inttypes.h
configure:2920: gcc -c -g -O2  conftest.c >&5
configure:2926: $? = 0
configure:2930: test -z 
			 || test ! -s conftest.err
configure:2933: $? = 0
configure:2936: test -s conftest.o
configure:2939: $? = 0
configure:2950: result: yes
configure:2904: checking for stdint.h
configure:2920: gcc -c -g -O2  conftest.c >&5
configure:2926: $? = 0
configure:2930: test -z 
			 || test ! -s conftest.err
configure:2933: $? = 0
configure:2936: test -s conftest.o
configure:2939: $? = 0
configure:2950: result: yes
configure:2904: checking for unistd.h
configure:2920: gcc -c -g -O2  conftest.c >&5
configure:2926: $? = 0
configure:2930: test -z 
			 || test ! -s conftest.err
configure:2933: $? = 0
configure:2936: test -s conftest.o
configure:2939: $? = 0
configure:2950: result: yes
configure:2962: checking for short
configure:2986: gcc -c -g -O2  conftest.c >&5
configure:2992: $? = 0
configure:2996: test -z 
			 || test ! -s conftest.err
configure:2999: $? = 0
configure:3002: test -s conftest.o
configure:3005: $? = 0
configure:3016: result: yes
configure:3019: checking size of short
configure:3338: gcc -o conftest -g -O2   conftest.c  >&5
configure:3341: $? = 0
configure:3343: ./conftest
configure:3346: $? = 0
configure:3369: result: 2
configure:3376: checking for int
configure:3400: gcc -c -g -O2  conftest.c >&5
configure:3406: $? = 0
configure:3410: test -z 
			 || test ! -s conftest.err
configure:3413: $? = 0
configure:3416: test -s conftest.o
configure:3419: $? = 0
configure:3430: result: yes
configure:3433: checking size of int
configure:3752: gcc -o conftest -g -O2   conftest.c  >&5
configure:3755: $? = 0
configure:3757: ./conftest
configure:3760: $? = 0
configure:3783: result: 4
configure:3790: checking for long
configure:3814: gcc -c -g -O2  conftest.c >&5
configure:3820: $? = 0
configure:3824: test -z 
			 || test ! -s conftest.err
configure:3827: $? = 0
configure:3830: test -s conftest.o
configure:3833: $? = 0
configure:3844: result: yes
configure:3847: checking size of long
configure:4166: gcc -o conftest -g -O2   conftest.c  >&5
configure:4169: $? = 0
configure:4171: ./conftest
configure:4174: $? = 0
configure:4197: result: 4
configure:4204: checking for long long
configure:4228: gcc -c -g -O2  conftest.c >&5
configure:4234: $? = 0
configure:4238: test -z 
			 || test ! -s conftest.err
configure:4241: $? = 0
configure:4244: test -s conftest.o
configure:4247: $? = 0
configure:4258: result: yes
configure:4261: checking size of long long
configure:4580: gcc -o conftest -g -O2   conftest.c  >&5
configure:4583: $? = 0
configure:4585: ./conftest
configure:4588: $? = 0
configure:4611: result: 8
configure:4630: checking for int16_t
configure:4654: gcc -c -g -O2  conftest.c >&5
configure:4660: $? = 0
configure:4664: test -z 
			 || test ! -s conftest.err
configure:4667: $? = 0
configure:4670: test -s conftest.o
configure:4673: $? = 0
configure:4684: result: yes
configure:4690: checking for int32_t
configure:4714: gcc -c -g -O2  conftest.c >&5
configure:4720: $? = 0
configure:4724: test -z 
			 || test ! -s conftest.err
configure:4727: $? = 0
configure:4730: test -s conftest.o
configure:4733: $? = 0
configure:4744: result: yes
configure:4776: checking linux/sbpcd.h usability
configure:4788: gcc -c -g -O2  conftest.c >&5
conftest.c:57: fatal error: linux/sbpcd.h: No such file or directory
compilation terminated.
configure:4794: $? = 1
configure: failed program was:
| /* confdefs.h.  */
| 
| #define PACKAGE_NAME ""
| #define PACKAGE_TARNAME ""
| #define PACKAGE_VERSION ""
| #define PACKAGE_STRING ""
| #define PACKAGE_BUGREPORT ""
| #define STDC_HEADERS 1
| #define HAVE_SYS_TYPES_H 1
| #define HAVE_SYS_STAT_H 1
| #define HAVE_STDLIB_H 1
| #define HAVE_STRING_H 1
| #define HAVE_MEMORY_H 1
| #define HAVE_STRINGS_H 1
| #define HAVE_INTTYPES_H 1
| #define HAVE_STDINT_H 1
| #define HAVE_UNISTD_H 1
| #define SIZEOF_SHORT 2
| #define SIZEOF_INT 4
| #define SIZEOF_LONG 4
| #define SIZEOF_LONG_LONG 8
| /* end confdefs.h.  */
| #include <stdio.h>
| #if HAVE_SYS_TYPES_H
| # include <sys/types.h>
| #endif
| #if HAVE_SYS_STAT_H
| # include <sys/stat.h>
| #endif
| #if STDC_HEADERS
| # include <stdlib.h>
| # include <stddef.h>
| #else
| # if HAVE_STDLIB_H
| #  include <stdlib.h>
| # endif
| #endif
| #if HAVE_STRING_H
| # if !STDC_HEADERS && HAVE_MEMORY_H
| #  include <memory.h>
| # endif
| # include <string.h>
| #endif
| #if HAVE_STRINGS_H
| # include <strings.h>
| #endif
| #if HAVE_INTTYPES_H
| # include <inttypes.h>
| #else
| # if HAVE_STDINT_H
| #  include <stdint.h>
| # endif
| #endif
| #if HAVE_UNISTD_H
| # include <unistd.h>
| #endif
| #include <linux/sbpcd.h>
configure:4817: result: no
configure:4821: checking linux/sbpcd.h presence
configure:4831: gcc -E  conftest.c
conftest.c:23: fatal error: linux/sbpcd.h: No such file or directory
compilation terminated.
configure:4837: $? = 1
configure: failed program was:
| /* confdefs.h.  */
| 
| #define PACKAGE_NAME ""
| #define PACKAGE_TARNAME ""
| #define PACKAGE_VERSION ""
| #define PACKAGE_STRING ""
| #define PACKAGE_BUGREPORT ""
| #define STDC_HEADERS 1
| #define HAVE_SYS_TYPES_H 1
| #define HAVE_SYS_STAT_H 1
| #define HAVE_STDLIB_H 1
| #define HAVE_STRING_H 1
| #define HAVE_MEMORY_H 1
| #define HAVE_STRINGS_H 1
| #define HAVE_INTTYPES_H 1
| #define HAVE_STDINT_H 1
| #define HAVE_UNISTD_H 1
| #define SIZEOF_SHORT 2
| #define SIZEOF_INT 4
| #define SIZEOF_LONG 4
| #define SIZEOF_LONG_LONG 8
| /* end confdefs.h.  */
| #include <linux/sbpcd.h>
configure:4857: result: no
configure:4892: checking for linux/sbpcd.h
configure:4899: result: no
configure:4926: checking linux/ucdrom.h usability
configure:4938: gcc -c -g -O2  conftest.c >&5
conftest.c:57: fatal error: linux/ucdrom.h: No such file or directory
compilation terminated.
configure:4944: $? = 1
configure: failed program was:
| /* confdefs.h.  */
| 
| #define PACKAGE_NAME ""
| #define PACKAGE_TARNAME ""
| #define PACKAGE_VERSION ""
| #define PACKAGE_STRING ""
| #define PACKAGE_BUGREPORT ""
| #define STDC_HEADERS 1
| #define HAVE_SYS_TYPES_H 1
| #define HAVE_SYS_STAT_H 1
| #define HAVE_STDLIB_H 1
| #define HAVE_STRING_H 1
| #define HAVE_MEMORY_H 1
| #define HAVE_STRINGS_H 1
| #define HAVE_INTTYPES_H 1
| #define HAVE_STDINT_H 1
| #define HAVE_UNISTD_H 1
| #define SIZEOF_SHORT 2
| #define SIZEOF_INT 4
| #define SIZEOF_LONG 4
| #define SIZEOF_LONG_LONG 8
| /* end confdefs.h.  */
| #include <stdio.h>
| #if HAVE_SYS_TYPES_H
| # include <sys/types.h>
| #endif
| #if HAVE_SYS_STAT_H
| # include <sys/stat.h>
| #endif
| #if STDC_HEADERS
| # include <stdlib.h>
| # include <stddef.h>
| #else
| # if HAVE_STDLIB_H
| #  include <stdlib.h>
| # endif
| #endif
| #if HAVE_STRING_H
| # if !STDC_HEADERS && HAVE_MEMORY_H
| #  include <memory.h>
| # endif
| # include <string.h>
| #endif
| #if HAVE_STRINGS_H
| # include <strings.h>
| #endif
| #if HAVE_INTTYPES_H
| # include <inttypes.h>
| #else
| # if HAVE_STDINT_H
| #  include <stdint.h>
| # endif
| #endif
| #if HAVE_UNISTD_H
| # include <unistd.h>
| #endif
| #include <linux/ucdrom.h>
configure:4967: result: no
configure:4971: checking linux/ucdrom.h presence
configure:4981: gcc -E  conftest.c
conftest.c:23: fatal error: linux/ucdrom.h: No such file or directory
compilation terminated.
configure:4987: $? = 1
configure: failed program was:
| /* confdefs.h.  */
| 
| #define PACKAGE_NAME ""
| #define PACKAGE_TARNAME ""
| #define PACKAGE_VERSION ""
| #define PACKAGE_STRING ""
| #define PACKAGE_BUGREPORT ""
| #define STDC_HEADERS 1
| #define HAVE_SYS_TYPES_H 1
| #define HAVE_SYS_STAT_H 1
| #define HAVE_STDLIB_H 1
| #define HAVE_STRING_H 1
| #define HAVE_MEMORY_H 1
| #define HAVE_STRINGS_H 1
| #define HAVE_INTTYPES_H 1
| #define HAVE_STDINT_H 1
| #define HAVE_UNISTD_H 1
| #define SIZEOF_SHORT 2
| #define SIZEOF_INT 4
| #define SIZEOF_LONG 4
| #define SIZEOF_LONG_LONG 8
| /* end confdefs.h.  */
| #include <linux/ucdrom.h>
configure:5007: result: no
configure:5042: checking for linux/ucdrom.h
configure:5049: result: no
configure:5063: checking whether make sets $(MAKE)
configure:5083: result: yes
configure:5092: checking for an ANSI C-conforming const
configure:5159: gcc -c -g -O2  conftest.c >&5
configure:5165: $? = 0
configure:5169: test -z 
			 || test ! -s conftest.err
configure:5172: $? = 0
configure:5175: test -s conftest.o
configure:5178: $? = 0
configure:5189: result: yes
configure:5334: creating ./config.status

## ---------------------- ##
## Running config.status. ##
## ---------------------- ##

This file was extended by config.status, which was
generated by GNU Autoconf 2.59.  Invocation command line was

  CONFIG_FILES    = 
  CONFIG_HEADERS  = 
  CONFIG_LINKS    = 
  CONFIG_COMMANDS = 
  $ ./config.status 

on elegy

config.status:653: creating Makefile
config.status:653: creating interface/Makefile
config.status:653: creating paranoia/Makefile

## ---------------- ##
## Cache variables. ##
## ---------------- ##

ac_cv_build=i686-pc-linux-gnu
ac_cv_build_alias=i686-pc-linux-gnu
ac_cv_c_compiler_gnu=yes
ac_cv_c_const=yes
ac_cv_env_CC_set=
ac_cv_env_CC_value=
ac_cv_env_CFLAGS_set=
ac_cv_env_CFLAGS_value=
ac_cv_env_CPPFLAGS_set=
ac_cv_env_CPPFLAGS_value=
ac_cv_env_CPP_set=
ac_cv_env_CPP_value=
ac_cv_env_LDFLAGS_set=
ac_cv_env_LDFLAGS_value=
ac_cv_env_build_alias_set=
ac_cv_env_build_alias_value=
ac_cv_env_host_alias_set=
ac_cv_env_host_alias_value=
ac_cv_env_target_alias_set=
ac_cv_env_target_alias_value=
ac_cv_exeext=
ac_cv_header_inttypes_h=yes
ac_cv_header_linux_sbpcd_h=no
ac_cv_header_linux_ucdrom_h=no
ac_cv_header_memory_h=yes
ac_cv_header_stdc=yes
ac_cv_header_stdint_h=yes
ac_cv_header_stdlib_h=yes
ac_cv_header_string_h=yes
ac_cv_header_strings_h=yes
ac_cv_header_sys_stat_h=yes
ac_cv_header_sys_types_h=yes
ac_cv_header_unistd_h=yes
ac_cv_host=i686-pc-linux-gnu
ac_cv_host_alias=i686-pc-linux-gnu
ac_cv_objext=o
ac_cv_prog_AR=ar
ac_cv_prog_CPP='gcc -E'
ac_cv_prog_INSTALL=install
ac_cv_prog_ac_ct_CC=gcc
ac_cv_prog_ac_ct_RANLIB=ranlib
ac_cv_prog_cc_g=yes
ac_cv_prog_cc_stdc=
ac_cv_prog_egrep='grep -E'
ac_cv_prog_make_make_set=yes
ac_cv_sizeof_int=4
ac_cv_sizeof_long=4
ac_cv_sizeof_long_long=8
ac_cv_sizeof_short=2
ac_cv_type_int=yes
ac_cv_type_int16_t=yes
ac_cv_type_int32_t=yes
ac_cv_type_long=yes
ac_cv_type_long_long=yes
ac_cv_type_short=yes

## ----------------- ##
## Output variables. ##
## ----------------- ##

AR='ar'
CC='gcc'
CFLAGS='-g -O2'
CPP='gcc -E'
CPPFLAGS=''
DEBUG='-g -Wall -fsigned-char'
DEFS='-DPACKAGE_NAME=\"\" -DPACKAGE_TARNAME=\"\" -DPACKAGE_VERSION=\"\" -DPACKAGE_STRING=\"\" -DPACKAGE_BUGREPORT=\"\" -DSTDC_HEADERS=1 -DHAVE_SYS_TYPES_H=1 -DHAVE_SYS_STAT_H=1 -DHAVE_STDLIB_H=1 -DHAVE_STRING_H=1 -DHAVE_MEMORY_H=1 -DHAVE_STRINGS_H=1 -DHAVE_INTTYPES_H=1 -DHAVE_STDINT_H=1 -DHAVE_UNISTD_H=1 -DSIZEOF_SHORT=2 -DSIZEOF_INT=4 -DSIZEOF_LONG=4 -DSIZEOF_LONG_LONG=8 '
ECHO_C=''
ECHO_N='-n'
ECHO_T=''
EGREP='grep -E'
EXEEXT=''
INSTALL='install'
LDFLAGS=''
LIBOBJS=''
LIBS=''
LTLIBOBJS=''
OBJEXT='o'
OPT='-O2 -ffast-math -fsigned-char -finline-functions'
PACKAGE_BUGREPORT=''
PACKAGE_NAME=''
PACKAGE_STRING=''
PACKAGE_TARNAME=''
PACKAGE_VERSION=''
PATH_SEPARATOR=':'
RANLIB='ranlib'
SBPCD_H=''
SET_MAKE=''
SHELL='/bin/bash'
TYPESIZES=''
UCDROM_H=''
ac_ct_CC='gcc'
ac_ct_RANLIB='ranlib'
bindir='${exec_prefix}/bin'
build='i686-pc-linux-gnu'
build_alias=''
build_cpu='i686'
build_os='linux-gnu'
build_vendor='pc'
datadir='${prefix}/share'
exec_prefix='${prefix}'
host='i686-pc-linux-gnu'
host_alias=''
host_cpu='i686'
host_os='linux-gnu'
host_vendor='pc'
includedir='${prefix}/include'
infodir='${prefix}/info'
libdir='${exec_prefix}/lib'
libexecdir='${exec_prefix}/libexec'
localstatedir='${prefix}/var'
mandir='${prefix}/man'
oldincludedir='/usr/include'
prefix='/Technical/Wreathe/Wreathe/Development'
program_transform_name='s,x,x,'
sbindir='${exec_prefix}/sbin'
sharedstatedir='${prefix}/com'
sysconfdir='${prefix}/etc'
target_alias=''

## ----------- ##
## confdefs.h. ##
## ----------- ##

#define HAVE_INTTYPES_H 1
#define HAVE_MEMORY_H 1
#define HAVE_STDINT_H 1
#define HAVE_STDLIB_H 1
#define HAVE_STRINGS_H 1
#define HAVE_STRING_H 1
#define HAVE_SYS_STAT_H 1
#define HAVE_SYS_TYPES_H 1
#define HAVE_UNISTD_H 1
#define PACKAGE_BUGREPORT ""
#define PACKAGE_NAME ""
#define PACKAGE_STRING ""
#define PACKAGE_TARNAME ""
#define PACKAGE_VERSION ""
#define SIZEOF_INT 4
#define SIZEOF_LONG 4
#define SIZEOF_LONG_LONG 8
#define SIZEOF_SHORT 2
#define STDC_HEADERS 1

configure: exit 0
