This file contains any messages produced by compilers while
running configure, to aid debugging if configure makes a mistake.

It was created by QjackCtl configure 0.3.10, which was
generated by GNU Autoconf 2.69.  Invocation command line was

  $ ./configure --prefix=/usr

## --------- ##
## Platform. ##
## --------- ##

hostname = elegy
uname -m = i686
uname -r = 2.6.32-46-generic-pae
uname -s = Linux
uname -v = #108-Ubuntu SMP Thu Apr 11 16:11:56 UTC 2013

/usr/bin/uname -p = unknown
/bin/uname -X     = unknown

/bin/arch              = unknown
/usr/bin/arch -k       = unknown
/usr/convex/getsysinfo = unknown
/usr/bin/hostinfo      = unknown
/bin/machine           = unknown
/usr/bin/oslevel       = unknown
/bin/universe          = unknown

PATH: /usr/local/sbin
PATH: /usr/local/bin
PATH: /usr/sbin
PATH: /usr/bin
PATH: /sbin
PATH: /bin
PATH: /usr/games
PATH: /home/kyan/.rvm/bin


## ----------- ##
## Core tests. ##
## ----------- ##

configure:2429: checking for gcc
configure:2445: found /usr/bin/gcc
configure:2456: result: gcc
configure:2685: checking for C compiler version
configure:2694: gcc --version >&5
gcc (Ubuntu/Linaro 4.4.4-14ubuntu5.1) 4.4.5
Copyright (C) 2010 Free Software Foundation, Inc.
This is free software; see the source for copying conditions.  There is NO
warranty; not even for MERCHANTABILITY or FITNESS FOR A PARTICULAR PURPOSE.

configure:2705: $? = 0
configure:2694: gcc -v >&5
Using built-in specs.
Target: i686-linux-gnu
Configured with: ../src/configure -v --with-pkgversion='Ubuntu/Linaro 4.4.4-14ubuntu5.1' --with-bugurl=file:///usr/share/doc/gcc-4.4/README.Bugs --enable-languages=c,c++,fortran,objc,obj-c++ --prefix=/usr --program-suffix=-4.4 --enable-shared --enable-multiarch --enable-linker-build-id --with-system-zlib --libexecdir=/usr/lib --without-included-gettext --enable-threads=posix --with-gxx-include-dir=/usr/include/c++/4.4 --libdir=/usr/lib --enable-nls --with-sysroot=/ --enable-clocale=gnu --enable-libstdcxx-debug --enable-objc-gc --enable-targets=all --disable-werror --with-arch-32=i686 --with-tune=generic --enable-checking=release --build=i686-linux-gnu --host=i686-linux-gnu --target=i686-linux-gnu
Thread model: posix
gcc version 4.4.5 (Ubuntu/Linaro 4.4.4-14ubuntu5.1) 
configure:2705: $? = 0
configure:2694: gcc -V >&5
gcc: '-V' option must have argument
configure:2705: $? = 1
configure:2694: gcc -qversion >&5
gcc: unrecognized option '-qversion'
gcc: no input files
configure:2705: $? = 1
configure:2725: checking whether the C compiler works
configure:2747: gcc    conftest.c  >&5
configure:2751: $? = 0
configure:2799: result: yes
configure:2802: checking for C compiler default output file name
configure:2804: result: a.out
configure:2810: checking for suffix of executables
configure:2817: gcc -o conftest    conftest.c  >&5
configure:2821: $? = 0
configure:2843: result: 
configure:2865: checking whether we are cross compiling
configure:2873: gcc -o conftest    conftest.c  >&5
configure:2877: $? = 0
configure:2884: ./conftest
configure:2888: $? = 0
configure:2903: result: no
configure:2908: checking for suffix of object files
configure:2930: gcc -c   conftest.c >&5
configure:2934: $? = 0
configure:2955: result: o
configure:2959: checking whether we are using the GNU C compiler
configure:2978: gcc -c   conftest.c >&5
configure:2978: $? = 0
configure:2987: result: yes
configure:2996: checking whether gcc accepts -g
configure:3016: gcc -c -g  conftest.c >&5
configure:3016: $? = 0
configure:3057: result: yes
configure:3074: checking for gcc option to accept ISO C89
configure:3137: gcc  -c -g -O2  conftest.c >&5
configure:3137: $? = 0
configure:3150: result: none needed
configure:3175: checking how to run the C preprocessor
configure:3206: gcc -E  conftest.c
configure:3206: $? = 0
configure:3220: gcc -E  conftest.c
conftest.c:11: fatal error: ac_nonexistent.h: No such file or directory
compilation terminated.
configure:3220: $? = 1
configure: failed program was:
| /* confdefs.h */
| #define PACKAGE_NAME "QjackCtl"
| #define PACKAGE_TARNAME "qjackctl"
| #define PACKAGE_VERSION "0.3.10"
| #define PACKAGE_STRING "QjackCtl 0.3.10"
| #define PACKAGE_BUGREPORT "rncbc@rncbc.org"
| #define PACKAGE_URL ""
| #define CONFIG_PREFIX "/usr"
| #define CONFIG_DBUS 1
| /* end confdefs.h.  */
| #include <ac_nonexistent.h>
configure:3245: result: gcc -E
configure:3265: gcc -E  conftest.c
configure:3265: $? = 0
configure:3279: gcc -E  conftest.c
conftest.c:11: fatal error: ac_nonexistent.h: No such file or directory
compilation terminated.
configure:3279: $? = 1
configure: failed program was:
| /* confdefs.h */
| #define PACKAGE_NAME "QjackCtl"
| #define PACKAGE_TARNAME "qjackctl"
| #define PACKAGE_VERSION "0.3.10"
| #define PACKAGE_STRING "QjackCtl 0.3.10"
| #define PACKAGE_BUGREPORT "rncbc@rncbc.org"
| #define PACKAGE_URL ""
| #define CONFIG_PREFIX "/usr"
| #define CONFIG_DBUS 1
| /* end confdefs.h.  */
| #include <ac_nonexistent.h>
configure:3365: checking for g++
configure:3381: found /usr/bin/g++
configure:3392: result: g++
configure:3419: checking for C++ compiler version
configure:3428: g++ --version >&5
g++ (Ubuntu/Linaro 4.4.4-14ubuntu5.1) 4.4.5
Copyright (C) 2010 Free Software Foundation, Inc.
This is free software; see the source for copying conditions.  There is NO
warranty; not even for MERCHANTABILITY or FITNESS FOR A PARTICULAR PURPOSE.

configure:3439: $? = 0
configure:3428: g++ -v >&5
Using built-in specs.
Target: i686-linux-gnu
Configured with: ../src/configure -v --with-pkgversion='Ubuntu/Linaro 4.4.4-14ubuntu5.1' --with-bugurl=file:///usr/share/doc/gcc-4.4/README.Bugs --enable-languages=c,c++,fortran,objc,obj-c++ --prefix=/usr --program-suffix=-4.4 --enable-shared --enable-multiarch --enable-linker-build-id --with-system-zlib --libexecdir=/usr/lib --without-included-gettext --enable-threads=posix --with-gxx-include-dir=/usr/include/c++/4.4 --libdir=/usr/lib --enable-nls --with-sysroot=/ --enable-clocale=gnu --enable-libstdcxx-debug --enable-objc-gc --enable-targets=all --disable-werror --with-arch-32=i686 --with-tune=generic --enable-checking=release --build=i686-linux-gnu --host=i686-linux-gnu --target=i686-linux-gnu
Thread model: posix
gcc version 4.4.5 (Ubuntu/Linaro 4.4.4-14ubuntu5.1) 
configure:3439: $? = 0
configure:3428: g++ -V >&5
g++: '-V' option must have argument
configure:3439: $? = 1
configure:3428: g++ -qversion >&5
g++: unrecognized option '-qversion'
g++: no input files
configure:3439: $? = 1
configure:3443: checking whether we are using the GNU C++ compiler
configure:3462: g++ -c   conftest.cpp >&5
configure:3462: $? = 0
configure:3471: result: yes
configure:3480: checking whether g++ accepts -g
configure:3500: g++ -c -g  conftest.cpp >&5
configure:3500: $? = 0
configure:3541: result: yes
configure:3569: checking how to run the C++ preprocessor
configure:3596: g++ -E  conftest.cpp
configure:3596: $? = 0
configure:3610: g++ -E  conftest.cpp
conftest.cpp:11: fatal error: ac_nonexistent.h: No such file or directory
compilation terminated.
configure:3610: $? = 1
configure: failed program was:
| /* confdefs.h */
| #define PACKAGE_NAME "QjackCtl"
| #define PACKAGE_TARNAME "qjackctl"
| #define PACKAGE_VERSION "0.3.10"
| #define PACKAGE_STRING "QjackCtl 0.3.10"
| #define PACKAGE_BUGREPORT "rncbc@rncbc.org"
| #define PACKAGE_URL ""
| #define CONFIG_PREFIX "/usr"
| #define CONFIG_DBUS 1
| /* end confdefs.h.  */
| #include <ac_nonexistent.h>
configure:3635: result: g++ -E
configure:3655: g++ -E  conftest.cpp
configure:3655: $? = 0
configure:3669: g++ -E  conftest.cpp
conftest.cpp:11: fatal error: ac_nonexistent.h: No such file or directory
compilation terminated.
configure:3669: $? = 1
configure: failed program was:
| /* confdefs.h */
| #define PACKAGE_NAME "QjackCtl"
| #define PACKAGE_TARNAME "qjackctl"
| #define PACKAGE_VERSION "0.3.10"
| #define PACKAGE_STRING "QjackCtl 0.3.10"
| #define PACKAGE_BUGREPORT "rncbc@rncbc.org"
| #define PACKAGE_URL ""
| #define CONFIG_PREFIX "/usr"
| #define CONFIG_DBUS 1
| /* end confdefs.h.  */
| #include <ac_nonexistent.h>
configure:3699: checking for grep that handles long lines and -e
configure:3757: result: /bin/grep
configure:3762: checking for egrep
configure:3824: result: /bin/grep -E
configure:3830: checking whether gcc needs -traditional
configure:3864: result: no
configure:3919: checking for Qt library version >= 4.2
configure:3940: g++ -o conftest -g -O2 -I/usr/share/qt4/include -I/usr/local/include -I/usr/include -I/usr/include/qt4   conftest.cpp -L/usr/local/lib -L/usr/lib -L/usr/lib64  >&5
configure:3940: $? = 0
configure:3952: result: yes
configure:3961: checking for qmake
configure:3979: found /usr/share/qt4/bin/qmake
configure:3992: result: /usr/share/qt4/bin/qmake
configure:4008: checking for moc
configure:4026: found /usr/share/qt4/bin/moc
configure:4039: result: /usr/share/qt4/bin/moc
configure:4055: checking for uic
configure:4073: found /usr/share/qt4/bin/uic
configure:4086: result: /usr/share/qt4/bin/uic
configure:4102: checking for lupdate
configure:4120: found /usr/share/qt4/bin/lupdate
configure:4133: result: /usr/share/qt4/bin/lupdate
configure:4149: checking for lrelease
configure:4167: found /usr/share/qt4/bin/lrelease
configure:4180: result: /usr/share/qt4/bin/lrelease
configure:4194: checking for main in -lm
configure:4213: g++ -o conftest -g -O2 -I/usr/share/qt4/include -I/usr/local/include -I/usr/include -I/usr/include/qt4   conftest.cpp -lm  -L/usr/local/lib -L/usr/lib -L/usr/lib64  >&5
configure:4213: $? = 0
configure:4222: result: yes
configure:4233: checking for main in -lX11
configure:4252: g++ -o conftest -g -O2 -I/usr/share/qt4/include -I/usr/local/include -I/usr/include -I/usr/include/qt4   conftest.cpp -lX11  -lm -L/usr/local/lib -L/usr/lib -L/usr/lib64  >&5
configure:4252: $? = 0
configure:4261: result: yes
configure:4272: checking for main in -lXext
configure:4291: g++ -o conftest -g -O2 -I/usr/share/qt4/include -I/usr/local/include -I/usr/include -I/usr/include/qt4   conftest.cpp -lXext  -lX11 -lm -L/usr/local/lib -L/usr/lib -L/usr/lib64  >&5
configure:4291: $? = 0
configure:4300: result: yes
configure:4313: checking for lroundf in -lm
configure:4338: g++ -o conftest -g -O2 -I/usr/share/qt4/include -I/usr/local/include -I/usr/include -I/usr/include/qt4   conftest.cpp -lm  -lXext -lX11 -lm -L/usr/local/lib -L/usr/lib -L/usr/lib64  >&5
configure:4338: $? = 0
configure:4347: result: yes
configure:4362: checking for main in -ljack
configure:4381: g++ -o conftest -g -O2 -I/usr/share/qt4/include -I/usr/local/include -I/usr/include -I/usr/include/qt4   conftest.cpp -ljack  -lXext -lX11 -lm -L/usr/local/lib -L/usr/lib -L/usr/lib64  >&5
configure:4381: $? = 0
configure:4390: result: yes
configure:4406: checking for main in -lasound
configure:4425: g++ -o conftest -g -O2 -I/usr/share/qt4/include -I/usr/local/include -I/usr/include -I/usr/include/qt4   conftest.cpp -lasound  -lXext -lX11 -lm -L/usr/local/lib -L/usr/lib -L/usr/lib64  >&5
configure:4425: $? = 0
configure:4434: result: yes
configure:4452: checking for main in -lportaudio
configure:4471: g++ -o conftest -g -O2 -I/usr/share/qt4/include -I/usr/local/include -I/usr/include -I/usr/include/qt4   conftest.cpp -lportaudio  -lXext -lX11 -lm -L/usr/local/lib -L/usr/lib -L/usr/lib64  >&5
/usr/bin/ld: cannot find -lportaudio
collect2: ld returned 1 exit status
configure:4471: $? = 1
configure: failed program was:
| /* confdefs.h */
| #define PACKAGE_NAME "QjackCtl"
| #define PACKAGE_TARNAME "qjackctl"
| #define PACKAGE_VERSION "0.3.10"
| #define PACKAGE_STRING "QjackCtl 0.3.10"
| #define PACKAGE_BUGREPORT "rncbc@rncbc.org"
| #define PACKAGE_URL ""
| #define CONFIG_PREFIX "/usr"
| #define CONFIG_DBUS 1
| #define HAVE_LIBM 1
| #define HAVE_LIBX11 1
| #define HAVE_LIBXEXT 1
| #define CONFIG_ROUND 1
| /* end confdefs.h.  */
| 
| 
| int
| main ()
| {
| return main ();
|   ;
|   return 0;
| }
configure:4480: result: no
configure:4489: WARNING: *** PortAudio library not found.
configure:4505: checking for ANSI C header files
configure:4525: g++ -c -g -O2 -I/usr/share/qt4/include -I/usr/local/include -I/usr/include -I/usr/include/qt4  conftest.cpp >&5
configure:4525: $? = 0
configure:4598: g++ -o conftest -g -O2 -I/usr/share/qt4/include -I/usr/local/include -I/usr/include -I/usr/include/qt4   conftest.cpp -lXext -lX11 -lm -L/usr/local/lib -L/usr/lib -L/usr/lib64  >&5
configure:4598: $? = 0
configure:4598: ./conftest
configure:4598: $? = 0
configure:4609: result: yes
configure:4617: checking for sys/wait.h that is POSIX.1 compatible
configure:4643: g++ -c -g -O2 -I/usr/share/qt4/include -I/usr/local/include -I/usr/include -I/usr/include/qt4  conftest.cpp >&5
configure:4643: $? = 0
configure:4650: result: yes
configure:4663: checking for sys/types.h
configure:4663: g++ -c -g -O2 -I/usr/share/qt4/include -I/usr/local/include -I/usr/include -I/usr/include/qt4  conftest.cpp >&5
configure:4663: $? = 0
configure:4663: result: yes
configure:4663: checking for sys/stat.h
configure:4663: g++ -c -g -O2 -I/usr/share/qt4/include -I/usr/local/include -I/usr/include -I/usr/include/qt4  conftest.cpp >&5
configure:4663: $? = 0
configure:4663: result: yes
configure:4663: checking for stdlib.h
configure:4663: g++ -c -g -O2 -I/usr/share/qt4/include -I/usr/local/include -I/usr/include -I/usr/include/qt4  conftest.cpp >&5
configure:4663: $? = 0
configure:4663: result: yes
configure:4663: checking for string.h
configure:4663: g++ -c -g -O2 -I/usr/share/qt4/include -I/usr/local/include -I/usr/include -I/usr/include/qt4  conftest.cpp >&5
configure:4663: $? = 0
configure:4663: result: yes
configure:4663: checking for memory.h
configure:4663: g++ -c -g -O2 -I/usr/share/qt4/include -I/usr/local/include -I/usr/include -I/usr/include/qt4  conftest.cpp >&5
configure:4663: $? = 0
configure:4663: result: yes
configure:4663: checking for strings.h
configure:4663: g++ -c -g -O2 -I/usr/share/qt4/include -I/usr/local/include -I/usr/include -I/usr/include/qt4  conftest.cpp >&5
configure:4663: $? = 0
configure:4663: result: yes
configure:4663: checking for inttypes.h
configure:4663: g++ -c -g -O2 -I/usr/share/qt4/include -I/usr/local/include -I/usr/include -I/usr/include/qt4  conftest.cpp >&5
configure:4663: $? = 0
configure:4663: result: yes
configure:4663: checking for stdint.h
configure:4663: g++ -c -g -O2 -I/usr/share/qt4/include -I/usr/local/include -I/usr/include -I/usr/include/qt4  conftest.cpp >&5
configure:4663: $? = 0
configure:4663: result: yes
configure:4663: checking for unistd.h
configure:4663: g++ -c -g -O2 -I/usr/share/qt4/include -I/usr/local/include -I/usr/include -I/usr/include/qt4  conftest.cpp >&5
configure:4663: $? = 0
configure:4663: result: yes
configure:4678: checking fcntl.h usability
configure:4678: g++ -c -g -O2 -I/usr/share/qt4/include -I/usr/local/include -I/usr/include -I/usr/include/qt4  conftest.cpp >&5
configure:4678: $? = 0
configure:4678: result: yes
configure:4678: checking fcntl.h presence
configure:4678: g++ -E -I/usr/share/qt4/include -I/usr/local/include -I/usr/include -I/usr/include/qt4  conftest.cpp
configure:4678: $? = 0
configure:4678: result: yes
configure:4678: checking for fcntl.h
configure:4678: result: yes
configure:4678: checking sys/ioctl.h usability
configure:4678: g++ -c -g -O2 -I/usr/share/qt4/include -I/usr/local/include -I/usr/include -I/usr/include/qt4  conftest.cpp >&5
configure:4678: $? = 0
configure:4678: result: yes
configure:4678: checking sys/ioctl.h presence
configure:4678: g++ -E -I/usr/share/qt4/include -I/usr/local/include -I/usr/include -I/usr/include/qt4  conftest.cpp
configure:4678: $? = 0
configure:4678: result: yes
configure:4678: checking for sys/ioctl.h
configure:4678: result: yes
configure:4678: checking for unistd.h
configure:4678: result: yes
configure:4678: checking poll.h usability
configure:4678: g++ -c -g -O2 -I/usr/share/qt4/include -I/usr/local/include -I/usr/include -I/usr/include/qt4  conftest.cpp >&5
configure:4678: $? = 0
configure:4678: result: yes
configure:4678: checking poll.h presence
configure:4678: g++ -E -I/usr/share/qt4/include -I/usr/local/include -I/usr/include -I/usr/include/qt4  conftest.cpp
configure:4678: $? = 0
configure:4678: result: yes
configure:4678: checking for poll.h
configure:4678: result: yes
configure:4678: checking signal.h usability
configure:4678: g++ -c -g -O2 -I/usr/share/qt4/include -I/usr/local/include -I/usr/include -I/usr/include/qt4  conftest.cpp >&5
configure:4678: $? = 0
configure:4678: result: yes
configure:4678: checking signal.h presence
configure:4678: g++ -E -I/usr/share/qt4/include -I/usr/local/include -I/usr/include -I/usr/include/qt4  conftest.cpp
configure:4678: $? = 0
configure:4678: result: yes
configure:4678: checking for signal.h
configure:4678: result: yes
configure:4690: checking jack/jack.h usability
configure:4690: g++ -c -g -O2 -I/usr/share/qt4/include -I/usr/local/include -I/usr/include -I/usr/include/qt4  conftest.cpp >&5
configure:4690: $? = 0
configure:4690: result: yes
configure:4690: checking jack/jack.h presence
configure:4690: g++ -E -I/usr/share/qt4/include -I/usr/local/include -I/usr/include -I/usr/include/qt4  conftest.cpp
configure:4690: $? = 0
configure:4690: result: yes
configure:4690: checking for jack/jack.h
configure:4690: result: yes
configure:4703: checking jack/statistics.h usability
configure:4703: g++ -c -g -O2 -I/usr/share/qt4/include -I/usr/local/include -I/usr/include -I/usr/include/qt4  conftest.cpp >&5
configure:4703: $? = 0
configure:4703: result: yes
configure:4703: checking jack/statistics.h presence
configure:4703: g++ -E -I/usr/share/qt4/include -I/usr/local/include -I/usr/include -I/usr/include/qt4  conftest.cpp
configure:4703: $? = 0
configure:4703: result: yes
configure:4703: checking for jack/statistics.h
configure:4703: result: yes
configure:4718: checking CoreAudio/CoreAudio.h usability
configure:4718: g++ -c -g -O2 -I/usr/share/qt4/include -I/usr/local/include -I/usr/include -I/usr/include/qt4  conftest.cpp >&5
conftest.cpp:65: fatal error: CoreAudio/CoreAudio.h: No such file or directory
compilation terminated.
configure:4718: $? = 1
configure: failed program was:
| /* confdefs.h */
| #define PACKAGE_NAME "QjackCtl"
| #define PACKAGE_TARNAME "qjackctl"
| #define PACKAGE_VERSION "0.3.10"
| #define PACKAGE_STRING "QjackCtl 0.3.10"
| #define PACKAGE_BUGREPORT "rncbc@rncbc.org"
| #define PACKAGE_URL ""
| #define CONFIG_PREFIX "/usr"
| #define CONFIG_DBUS 1
| #define HAVE_LIBM 1
| #define HAVE_LIBX11 1
| #define HAVE_LIBXEXT 1
| #define CONFIG_ROUND 1
| #define STDC_HEADERS 1
| #define HAVE_SYS_WAIT_H 1
| #define HAVE_SYS_TYPES_H 1
| #define HAVE_SYS_STAT_H 1
| #define HAVE_STDLIB_H 1
| #define HAVE_STRING_H 1
| #define HAVE_MEMORY_H 1
| #define HAVE_STRINGS_H 1
| #define HAVE_INTTYPES_H 1
| #define HAVE_STDINT_H 1
| #define HAVE_UNISTD_H 1
| #define HAVE_FCNTL_H 1
| #define HAVE_SYS_IOCTL_H 1
| #define HAVE_UNISTD_H 1
| #define HAVE_POLL_H 1
| #define HAVE_SIGNAL_H 1
| #define CONFIG_JACK_STATISTICS 1
| /* end confdefs.h.  */
| #include <stdio.h>
| #ifdef HAVE_SYS_TYPES_H
| # include <sys/types.h>
| #endif
| #ifdef HAVE_SYS_STAT_H
| # include <sys/stat.h>
| #endif
| #ifdef STDC_HEADERS
| # include <stdlib.h>
| # include <stddef.h>
| #else
| # ifdef HAVE_STDLIB_H
| #  include <stdlib.h>
| # endif
| #endif
| #ifdef HAVE_STRING_H
| # if !defined STDC_HEADERS && defined HAVE_MEMORY_H
| #  include <memory.h>
| # endif
| # include <string.h>
| #endif
| #ifdef HAVE_STRINGS_H
| # include <strings.h>
| #endif
| #ifdef HAVE_INTTYPES_H
| # include <inttypes.h>
| #endif
| #ifdef HAVE_STDINT_H
| # include <stdint.h>
| #endif
| #ifdef HAVE_UNISTD_H
| # include <unistd.h>
| #endif
| #include <CoreAudio/CoreAudio.h>
configure:4718: result: no
configure:4718: checking CoreAudio/CoreAudio.h presence
configure:4718: g++ -E -I/usr/share/qt4/include -I/usr/local/include -I/usr/include -I/usr/include/qt4  conftest.cpp
conftest.cpp:32: fatal error: CoreAudio/CoreAudio.h: No such file or directory
compilation terminated.
configure:4718: $? = 1
configure: failed program was:
| /* confdefs.h */
| #define PACKAGE_NAME "QjackCtl"
| #define PACKAGE_TARNAME "qjackctl"
| #define PACKAGE_VERSION "0.3.10"
| #define PACKAGE_STRING "QjackCtl 0.3.10"
| #define PACKAGE_BUGREPORT "rncbc@rncbc.org"
| #define PACKAGE_URL ""
| #define CONFIG_PREFIX "/usr"
| #define CONFIG_DBUS 1
| #define HAVE_LIBM 1
| #define HAVE_LIBX11 1
| #define HAVE_LIBXEXT 1
| #define CONFIG_ROUND 1
| #define STDC_HEADERS 1
| #define HAVE_SYS_WAIT_H 1
| #define HAVE_SYS_TYPES_H 1
| #define HAVE_SYS_STAT_H 1
| #define HAVE_STDLIB_H 1
| #define HAVE_STRING_H 1
| #define HAVE_MEMORY_H 1
| #define HAVE_STRINGS_H 1
| #define HAVE_INTTYPES_H 1
| #define HAVE_STDINT_H 1
| #define HAVE_UNISTD_H 1
| #define HAVE_FCNTL_H 1
| #define HAVE_SYS_IOCTL_H 1
| #define HAVE_UNISTD_H 1
| #define HAVE_POLL_H 1
| #define HAVE_SIGNAL_H 1
| #define CONFIG_JACK_STATISTICS 1
| /* end confdefs.h.  */
| #include <CoreAudio/CoreAudio.h>
configure:4718: result: no
configure:4718: checking for CoreAudio/CoreAudio.h
configure:4718: result: no
configure:4736: checking jack/midiport.h usability
configure:4736: g++ -c -g -O2 -I/usr/share/qt4/include -I/usr/local/include -I/usr/include -I/usr/include/qt4  conftest.cpp >&5
configure:4736: $? = 0
configure:4736: result: yes
configure:4736: checking jack/midiport.h presence
configure:4736: g++ -E -I/usr/share/qt4/include -I/usr/local/include -I/usr/include -I/usr/include/qt4  conftest.cpp
configure:4736: $? = 0
configure:4736: result: yes
configure:4736: checking for jack/midiport.h
configure:4736: result: yes
configure:4760: checking jack/session.h usability
configure:4760: g++ -c -g -O2 -I/usr/share/qt4/include -I/usr/local/include -I/usr/include -I/usr/include/qt4  conftest.cpp >&5
configure:4760: $? = 0
configure:4760: result: yes
configure:4760: checking jack/session.h presence
configure:4760: g++ -E -I/usr/share/qt4/include -I/usr/local/include -I/usr/include -I/usr/include/qt4  conftest.cpp
configure:4760: $? = 0
configure:4760: result: yes
configure:4760: checking for jack/session.h
configure:4760: result: yes
configure:4785: checking alsa/asoundlib.h usability
configure:4785: g++ -c -g -O2 -I/usr/share/qt4/include -I/usr/local/include -I/usr/include -I/usr/include/qt4  conftest.cpp >&5
configure:4785: $? = 0
configure:4785: result: yes
configure:4785: checking alsa/asoundlib.h presence
configure:4785: g++ -E -I/usr/share/qt4/include -I/usr/local/include -I/usr/include -I/usr/include/qt4  conftest.cpp
configure:4785: $? = 0
configure:4785: result: yes
configure:4785: checking for alsa/asoundlib.h
configure:4785: result: yes
configure:4845: checking for system
configure:4845: g++ -o conftest -g -O2 -I/usr/share/qt4/include -I/usr/local/include -I/usr/include -I/usr/include/qt4   conftest.cpp -lXext -lX11 -lm -L/usr/local/lib -L/usr/lib -L/usr/lib64  >&5
configure:4845: $? = 0
configure:4845: result: yes
configure:4863: checking for jack_transport_query in -ljack
configure:4888: g++ -o conftest -g -O2 -I/usr/share/qt4/include -I/usr/local/include -I/usr/include -I/usr/include/qt4   conftest.cpp -ljack  -lXext -lX11 -lm -L/usr/local/lib -L/usr/lib -L/usr/lib64  >&5
configure:4888: $? = 0
configure:4897: result: yes
configure:4919: checking for jack_is_realtime in -ljack
configure:4944: g++ -o conftest -g -O2 -I/usr/share/qt4/include -I/usr/local/include -I/usr/include -I/usr/include/qt4   conftest.cpp -ljack  -lXext -lX11 -lm -L/usr/local/lib -L/usr/lib -L/usr/lib64  >&5
configure:4944: $? = 0
configure:4953: result: yes
configure:4968: checking for jack_get_xrun_delayed_usecs in -ljack
configure:4993: g++ -o conftest -g -O2 -I/usr/share/qt4/include -I/usr/local/include -I/usr/include -I/usr/include/qt4   conftest.cpp -ljack  -lXext -lX11 -lm -L/usr/local/lib -L/usr/lib -L/usr/lib64  >&5
configure:4993: $? = 0
configure:5002: result: yes
configure:5017: checking for jack_get_max_delayed_usecs in -ljack
configure:5042: g++ -o conftest -g -O2 -I/usr/share/qt4/include -I/usr/local/include -I/usr/include -I/usr/include/qt4   conftest.cpp -ljack  -lXext -lX11 -lm -L/usr/local/lib -L/usr/lib -L/usr/lib64  >&5
configure:5042: $? = 0
configure:5051: result: yes
configure:5066: checking for jack_port_get_aliases in -ljack
configure:5091: g++ -o conftest -g -O2 -I/usr/share/qt4/include -I/usr/local/include -I/usr/include -I/usr/include/qt4   conftest.cpp -ljack  -lXext -lX11 -lm -L/usr/local/lib -L/usr/lib -L/usr/lib64  >&5
configure:5091: $? = 0
configure:5100: result: yes
configure:5166: checking for jack_free in -ljack
configure:5191: g++ -o conftest -g -O2 -I/usr/share/qt4/include -I/usr/local/include -I/usr/include -I/usr/include/qt4   conftest.cpp -ljack  -lXext -lX11 -lm -L/usr/local/lib -L/usr/lib -L/usr/lib64  >&5
configure:5191: $? = 0
configure:5200: result: yes
configure:5329: creating ./config.status

## ---------------------- ##
## Running config.status. ##
## ---------------------- ##

This file was extended by QjackCtl config.status 0.3.10, which was
generated by GNU Autoconf 2.69.  Invocation command line was

  CONFIG_FILES    = 
  CONFIG_HEADERS  = 
  CONFIG_LINKS    = 
  CONFIG_COMMANDS = 
  $ ./config.status 

on elegy

config.status:838: creating Makefile
config.status:838: creating qjackctl.spec
config.status:838: creating src/src.pri
config.status:838: creating src/qjackctl.desktop
config.status:838: creating src/config.h

## ---------------- ##
## Cache variables. ##
## ---------------- ##

ac_cv_c_compiler_gnu=yes
ac_cv_cxx_compiler_gnu=yes
ac_cv_env_CCC_set=
ac_cv_env_CCC_value=
ac_cv_env_CC_set=
ac_cv_env_CC_value=
ac_cv_env_CFLAGS_set=
ac_cv_env_CFLAGS_value=
ac_cv_env_CPPFLAGS_set=
ac_cv_env_CPPFLAGS_value=
ac_cv_env_CPP_set=
ac_cv_env_CPP_value=
ac_cv_env_CXXCPP_set=
ac_cv_env_CXXCPP_value=
ac_cv_env_CXXFLAGS_set=
ac_cv_env_CXXFLAGS_value=
ac_cv_env_CXX_set=
ac_cv_env_CXX_value=
ac_cv_env_LDFLAGS_set=
ac_cv_env_LDFLAGS_value=
ac_cv_env_LIBS_set=
ac_cv_env_LIBS_value=
ac_cv_env_build_alias_set=
ac_cv_env_build_alias_value=
ac_cv_env_host_alias_set=
ac_cv_env_host_alias_value=
ac_cv_env_target_alias_set=
ac_cv_env_target_alias_value=
ac_cv_func_system=yes
ac_cv_header_CoreAudio_CoreAudio_h=no
ac_cv_header_alsa_asoundlib_h=yes
ac_cv_header_fcntl_h=yes
ac_cv_header_inttypes_h=yes
ac_cv_header_jack_jack_h=yes
ac_cv_header_jack_midiport_h=yes
ac_cv_header_jack_session_h=yes
ac_cv_header_jack_statistics_h=yes
ac_cv_header_memory_h=yes
ac_cv_header_poll_h=yes
ac_cv_header_signal_h=yes
ac_cv_header_stdc=yes
ac_cv_header_stdint_h=yes
ac_cv_header_stdlib_h=yes
ac_cv_header_string_h=yes
ac_cv_header_strings_h=yes
ac_cv_header_sys_ioctl_h=yes
ac_cv_header_sys_stat_h=yes
ac_cv_header_sys_types_h=yes
ac_cv_header_sys_wait_h=yes
ac_cv_header_unistd_h=yes
ac_cv_lib_X11_main=yes
ac_cv_lib_Xext_main=yes
ac_cv_lib_asound_main=yes
ac_cv_lib_jack_jack_free=yes
ac_cv_lib_jack_jack_get_max_delayed_usecs=yes
ac_cv_lib_jack_jack_get_xrun_delayed_usecs=yes
ac_cv_lib_jack_jack_is_realtime=yes
ac_cv_lib_jack_jack_port_get_aliases=yes
ac_cv_lib_jack_jack_transport_query=yes
ac_cv_lib_jack_main=yes
ac_cv_lib_m_lroundf=yes
ac_cv_lib_m_main=yes
ac_cv_lib_portaudio_main=no
ac_cv_objext=o
ac_cv_path_EGREP='/bin/grep -E'
ac_cv_path_GREP=/bin/grep
ac_cv_path_ac_lrelease=/usr/share/qt4/bin/lrelease
ac_cv_path_ac_lupdate=/usr/share/qt4/bin/lupdate
ac_cv_path_ac_moc=/usr/share/qt4/bin/moc
ac_cv_path_ac_qmake=/usr/share/qt4/bin/qmake
ac_cv_path_ac_uic=/usr/share/qt4/bin/uic
ac_cv_prog_CPP='gcc -E'
ac_cv_prog_CXXCPP='g++ -E'
ac_cv_prog_ac_ct_CC=gcc
ac_cv_prog_ac_ct_CXX=g++
ac_cv_prog_cc_c89=
ac_cv_prog_cc_g=yes
ac_cv_prog_cxx_g=yes
ac_cv_prog_gcc_traditional=no
ac_cv_qtversion=yes

## ----------------- ##
## Output variables. ##
## ----------------- ##

CC='gcc'
CFLAGS='-I/usr/share/qt4/include -I/usr/local/include -I/usr/include -I/usr/include/qt4 -g -O2'
CPP='gcc -E'
CPPFLAGS='-I/usr/share/qt4/include -I/usr/local/include -I/usr/include -I/usr/include/qt4 '
CXX='g++'
CXXCPP='g++ -E'
CXXFLAGS='-g -O2'
DEFS='-DHAVE_CONFIG_H'
ECHO_C=''
ECHO_N='-n'
ECHO_T=''
EGREP='/bin/grep -E'
EXEEXT=''
GREP='/bin/grep'
LDFLAGS=''
LIBOBJS=''
LIBS='-lXext -lX11 -lm -L/usr/local/lib -L/usr/lib -L/usr/lib64 '
LTLIBOBJS=''
OBJEXT='o'
PACKAGE_BUGREPORT='rncbc@rncbc.org'
PACKAGE_NAME='QjackCtl'
PACKAGE_STRING='QjackCtl 0.3.10'
PACKAGE_TARNAME='qjackctl'
PACKAGE_URL=''
PACKAGE_VERSION='0.3.10'
PATH_SEPARATOR=':'
SHELL='/bin/bash'
ac_ct_CC='gcc'
ac_ct_CXX='g++'
ac_debug='release'
ac_incpath='/usr/share/qt4/include /usr/local/include /usr/include /usr/include/qt4 '
ac_libs='-L/usr/local/lib -L/usr/lib -L/usr/lib64  -ljack -lasound -lX11'
ac_lrelease='/usr/share/qt4/bin/lrelease'
ac_lupdate='/usr/share/qt4/bin/lupdate'
ac_moc='/usr/share/qt4/bin/moc'
ac_prefix='/usr'
ac_qdbus='qdbus'
ac_qmake='/usr/share/qt4/bin/qmake'
ac_uic='/usr/share/qt4/bin/uic'
bindir='${exec_prefix}/bin'
build_alias=''
datadir='${datarootdir}'
datarootdir='${prefix}/share'
docdir='${datarootdir}/doc/${PACKAGE_TARNAME}'
dvidir='${docdir}'
exec_prefix='${prefix}'
host_alias=''
htmldir='${docdir}'
includedir='${prefix}/include'
infodir='${datarootdir}/info'
libdir='${exec_prefix}/lib'
libexecdir='${exec_prefix}/libexec'
localedir='${datarootdir}/locale'
localstatedir='${prefix}/var'
mandir='${datarootdir}/man'
oldincludedir='/usr/include'
pdfdir='${docdir}'
prefix='/usr'
program_transform_name='s,x,x,'
psdir='${docdir}'
sbindir='${exec_prefix}/sbin'
sharedstatedir='${prefix}/com'
sysconfdir='${prefix}/etc'
target_alias=''

## ----------- ##
## confdefs.h. ##
## ----------- ##

/* confdefs.h */
#define PACKAGE_NAME "QjackCtl"
#define PACKAGE_TARNAME "qjackctl"
#define PACKAGE_VERSION "0.3.10"
#define PACKAGE_STRING "QjackCtl 0.3.10"
#define PACKAGE_BUGREPORT "rncbc@rncbc.org"
#define PACKAGE_URL ""
#define CONFIG_PREFIX "/usr"
#define CONFIG_DBUS 1
#define HAVE_LIBM 1
#define HAVE_LIBX11 1
#define HAVE_LIBXEXT 1
#define CONFIG_ROUND 1
#define STDC_HEADERS 1
#define HAVE_SYS_WAIT_H 1
#define HAVE_SYS_TYPES_H 1
#define HAVE_SYS_STAT_H 1
#define HAVE_STDLIB_H 1
#define HAVE_STRING_H 1
#define HAVE_MEMORY_H 1
#define HAVE_STRINGS_H 1
#define HAVE_INTTYPES_H 1
#define HAVE_STDINT_H 1
#define HAVE_UNISTD_H 1
#define HAVE_FCNTL_H 1
#define HAVE_SYS_IOCTL_H 1
#define HAVE_UNISTD_H 1
#define HAVE_POLL_H 1
#define HAVE_SIGNAL_H 1
#define CONFIG_JACK_STATISTICS 1
#define CONFIG_JACK_MIDI 1
#define CONFIG_JACK_SESSION 1
#define CONFIG_ALSA_SEQ 1
#define HAVE_SYSTEM 1
#define CONFIG_SYSTEM_TRAY 1
#define CONFIG_JACK_TRANSPORT 1
#define CONFIG_JACK_REALTIME 1
#define CONFIG_JACK_XRUN_DELAY 1
#define CONFIG_JACK_MAX_DELAY 1
#define CONFIG_JACK_PORT_ALIASES 1
#define CONFIG_JACK_FREE 1

configure: exit 0
