This file contains any messages produced by compilers while
running configure, to aid debugging if configure makes a mistake.

It was created by stow configure 2.2.0, which was
generated by GNU Autoconf 2.68.  Invocation command line was

  $ ./configure --prefix=/usr

## --------- ##
## Platform. ##
## --------- ##

hostname = elegy
uname -m = i686
uname -r = 2.6.32-46-generic-pae
uname -s = Linux
uname -v = #108-Ubuntu SMP Thu Apr 11 16:11:56 UTC 2013

/usr/bin/uname -p = unknown
/bin/uname -X     = unknown

/bin/arch              = unknown
/usr/bin/arch -k       = unknown
/usr/convex/getsysinfo = unknown
/usr/bin/hostinfo      = unknown
/bin/machine           = unknown
/usr/bin/oslevel       = unknown
/bin/universe          = unknown

PATH: /usr/local/sbin
PATH: /usr/local/bin
PATH: /usr/sbin
PATH: /usr/bin
PATH: /sbin
PATH: /bin
PATH: /usr/games
PATH: /home/kyan/.rvm/bin


## ----------- ##
## Core tests. ##
## ----------- ##

configure:1734: checking for a BSD-compatible install
configure:1802: result: /usr/bin/install -c
configure:1813: checking whether build environment is sane
configure:1863: result: yes
configure:2004: checking for a thread-safe mkdir -p
configure:2043: result: /bin/mkdir -p
configure:2056: checking for gawk
configure:2072: found /usr/bin/gawk
configure:2083: result: gawk
configure:2094: checking whether make sets $(MAKE)
configure:2116: result: yes
configure:2202: checking for perl
configure:2220: found /usr/bin/perl
configure:2232: result: /usr/bin/perl
configure:2251: checking Test::More
configure:2255: result: yes
configure:2251: checking Test::Output
configure:2255: result: yes
configure:2447: creating ./config.status

## ---------------------- ##
## Running config.status. ##
## ---------------------- ##

This file was extended by stow config.status 2.2.0, which was
generated by GNU Autoconf 2.68.  Invocation command line was

  CONFIG_FILES    = 
  CONFIG_HEADERS  = 
  CONFIG_LINKS    = 
  CONFIG_COMMANDS = 
  $ ./config.status 

on elegy

config.status:752: creating Makefile

## ---------------- ##
## Cache variables. ##
## ---------------- ##

ac_cv_env_build_alias_set=
ac_cv_env_build_alias_value=
ac_cv_env_host_alias_set=
ac_cv_env_host_alias_value=
ac_cv_env_target_alias_set=
ac_cv_env_target_alias_value=
ac_cv_path_PERL=/usr/bin/perl
ac_cv_path_install='/usr/bin/install -c'
ac_cv_path_mkdir=/bin/mkdir
ac_cv_prog_AWK=gawk
ac_cv_prog_make_make_set=yes

## ----------------- ##
## Output variables. ##
## ----------------- ##

ACLOCAL='${SHELL} /media/MyBook/stow-2.2.0/automake/missing --run aclocal-1.11'
AMTAR='${SHELL} /media/MyBook/stow-2.2.0/automake/missing --run tar'
AUTOCONF='${SHELL} /media/MyBook/stow-2.2.0/automake/missing --run autoconf'
AUTOHEADER='${SHELL} /media/MyBook/stow-2.2.0/automake/missing --run autoheader'
AUTOMAKE='${SHELL} /media/MyBook/stow-2.2.0/automake/missing --run automake-1.11'
AWK='gawk'
CYGPATH_W='echo'
DEFS='-DPACKAGE_NAME=\"stow\" -DPACKAGE_TARNAME=\"stow\" -DPACKAGE_VERSION=\"2.2.0\" -DPACKAGE_STRING=\"stow\ 2.2.0\" -DPACKAGE_BUGREPORT=\"bug-stow@gnu.org\" -DPACKAGE_URL=\"\" -DPACKAGE=\"stow\" -DVERSION=\"2.2.0\"'
ECHO_C=''
ECHO_N='-n'
ECHO_T=''
INSTALL_DATA='${INSTALL} -m 644'
INSTALL_PROGRAM='${INSTALL}'
INSTALL_SCRIPT='${INSTALL}'
INSTALL_STRIP_PROGRAM='$(install_sh) -c -s'
LIBOBJS=''
LIBS=''
LTLIBOBJS=''
MAKEINFO='${SHELL} /media/MyBook/stow-2.2.0/automake/missing --run makeinfo'
MKDIR_P='/bin/mkdir -p'
PACKAGE='stow'
PACKAGE_BUGREPORT='bug-stow@gnu.org'
PACKAGE_NAME='stow'
PACKAGE_STRING='stow 2.2.0'
PACKAGE_TARNAME='stow'
PACKAGE_URL=''
PACKAGE_VERSION='2.2.0'
PATH_SEPARATOR=':'
PERL='/usr/bin/perl'
PMDIR='${prefix}/share/perl/5.10.1'
SET_MAKE=''
SHELL='/bin/bash'
STRIP=''
VERSION='2.2.0'
am__isrc=''
am__leading_dot='.'
am__tar='${AMTAR} chof - "$$tardir"'
am__untar='${AMTAR} xf -'
bindir='${exec_prefix}/bin'
build_alias=''
datadir='${datarootdir}'
datarootdir='${prefix}/share'
docdir='${datarootdir}/doc/${PACKAGE_TARNAME}'
dvidir='${docdir}'
exec_prefix='${prefix}'
host_alias=''
htmldir='${docdir}'
includedir='${prefix}/include'
infodir='${datarootdir}/info'
install_sh='${SHELL} /media/MyBook/stow-2.2.0/automake/install-sh'
libdir='${exec_prefix}/lib'
libexecdir='${exec_prefix}/libexec'
localedir='${datarootdir}/locale'
localstatedir='${prefix}/var'
mandir='${datarootdir}/man'
mkdir_p='/bin/mkdir -p'
oldincludedir='/usr/include'
pdfdir='${docdir}'
prefix='/usr'
program_transform_name='s,x,x,'
psdir='${docdir}'
sbindir='${exec_prefix}/sbin'
sharedstatedir='${prefix}/com'
sysconfdir='${prefix}/etc'
target_alias=''

## ----------- ##
## confdefs.h. ##
## ----------- ##

/* confdefs.h */
#define PACKAGE_NAME "stow"
#define PACKAGE_TARNAME "stow"
#define PACKAGE_VERSION "2.2.0"
#define PACKAGE_STRING "stow 2.2.0"
#define PACKAGE_BUGREPORT "bug-stow@gnu.org"
#define PACKAGE_URL ""
#define PACKAGE "stow"
#define VERSION "2.2.0"

configure: exit 0
