This file contains any messages produced by compilers while
running configure, to aid debugging if configure makes a mistake.

It was created by gnome-settings-daemon configure 2.30.2, which was
generated by GNU Autoconf 2.65.  Invocation command line was

  $ ./configure --prefix=/usr

## --------- ##
## Platform. ##
## --------- ##

hostname = elegy
uname -m = i686
uname -r = 2.6.32-46-generic-pae
uname -s = Linux
uname -v = #108-Ubuntu SMP Thu Apr 11 16:11:56 UTC 2013

/usr/bin/uname -p = unknown
/bin/uname -X     = unknown

/bin/arch              = unknown
/usr/bin/arch -k       = unknown
/usr/convex/getsysinfo = unknown
/usr/bin/hostinfo      = unknown
/bin/machine           = unknown
/usr/bin/oslevel       = unknown
/bin/universe          = unknown

PATH: /usr/local/sbin
PATH: /usr/local/bin
PATH: /usr/sbin
PATH: /usr/bin
PATH: /sbin
PATH: /bin
PATH: /usr/games
PATH: /home/kyan/.rvm/bin


## ----------- ##
## Core tests. ##
## ----------- ##

configure:2711: checking for a BSD-compatible install
configure:2779: result: /usr/bin/install -c
configure:2790: checking whether build environment is sane
configure:2840: result: yes
configure:2981: checking for a thread-safe mkdir -p
configure:3020: result: /bin/mkdir -p
configure:3033: checking for gawk
configure:3049: found /usr/bin/gawk
configure:3060: result: gawk
configure:3071: checking whether make sets $(MAKE)
configure:3093: result: yes
configure:3168: checking how to create a ustar tar archive
configure:3181: tar --version
tar (GNU tar) 1.23
Copyright (C) 2010 Free Software Foundation, Inc.
License GPLv3+: GNU GPL version 3 or later <http://gnu.org/licenses/gpl.html>.
This is free software: you are free to change and redistribute it.
There is NO WARRANTY, to the extent permitted by law.

Written by John Gilmore and Jay Fenlason.
configure:3184: $? = 0
configure:3224: tardir=conftest.dir && eval tar --format=ustar -chf - "$tardir" >conftest.tar
configure:3227: $? = 0
configure:3231: tar -xf - <conftest.tar
configure:3234: $? = 0
configure:3247: result: gnutar
configure:3267: checking for style of include used by make
configure:3295: result: GNU
configure:3365: checking for gcc
configure:3381: found /usr/bin/gcc
configure:3392: result: gcc
configure:3621: checking for C compiler version
configure:3630: gcc --version >&5
gcc (Ubuntu/Linaro 4.4.4-14ubuntu5.1) 4.4.5
Copyright (C) 2010 Free Software Foundation, Inc.
This is free software; see the source for copying conditions.  There is NO
warranty; not even for MERCHANTABILITY or FITNESS FOR A PARTICULAR PURPOSE.

configure:3641: $? = 0
configure:3630: gcc -v >&5
Using built-in specs.
Target: i686-linux-gnu
Configured with: ../src/configure -v --with-pkgversion='Ubuntu/Linaro 4.4.4-14ubuntu5.1' --with-bugurl=file:///usr/share/doc/gcc-4.4/README.Bugs --enable-languages=c,c++,fortran,objc,obj-c++ --prefix=/usr --program-suffix=-4.4 --enable-shared --enable-multiarch --enable-linker-build-id --with-system-zlib --libexecdir=/usr/lib --without-included-gettext --enable-threads=posix --with-gxx-include-dir=/usr/include/c++/4.4 --libdir=/usr/lib --enable-nls --with-sysroot=/ --enable-clocale=gnu --enable-libstdcxx-debug --enable-objc-gc --enable-targets=all --disable-werror --with-arch-32=i686 --with-tune=generic --enable-checking=release --build=i686-linux-gnu --host=i686-linux-gnu --target=i686-linux-gnu
Thread model: posix
gcc version 4.4.5 (Ubuntu/Linaro 4.4.4-14ubuntu5.1) 
configure:3641: $? = 0
configure:3630: gcc -V >&5
gcc: '-V' option must have argument
configure:3641: $? = 1
configure:3630: gcc -qversion >&5
gcc: unrecognized option '-qversion'
gcc: no input files
configure:3641: $? = 1
configure:3661: checking whether the C compiler works
configure:3683: gcc    conftest.c  >&5
configure:3687: $? = 0
configure:3736: result: yes
configure:3739: checking for C compiler default output file name
configure:3741: result: a.out
configure:3747: checking for suffix of executables
configure:3754: gcc -o conftest    conftest.c  >&5
configure:3758: $? = 0
configure:3780: result: 
configure:3802: checking whether we are cross compiling
configure:3810: gcc -o conftest    conftest.c  >&5
configure:3814: $? = 0
configure:3821: ./conftest
configure:3825: $? = 0
configure:3840: result: no
configure:3845: checking for suffix of object files
configure:3867: gcc -c   conftest.c >&5
configure:3871: $? = 0
configure:3892: result: o
configure:3896: checking whether we are using the GNU C compiler
configure:3915: gcc -c   conftest.c >&5
configure:3915: $? = 0
configure:3924: result: yes
configure:3933: checking whether gcc accepts -g
configure:3953: gcc -c -g  conftest.c >&5
configure:3953: $? = 0
configure:3994: result: yes
configure:4011: checking for gcc option to accept ISO C89
configure:4075: gcc  -c -g -O2  conftest.c >&5
configure:4075: $? = 0
configure:4088: result: none needed
configure:4110: checking dependency style of gcc
configure:4220: result: gcc3
configure:4241: checking how to run the C preprocessor
configure:4272: gcc -E  conftest.c
configure:4272: $? = 0
configure:4286: gcc -E  conftest.c
conftest.c:11: fatal error: ac_nonexistent.h: No such file or directory
compilation terminated.
configure:4286: $? = 1
configure: failed program was:
| /* confdefs.h */
| #define PACKAGE_NAME "gnome-settings-daemon"
| #define PACKAGE_TARNAME "gnome-settings-daemon"
| #define PACKAGE_VERSION "2.30.2"
| #define PACKAGE_STRING "gnome-settings-daemon 2.30.2"
| #define PACKAGE_BUGREPORT "http://bugzilla.gnome.org/enter_bug.cgi?product=gnome-settings-daemon"
| #define PACKAGE_URL ""
| #define PACKAGE "gnome-settings-daemon"
| #define VERSION "2.30.2"
| /* end confdefs.h.  */
| #include <ac_nonexistent.h>
configure:4311: result: gcc -E
configure:4331: gcc -E  conftest.c
configure:4331: $? = 0
configure:4345: gcc -E  conftest.c
conftest.c:11: fatal error: ac_nonexistent.h: No such file or directory
compilation terminated.
configure:4345: $? = 1
configure: failed program was:
| /* confdefs.h */
| #define PACKAGE_NAME "gnome-settings-daemon"
| #define PACKAGE_TARNAME "gnome-settings-daemon"
| #define PACKAGE_VERSION "2.30.2"
| #define PACKAGE_STRING "gnome-settings-daemon 2.30.2"
| #define PACKAGE_BUGREPORT "http://bugzilla.gnome.org/enter_bug.cgi?product=gnome-settings-daemon"
| #define PACKAGE_URL ""
| #define PACKAGE "gnome-settings-daemon"
| #define VERSION "2.30.2"
| /* end confdefs.h.  */
| #include <ac_nonexistent.h>
configure:4374: checking for grep that handles long lines and -e
configure:4432: result: /bin/grep
configure:4437: checking for egrep
configure:4499: result: /bin/grep -E
configure:4504: checking for ANSI C header files
configure:4524: gcc -c -g -O2  conftest.c >&5
configure:4524: $? = 0
configure:4597: gcc -o conftest -g -O2   conftest.c  >&5
configure:4597: $? = 0
configure:4597: ./conftest
configure:4597: $? = 0
configure:4608: result: yes
configure:4674: checking for g++
configure:4690: found /usr/bin/g++
configure:4701: result: g++
configure:4728: checking for C++ compiler version
configure:4737: g++ --version >&5
g++ (Ubuntu/Linaro 4.4.4-14ubuntu5.1) 4.4.5
Copyright (C) 2010 Free Software Foundation, Inc.
This is free software; see the source for copying conditions.  There is NO
warranty; not even for MERCHANTABILITY or FITNESS FOR A PARTICULAR PURPOSE.

configure:4748: $? = 0
configure:4737: g++ -v >&5
Using built-in specs.
Target: i686-linux-gnu
Configured with: ../src/configure -v --with-pkgversion='Ubuntu/Linaro 4.4.4-14ubuntu5.1' --with-bugurl=file:///usr/share/doc/gcc-4.4/README.Bugs --enable-languages=c,c++,fortran,objc,obj-c++ --prefix=/usr --program-suffix=-4.4 --enable-shared --enable-multiarch --enable-linker-build-id --with-system-zlib --libexecdir=/usr/lib --without-included-gettext --enable-threads=posix --with-gxx-include-dir=/usr/include/c++/4.4 --libdir=/usr/lib --enable-nls --with-sysroot=/ --enable-clocale=gnu --enable-libstdcxx-debug --enable-objc-gc --enable-targets=all --disable-werror --with-arch-32=i686 --with-tune=generic --enable-checking=release --build=i686-linux-gnu --host=i686-linux-gnu --target=i686-linux-gnu
Thread model: posix
gcc version 4.4.5 (Ubuntu/Linaro 4.4.4-14ubuntu5.1) 
configure:4748: $? = 0
configure:4737: g++ -V >&5
g++: '-V' option must have argument
configure:4748: $? = 1
configure:4737: g++ -qversion >&5
g++: unrecognized option '-qversion'
g++: no input files
configure:4748: $? = 1
configure:4752: checking whether we are using the GNU C++ compiler
configure:4771: g++ -c   conftest.cpp >&5
configure:4771: $? = 0
configure:4780: result: yes
configure:4789: checking whether g++ accepts -g
configure:4809: g++ -c -g  conftest.cpp >&5
configure:4809: $? = 0
configure:4850: result: yes
configure:4875: checking dependency style of g++
configure:4985: result: gcc3
configure:5001: checking whether gcc and cc understand -c and -o together
configure:5032: gcc -c conftest.c -o conftest2.o >&5
configure:5036: $? = 0
configure:5042: gcc -c conftest.c -o conftest2.o >&5
configure:5046: $? = 0
configure:5057: cc -c conftest.c >&5
configure:5061: $? = 0
configure:5069: cc -c conftest.c -o conftest2.o >&5
configure:5073: $? = 0
configure:5079: cc -c conftest.c -o conftest2.o >&5
configure:5083: $? = 0
configure:5101: result: yes
configure:5155: checking build system type
configure:5169: result: i686-pc-linux-gnu
configure:5189: checking host system type
configure:5202: result: i686-pc-linux-gnu
configure:5222: checking for a sed that does not truncate output
configure:5286: result: /bin/sed
configure:5304: checking for fgrep
configure:5366: result: /bin/grep -F
configure:5401: checking for ld used by gcc
configure:5468: result: /usr/bin/ld
configure:5475: checking if the linker (/usr/bin/ld) is GNU ld
configure:5490: result: yes
configure:5502: checking for BSD- or MS-compatible name lister (nm)
configure:5551: result: /usr/bin/nm -B
configure:5669: checking the name lister (/usr/bin/nm -B) interface
configure:5676: gcc -c -g -O2  conftest.c >&5
configure:5679: /usr/bin/nm -B "conftest.o"
configure:5682: output
00000000 B some_variable
configure:5689: result: BSD nm
configure:5692: checking whether ln -s works
configure:5696: result: yes
configure:5704: checking the maximum length of command line arguments
configure:5824: result: 1572864
configure:5841: checking whether the shell understands some XSI constructs
configure:5851: result: yes
configure:5855: checking whether the shell understands "+="
configure:5861: result: yes
configure:5896: checking for /usr/bin/ld option to reload object files
configure:5903: result: -r
configure:5972: checking for objdump
configure:5988: found /usr/bin/objdump
configure:5999: result: objdump
configure:6031: checking how to recognize dependent libraries
configure:6227: result: pass_all
configure:6287: checking for ar
configure:6303: found /usr/bin/ar
configure:6314: result: ar
configure:6392: checking for strip
configure:6408: found /usr/bin/strip
configure:6419: result: strip
configure:6491: checking for ranlib
configure:6507: found /usr/bin/ranlib
configure:6518: result: ranlib
configure:6608: checking command to parse /usr/bin/nm -B output from gcc object
configure:6726: gcc -c -g -O2  conftest.c >&5
configure:6729: $? = 0
configure:6733: /usr/bin/nm -B conftest.o \| sed -n -e 's/^.*[	 ]\([ABCDGIRSTW][ABCDGIRSTW]*\)[	 ][	 ]*\([_A-Za-z][_A-Za-z0-9]*\)$/\1 \2 \2/p' \> conftest.nm
configure:6736: $? = 0
configure:6790: gcc -o conftest -g -O2   conftest.c conftstm.o >&5
configure:6793: $? = 0
configure:6831: result: ok
configure:7639: checking for sys/types.h
configure:7639: gcc -c -g -O2  conftest.c >&5
configure:7639: $? = 0
configure:7639: result: yes
configure:7639: checking for sys/stat.h
configure:7639: gcc -c -g -O2  conftest.c >&5
configure:7639: $? = 0
configure:7639: result: yes
configure:7639: checking for stdlib.h
configure:7639: gcc -c -g -O2  conftest.c >&5
configure:7639: $? = 0
configure:7639: result: yes
configure:7639: checking for string.h
configure:7639: gcc -c -g -O2  conftest.c >&5
configure:7639: $? = 0
configure:7639: result: yes
configure:7639: checking for memory.h
configure:7639: gcc -c -g -O2  conftest.c >&5
configure:7639: $? = 0
configure:7639: result: yes
configure:7639: checking for strings.h
configure:7639: gcc -c -g -O2  conftest.c >&5
configure:7639: $? = 0
configure:7639: result: yes
configure:7639: checking for inttypes.h
configure:7639: gcc -c -g -O2  conftest.c >&5
configure:7639: $? = 0
configure:7639: result: yes
configure:7639: checking for stdint.h
configure:7639: gcc -c -g -O2  conftest.c >&5
configure:7639: $? = 0
configure:7639: result: yes
configure:7639: checking for unistd.h
configure:7639: gcc -c -g -O2  conftest.c >&5
configure:7639: $? = 0
configure:7639: result: yes
configure:7654: checking for dlfcn.h
configure:7654: gcc -c -g -O2  conftest.c >&5
configure:7654: $? = 0
configure:7654: result: yes
configure:7779: checking for C++ compiler version
configure:7788: g++ --version >&5
g++ (Ubuntu/Linaro 4.4.4-14ubuntu5.1) 4.4.5
Copyright (C) 2010 Free Software Foundation, Inc.
This is free software; see the source for copying conditions.  There is NO
warranty; not even for MERCHANTABILITY or FITNESS FOR A PARTICULAR PURPOSE.

configure:7799: $? = 0
configure:7788: g++ -v >&5
Using built-in specs.
Target: i686-linux-gnu
Configured with: ../src/configure -v --with-pkgversion='Ubuntu/Linaro 4.4.4-14ubuntu5.1' --with-bugurl=file:///usr/share/doc/gcc-4.4/README.Bugs --enable-languages=c,c++,fortran,objc,obj-c++ --prefix=/usr --program-suffix=-4.4 --enable-shared --enable-multiarch --enable-linker-build-id --with-system-zlib --libexecdir=/usr/lib --without-included-gettext --enable-threads=posix --with-gxx-include-dir=/usr/include/c++/4.4 --libdir=/usr/lib --enable-nls --with-sysroot=/ --enable-clocale=gnu --enable-libstdcxx-debug --enable-objc-gc --enable-targets=all --disable-werror --with-arch-32=i686 --with-tune=generic --enable-checking=release --build=i686-linux-gnu --host=i686-linux-gnu --target=i686-linux-gnu
Thread model: posix
gcc version 4.4.5 (Ubuntu/Linaro 4.4.4-14ubuntu5.1) 
configure:7799: $? = 0
configure:7788: g++ -V >&5
g++: '-V' option must have argument
configure:7799: $? = 1
configure:7788: g++ -qversion >&5
g++: unrecognized option '-qversion'
g++: no input files
configure:7799: $? = 1
configure:7803: checking whether we are using the GNU C++ compiler
configure:7831: result: yes
configure:7840: checking whether g++ accepts -g
configure:7901: result: yes
configure:7926: checking dependency style of g++
configure:8036: result: gcc3
configure:8059: checking how to run the C++ preprocessor
configure:8086: g++ -E  conftest.cpp
configure:8086: $? = 0
configure:8100: g++ -E  conftest.cpp
conftest.cpp:22: fatal error: ac_nonexistent.h: No such file or directory
compilation terminated.
configure:8100: $? = 1
configure: failed program was:
| /* confdefs.h */
| #define PACKAGE_NAME "gnome-settings-daemon"
| #define PACKAGE_TARNAME "gnome-settings-daemon"
| #define PACKAGE_VERSION "2.30.2"
| #define PACKAGE_STRING "gnome-settings-daemon 2.30.2"
| #define PACKAGE_BUGREPORT "http://bugzilla.gnome.org/enter_bug.cgi?product=gnome-settings-daemon"
| #define PACKAGE_URL ""
| #define PACKAGE "gnome-settings-daemon"
| #define VERSION "2.30.2"
| #define STDC_HEADERS 1
| #define HAVE_SYS_TYPES_H 1
| #define HAVE_SYS_STAT_H 1
| #define HAVE_STDLIB_H 1
| #define HAVE_STRING_H 1
| #define HAVE_MEMORY_H 1
| #define HAVE_STRINGS_H 1
| #define HAVE_INTTYPES_H 1
| #define HAVE_STDINT_H 1
| #define HAVE_UNISTD_H 1
| #define HAVE_DLFCN_H 1
| /* end confdefs.h.  */
| #include <ac_nonexistent.h>
configure:8125: result: g++ -E
configure:8145: g++ -E  conftest.cpp
configure:8145: $? = 0
configure:8159: g++ -E  conftest.cpp
conftest.cpp:22: fatal error: ac_nonexistent.h: No such file or directory
compilation terminated.
configure:8159: $? = 1
configure: failed program was:
| /* confdefs.h */
| #define PACKAGE_NAME "gnome-settings-daemon"
| #define PACKAGE_TARNAME "gnome-settings-daemon"
| #define PACKAGE_VERSION "2.30.2"
| #define PACKAGE_STRING "gnome-settings-daemon 2.30.2"
| #define PACKAGE_BUGREPORT "http://bugzilla.gnome.org/enter_bug.cgi?product=gnome-settings-daemon"
| #define PACKAGE_URL ""
| #define PACKAGE "gnome-settings-daemon"
| #define VERSION "2.30.2"
| #define STDC_HEADERS 1
| #define HAVE_SYS_TYPES_H 1
| #define HAVE_SYS_STAT_H 1
| #define HAVE_STDLIB_H 1
| #define HAVE_STRING_H 1
| #define HAVE_MEMORY_H 1
| #define HAVE_STRINGS_H 1
| #define HAVE_INTTYPES_H 1
| #define HAVE_STDINT_H 1
| #define HAVE_UNISTD_H 1
| #define HAVE_DLFCN_H 1
| /* end confdefs.h.  */
| #include <ac_nonexistent.h>
configure:8365: checking for objdir
configure:8380: result: .libs
configure:8672: checking if gcc supports -fno-rtti -fno-exceptions
configure:8690: gcc -c -g -O2  -fno-rtti -fno-exceptions conftest.c >&5
cc1: warning: command line option "-fno-rtti" is valid for C++/ObjC++ but not for C
configure:8694: $? = 0
configure:8707: result: no
configure:8727: checking for gcc option to produce PIC
configure:8999: result: -fPIC -DPIC
configure:9011: checking if gcc PIC flag -fPIC -DPIC works
configure:9029: gcc -c -g -O2  -fPIC -DPIC -DPIC conftest.c >&5
configure:9033: $? = 0
configure:9046: result: yes
configure:9070: checking if gcc static flag -static works
configure:9098: result: yes
configure:9113: checking if gcc supports -c -o file.o
configure:9134: gcc -c -g -O2  -o out/conftest2.o conftest.c >&5
configure:9138: $? = 0
configure:9160: result: yes
configure:9168: checking if gcc supports -c -o file.o
configure:9215: result: yes
configure:9248: checking whether the gcc linker (/usr/bin/ld) supports shared libraries
configure:10239: result: yes
configure:10276: checking whether -lc should be explicitly linked in
configure:10281: gcc -c -g -O2  conftest.c >&5
configure:10284: $? = 0
configure:10299: gcc -shared conftest.o  -v -Wl,-soname -Wl,conftest -o conftest 2\>\&1 \| /bin/grep  -lc  \>/dev/null 2\>\&1
configure:10302: $? = 0
configure:10314: result: no
configure:10478: checking dynamic linker characteristics
configure:10911: gcc -o conftest -g -O2   -Wl,-rpath -Wl,/foo conftest.c  >&5
configure:10911: $? = 0
configure:11141: result: GNU/Linux ld.so
configure:11243: checking how to hardcode library paths into programs
configure:11268: result: immediate
configure:11788: checking whether stripping libraries is possible
configure:11793: result: yes
configure:11828: checking if libtool supports shared libraries
configure:11830: result: yes
configure:11833: checking whether to build shared libraries
configure:11854: result: yes
configure:11857: checking whether to build static libraries
configure:11861: result: yes
configure:12011: checking for ld used by g++
configure:12078: result: /usr/bin/ld
configure:12085: checking if the linker (/usr/bin/ld) is GNU ld
configure:12100: result: yes
configure:12155: checking whether the g++ linker (/usr/bin/ld) supports shared libraries
configure:13068: result: yes
configure:13096: g++ -c -g -O2  conftest.cpp >&5
configure:13099: $? = 0
configure:13281: checking for g++ option to produce PIC
configure:13598: result: -fPIC -DPIC
configure:13607: checking if g++ PIC flag -fPIC -DPIC works
configure:13625: g++ -c -g -O2  -fPIC -DPIC -DPIC conftest.cpp >&5
configure:13629: $? = 0
configure:13642: result: yes
configure:13663: checking if g++ static flag -static works
configure:13691: result: yes
configure:13703: checking if g++ supports -c -o file.o
configure:13724: g++ -c -g -O2  -o out/conftest2.o conftest.cpp >&5
configure:13728: $? = 0
configure:13750: result: yes
configure:13755: checking if g++ supports -c -o file.o
configure:13802: result: yes
configure:13832: checking whether the g++ linker (/usr/bin/ld) supports shared libraries
configure:13861: result: yes
configure:13998: checking dynamic linker characteristics
configure:14379: g++ -o conftest -g -O2   -Wl,-rpath -Wl,/foo conftest.cpp  >&5
configure:14379: $? = 0
configure:14609: result: GNU/Linux ld.so
configure:14660: checking how to hardcode library paths into programs
configure:14685: result: immediate
configure:14744: checking for ANSI C header files
configure:14848: result: yes
configure:14863: checking whether NLS is requested
configure:14872: result: yes
configure:14887: checking for intltool >= 0.37.1
configure:14894: result: 0.41.1 found
configure:14902: checking for intltool-update
configure:14920: found /usr/bin/intltool-update
configure:14932: result: /usr/bin/intltool-update
configure:14942: checking for intltool-merge
configure:14960: found /usr/bin/intltool-merge
configure:14972: result: /usr/bin/intltool-merge
configure:14982: checking for intltool-extract
configure:15000: found /usr/bin/intltool-extract
configure:15012: result: /usr/bin/intltool-extract
configure:15143: checking for xgettext
configure:15161: found /usr/bin/xgettext
configure:15173: result: /usr/bin/xgettext
configure:15183: checking for msgmerge
configure:15201: found /usr/bin/msgmerge
configure:15213: result: /usr/bin/msgmerge
configure:15223: checking for msgfmt
configure:15241: found /usr/bin/msgfmt
configure:15253: result: /usr/bin/msgfmt
configure:15263: checking for gmsgfmt
configure:15294: result: /usr/bin/msgfmt
configure:15314: checking for perl
configure:15332: found /usr/bin/perl
configure:15344: result: /usr/bin/perl
configure:15355: checking for perl >= 5.8.1
configure:15362: result: 5.10.1
configure:15366: checking for XML::Parser
configure:15369: result: ok
configure:15394: gcc -o conftest -g -O2   conftest.c  >&5
configure:15394: $? = 0
configure:15432: checking locale.h usability
configure:15432: gcc -c -g -O2  conftest.c >&5
configure:15432: $? = 0
configure:15432: result: yes
configure:15432: checking locale.h presence
configure:15432: gcc -E  conftest.c
configure:15432: $? = 0
configure:15432: result: yes
configure:15432: checking for locale.h
configure:15432: result: yes
configure:15443: checking for LC_MESSAGES
configure:15459: gcc -o conftest -g -O2   conftest.c  >&5
configure:15459: $? = 0
configure:15467: result: yes
configure:15484: checking libintl.h usability
configure:15484: gcc -c -g -O2  conftest.c >&5
configure:15484: $? = 0
configure:15484: result: yes
configure:15484: checking libintl.h presence
configure:15484: gcc -E  conftest.c
configure:15484: $? = 0
configure:15484: result: yes
configure:15484: checking for libintl.h
configure:15484: result: yes
configure:15492: checking for ngettext in libc
configure:15510: gcc -o conftest -g -O2   conftest.c  >&5
configure:15510: $? = 0
configure:15519: result: yes
configure:15523: checking for dgettext in libc
configure:15541: gcc -o conftest -g -O2   conftest.c  >&5
configure:15541: $? = 0
configure:15550: result: yes
configure:15557: checking for bind_textdomain_codeset
configure:15557: gcc -o conftest -g -O2   conftest.c  >&5
configure:15557: $? = 0
configure:15557: result: yes
configure:15833: checking for msgfmt
configure:15860: result: /usr/bin/msgfmt
configure:15871: checking for dcgettext
configure:15871: gcc -o conftest -g -O2   conftest.c   >&5
conftest.c:52: warning: conflicting types for built-in function 'dcgettext'
configure:15871: $? = 0
configure:15871: result: yes
configure:15881: checking if msgfmt accepts -c
configure:15896: $MSGFMT -c -o /dev/null conftest.foo
configure:15899: $? = 0
configure:15901: result: yes
configure:15911: checking for gmsgfmt
configure:15942: result: /usr/bin/msgfmt
configure:15952: checking for xgettext
configure:15979: result: /usr/bin/xgettext
configure:15998: gcc -o conftest -g -O2   conftest.c   >&5
configure:15998: $? = 0
configure:16250: checking what warning flags to pass to the C compiler
configure:16252: result: -Wall -Wmissing-prototypes
configure:16263: checking what language compliance flags to pass to the C compiler
configure:16278: result: 
configure:16338: checking for pkg-config
configure:16356: found /usr/bin/pkg-config
configure:16368: result: /usr/bin/pkg-config
configure:16393: checking pkg-config is at least version 0.9.0
configure:16396: result: yes
configure:16406: checking for SETTINGS_DAEMON
configure:16419: $PKG_CONFIG --exists --print-errors "glib-2.0 >= $GLIB_REQUIRED_VERSION
        gtk+-2.0 >= $GTK_REQUIRED_VERSION
        gconf-2.0 >= $GCONF_REQUIRED_VERSION
        gmodule-2.0
        gthread-2.0
        dbus-glib-1 >= $DBUS_GLIB_REQUIRED_VERSION
"
configure:16428: $? = 0
configure:16453: $PKG_CONFIG --exists --print-errors "glib-2.0 >= $GLIB_REQUIRED_VERSION
        gtk+-2.0 >= $GTK_REQUIRED_VERSION
        gconf-2.0 >= $GCONF_REQUIRED_VERSION
        gmodule-2.0
        gthread-2.0
        dbus-glib-1 >= $DBUS_GLIB_REQUIRED_VERSION
"
configure:16462: $? = 0
configure:16543: result: yes
configure:16550: checking for SETTINGS_PLUGIN
configure:16562: $PKG_CONFIG --exists --print-errors "gtk+-2.0 >= $GTK_REQUIRED_VERSION
        gconf-2.0 >= $GCONF_REQUIRED_VERSION
        gnome-desktop-2.0 >= $GNOME_DESKTOP_REQUIRED_VERSION
        gio-2.0 >= $GIO_REQUIRED_VERSION
        dbus-glib-1 >= $DBUS_GLIB_REQUIRED_VERSION
"
configure:16570: $? = 0
configure:16593: $PKG_CONFIG --exists --print-errors "gtk+-2.0 >= $GTK_REQUIRED_VERSION
        gconf-2.0 >= $GCONF_REQUIRED_VERSION
        gnome-desktop-2.0 >= $GNOME_DESKTOP_REQUIRED_VERSION
        gio-2.0 >= $GIO_REQUIRED_VERSION
        dbus-glib-1 >= $DBUS_GLIB_REQUIRED_VERSION
"
configure:16601: $? = 0
configure:16678: result: yes
configure:16693: checking for glib-genmarshal
configure:16711: found /usr/local/bin/glib-genmarshal
configure:16723: result: /usr/local/bin/glib-genmarshal
configure:16734: checking for gconftool-2
configure:16752: found /usr/bin/gconftool-2
configure:16764: result: /usr/bin/gconftool-2
configure:16788: result: Using config source xml:merged:/etc/gconf/gconf.xml.defaults for schema installation
configure:16803: result: Using $(sysconfdir)/gconf/schemas as install directory for schema files
configure:16838: checking for LIBNOTIFY
configure:16845: $PKG_CONFIG --exists --print-errors "libnotify >= $LIBNOTIFY_REQUIRED_VERSION"
configure:16848: $? = 0
configure:16861: $PKG_CONFIG --exists --print-errors "libnotify >= $LIBNOTIFY_REQUIRED_VERSION"
configure:16864: $? = 0
configure:16901: result: yes
configure:16945: checking for X
configure:17084: gcc -o conftest -g -O2   conftest.c -lX11  >&5
configure:17084: $? = 0
configure:17134: result: libraries , headers 
configure:17233: gcc -o conftest -g -O2   conftest.c   -lX11 >&5
configure:17233: $? = 0
configure:17331: checking for gethostbyname
configure:17331: gcc -o conftest -g -O2   conftest.c  >&5
configure:17331: $? = 0
configure:17331: result: yes
configure:17428: checking for connect
configure:17428: gcc -o conftest -g -O2   conftest.c  >&5
configure:17428: $? = 0
configure:17428: result: yes
configure:17477: checking for remove
configure:17477: gcc -o conftest -g -O2   conftest.c  >&5
configure:17477: $? = 0
configure:17477: result: yes
configure:17526: checking for shmat
configure:17526: gcc -o conftest -g -O2   conftest.c  >&5
configure:17526: $? = 0
configure:17526: result: yes
configure:17584: checking for IceConnectionNumber in -lICE
configure:17609: gcc -o conftest -g -O2   conftest.c -lICE   >&5
configure:17609: $? = 0
configure:17618: result: yes
configure:17653: checking for XListInputDevices in -lXi
configure:17678: gcc -o conftest -g -O2  -I${prefix}/include   -L${exec_prefix}/lib   -lSM -lICE -lXext -lX11  conftest.c -lXi -lXi   >&5
configure:17678: $? = 0
configure:17687: result: yes
configure:17698: checking for X11/extensions/XInput.h
configure:17698: gcc -c -g -O2  -I${prefix}/include  -I${prefix}/include  conftest.c >&5
conftest.c:32: warning: extra tokens at end of #include directive
configure:17698: $? = 0
configure:17698: result: yes
configure:17704: checking for XDevicePresenceNotifyEvent
configure:17704: gcc -c -g -O2  -I${prefix}/include  -I${prefix}/include  conftest.c >&5
configure:17704: $? = 0
configure:17704: gcc -c -g -O2  -I${prefix}/include  -I${prefix}/include  conftest.c >&5
conftest.c: In function 'main':
conftest.c:38: error: expected expression before ')' token
configure:17704: $? = 1
configure: failed program was:
| /* confdefs.h */
| #define PACKAGE_NAME "gnome-settings-daemon"
| #define PACKAGE_TARNAME "gnome-settings-daemon"
| #define PACKAGE_VERSION "2.30.2"
| #define PACKAGE_STRING "gnome-settings-daemon 2.30.2"
| #define PACKAGE_BUGREPORT "http://bugzilla.gnome.org/enter_bug.cgi?product=gnome-settings-daemon"
| #define PACKAGE_URL ""
| #define PACKAGE "gnome-settings-daemon"
| #define VERSION "2.30.2"
| #define STDC_HEADERS 1
| #define HAVE_SYS_TYPES_H 1
| #define HAVE_SYS_STAT_H 1
| #define HAVE_STDLIB_H 1
| #define HAVE_STRING_H 1
| #define HAVE_MEMORY_H 1
| #define HAVE_STRINGS_H 1
| #define HAVE_INTTYPES_H 1
| #define HAVE_STDINT_H 1
| #define HAVE_UNISTD_H 1
| #define HAVE_DLFCN_H 1
| #define LT_OBJDIR ".libs/"
| #define STDC_HEADERS 1
| #define GETTEXT_PACKAGE "gnome-settings-daemon"
| #define HAVE_LOCALE_H 1
| #define HAVE_LC_MESSAGES 1
| #define HAVE_BIND_TEXTDOMAIN_CODESET 1
| #define HAVE_GETTEXT 1
| #define HAVE_DCGETTEXT 1
| #define ENABLE_NLS 1
| #define HAVE_LIBNOTIFY 1
| #define HAVE_X11_EXTENSIONS_XINPUT_H 1
| /* end confdefs.h.  */
| #include <X11/extensions/XInput.h>
| 
| int
| main ()
| {
| if (sizeof ((XDevicePresenceNotifyEvent)))
| 	    return 0;
|   ;
|   return 0;
| }
configure:17704: result: yes
configure:17743: checking for FONTCONFIG
configure:17750: $PKG_CONFIG --exists --print-errors "fontconfig"
configure:17753: $? = 0
configure:17766: $PKG_CONFIG --exists --print-errors "fontconfig"
configure:17769: $? = 0
configure:17806: result: yes
configure:17840: checking for XF86MiscQueryExtension in -lXxf86misc
configure:17865: gcc -o conftest -g -O2  -I${prefix}/include  -I${prefix}/include   -L${exec_prefix}/lib   -lSM -lICE -lXext -lX11  conftest.c -lXxf86misc -lXxf86misc   >&5
/usr/bin/ld: cannot find -lXxf86misc
/usr/bin/ld: cannot find -lXxf86misc
collect2: ld returned 1 exit status
configure:17865: $? = 1
configure: failed program was:
| /* confdefs.h */
| #define PACKAGE_NAME "gnome-settings-daemon"
| #define PACKAGE_TARNAME "gnome-settings-daemon"
| #define PACKAGE_VERSION "2.30.2"
| #define PACKAGE_STRING "gnome-settings-daemon 2.30.2"
| #define PACKAGE_BUGREPORT "http://bugzilla.gnome.org/enter_bug.cgi?product=gnome-settings-daemon"
| #define PACKAGE_URL ""
| #define PACKAGE "gnome-settings-daemon"
| #define VERSION "2.30.2"
| #define STDC_HEADERS 1
| #define HAVE_SYS_TYPES_H 1
| #define HAVE_SYS_STAT_H 1
| #define HAVE_STDLIB_H 1
| #define HAVE_STRING_H 1
| #define HAVE_MEMORY_H 1
| #define HAVE_STRINGS_H 1
| #define HAVE_INTTYPES_H 1
| #define HAVE_STDINT_H 1
| #define HAVE_UNISTD_H 1
| #define HAVE_DLFCN_H 1
| #define LT_OBJDIR ".libs/"
| #define STDC_HEADERS 1
| #define GETTEXT_PACKAGE "gnome-settings-daemon"
| #define HAVE_LOCALE_H 1
| #define HAVE_LC_MESSAGES 1
| #define HAVE_BIND_TEXTDOMAIN_CODESET 1
| #define HAVE_GETTEXT 1
| #define HAVE_DCGETTEXT 1
| #define ENABLE_NLS 1
| #define HAVE_LIBNOTIFY 1
| #define HAVE_X11_EXTENSIONS_XINPUT_H 1
| #define HAVE_XDEVICEPRESENCENOTIFYEVENT 1
| #define HAVE_FONTCONFIG 1
| /* end confdefs.h.  */
| 
| /* Override any GCC internal prototype to avoid an error.
|    Use char because int might match the return type of a GCC
|    builtin and then its argument prototype would still apply.  */
| #ifdef __cplusplus
| extern "C"
| #endif
| char XF86MiscQueryExtension ();
| int
| main ()
| {
| return XF86MiscQueryExtension ();
|   ;
|   return 0;
| }
configure:17874: result: no
configure:17917: checking X11/extensions/XKB.h usability
configure:17917: gcc -c -g -O2  -I${prefix}/include  -I${prefix}/include  conftest.c >&5
configure:17917: $? = 0
configure:17917: result: yes
configure:17917: checking X11/extensions/XKB.h presence
configure:17917: gcc -E  -I${prefix}/include  -I${prefix}/include  conftest.c
configure:17917: $? = 0
configure:17917: result: yes
configure:17917: checking for X11/extensions/XKB.h
configure:17917: result: yes
configure:17931: checking for LIBGNOMEKBDUI
configure:17938: $PKG_CONFIG --exists --print-errors "libgnomekbdui >= 2.29.5 libgnomekbd >= 2.29.5 libxklavier >= 5.0"
configure:17941: $? = 0
configure:17954: $PKG_CONFIG --exists --print-errors "libgnomekbdui >= 2.29.5 libgnomekbd >= 2.29.5 libxklavier >= 5.0"
configure:17957: $? = 0
configure:18014: result: yes
configure:18024: checking for GIOUNIX
configure:18031: $PKG_CONFIG --exists --print-errors "gio-unix-2.0"
configure:18034: $? = 0
configure:18047: $PKG_CONFIG --exists --print-errors "gio-unix-2.0"
configure:18050: $? = 0
configure:18107: result: yes
configure:18132: checking for PULSE
configure:18139: $PKG_CONFIG --exists --print-errors "glib-2.0 libpulse >= $PA_REQUIRED_VERSION libpulse-mainloop-glib >= $PA_REQUIRED_VERSION libcanberra-gtk"
Package libcanberra-gtk was not found in the pkg-config search path.
Perhaps you should add the directory containing `libcanberra-gtk.pc'
to the PKG_CONFIG_PATH environment variable
No package 'libcanberra-gtk' found
configure:18142: $? = 1
configure:18155: $PKG_CONFIG --exists --print-errors "glib-2.0 libpulse >= $PA_REQUIRED_VERSION libpulse-mainloop-glib >= $PA_REQUIRED_VERSION libcanberra-gtk"
Package libcanberra-gtk was not found in the pkg-config search path.
Perhaps you should add the directory containing `libcanberra-gtk.pc'
to the PKG_CONFIG_PATH environment variable
No package 'libcanberra-gtk' found
configure:18158: $? = 1
configure:18171: result: no
No package 'libcanberra-gtk' found
configure:18256: checking for more warnings
configure:18300: result: no
configure:18473: creating ./config.status

## ---------------------- ##
## Running config.status. ##
## ---------------------- ##

This file was extended by gnome-settings-daemon config.status 2.30.2, which was
generated by GNU Autoconf 2.65.  Invocation command line was

  CONFIG_FILES    = 
  CONFIG_HEADERS  = 
  CONFIG_LINKS    = 
  CONFIG_COMMANDS = 
  $ ./config.status 

on elegy

config.status:1285: creating Makefile
config.status:1285: creating gnome-settings-daemon/Makefile
config.status:1285: creating plugins/Makefile
config.status:1285: creating plugins/a11y-keyboard/Makefile
config.status:1285: creating plugins/background/Makefile
config.status:1285: creating plugins/clipboard/Makefile
config.status:1285: creating plugins/common/Makefile
config.status:1285: creating plugins/dummy/Makefile
config.status:1285: creating plugins/font/Makefile
config.status:1285: creating plugins/housekeeping/Makefile
config.status:1285: creating plugins/keybindings/Makefile
config.status:1285: creating plugins/keyboard/Makefile
config.status:1285: creating plugins/media-keys/Makefile
config.status:1285: creating plugins/media-keys/cut-n-paste/Makefile
config.status:1285: creating plugins/mouse/Makefile
config.status:1285: creating plugins/sound/Makefile
config.status:1285: creating plugins/typing-break/Makefile
config.status:1285: creating plugins/xrandr/Makefile
config.status:1285: creating plugins/xrdb/Makefile
config.status:1285: creating plugins/xrdb/data/Makefile
config.status:1285: creating plugins/xsettings/Makefile
config.status:1285: creating data/Makefile
config.status:1285: creating data/gnome-settings-daemon.desktop.in
config.status:1285: creating data/gnome-settings-daemon.pc
config.status:1285: creating data/gnome-settings-daemon-uninstalled.pc
config.status:1285: creating po/Makefile.in
config.status:1285: creating config.h
config.status:1505: executing depfiles commands
config.status:1505: executing libtool commands
config.status:1505: executing default-1 commands
config.status:1505: executing po/stamp-it commands

## ---------------- ##
## Cache variables. ##
## ---------------- ##

ac_cv_build=i686-pc-linux-gnu
ac_cv_c_compiler_gnu=yes
ac_cv_cxx_compiler_gnu=yes
ac_cv_env_CCC_set=
ac_cv_env_CCC_value=
ac_cv_env_CC_set=
ac_cv_env_CC_value=
ac_cv_env_CFLAGS_set=
ac_cv_env_CFLAGS_value=
ac_cv_env_CPPFLAGS_set=
ac_cv_env_CPPFLAGS_value=
ac_cv_env_CPP_set=
ac_cv_env_CPP_value=
ac_cv_env_CXXCPP_set=
ac_cv_env_CXXCPP_value=
ac_cv_env_CXXFLAGS_set=
ac_cv_env_CXXFLAGS_value=
ac_cv_env_CXX_set=
ac_cv_env_CXX_value=
ac_cv_env_FONTCONFIG_CFLAGS_set=
ac_cv_env_FONTCONFIG_CFLAGS_value=
ac_cv_env_FONTCONFIG_LIBS_set=
ac_cv_env_FONTCONFIG_LIBS_value=
ac_cv_env_GIOUNIX_CFLAGS_set=
ac_cv_env_GIOUNIX_CFLAGS_value=
ac_cv_env_GIOUNIX_LIBS_set=
ac_cv_env_GIOUNIX_LIBS_value=
ac_cv_env_LDFLAGS_set=
ac_cv_env_LDFLAGS_value=
ac_cv_env_LIBGNOMEKBDUI_CFLAGS_set=
ac_cv_env_LIBGNOMEKBDUI_CFLAGS_value=
ac_cv_env_LIBGNOMEKBDUI_LIBS_set=
ac_cv_env_LIBGNOMEKBDUI_LIBS_value=
ac_cv_env_LIBNOTIFY_CFLAGS_set=
ac_cv_env_LIBNOTIFY_CFLAGS_value=
ac_cv_env_LIBNOTIFY_LIBS_set=
ac_cv_env_LIBNOTIFY_LIBS_value=
ac_cv_env_LIBS_set=
ac_cv_env_LIBS_value=
ac_cv_env_PKG_CONFIG_LIBDIR_set=
ac_cv_env_PKG_CONFIG_LIBDIR_value=
ac_cv_env_PKG_CONFIG_PATH_set=
ac_cv_env_PKG_CONFIG_PATH_value=
ac_cv_env_PKG_CONFIG_set=
ac_cv_env_PKG_CONFIG_value=
ac_cv_env_PULSE_CFLAGS_set=
ac_cv_env_PULSE_CFLAGS_value=
ac_cv_env_PULSE_LIBS_set=
ac_cv_env_PULSE_LIBS_value=
ac_cv_env_SETTINGS_DAEMON_CFLAGS_set=
ac_cv_env_SETTINGS_DAEMON_CFLAGS_value=
ac_cv_env_SETTINGS_DAEMON_LIBS_set=
ac_cv_env_SETTINGS_DAEMON_LIBS_value=
ac_cv_env_SETTINGS_PLUGIN_CFLAGS_set=
ac_cv_env_SETTINGS_PLUGIN_CFLAGS_value=
ac_cv_env_SETTINGS_PLUGIN_LIBS_set=
ac_cv_env_SETTINGS_PLUGIN_LIBS_value=
ac_cv_env_XMKMF_set=
ac_cv_env_XMKMF_value=
ac_cv_env_build_alias_set=
ac_cv_env_build_alias_value=
ac_cv_env_host_alias_set=
ac_cv_env_host_alias_value=
ac_cv_env_target_alias_set=
ac_cv_env_target_alias_value=
ac_cv_func_bind_textdomain_codeset=yes
ac_cv_func_connect=yes
ac_cv_func_dcgettext=yes
ac_cv_func_gethostbyname=yes
ac_cv_func_remove=yes
ac_cv_func_shmat=yes
ac_cv_have_x='have_x=yes	ac_x_includes='\'''\''	ac_x_libraries='\'''\'''
ac_cv_header_X11_extensions_XInput_h=yes
ac_cv_header_X11_extensions_XKB_h=yes
ac_cv_header_dlfcn_h=yes
ac_cv_header_inttypes_h=yes
ac_cv_header_libintl_h=yes
ac_cv_header_locale_h=yes
ac_cv_header_memory_h=yes
ac_cv_header_stdc=yes
ac_cv_header_stdint_h=yes
ac_cv_header_stdlib_h=yes
ac_cv_header_string_h=yes
ac_cv_header_strings_h=yes
ac_cv_header_sys_stat_h=yes
ac_cv_header_sys_types_h=yes
ac_cv_header_unistd_h=yes
ac_cv_host=i686-pc-linux-gnu
ac_cv_lib_ICE_IceConnectionNumber=yes
ac_cv_lib_Xi_XListInputDevices=yes
ac_cv_lib_Xxf86misc_XF86MiscQueryExtension=no
ac_cv_objext=o
ac_cv_path_EGREP='/bin/grep -E'
ac_cv_path_FGREP='/bin/grep -F'
ac_cv_path_GCONFTOOL=/usr/bin/gconftool-2
ac_cv_path_GLIB_GENMARSHAL=/usr/local/bin/glib-genmarshal
ac_cv_path_GMSGFMT=/usr/bin/msgfmt
ac_cv_path_GREP=/bin/grep
ac_cv_path_INTLTOOL_EXTRACT=/usr/bin/intltool-extract
ac_cv_path_INTLTOOL_MERGE=/usr/bin/intltool-merge
ac_cv_path_INTLTOOL_PERL=/usr/bin/perl
ac_cv_path_INTLTOOL_UPDATE=/usr/bin/intltool-update
ac_cv_path_MSGFMT=/usr/bin/msgfmt
ac_cv_path_MSGMERGE=/usr/bin/msgmerge
ac_cv_path_SED=/bin/sed
ac_cv_path_XGETTEXT=/usr/bin/xgettext
ac_cv_path_ac_pt_PKG_CONFIG=/usr/bin/pkg-config
ac_cv_path_install='/usr/bin/install -c'
ac_cv_path_mkdir=/bin/mkdir
ac_cv_prog_AWK=gawk
ac_cv_prog_CPP='gcc -E'
ac_cv_prog_CXXCPP='g++ -E'
ac_cv_prog_ac_ct_AR=ar
ac_cv_prog_ac_ct_CC=gcc
ac_cv_prog_ac_ct_CXX=g++
ac_cv_prog_ac_ct_OBJDUMP=objdump
ac_cv_prog_ac_ct_RANLIB=ranlib
ac_cv_prog_ac_ct_STRIP=strip
ac_cv_prog_cc_c89=
ac_cv_prog_cc_g=yes
ac_cv_prog_cc_gcc_c_o=yes
ac_cv_prog_cxx_g=yes
ac_cv_prog_make_make_set=yes
ac_cv_type_XDevicePresenceNotifyEvent=yes
am_cv_CC_dependencies_compiler_type=gcc3
am_cv_CXX_dependencies_compiler_type=gcc3
am_cv_prog_tar_ustar=gnutar
am_cv_val_LC_MESSAGES=yes
gt_cv_func_dgettext_libc=yes
gt_cv_func_dgettext_libintl=no
gt_cv_func_ngettext_libc=yes
gt_cv_have_gettext=yes
lt_cv_deplibs_check_method=pass_all
lt_cv_file_magic_cmd='$MAGIC_CMD'
lt_cv_file_magic_test_file=
lt_cv_ld_reload_flag=-r
lt_cv_nm_interface='BSD nm'
lt_cv_objdir=.libs
lt_cv_path_LD=/usr/bin/ld
lt_cv_path_LDCXX=/usr/bin/ld
lt_cv_path_NM='/usr/bin/nm -B'
lt_cv_prog_compiler_c_o=yes
lt_cv_prog_compiler_c_o_CXX=yes
lt_cv_prog_compiler_pic_works=yes
lt_cv_prog_compiler_pic_works_CXX=yes
lt_cv_prog_compiler_rtti_exceptions=no
lt_cv_prog_compiler_static_works=yes
lt_cv_prog_compiler_static_works_CXX=yes
lt_cv_prog_gnu_ld=yes
lt_cv_prog_gnu_ldcxx=yes
lt_cv_sys_global_symbol_pipe='sed -n -e '\''s/^.*[	 ]\([ABCDGIRSTW][ABCDGIRSTW]*\)[	 ][	 ]*\([_A-Za-z][_A-Za-z0-9]*\)$/\1 \2 \2/p'\'''
lt_cv_sys_global_symbol_to_c_name_address='sed -n -e '\''s/^: \([^ ]*\) $/  {\"\1\", (void *) 0},/p'\'' -e '\''s/^[ABCDGIRSTW]* \([^ ]*\) \([^ ]*\)$/  {"\2", (void *) \&\2},/p'\'''
lt_cv_sys_global_symbol_to_c_name_address_lib_prefix='sed -n -e '\''s/^: \([^ ]*\) $/  {\"\1\", (void *) 0},/p'\'' -e '\''s/^[ABCDGIRSTW]* \([^ ]*\) \(lib[^ ]*\)$/  {"\2", (void *) \&\2},/p'\'' -e '\''s/^[ABCDGIRSTW]* \([^ ]*\) \([^ ]*\)$/  {"lib\2", (void *) \&\2},/p'\'''
lt_cv_sys_global_symbol_to_cdecl='sed -n -e '\''s/^T .* \(.*\)$/extern int \1();/p'\'' -e '\''s/^[ABCDGIRSTW]* .* \(.*\)$/extern char \1;/p'\'''
lt_cv_sys_max_cmd_len=1572864
pkg_cv_FONTCONFIG_CFLAGS=' '
pkg_cv_FONTCONFIG_LIBS='-lfontconfig  '
pkg_cv_GIOUNIX_CFLAGS='-pthread -I/usr/local/include/gio-unix-2.0/ -I/usr/local/include/glib-2.0 -I/usr/local/lib/glib-2.0/include  '
pkg_cv_GIOUNIX_LIBS='-pthread -L/usr/local/lib -lgio-2.0 -lgobject-2.0 -lgmodule-2.0 -lgthread-2.0 -lrt -lglib-2.0  '
pkg_cv_LIBGNOMEKBDUI_CFLAGS='-pthread -DORBIT2=1 -I/usr/local/include/glib-2.0 -I/usr/local/lib/glib-2.0/include -I/usr/local/include/gio-unix-2.0/ -I/usr/include/gtk-2.0 -I/usr/lib/gtk-2.0/include -I/usr/include/gconf/2 -I/usr/include/cairo -I/usr/include/pango-1.0 -I/usr/include/gdk-pixbuf-2.0 -I/usr/include/pixman-1 -I/usr/include/freetype2 -I/usr/include/libpng12 -I/usr/include/orbit-2.0 -I/usr/include/libxml2  '
pkg_cv_LIBGNOMEKBDUI_LIBS='-Wl,--export-dynamic -pthread -L/usr/local/lib -lgnomekbdui -lgnomekbd -lgdk-x11-2.0 -lgconf-2 -lpangocairo-1.0 -lgdk_pixbuf-2.0 -lm -lpango-1.0 -lcairo -lgmodule-2.0 -lpng12 -lxklavier -lgobject-2.0 -lgthread-2.0 -lrt -lglib-2.0 -lxml2  '
pkg_cv_LIBNOTIFY_CFLAGS='-pthread -I/usr/local/include/glib-2.0 -I/usr/local/lib/glib-2.0/include -I/usr/local/include/gio-unix-2.0/ -I/usr/include/gtk-2.0 -I/usr/include/dbus-1.0 -I/usr/lib/dbus-1.0/include -I/usr/lib/gtk-2.0/include -I/usr/include/atk-1.0 -I/usr/include/cairo -I/usr/include/gdk-pixbuf-2.0 -I/usr/include/pango-1.0 -I/usr/include/pixman-1 -I/usr/include/freetype2 -I/usr/include/libpng12  '
pkg_cv_LIBNOTIFY_LIBS='-pthread -L/usr/local/lib -L/lib -lnotify -lgtk-x11-2.0 -ldbus-glib-1 -lgdk-x11-2.0 -latk-1.0 -lgio-2.0 -lpangoft2-1.0 -lpangocairo-1.0 -lgdk_pixbuf-2.0 -lm -lcairo -lpng12 -lpango-1.0 -lfreetype -lfontconfig -lgmodule-2.0 -ldbus-1 -lpthread -lgobject-2.0 -lgthread-2.0 -lrt -lglib-2.0  '
pkg_cv_SETTINGS_DAEMON_CFLAGS='-pthread -DORBIT2=1 -I/usr/local/include/glib-2.0 -I/usr/local/lib/glib-2.0/include -I/usr/local/include/gio-unix-2.0/ -I/usr/include/gtk-2.0 -I/usr/lib/gtk-2.0/include -I/usr/include/atk-1.0 -I/usr/include/cairo -I/usr/include/gdk-pixbuf-2.0 -I/usr/include/pango-1.0 -I/usr/include/pixman-1 -I/usr/include/freetype2 -I/usr/include/libpng12 -I/usr/include/gconf/2 -I/usr/include/orbit-2.0 -I/usr/include/dbus-1.0 -I/usr/lib/dbus-1.0/include  '
pkg_cv_SETTINGS_DAEMON_LIBS='-pthread -Wl,--export-dynamic -L/usr/local/lib -L/lib -lgtk-x11-2.0 -lgdk-x11-2.0 -latk-1.0 -lgio-2.0 -lpangoft2-1.0 -lpangocairo-1.0 -lgdk_pixbuf-2.0 -lm -lcairo -lpng12 -lpango-1.0 -lfreetype -lfontconfig -lgconf-2 -lgmodule-2.0 -ldbus-glib-1 -ldbus-1 -lpthread -lgobject-2.0 -lgthread-2.0 -lrt -lglib-2.0  '
pkg_cv_SETTINGS_PLUGIN_CFLAGS='-pthread -DORBIT2=1 -I/usr/local/include/gio-unix-2.0/ -I/usr/local/include/glib-2.0 -I/usr/local/lib/glib-2.0/include -I/usr/include/gtk-2.0 -I/usr/lib/gtk-2.0/include -I/usr/include/atk-1.0 -I/usr/include/cairo -I/usr/include/gdk-pixbuf-2.0 -I/usr/include/pango-1.0 -I/usr/include/pixman-1 -I/usr/include/freetype2 -I/usr/include/libpng12 -I/usr/include/gconf/2 -I/usr/include/orbit-2.0 -I/usr/include/gnome-desktop-2.0 -I/usr/include/startup-notification-1.0 -I/usr/include/dbus-1.0 -I/usr/lib/dbus-1.0/include  '
pkg_cv_SETTINGS_PLUGIN_LIBS='-pthread -L/usr/local/lib -L/lib -lgconf-2 -lgnome-desktop-2 -lgtk-x11-2.0 -lstartup-notification-1 -lgdk-x11-2.0 -latk-1.0 -lpangoft2-1.0 -lpangocairo-1.0 -lgdk_pixbuf-2.0 -lm -lcairo -lpng12 -lpango-1.0 -lfreetype -lfontconfig -lgio-2.0 -lgmodule-2.0 -ldbus-glib-1 -ldbus-1 -lpthread -lgobject-2.0 -lgthread-2.0 -lrt -lglib-2.0  '

## ----------------- ##
## Output variables. ##
## ----------------- ##

ACLOCAL='${SHELL} /media/MyBook/gnome-settings-daemon-2.30.2/missing --run aclocal-1.11'
ALL_LINGUAS=''
AMDEPBACKSLASH='\'
AMDEP_FALSE='#'
AMDEP_TRUE=''
AMTAR='${SHELL} /media/MyBook/gnome-settings-daemon-2.30.2/missing --run tar'
AR='ar'
AUTOCONF='${SHELL} /media/MyBook/gnome-settings-daemon-2.30.2/missing --run autoconf'
AUTOHEADER='${SHELL} /media/MyBook/gnome-settings-daemon-2.30.2/missing --run autoheader'
AUTOMAKE='${SHELL} /media/MyBook/gnome-settings-daemon-2.30.2/missing --run automake-1.11'
AWK='gawk'
CATALOGS=''
CATOBJEXT='.gmo'
CC='gcc'
CCDEPMODE='depmode=gcc3'
CFLAGS='-g -O2'
CPP='gcc -E'
CPPFLAGS=' -I${prefix}/include '
CXX='g++'
CXXCPP='g++ -E'
CXXDEPMODE='depmode=gcc3'
CXXFLAGS='-g -O2'
CYGPATH_W='echo'
DATADIRNAME='share'
DBUS_SYS_DIR='${sysconfdir}/dbus-1/system.d'
DEBUG_CFLAGS='-DG_ENABLE_DEBUG'
DEFS='-DHAVE_CONFIG_H'
DEPDIR='.deps'
DSYMUTIL=''
DUMPBIN=''
ECHO_C=''
ECHO_N='-n'
ECHO_T=''
EGREP='/bin/grep -E'
EXEEXT=''
FGREP='/bin/grep -F'
FONTCONFIG_CFLAGS=' '
FONTCONFIG_LIBS='-lfontconfig  '
GCONFTOOL='/usr/bin/gconftool-2'
GCONF_SCHEMAS_INSTALL_FALSE='#'
GCONF_SCHEMAS_INSTALL_TRUE=''
GCONF_SCHEMA_CONFIG_SOURCE='xml:merged:/etc/gconf/gconf.xml.defaults'
GCONF_SCHEMA_FILE_DIR='$(sysconfdir)/gconf/schemas'
GETTEXT_PACKAGE='gnome-settings-daemon'
GIOUNIX_CFLAGS='-pthread -I/usr/local/include/gio-unix-2.0/ -I/usr/local/include/glib-2.0 -I/usr/local/lib/glib-2.0/include  '
GIOUNIX_LIBS='-pthread -L/usr/local/lib -lgio-2.0 -lgobject-2.0 -lgmodule-2.0 -lgthread-2.0 -lrt -lglib-2.0  '
GLIB_GENMARSHAL='/usr/local/bin/glib-genmarshal'
GMOFILES=''
GMSGFMT='/usr/bin/msgfmt'
GNOME_KEYBINDINGS_KEYSDIR='${datarootdir}/gnome-control-center/keybindings'
GREP='/bin/grep'
GSD_INTLTOOL_PLUGIN_RULE='%.gnome-settings-plugin:   %.gnome-settings-plugin.in   $(INTLTOOL_MERGE) $(wildcard $(top_srcdir)/po/*.po) ; LC_ALL=C $(INTLTOOL_MERGE) -d -u -c $(top_builddir)/po/.intltool-merge-cache $(top_srcdir)/po $< $@'
GSD_PLUGIN_LDFLAGS='-export_dynamic -module -avoid-version -no-undefined'
HAVE_FONTCONFIG_FALSE='#'
HAVE_FONTCONFIG_TRUE=''
HAVE_PULSE_FALSE=''
HAVE_PULSE_TRUE='#'
HAVE_XINPUT_FALSE='#'
HAVE_XINPUT_TRUE=''
INSTALL_DATA='${INSTALL} -m 644'
INSTALL_PROGRAM='${INSTALL}'
INSTALL_SCRIPT='${INSTALL}'
INSTALL_STRIP_PROGRAM='$(install_sh) -c -s'
INSTOBJEXT='.mo'
INTLLIBS=''
INTLTOOL_CAVES_RULE='%.caves:     %.caves.in     $(INTLTOOL_MERGE) $(wildcard $(top_srcdir)/po/*.po) ; LC_ALL=C $(INTLTOOL_MERGE) -d -u -c $(top_builddir)/po/.intltool-merge-cache $(top_srcdir)/po $< $@'
INTLTOOL_DESKTOP_RULE='%.desktop:   %.desktop.in   $(INTLTOOL_MERGE) $(wildcard $(top_srcdir)/po/*.po) ; LC_ALL=C $(INTLTOOL_MERGE) -d -u -c $(top_builddir)/po/.intltool-merge-cache $(top_srcdir)/po $< $@'
INTLTOOL_DIRECTORY_RULE='%.directory: %.directory.in $(INTLTOOL_MERGE) $(wildcard $(top_srcdir)/po/*.po) ; LC_ALL=C $(INTLTOOL_MERGE) -d -u -c $(top_builddir)/po/.intltool-merge-cache $(top_srcdir)/po $< $@'
INTLTOOL_EXTRACT='/usr/bin/intltool-extract'
INTLTOOL_KBD_RULE='%.kbd:       %.kbd.in       $(INTLTOOL_MERGE) $(wildcard $(top_srcdir)/po/*.po) ; LC_ALL=C $(INTLTOOL_MERGE) -x -u -m -c $(top_builddir)/po/.intltool-merge-cache $(top_srcdir)/po $< $@'
INTLTOOL_KEYS_RULE='%.keys:      %.keys.in      $(INTLTOOL_MERGE) $(wildcard $(top_srcdir)/po/*.po) ; LC_ALL=C $(INTLTOOL_MERGE) -k -u -c $(top_builddir)/po/.intltool-merge-cache $(top_srcdir)/po $< $@'
INTLTOOL_MERGE='/usr/bin/intltool-merge'
INTLTOOL_OAF_RULE='%.oaf:       %.oaf.in       $(INTLTOOL_MERGE) $(wildcard $(top_srcdir)/po/*.po) ; LC_ALL=C $(INTLTOOL_MERGE) -o -p $(top_srcdir)/po $< $@'
INTLTOOL_PERL='/usr/bin/perl'
INTLTOOL_POLICY_RULE='%.policy:    %.policy.in    $(INTLTOOL_MERGE) $(wildcard $(top_srcdir)/po/*.po) ; LC_ALL=C $(INTLTOOL_MERGE) -x -u -c $(top_builddir)/po/.intltool-merge-cache $(top_srcdir)/po $< $@'
INTLTOOL_PONG_RULE='%.pong:      %.pong.in      $(INTLTOOL_MERGE) $(wildcard $(top_srcdir)/po/*.po) ; LC_ALL=C $(INTLTOOL_MERGE) -x -u -c $(top_builddir)/po/.intltool-merge-cache $(top_srcdir)/po $< $@'
INTLTOOL_PROP_RULE='%.prop:      %.prop.in      $(INTLTOOL_MERGE) $(wildcard $(top_srcdir)/po/*.po) ; LC_ALL=C $(INTLTOOL_MERGE) -d -u -c $(top_builddir)/po/.intltool-merge-cache $(top_srcdir)/po $< $@'
INTLTOOL_SCHEMAS_RULE='%.schemas:   %.schemas.in   $(INTLTOOL_MERGE) $(wildcard $(top_srcdir)/po/*.po) ; LC_ALL=C $(INTLTOOL_MERGE) -s -u -c $(top_builddir)/po/.intltool-merge-cache $(top_srcdir)/po $< $@'
INTLTOOL_SERVER_RULE='%.server:    %.server.in    $(INTLTOOL_MERGE) $(wildcard $(top_srcdir)/po/*.po) ; LC_ALL=C $(INTLTOOL_MERGE) -o -u -c $(top_builddir)/po/.intltool-merge-cache $(top_srcdir)/po $< $@'
INTLTOOL_SERVICE_RULE='%.service: %.service.in   $(INTLTOOL_MERGE) $(wildcard $(top_srcdir)/po/*.po) ; LC_ALL=C $(INTLTOOL_MERGE) -d -u -c $(top_builddir)/po/.intltool-merge-cache $(top_srcdir)/po $< $@'
INTLTOOL_SHEET_RULE='%.sheet:     %.sheet.in     $(INTLTOOL_MERGE) $(wildcard $(top_srcdir)/po/*.po) ; LC_ALL=C $(INTLTOOL_MERGE) -x -u -c $(top_builddir)/po/.intltool-merge-cache $(top_srcdir)/po $< $@'
INTLTOOL_SOUNDLIST_RULE='%.soundlist: %.soundlist.in $(INTLTOOL_MERGE) $(wildcard $(top_srcdir)/po/*.po) ; LC_ALL=C $(INTLTOOL_MERGE) -d -u -c $(top_builddir)/po/.intltool-merge-cache $(top_srcdir)/po $< $@'
INTLTOOL_THEME_RULE='%.theme:     %.theme.in     $(INTLTOOL_MERGE) $(wildcard $(top_srcdir)/po/*.po) ; LC_ALL=C $(INTLTOOL_MERGE) -d -u -c $(top_builddir)/po/.intltool-merge-cache $(top_srcdir)/po $< $@'
INTLTOOL_UI_RULE='%.ui:        %.ui.in        $(INTLTOOL_MERGE) $(wildcard $(top_srcdir)/po/*.po) ; LC_ALL=C $(INTLTOOL_MERGE) -x -u -c $(top_builddir)/po/.intltool-merge-cache $(top_srcdir)/po $< $@'
INTLTOOL_UPDATE='/usr/bin/intltool-update'
INTLTOOL_XAM_RULE='%.xam:       %.xml.in       $(INTLTOOL_MERGE) $(wildcard $(top_srcdir)/po/*.po) ; LC_ALL=C $(INTLTOOL_MERGE) -x -u -c $(top_builddir)/po/.intltool-merge-cache $(top_srcdir)/po $< $@'
INTLTOOL_XML_NOMERGE_RULE='%.xml:       %.xml.in       $(INTLTOOL_MERGE) ; LC_ALL=C $(INTLTOOL_MERGE) -x -u /tmp $< $@'
INTLTOOL_XML_RULE='%.xml:       %.xml.in       $(INTLTOOL_MERGE) $(wildcard $(top_srcdir)/po/*.po) ; LC_ALL=C $(INTLTOOL_MERGE) -x -u -c $(top_builddir)/po/.intltool-merge-cache $(top_srcdir)/po $< $@'
LD='/usr/bin/ld'
LDFLAGS=''
LIBEXECDIR='/usr/libexec'
LIBGNOMEKBDUI_CFLAGS='-pthread -DORBIT2=1 -I/usr/local/include/glib-2.0 -I/usr/local/lib/glib-2.0/include -I/usr/local/include/gio-unix-2.0/ -I/usr/include/gtk-2.0 -I/usr/lib/gtk-2.0/include -I/usr/include/gconf/2 -I/usr/include/cairo -I/usr/include/pango-1.0 -I/usr/include/gdk-pixbuf-2.0 -I/usr/include/pixman-1 -I/usr/include/freetype2 -I/usr/include/libpng12 -I/usr/include/orbit-2.0 -I/usr/include/libxml2  '
LIBGNOMEKBDUI_LIBS='-Wl,--export-dynamic -pthread -L/usr/local/lib -lgnomekbdui -lgnomekbd -lgdk-x11-2.0 -lgconf-2 -lpangocairo-1.0 -lgdk_pixbuf-2.0 -lm -lpango-1.0 -lcairo -lgmodule-2.0 -lpng12 -lxklavier -lgobject-2.0 -lgthread-2.0 -lrt -lglib-2.0 -lxml2  '
LIBNOTIFY_CFLAGS='-pthread -I/usr/local/include/glib-2.0 -I/usr/local/lib/glib-2.0/include -I/usr/local/include/gio-unix-2.0/ -I/usr/include/gtk-2.0 -I/usr/include/dbus-1.0 -I/usr/lib/dbus-1.0/include -I/usr/lib/gtk-2.0/include -I/usr/include/atk-1.0 -I/usr/include/cairo -I/usr/include/gdk-pixbuf-2.0 -I/usr/include/pango-1.0 -I/usr/include/pixman-1 -I/usr/include/freetype2 -I/usr/include/libpng12  '
LIBNOTIFY_LIBS='-pthread -L/usr/local/lib -L/lib -lnotify -lgtk-x11-2.0 -ldbus-glib-1 -lgdk-x11-2.0 -latk-1.0 -lgio-2.0 -lpangoft2-1.0 -lpangocairo-1.0 -lgdk_pixbuf-2.0 -lm -lcairo -lpng12 -lpango-1.0 -lfreetype -lfontconfig -lgmodule-2.0 -ldbus-1 -lpthread -lgobject-2.0 -lgthread-2.0 -lrt -lglib-2.0  '
LIBOBJS=''
LIBS=''
LIBTOOL='$(SHELL) $(top_builddir)/libtool'
LIPO=''
LN_S='ln -s'
LTLIBOBJS=''
MAKEINFO='${SHELL} /media/MyBook/gnome-settings-daemon-2.30.2/missing --run makeinfo'
MKDIR_P='/bin/mkdir -p'
MKINSTALLDIRS='./mkinstalldirs'
MSGFMT='/usr/bin/msgfmt'
MSGFMT_OPTS='-c'
MSGMERGE='/usr/bin/msgmerge'
NM='/usr/bin/nm -B'
NMEDIT=''
OBJDUMP='objdump'
OBJEXT='o'
OTOOL64=''
OTOOL=''
PACKAGE='gnome-settings-daemon'
PACKAGE_BUGREPORT='http://bugzilla.gnome.org/enter_bug.cgi?product=gnome-settings-daemon'
PACKAGE_NAME='gnome-settings-daemon'
PACKAGE_STRING='gnome-settings-daemon 2.30.2'
PACKAGE_TARNAME='gnome-settings-daemon'
PACKAGE_URL=''
PACKAGE_VERSION='2.30.2'
PATH_SEPARATOR=':'
PKG_CONFIG='/usr/bin/pkg-config'
PKG_CONFIG_LIBDIR=''
PKG_CONFIG_PATH=''
POFILES=''
POSUB='po'
PO_IN_DATADIR_FALSE=''
PO_IN_DATADIR_TRUE=''
PULSE_CFLAGS=''
PULSE_LIBS=''
RANLIB='ranlib'
SED='/bin/sed'
SETTINGS_DAEMON_CFLAGS='-pthread -DORBIT2=1 -I/usr/local/include/glib-2.0 -I/usr/local/lib/glib-2.0/include -I/usr/local/include/gio-unix-2.0/ -I/usr/include/gtk-2.0 -I/usr/lib/gtk-2.0/include -I/usr/include/atk-1.0 -I/usr/include/cairo -I/usr/include/gdk-pixbuf-2.0 -I/usr/include/pango-1.0 -I/usr/include/pixman-1 -I/usr/include/freetype2 -I/usr/include/libpng12 -I/usr/include/gconf/2 -I/usr/include/orbit-2.0 -I/usr/include/dbus-1.0 -I/usr/lib/dbus-1.0/include  '
SETTINGS_DAEMON_LIBS='-pthread -Wl,--export-dynamic -L/usr/local/lib -L/lib -lgtk-x11-2.0 -lgdk-x11-2.0 -latk-1.0 -lgio-2.0 -lpangoft2-1.0 -lpangocairo-1.0 -lgdk_pixbuf-2.0 -lm -lcairo -lpng12 -lpango-1.0 -lfreetype -lfontconfig -lgconf-2 -lgmodule-2.0 -ldbus-glib-1 -ldbus-1 -lpthread -lgobject-2.0 -lgthread-2.0 -lrt -lglib-2.0  '
SETTINGS_PLUGIN_CFLAGS='-pthread -DORBIT2=1 -I/usr/local/include/gio-unix-2.0/ -I/usr/local/include/glib-2.0 -I/usr/local/lib/glib-2.0/include -I/usr/include/gtk-2.0 -I/usr/lib/gtk-2.0/include -I/usr/include/atk-1.0 -I/usr/include/cairo -I/usr/include/gdk-pixbuf-2.0 -I/usr/include/pango-1.0 -I/usr/include/pixman-1 -I/usr/include/freetype2 -I/usr/include/libpng12 -I/usr/include/gconf/2 -I/usr/include/orbit-2.0 -I/usr/include/gnome-desktop-2.0 -I/usr/include/startup-notification-1.0 -I/usr/include/dbus-1.0 -I/usr/lib/dbus-1.0/include  '
SETTINGS_PLUGIN_LIBS='-pthread -L/usr/local/lib -L/lib -lgconf-2 -lgnome-desktop-2 -lgtk-x11-2.0 -lstartup-notification-1 -lgdk-x11-2.0 -latk-1.0 -lpangoft2-1.0 -lpangocairo-1.0 -lgdk_pixbuf-2.0 -lm -lcairo -lpng12 -lpango-1.0 -lfreetype -lfontconfig -lgio-2.0 -lgmodule-2.0 -ldbus-glib-1 -ldbus-1 -lpthread -lgobject-2.0 -lgthread-2.0 -lrt -lglib-2.0  '
SET_MAKE=''
SHELL='/bin/bash'
STRIP='strip'
USE_NLS='yes'
VERSION='2.30.2'
WARN_CFLAGS='-Wall -Wmissing-prototypes '
X11_LIBS='  -lSM -lICE -lXext -lX11 '
XF86MISC_LIBS=''
XGETTEXT='/usr/bin/xgettext'
XINPUT_LIBS='-lXi'
XMKMF=''
X_CFLAGS=''
X_EXTRA_LIBS=''
X_LIBS=''
X_PRE_LIBS=' -lSM -lICE'
ac_ct_CC='gcc'
ac_ct_CXX='g++'
ac_ct_DUMPBIN=''
am__EXEEXT_FALSE=''
am__EXEEXT_TRUE='#'
am__fastdepCC_FALSE='#'
am__fastdepCC_TRUE=''
am__fastdepCXX_FALSE='#'
am__fastdepCXX_TRUE=''
am__include='include'
am__isrc=''
am__leading_dot='.'
am__quote=''
am__tar='tar --format=ustar -chf - "$$tardir"'
am__untar='tar -xf -'
bindir='${exec_prefix}/bin'
build='i686-pc-linux-gnu'
build_alias=''
build_cpu='i686'
build_os='linux-gnu'
build_vendor='pc'
datadir='${datarootdir}'
datarootdir='${prefix}/share'
docdir='${datarootdir}/doc/${PACKAGE_TARNAME}'
dvidir='${docdir}'
exec_prefix='${prefix}'
host='i686-pc-linux-gnu'
host_alias=''
host_cpu='i686'
host_os='linux-gnu'
host_vendor='pc'
htmldir='${docdir}'
includedir='${prefix}/include'
infodir='${datarootdir}/info'
install_sh='${SHELL} /media/MyBook/gnome-settings-daemon-2.30.2/install-sh'
libdir='${exec_prefix}/lib'
libexecdir='${exec_prefix}/libexec'
localedir='${datarootdir}/locale'
localstatedir='${prefix}/var'
lt_ECHO='echo'
mandir='${datarootdir}/man'
mkdir_p='/bin/mkdir -p'
oldincludedir='/usr/include'
pdfdir='${docdir}'
plugindir='$(libdir)/gnome-settings-daemon-2.0'
prefix='/usr'
program_transform_name='s,x,x,'
psdir='${docdir}'
sbindir='${exec_prefix}/sbin'
sharedstatedir='${prefix}/com'
sysconfdir='${prefix}/etc'
target_alias=''

## ----------- ##
## confdefs.h. ##
## ----------- ##

/* confdefs.h */
#define PACKAGE_NAME "gnome-settings-daemon"
#define PACKAGE_TARNAME "gnome-settings-daemon"
#define PACKAGE_VERSION "2.30.2"
#define PACKAGE_STRING "gnome-settings-daemon 2.30.2"
#define PACKAGE_BUGREPORT "http://bugzilla.gnome.org/enter_bug.cgi?product=gnome-settings-daemon"
#define PACKAGE_URL ""
#define PACKAGE "gnome-settings-daemon"
#define VERSION "2.30.2"
#define STDC_HEADERS 1
#define HAVE_SYS_TYPES_H 1
#define HAVE_SYS_STAT_H 1
#define HAVE_STDLIB_H 1
#define HAVE_STRING_H 1
#define HAVE_MEMORY_H 1
#define HAVE_STRINGS_H 1
#define HAVE_INTTYPES_H 1
#define HAVE_STDINT_H 1
#define HAVE_UNISTD_H 1
#define HAVE_DLFCN_H 1
#define LT_OBJDIR ".libs/"
#define STDC_HEADERS 1
#define GETTEXT_PACKAGE "gnome-settings-daemon"
#define HAVE_LOCALE_H 1
#define HAVE_LC_MESSAGES 1
#define HAVE_BIND_TEXTDOMAIN_CODESET 1
#define HAVE_GETTEXT 1
#define HAVE_DCGETTEXT 1
#define ENABLE_NLS 1
#define HAVE_LIBNOTIFY 1
#define HAVE_X11_EXTENSIONS_XINPUT_H 1
#define HAVE_XDEVICEPRESENCENOTIFYEVENT 1
#define HAVE_FONTCONFIG 1
#define HAVE_X11_EXTENSIONS_XKB_H 1

configure: exit 0
